[0.187s] Invoking command in '/home/ubuntu/ros2_ws/build/vision_opencv': AMENT_PREFIX_PATH=/home/ubuntu/ros2_ws/install/image_geometry:/home/ubuntu/ros2_ws/install/cv_bridge:${AMENT_PREFIX_PATH} CMAKE_PREFIX_PATH=/home/ubuntu/ros2_ws/install/image_geometry:/home/ubuntu/ros2_ws/install/cv_bridge:/opt/ros/jazzy/opt/gz_math_vendor:/opt/ros/jazzy/opt/gz_utils_vendor:/opt/ros/jazzy/opt/gz_cmake_vendor:/opt/ros/jazzy LD_LIBRARY_PATH=/home/ubuntu/ros2_ws/install/image_geometry/lib:/home/ubuntu/ros2_ws/install/cv_bridge/lib:${LD_LIBRARY_PATH} PYTHONPATH=/home/ubuntu/ros2_ws/install/image_geometry/lib/python3.12/site-packages:/home/ubuntu/ros2_ws/install/cv_bridge/lib/python3.12/site-packages:${PYTHONPATH} /usr/bin/cmake /home/ubuntu/ros2_ws/src/vision_opencv/vision_opencv -DCMAKE_INSTALL_PREFIX=/home/ubuntu/ros2_ws/install/vision_opencv
[0.247s] -- The C compiler identification is GNU 13.3.0
[0.667s] -- The CXX compiler identification is GNU 13.3.0
[1.047s] -- Detecting C compiler ABI info
[1.212s] -- Detecting C compiler ABI info - done
[1.218s] -- Check for working C compiler: /usr/bin/cc - skipped
[1.218s] -- Detecting C compile features
[1.218s] -- Detecting C compile features - done
[1.674s] -- Detecting CXX compiler ABI info
[1.863s] -- Detecting CXX compiler ABI info - done
[1.869s] -- Check for working CXX compiler: /usr/bin/c++ - skipped
[1.869s] -- Detecting CXX compile features
[1.869s] -- Detecting CXX compile features - done
[1.871s] -- Found ament_cmake: 2.5.4 (/opt/ros/jazzy/share/ament_cmake/cmake)
[1.970s] -- Found Python3: /usr/bin/python3 (found version "3.12.3") found components: Interpreter 
[2.091s] -- Configuring done (1.9s)
[2.093s] -- Generating done (0.0s)
[2.094s] -- Build files have been written to: /home/ubuntu/ros2_ws/build/vision_opencv
[2.098s] Invoked command in '/home/ubuntu/ros2_ws/build/vision_opencv' returned '0': AMENT_PREFIX_PATH=/home/ubuntu/ros2_ws/install/image_geometry:/home/ubuntu/ros2_ws/install/cv_bridge:${AMENT_PREFIX_PATH} CMAKE_PREFIX_PATH=/home/ubuntu/ros2_ws/install/image_geometry:/home/ubuntu/ros2_ws/install/cv_bridge:/opt/ros/jazzy/opt/gz_math_vendor:/opt/ros/jazzy/opt/gz_utils_vendor:/opt/ros/jazzy/opt/gz_cmake_vendor:/opt/ros/jazzy LD_LIBRARY_PATH=/home/ubuntu/ros2_ws/install/image_geometry/lib:/home/ubuntu/ros2_ws/install/cv_bridge/lib:${LD_LIBRARY_PATH} PYTHONPATH=/home/ubuntu/ros2_ws/install/image_geometry/lib/python3.12/site-packages:/home/ubuntu/ros2_ws/install/cv_bridge/lib/python3.12/site-packages:${PYTHONPATH} /usr/bin/cmake /home/ubuntu/ros2_ws/src/vision_opencv/vision_opencv -DCMAKE_INSTALL_PREFIX=/home/ubuntu/ros2_ws/install/vision_opencv
[2.098s] Invoking command in '/home/ubuntu/ros2_ws/build/vision_opencv': AMENT_PREFIX_PATH=/home/ubuntu/ros2_ws/install/image_geometry:/home/ubuntu/ros2_ws/install/cv_bridge:${AMENT_PREFIX_PATH} CMAKE_PREFIX_PATH=/home/ubuntu/ros2_ws/install/image_geometry:/home/ubuntu/ros2_ws/install/cv_bridge:/opt/ros/jazzy/opt/gz_math_vendor:/opt/ros/jazzy/opt/gz_utils_vendor:/opt/ros/jazzy/opt/gz_cmake_vendor:/opt/ros/jazzy LD_LIBRARY_PATH=/home/ubuntu/ros2_ws/install/image_geometry/lib:/home/ubuntu/ros2_ws/install/cv_bridge/lib:${LD_LIBRARY_PATH} PYTHONPATH=/home/ubuntu/ros2_ws/install/image_geometry/lib/python3.12/site-packages:/home/ubuntu/ros2_ws/install/cv_bridge/lib/python3.12/site-packages:${PYTHONPATH} /usr/bin/cmake --build /home/ubuntu/ros2_ws/build/vision_opencv -- -j16 -l16
[2.122s] Invoked command in '/home/ubuntu/ros2_ws/build/vision_opencv' returned '0': AMENT_PREFIX_PATH=/home/ubuntu/ros2_ws/install/image_geometry:/home/ubuntu/ros2_ws/install/cv_bridge:${AMENT_PREFIX_PATH} CMAKE_PREFIX_PATH=/home/ubuntu/ros2_ws/install/image_geometry:/home/ubuntu/ros2_ws/install/cv_bridge:/opt/ros/jazzy/opt/gz_math_vendor:/opt/ros/jazzy/opt/gz_utils_vendor:/opt/ros/jazzy/opt/gz_cmake_vendor:/opt/ros/jazzy LD_LIBRARY_PATH=/home/ubuntu/ros2_ws/install/image_geometry/lib:/home/ubuntu/ros2_ws/install/cv_bridge/lib:${LD_LIBRARY_PATH} PYTHONPATH=/home/ubuntu/ros2_ws/install/image_geometry/lib/python3.12/site-packages:/home/ubuntu/ros2_ws/install/cv_bridge/lib/python3.12/site-packages:${PYTHONPATH} /usr/bin/cmake --build /home/ubuntu/ros2_ws/build/vision_opencv -- -j16 -l16
[2.123s] Invoking command in '/home/ubuntu/ros2_ws/build/vision_opencv': AMENT_PREFIX_PATH=/home/ubuntu/ros2_ws/install/image_geometry:/home/ubuntu/ros2_ws/install/cv_bridge:${AMENT_PREFIX_PATH} CMAKE_PREFIX_PATH=/home/ubuntu/ros2_ws/install/image_geometry:/home/ubuntu/ros2_ws/install/cv_bridge:/opt/ros/jazzy/opt/gz_math_vendor:/opt/ros/jazzy/opt/gz_utils_vendor:/opt/ros/jazzy/opt/gz_cmake_vendor:/opt/ros/jazzy LD_LIBRARY_PATH=/home/ubuntu/ros2_ws/install/image_geometry/lib:/home/ubuntu/ros2_ws/install/cv_bridge/lib:${LD_LIBRARY_PATH} PYTHONPATH=/home/ubuntu/ros2_ws/install/image_geometry/lib/python3.12/site-packages:/home/ubuntu/ros2_ws/install/cv_bridge/lib/python3.12/site-packages:${PYTHONPATH} /usr/bin/cmake --install /home/ubuntu/ros2_ws/build/vision_opencv
[2.128s] -- Install configuration: ""
[2.129s] -- Installing: /home/ubuntu/ros2_ws/install/vision_opencv/share/ament_index/resource_index/package_run_dependencies/vision_opencv
[2.129s] -- Installing: /home/ubuntu/ros2_ws/install/vision_opencv/share/ament_index/resource_index/parent_prefix_path/vision_opencv
[2.130s] -- Installing: /home/ubuntu/ros2_ws/install/vision_opencv/share/vision_opencv/environment/ament_prefix_path.sh
[2.130s] -- Installing: /home/ubuntu/ros2_ws/install/vision_opencv/share/vision_opencv/environment/ament_prefix_path.dsv
[2.130s] -- Installing: /home/ubuntu/ros2_ws/install/vision_opencv/share/vision_opencv/environment/path.sh
[2.130s] -- Installing: /home/ubuntu/ros2_ws/install/vision_opencv/share/vision_opencv/environment/path.dsv
[2.130s] -- Installing: /home/ubuntu/ros2_ws/install/vision_opencv/share/vision_opencv/local_setup.bash
[2.130s] -- Installing: /home/ubuntu/ros2_ws/install/vision_opencv/share/vision_opencv/local_setup.sh
[2.130s] -- Installing: /home/ubuntu/ros2_ws/install/vision_opencv/share/vision_opencv/local_setup.zsh
[2.130s] -- Installing: /home/ubuntu/ros2_ws/install/vision_opencv/share/vision_opencv/local_setup.dsv
[2.130s] -- Installing: /home/ubuntu/ros2_ws/install/vision_opencv/share/vision_opencv/package.dsv
[2.130s] -- Installing: /home/ubuntu/ros2_ws/install/vision_opencv/share/ament_index/resource_index/packages/vision_opencv
[2.131s] -- Installing: /home/ubuntu/ros2_ws/install/vision_opencv/share/vision_opencv/cmake/vision_opencvConfig.cmake
[2.131s] -- Installing: /home/ubuntu/ros2_ws/install/vision_opencv/share/vision_opencv/cmake/vision_opencvConfig-version.cmake
[2.131s] -- Installing: /home/ubuntu/ros2_ws/install/vision_opencv/share/vision_opencv/package.xml
[2.133s] Invoked command in '/home/ubuntu/ros2_ws/build/vision_opencv' returned '0': AMENT_PREFIX_PATH=/home/ubuntu/ros2_ws/install/image_geometry:/home/ubuntu/ros2_ws/install/cv_bridge:${AMENT_PREFIX_PATH} CMAKE_PREFIX_PATH=/home/ubuntu/ros2_ws/install/image_geometry:/home/ubuntu/ros2_ws/install/cv_bridge:/opt/ros/jazzy/opt/gz_math_vendor:/opt/ros/jazzy/opt/gz_utils_vendor:/opt/ros/jazzy/opt/gz_cmake_vendor:/opt/ros/jazzy LD_LIBRARY_PATH=/home/ubuntu/ros2_ws/install/image_geometry/lib:/home/ubuntu/ros2_ws/install/cv_bridge/lib:${LD_LIBRARY_PATH} PYTHONPATH=/home/ubuntu/ros2_ws/install/image_geometry/lib/python3.12/site-packages:/home/ubuntu/ros2_ws/install/cv_bridge/lib/python3.12/site-packages:${PYTHONPATH} /usr/bin/cmake --install /home/ubuntu/ros2_ws/build/vision_opencv
