-- The C compiler identification is GNU 13.3.0
-- The CXX compiler identification is GNU 13.3.0
-- Detecting C compiler ABI info
-- Detecting C compiler ABI info - done
-- Check for working C compiler: /usr/bin/cc - skipped
-- Detecting C compile features
-- Detecting C compile features - done
-- Detecting CXX compiler ABI info
-- Detecting CXX compiler ABI info - done
-- Check for working CXX compiler: /usr/bin/c++ - skipped
-- Detecting CXX compile features
-- Detecting CXX compile features - done
-- Found ament_cmake: 2.5.4 (/opt/ros/jazzy/share/ament_cmake/cmake)
-- Found Python3: /usr/bin/python3 (found version "3.12.3") found components: Interpreter 
-- Found rosidl_default_generators: 1.6.0 (/opt/ros/jazzy/share/rosidl_default_generators/cmake)
-- Using all available rosidl_typesupport_c: rosidl_typesupport_fastrtps_c;rosidl_typesupport_introspection_c
-- Using all available rosidl_typesupport_cpp: rosidl_typesupport_fastrtps_cpp;rosidl_typesupport_introspection_cpp
-- Found rosidl_adapter: 4.6.5 (/opt/ros/jazzy/share/rosidl_adapter/cmake)
-- Found ament_cmake_ros: 0.12.0 (/opt/ros/jazzy/share/ament_cmake_ros/cmake)
-- Using all available rosidl_typesupport_c: rosidl_typesupport_fastrtps_c;rosidl_typesupport_introspection_c
-- Using all available rosidl_typesupport_cpp: rosidl_typesupport_fastrtps_cpp;rosidl_typesupport_introspection_cpp
-- Found python_cmake_module: 0.11.1 (/opt/ros/jazzy/share/python_cmake_module/cmake)
-- Found PythonExtra: /usr/bin/python3  
-- Found Python3: /usr/bin/python3 (found version "3.12.3") found components: Interpreter Development NumPy Development.Module Development.Embed 
-- Configuring done (4.4s)
-- Generating done (0.0s)
-- Build files have been written to: /home/ubuntu/ros2_ws/build/robovision_interfaces
[  1%] [34m[1mGenerating type hashes for ROS interfaces[0m
[  1%] Built target ament_cmake_python_copy_robovision_interfaces
running egg_info
creating robovision_interfaces.egg-info
writing robovision_interfaces.egg-info/PKG-INFO
writing dependency_links to robovision_interfaces.egg-info/dependency_links.txt
writing top-level names to robovision_interfaces.egg-info/top_level.txt
writing manifest file 'robovision_interfaces.egg-info/SOURCES.txt'
[  1%] Built target robovision_interfaces__rosidl_generator_type_description
reading manifest file 'robovision_interfaces.egg-info/SOURCES.txt'
writing manifest file 'robovision_interfaces.egg-info/SOURCES.txt'
[  3%] [34m[1mGenerating C code for ROS interfaces[0m
[  5%] [34m[1mGenerating C++ code for ROS interfaces[0m
[  5%] Built target ament_cmake_python_build_robovision_interfaces_egg
[  5%] Built target robovision_interfaces__cpp
[  7%] [32mBuilding C object CMakeFiles/robovision_interfaces__rosidl_generator_c.dir/rosidl_generator_c/robovision_interfaces/msg/detail/object_centroid__description.c.o[0m
[  9%] [32mBuilding C object CMakeFiles/robovision_interfaces__rosidl_generator_c.dir/rosidl_generator_c/robovision_interfaces/msg/detail/object_centroids__functions.c.o[0m
[ 12%] [32mBuilding C object CMakeFiles/robovision_interfaces__rosidl_generator_c.dir/rosidl_generator_c/robovision_interfaces/msg/detail/object_centroid__type_support.c.o[0m
[ 12%] [32mBuilding C object CMakeFiles/robovision_interfaces__rosidl_generator_c.dir/rosidl_generator_c/robovision_interfaces/msg/detail/object_centroids__type_support.c.o[0m
[ 14%] [32mBuilding C object CMakeFiles/robovision_interfaces__rosidl_generator_c.dir/rosidl_generator_c/robovision_interfaces/srv/detail/get_point_center__description.c.o[0m
[ 16%] [32mBuilding C object CMakeFiles/robovision_interfaces__rosidl_generator_c.dir/rosidl_generator_c/robovision_interfaces/srv/detail/get_point_center__type_support.c.o[0m
[ 20%] [32mBuilding C object CMakeFiles/robovision_interfaces__rosidl_generator_c.dir/rosidl_generator_c/robovision_interfaces/msg/detail/object_centroids__description.c.o[0m
[ 20%] [32mBuilding C object CMakeFiles/robovision_interfaces__rosidl_generator_c.dir/rosidl_generator_c/robovision_interfaces/msg/detail/object_centroid__functions.c.o[0m
[ 22%] [32mBuilding C object CMakeFiles/robovision_interfaces__rosidl_generator_c.dir/rosidl_generator_c/robovision_interfaces/srv/detail/get_point_center__functions.c.o[0m
[ 24%] [32m[1mLinking C shared library librobovision_interfaces__rosidl_generator_c.so[0m
[ 24%] Built target robovision_interfaces__rosidl_generator_c
[ 25%] [34m[1mGenerating C++ type support for eProsima Fast-RTPS[0m
[ 27%] [34m[1mGenerating C type support for eProsima Fast-RTPS[0m
[ 29%] [34m[1mGenerating C introspection for ROS interfaces[0m
[ 33%] [34m[1mGenerating C++ introspection for ROS interfaces[0m
[ 33%] [34m[1mGenerating C++ type support dispatch for ROS interfaces[0m
[ 35%] [34m[1mGenerating C type support dispatch for ROS interfaces[0m
[ 37%] [32mBuilding CXX object CMakeFiles/robovision_interfaces__rosidl_typesupport_c.dir/rosidl_typesupport_c/robovision_interfaces/srv/get_point_center__type_support.cpp.o[0m
[ 38%] [32mBuilding CXX object CMakeFiles/robovision_interfaces__rosidl_typesupport_c.dir/rosidl_typesupport_c/robovision_interfaces/msg/object_centroids__type_support.cpp.o[0m
[ 40%] [32mBuilding CXX object CMakeFiles/robovision_interfaces__rosidl_typesupport_c.dir/rosidl_typesupport_c/robovision_interfaces/msg/object_centroid__type_support.cpp.o[0m
[ 42%] [32mBuilding CXX object CMakeFiles/robovision_interfaces__rosidl_typesupport_cpp.dir/rosidl_typesupport_cpp/robovision_interfaces/msg/object_centroid__type_support.cpp.o[0m
[ 44%] [32mBuilding CXX object CMakeFiles/robovision_interfaces__rosidl_typesupport_cpp.dir/rosidl_typesupport_cpp/robovision_interfaces/msg/object_centroids__type_support.cpp.o[0m
[ 46%] [32mBuilding CXX object CMakeFiles/robovision_interfaces__rosidl_typesupport_cpp.dir/rosidl_typesupport_cpp/robovision_interfaces/srv/get_point_center__type_support.cpp.o[0m
[ 48%] [32m[1mLinking CXX shared library librobovision_interfaces__rosidl_typesupport_c.so[0m
[ 50%] [32mBuilding CXX object CMakeFiles/robovision_interfaces__rosidl_typesupport_introspection_cpp.dir/rosidl_typesupport_introspection_cpp/robovision_interfaces/msg/detail/object_centroids__type_support.cpp.o[0m
[ 51%] [32mBuilding C object CMakeFiles/robovision_interfaces__rosidl_typesupport_introspection_c.dir/rosidl_typesupport_introspection_c/robovision_interfaces/msg/detail/object_centroid__type_support.c.o[0m
[ 53%] [32mBuilding CXX object CMakeFiles/robovision_interfaces__rosidl_typesupport_introspection_cpp.dir/rosidl_typesupport_introspection_cpp/robovision_interfaces/srv/detail/get_point_center__type_support.cpp.o[0m
[ 55%] [32mBuilding CXX object CMakeFiles/robovision_interfaces__rosidl_typesupport_introspection_cpp.dir/rosidl_typesupport_introspection_cpp/robovision_interfaces/msg/detail/object_centroid__type_support.cpp.o[0m
[ 57%] [32mBuilding C object CMakeFiles/robovision_interfaces__rosidl_typesupport_introspection_c.dir/rosidl_typesupport_introspection_c/robovision_interfaces/msg/detail/object_centroids__type_support.c.o[0m
[ 59%] [32mBuilding C object CMakeFiles/robovision_interfaces__rosidl_typesupport_introspection_c.dir/rosidl_typesupport_introspection_c/robovision_interfaces/srv/detail/get_point_center__type_support.c.o[0m
[ 61%] [32mBuilding CXX object CMakeFiles/robovision_interfaces__rosidl_typesupport_fastrtps_cpp.dir/rosidl_typesupport_fastrtps_cpp/robovision_interfaces/srv/detail/dds_fastrtps/get_point_center__type_support.cpp.o[0m
[ 62%] [32mBuilding CXX object CMakeFiles/robovision_interfaces__rosidl_typesupport_fastrtps_cpp.dir/rosidl_typesupport_fastrtps_cpp/robovision_interfaces/msg/detail/dds_fastrtps/object_centroids__type_support.cpp.o[0m
[ 66%] [32mBuilding CXX object CMakeFiles/robovision_interfaces__rosidl_typesupport_fastrtps_c.dir/rosidl_typesupport_fastrtps_c/robovision_interfaces/msg/detail/object_centroid__type_support_c.cpp.o[0m
[ 66%] [32mBuilding CXX object CMakeFiles/robovision_interfaces__rosidl_typesupport_fastrtps_cpp.dir/rosidl_typesupport_fastrtps_cpp/robovision_interfaces/msg/detail/dds_fastrtps/object_centroid__type_support.cpp.o[0m
[ 70%] [32mBuilding CXX object CMakeFiles/robovision_interfaces__rosidl_typesupport_fastrtps_c.dir/rosidl_typesupport_fastrtps_c/robovision_interfaces/msg/detail/object_centroids__type_support_c.cpp.o[0m
[ 70%] [32mBuilding CXX object CMakeFiles/robovision_interfaces__rosidl_typesupport_fastrtps_c.dir/rosidl_typesupport_fastrtps_c/robovision_interfaces/srv/detail/get_point_center__type_support_c.cpp.o[0m
[ 72%] [32m[1mLinking C shared library librobovision_interfaces__rosidl_typesupport_introspection_c.so[0m
[ 72%] Built target robovision_interfaces__rosidl_typesupport_c
[ 72%] Built target robovision_interfaces__rosidl_typesupport_introspection_c
[ 74%] [32m[1mLinking CXX shared library librobovision_interfaces__rosidl_typesupport_cpp.so[0m
[ 75%] [32m[1mLinking CXX shared library librobovision_interfaces__rosidl_typesupport_introspection_cpp.so[0m
[ 75%] Built target robovision_interfaces__rosidl_typesupport_cpp
[ 77%] [32m[1mLinking CXX shared library librobovision_interfaces__rosidl_typesupport_fastrtps_c.so[0m
[ 77%] Built target robovision_interfaces__rosidl_typesupport_introspection_cpp
[ 77%] Built target robovision_interfaces__rosidl_typesupport_fastrtps_c
[ 79%] [32m[1mLinking CXX shared library librobovision_interfaces__rosidl_typesupport_fastrtps_cpp.so[0m
[ 79%] Built target robovision_interfaces__rosidl_typesupport_fastrtps_cpp
[ 79%] Built target robovision_interfaces
[ 81%] [34m[1mGenerating Python code for ROS interfaces[0m
[ 81%] Built target robovision_interfaces__py
[ 83%] [32mBuilding C object CMakeFiles/robovision_interfaces__rosidl_generator_py.dir/rosidl_generator_py/robovision_interfaces/msg/_object_centroid_s.c.o[0m
[ 87%] [32mBuilding C object CMakeFiles/robovision_interfaces__rosidl_generator_py.dir/rosidl_generator_py/robovision_interfaces/srv/_get_point_center_s.c.o[0m
[ 87%] [32mBuilding C object CMakeFiles/robovision_interfaces__rosidl_generator_py.dir/rosidl_generator_py/robovision_interfaces/msg/_object_centroids_s.c.o[0m
[ 88%] [32m[1mLinking C shared library librobovision_interfaces__rosidl_generator_py.so[0m
[ 88%] Built target robovision_interfaces__rosidl_generator_py
[ 90%] [32mBuilding C object CMakeFiles/robovision_interfaces_s__rosidl_typesupport_c.dir/rosidl_generator_py/robovision_interfaces/_robovision_interfaces_s.ep.rosidl_typesupport_c.c.o[0m
[ 92%] [32mBuilding C object CMakeFiles/robovision_interfaces_s__rosidl_typesupport_fastrtps_c.dir/rosidl_generator_py/robovision_interfaces/_robovision_interfaces_s.ep.rosidl_typesupport_fastrtps_c.c.o[0m
[ 94%] [32mBuilding C object CMakeFiles/robovision_interfaces_s__rosidl_typesupport_introspection_c.dir/rosidl_generator_py/robovision_interfaces/_robovision_interfaces_s.ep.rosidl_typesupport_introspection_c.c.o[0m
[ 96%] [32m[1mLinking C shared module rosidl_generator_py/robovision_interfaces/robovision_interfaces_s__rosidl_typesupport_fastrtps_c.so[0m
[ 98%] [32m[1mLinking C shared module rosidl_generator_py/robovision_interfaces/robovision_interfaces_s__rosidl_typesupport_c.so[0m
[100%] [32m[1mLinking C shared module rosidl_generator_py/robovision_interfaces/robovision_interfaces_s__rosidl_typesupport_introspection_c.so[0m
[100%] Built target robovision_interfaces_s__rosidl_typesupport_c
[100%] Built target robovision_interfaces_s__rosidl_typesupport_fastrtps_c
[100%] Built target robovision_interfaces_s__rosidl_typesupport_introspection_c
-- Install configuration: ""
-- Installing: /home/ubuntu/ros2_ws/install/robovision_interfaces/share/ament_index/resource_index/rosidl_interfaces/robovision_interfaces
-- Installing: /home/ubuntu/ros2_ws/install/robovision_interfaces/share/robovision_interfaces/msg/ObjectCentroid.json
-- Installing: /home/ubuntu/ros2_ws/install/robovision_interfaces/share/robovision_interfaces/msg/ObjectCentroids.json
-- Installing: /home/ubuntu/ros2_ws/install/robovision_interfaces/share/robovision_interfaces/srv/GetPointCenter.json
-- Installing: /home/ubuntu/ros2_ws/install/robovision_interfaces/include/robovision_interfaces/robovision_interfaces
-- Installing: /home/ubuntu/ros2_ws/install/robovision_interfaces/include/robovision_interfaces/robovision_interfaces/msg
-- Installing: /home/ubuntu/ros2_ws/install/robovision_interfaces/include/robovision_interfaces/robovision_interfaces/msg/object_centroid.h
-- Installing: /home/ubuntu/ros2_ws/install/robovision_interfaces/include/robovision_interfaces/robovision_interfaces/msg/rosidl_generator_c__visibility_control.h
-- Installing: /home/ubuntu/ros2_ws/install/robovision_interfaces/include/robovision_interfaces/robovision_interfaces/msg/object_centroids.h
-- Installing: /home/ubuntu/ros2_ws/install/robovision_interfaces/include/robovision_interfaces/robovision_interfaces/msg/detail
-- Installing: /home/ubuntu/ros2_ws/install/robovision_interfaces/include/robovision_interfaces/robovision_interfaces/msg/detail/object_centroids__type_support.h
-- Installing: /home/ubuntu/ros2_ws/install/robovision_interfaces/include/robovision_interfaces/robovision_interfaces/msg/detail/object_centroids__struct.h
-- Installing: /home/ubuntu/ros2_ws/install/robovision_interfaces/include/robovision_interfaces/robovision_interfaces/msg/detail/object_centroid__type_support.h
-- Installing: /home/ubuntu/ros2_ws/install/robovision_interfaces/include/robovision_interfaces/robovision_interfaces/msg/detail/object_centroid__functions.h
-- Installing: /home/ubuntu/ros2_ws/install/robovision_interfaces/include/robovision_interfaces/robovision_interfaces/msg/detail/object_centroids__description.c
-- Installing: /home/ubuntu/ros2_ws/install/robovision_interfaces/include/robovision_interfaces/robovision_interfaces/msg/detail/object_centroid__functions.c
-- Installing: /home/ubuntu/ros2_ws/install/robovision_interfaces/include/robovision_interfaces/robovision_interfaces/msg/detail/object_centroids__functions.c
-- Installing: /home/ubuntu/ros2_ws/install/robovision_interfaces/include/robovision_interfaces/robovision_interfaces/msg/detail/object_centroid__type_support.c
-- Installing: /home/ubuntu/ros2_ws/install/robovision_interfaces/include/robovision_interfaces/robovision_interfaces/msg/detail/object_centroid__struct.h
-- Installing: /home/ubuntu/ros2_ws/install/robovision_interfaces/include/robovision_interfaces/robovision_interfaces/msg/detail/object_centroids__type_support.c
-- Installing: /home/ubuntu/ros2_ws/install/robovision_interfaces/include/robovision_interfaces/robovision_interfaces/msg/detail/object_centroid__description.c
-- Installing: /home/ubuntu/ros2_ws/install/robovision_interfaces/include/robovision_interfaces/robovision_interfaces/msg/detail/object_centroids__functions.h
-- Installing: /home/ubuntu/ros2_ws/install/robovision_interfaces/include/robovision_interfaces/robovision_interfaces/srv
-- Installing: /home/ubuntu/ros2_ws/install/robovision_interfaces/include/robovision_interfaces/robovision_interfaces/srv/get_point_center.h
-- Installing: /home/ubuntu/ros2_ws/install/robovision_interfaces/include/robovision_interfaces/robovision_interfaces/srv/detail
-- Installing: /home/ubuntu/ros2_ws/install/robovision_interfaces/include/robovision_interfaces/robovision_interfaces/srv/detail/get_point_center__type_support.c
-- Installing: /home/ubuntu/ros2_ws/install/robovision_interfaces/include/robovision_interfaces/robovision_interfaces/srv/detail/get_point_center__functions.c
-- Installing: /home/ubuntu/ros2_ws/install/robovision_interfaces/include/robovision_interfaces/robovision_interfaces/srv/detail/get_point_center__struct.h
-- Installing: /home/ubuntu/ros2_ws/install/robovision_interfaces/include/robovision_interfaces/robovision_interfaces/srv/detail/get_point_center__description.c
-- Installing: /home/ubuntu/ros2_ws/install/robovision_interfaces/include/robovision_interfaces/robovision_interfaces/srv/detail/get_point_center__functions.h
-- Installing: /home/ubuntu/ros2_ws/install/robovision_interfaces/include/robovision_interfaces/robovision_interfaces/srv/detail/get_point_center__type_support.h
-- Installing: /home/ubuntu/ros2_ws/install/robovision_interfaces/share/robovision_interfaces/environment/library_path.sh
-- Installing: /home/ubuntu/ros2_ws/install/robovision_interfaces/share/robovision_interfaces/environment/library_path.dsv
-- Installing: /home/ubuntu/ros2_ws/install/robovision_interfaces/lib/librobovision_interfaces__rosidl_generator_c.so
-- Set non-toolchain portion of runtime path of "/home/ubuntu/ros2_ws/install/robovision_interfaces/lib/librobovision_interfaces__rosidl_generator_c.so" to ""
-- Up-to-date: /home/ubuntu/ros2_ws/install/robovision_interfaces/include/robovision_interfaces/robovision_interfaces
-- Up-to-date: /home/ubuntu/ros2_ws/install/robovision_interfaces/include/robovision_interfaces/robovision_interfaces/msg
-- Installing: /home/ubuntu/ros2_ws/install/robovision_interfaces/include/robovision_interfaces/robovision_interfaces/msg/rosidl_typesupport_fastrtps_c__visibility_control.h
-- Up-to-date: /home/ubuntu/ros2_ws/install/robovision_interfaces/include/robovision_interfaces/robovision_interfaces/msg/detail
-- Installing: /home/ubuntu/ros2_ws/install/robovision_interfaces/include/robovision_interfaces/robovision_interfaces/msg/detail/object_centroid__rosidl_typesupport_fastrtps_c.h
-- Installing: /home/ubuntu/ros2_ws/install/robovision_interfaces/include/robovision_interfaces/robovision_interfaces/msg/detail/object_centroids__rosidl_typesupport_fastrtps_c.h
-- Up-to-date: /home/ubuntu/ros2_ws/install/robovision_interfaces/include/robovision_interfaces/robovision_interfaces/srv
-- Up-to-date: /home/ubuntu/ros2_ws/install/robovision_interfaces/include/robovision_interfaces/robovision_interfaces/srv/detail
-- Installing: /home/ubuntu/ros2_ws/install/robovision_interfaces/include/robovision_interfaces/robovision_interfaces/srv/detail/get_point_center__rosidl_typesupport_fastrtps_c.h
-- Installing: /home/ubuntu/ros2_ws/install/robovision_interfaces/lib/librobovision_interfaces__rosidl_typesupport_fastrtps_c.so
-- Set non-toolchain portion of runtime path of "/home/ubuntu/ros2_ws/install/robovision_interfaces/lib/librobovision_interfaces__rosidl_typesupport_fastrtps_c.so" to ""
-- Up-to-date: /home/ubuntu/ros2_ws/install/robovision_interfaces/include/robovision_interfaces/robovision_interfaces
-- Up-to-date: /home/ubuntu/ros2_ws/install/robovision_interfaces/include/robovision_interfaces/robovision_interfaces/msg
-- Installing: /home/ubuntu/ros2_ws/install/robovision_interfaces/include/robovision_interfaces/robovision_interfaces/msg/rosidl_typesupport_introspection_c__visibility_control.h
-- Up-to-date: /home/ubuntu/ros2_ws/install/robovision_interfaces/include/robovision_interfaces/robovision_interfaces/msg/detail
-- Installing: /home/ubuntu/ros2_ws/install/robovision_interfaces/include/robovision_interfaces/robovision_interfaces/msg/detail/object_centroids__rosidl_typesupport_introspection_c.h
-- Installing: /home/ubuntu/ros2_ws/install/robovision_interfaces/include/robovision_interfaces/robovision_interfaces/msg/detail/object_centroid__rosidl_typesupport_introspection_c.h
-- Installing: /home/ubuntu/ros2_ws/install/robovision_interfaces/include/robovision_interfaces/robovision_interfaces/msg/detail/object_centroid__type_support.c
-- Installing: /home/ubuntu/ros2_ws/install/robovision_interfaces/include/robovision_interfaces/robovision_interfaces/msg/detail/object_centroids__type_support.c
-- Up-to-date: /home/ubuntu/ros2_ws/install/robovision_interfaces/include/robovision_interfaces/robovision_interfaces/srv
-- Up-to-date: /home/ubuntu/ros2_ws/install/robovision_interfaces/include/robovision_interfaces/robovision_interfaces/srv/detail
-- Installing: /home/ubuntu/ros2_ws/install/robovision_interfaces/include/robovision_interfaces/robovision_interfaces/srv/detail/get_point_center__rosidl_typesupport_introspection_c.h
-- Installing: /home/ubuntu/ros2_ws/install/robovision_interfaces/include/robovision_interfaces/robovision_interfaces/srv/detail/get_point_center__type_support.c
-- Installing: /home/ubuntu/ros2_ws/install/robovision_interfaces/lib/librobovision_interfaces__rosidl_typesupport_introspection_c.so
-- Set non-toolchain portion of runtime path of "/home/ubuntu/ros2_ws/install/robovision_interfaces/lib/librobovision_interfaces__rosidl_typesupport_introspection_c.so" to ""
-- Installing: /home/ubuntu/ros2_ws/install/robovision_interfaces/lib/librobovision_interfaces__rosidl_typesupport_c.so
-- Set non-toolchain portion of runtime path of "/home/ubuntu/ros2_ws/install/robovision_interfaces/lib/librobovision_interfaces__rosidl_typesupport_c.so" to ""
-- Up-to-date: /home/ubuntu/ros2_ws/install/robovision_interfaces/include/robovision_interfaces/robovision_interfaces
-- Up-to-date: /home/ubuntu/ros2_ws/install/robovision_interfaces/include/robovision_interfaces/robovision_interfaces/msg
-- Installing: /home/ubuntu/ros2_ws/install/robovision_interfaces/include/robovision_interfaces/robovision_interfaces/msg/object_centroid.hpp
-- Installing: /home/ubuntu/ros2_ws/install/robovision_interfaces/include/robovision_interfaces/robovision_interfaces/msg/object_centroids.hpp
-- Installing: /home/ubuntu/ros2_ws/install/robovision_interfaces/include/robovision_interfaces/robovision_interfaces/msg/rosidl_generator_cpp__visibility_control.hpp
-- Up-to-date: /home/ubuntu/ros2_ws/install/robovision_interfaces/include/robovision_interfaces/robovision_interfaces/msg/detail
-- Installing: /home/ubuntu/ros2_ws/install/robovision_interfaces/include/robovision_interfaces/robovision_interfaces/msg/detail/object_centroids__builder.hpp
-- Installing: /home/ubuntu/ros2_ws/install/robovision_interfaces/include/robovision_interfaces/robovision_interfaces/msg/detail/object_centroid__traits.hpp
-- Installing: /home/ubuntu/ros2_ws/install/robovision_interfaces/include/robovision_interfaces/robovision_interfaces/msg/detail/object_centroid__struct.hpp
-- Installing: /home/ubuntu/ros2_ws/install/robovision_interfaces/include/robovision_interfaces/robovision_interfaces/msg/detail/object_centroids__type_support.hpp
-- Installing: /home/ubuntu/ros2_ws/install/robovision_interfaces/include/robovision_interfaces/robovision_interfaces/msg/detail/object_centroids__traits.hpp
-- Installing: /home/ubuntu/ros2_ws/install/robovision_interfaces/include/robovision_interfaces/robovision_interfaces/msg/detail/object_centroids__struct.hpp
-- Installing: /home/ubuntu/ros2_ws/install/robovision_interfaces/include/robovision_interfaces/robovision_interfaces/msg/detail/object_centroid__builder.hpp
-- Installing: /home/ubuntu/ros2_ws/install/robovision_interfaces/include/robovision_interfaces/robovision_interfaces/msg/detail/object_centroid__type_support.hpp
-- Up-to-date: /home/ubuntu/ros2_ws/install/robovision_interfaces/include/robovision_interfaces/robovision_interfaces/srv
-- Installing: /home/ubuntu/ros2_ws/install/robovision_interfaces/include/robovision_interfaces/robovision_interfaces/srv/get_point_center.hpp
-- Up-to-date: /home/ubuntu/ros2_ws/install/robovision_interfaces/include/robovision_interfaces/robovision_interfaces/srv/detail
-- Installing: /home/ubuntu/ros2_ws/install/robovision_interfaces/include/robovision_interfaces/robovision_interfaces/srv/detail/get_point_center__struct.hpp
-- Installing: /home/ubuntu/ros2_ws/install/robovision_interfaces/include/robovision_interfaces/robovision_interfaces/srv/detail/get_point_center__type_support.hpp
-- Installing: /home/ubuntu/ros2_ws/install/robovision_interfaces/include/robovision_interfaces/robovision_interfaces/srv/detail/get_point_center__builder.hpp
-- Installing: /home/ubuntu/ros2_ws/install/robovision_interfaces/include/robovision_interfaces/robovision_interfaces/srv/detail/get_point_center__traits.hpp
-- Up-to-date: /home/ubuntu/ros2_ws/install/robovision_interfaces/include/robovision_interfaces/robovision_interfaces
-- Up-to-date: /home/ubuntu/ros2_ws/install/robovision_interfaces/include/robovision_interfaces/robovision_interfaces/msg
-- Installing: /home/ubuntu/ros2_ws/install/robovision_interfaces/include/robovision_interfaces/robovision_interfaces/msg/rosidl_typesupport_fastrtps_cpp__visibility_control.h
-- Up-to-date: /home/ubuntu/ros2_ws/install/robovision_interfaces/include/robovision_interfaces/robovision_interfaces/msg/detail
-- Installing: /home/ubuntu/ros2_ws/install/robovision_interfaces/include/robovision_interfaces/robovision_interfaces/msg/detail/object_centroids__rosidl_typesupport_fastrtps_cpp.hpp
-- Installing: /home/ubuntu/ros2_ws/install/robovision_interfaces/include/robovision_interfaces/robovision_interfaces/msg/detail/object_centroid__rosidl_typesupport_fastrtps_cpp.hpp
-- Installing: /home/ubuntu/ros2_ws/install/robovision_interfaces/include/robovision_interfaces/robovision_interfaces/msg/detail/dds_fastrtps
-- Up-to-date: /home/ubuntu/ros2_ws/install/robovision_interfaces/include/robovision_interfaces/robovision_interfaces/srv
-- Up-to-date: /home/ubuntu/ros2_ws/install/robovision_interfaces/include/robovision_interfaces/robovision_interfaces/srv/detail
-- Installing: /home/ubuntu/ros2_ws/install/robovision_interfaces/include/robovision_interfaces/robovision_interfaces/srv/detail/get_point_center__rosidl_typesupport_fastrtps_cpp.hpp
-- Installing: /home/ubuntu/ros2_ws/install/robovision_interfaces/include/robovision_interfaces/robovision_interfaces/srv/detail/dds_fastrtps
-- Installing: /home/ubuntu/ros2_ws/install/robovision_interfaces/lib/librobovision_interfaces__rosidl_typesupport_fastrtps_cpp.so
-- Set non-toolchain portion of runtime path of "/home/ubuntu/ros2_ws/install/robovision_interfaces/lib/librobovision_interfaces__rosidl_typesupport_fastrtps_cpp.so" to ""
-- Up-to-date: /home/ubuntu/ros2_ws/install/robovision_interfaces/include/robovision_interfaces/robovision_interfaces
-- Up-to-date: /home/ubuntu/ros2_ws/install/robovision_interfaces/include/robovision_interfaces/robovision_interfaces/msg
-- Up-to-date: /home/ubuntu/ros2_ws/install/robovision_interfaces/include/robovision_interfaces/robovision_interfaces/msg/detail
-- Installing: /home/ubuntu/ros2_ws/install/robovision_interfaces/include/robovision_interfaces/robovision_interfaces/msg/detail/object_centroid__type_support.cpp
-- Installing: /home/ubuntu/ros2_ws/install/robovision_interfaces/include/robovision_interfaces/robovision_interfaces/msg/detail/object_centroids__rosidl_typesupport_introspection_cpp.hpp
-- Installing: /home/ubuntu/ros2_ws/install/robovision_interfaces/include/robovision_interfaces/robovision_interfaces/msg/detail/object_centroid__rosidl_typesupport_introspection_cpp.hpp
-- Installing: /home/ubuntu/ros2_ws/install/robovision_interfaces/include/robovision_interfaces/robovision_interfaces/msg/detail/object_centroids__type_support.cpp
-- Up-to-date: /home/ubuntu/ros2_ws/install/robovision_interfaces/include/robovision_interfaces/robovision_interfaces/srv
-- Up-to-date: /home/ubuntu/ros2_ws/install/robovision_interfaces/include/robovision_interfaces/robovision_interfaces/srv/detail
-- Installing: /home/ubuntu/ros2_ws/install/robovision_interfaces/include/robovision_interfaces/robovision_interfaces/srv/detail/get_point_center__type_support.cpp
-- Installing: /home/ubuntu/ros2_ws/install/robovision_interfaces/include/robovision_interfaces/robovision_interfaces/srv/detail/get_point_center__rosidl_typesupport_introspection_cpp.hpp
-- Installing: /home/ubuntu/ros2_ws/install/robovision_interfaces/lib/librobovision_interfaces__rosidl_typesupport_introspection_cpp.so
-- Set non-toolchain portion of runtime path of "/home/ubuntu/ros2_ws/install/robovision_interfaces/lib/librobovision_interfaces__rosidl_typesupport_introspection_cpp.so" to ""
-- Installing: /home/ubuntu/ros2_ws/install/robovision_interfaces/lib/librobovision_interfaces__rosidl_typesupport_cpp.so
-- Set non-toolchain portion of runtime path of "/home/ubuntu/ros2_ws/install/robovision_interfaces/lib/librobovision_interfaces__rosidl_typesupport_cpp.so" to ""
-- Installing: /home/ubuntu/ros2_ws/install/robovision_interfaces/share/robovision_interfaces/environment/pythonpath.sh
-- Installing: /home/ubuntu/ros2_ws/install/robovision_interfaces/share/robovision_interfaces/environment/pythonpath.dsv
-- Installing: /home/ubuntu/ros2_ws/install/robovision_interfaces/lib/python3.12/site-packages/robovision_interfaces-0.0.0-py3.12.egg-info
-- Installing: /home/ubuntu/ros2_ws/install/robovision_interfaces/lib/python3.12/site-packages/robovision_interfaces-0.0.0-py3.12.egg-info/top_level.txt
-- Installing: /home/ubuntu/ros2_ws/install/robovision_interfaces/lib/python3.12/site-packages/robovision_interfaces-0.0.0-py3.12.egg-info/dependency_links.txt
-- Installing: /home/ubuntu/ros2_ws/install/robovision_interfaces/lib/python3.12/site-packages/robovision_interfaces-0.0.0-py3.12.egg-info/PKG-INFO
-- Installing: /home/ubuntu/ros2_ws/install/robovision_interfaces/lib/python3.12/site-packages/robovision_interfaces-0.0.0-py3.12.egg-info/SOURCES.txt
-- Installing: /home/ubuntu/ros2_ws/install/robovision_interfaces/lib/python3.12/site-packages/robovision_interfaces
-- Installing: /home/ubuntu/ros2_ws/install/robovision_interfaces/lib/python3.12/site-packages/robovision_interfaces/msg
-- Installing: /home/ubuntu/ros2_ws/install/robovision_interfaces/lib/python3.12/site-packages/robovision_interfaces/msg/_object_centroids_s.c
-- Installing: /home/ubuntu/ros2_ws/install/robovision_interfaces/lib/python3.12/site-packages/robovision_interfaces/msg/_object_centroid_s.c
-- Installing: /home/ubuntu/ros2_ws/install/robovision_interfaces/lib/python3.12/site-packages/robovision_interfaces/msg/_object_centroids.py
-- Installing: /home/ubuntu/ros2_ws/install/robovision_interfaces/lib/python3.12/site-packages/robovision_interfaces/msg/_object_centroid.py
-- Installing: /home/ubuntu/ros2_ws/install/robovision_interfaces/lib/python3.12/site-packages/robovision_interfaces/msg/__init__.py
-- Installing: /home/ubuntu/ros2_ws/install/robovision_interfaces/lib/python3.12/site-packages/robovision_interfaces/robovision_interfaces_s__rosidl_typesupport_introspection_c.so
-- Installing: /home/ubuntu/ros2_ws/install/robovision_interfaces/lib/python3.12/site-packages/robovision_interfaces/srv
-- Installing: /home/ubuntu/ros2_ws/install/robovision_interfaces/lib/python3.12/site-packages/robovision_interfaces/srv/_get_point_center_s.c
-- Installing: /home/ubuntu/ros2_ws/install/robovision_interfaces/lib/python3.12/site-packages/robovision_interfaces/srv/_get_point_center.py
-- Installing: /home/ubuntu/ros2_ws/install/robovision_interfaces/lib/python3.12/site-packages/robovision_interfaces/srv/__init__.py
-- Installing: /home/ubuntu/ros2_ws/install/robovision_interfaces/lib/python3.12/site-packages/robovision_interfaces/robovision_interfaces_s__rosidl_typesupport_fastrtps_c.so
-- Installing: /home/ubuntu/ros2_ws/install/robovision_interfaces/lib/python3.12/site-packages/robovision_interfaces/_robovision_interfaces_s.ep.rosidl_typesupport_introspection_c.c
-- Installing: /home/ubuntu/ros2_ws/install/robovision_interfaces/lib/python3.12/site-packages/robovision_interfaces/robovision_interfaces_s__rosidl_typesupport_c.so
-- Installing: /home/ubuntu/ros2_ws/install/robovision_interfaces/lib/python3.12/site-packages/robovision_interfaces/_robovision_interfaces_s.ep.rosidl_typesupport_fastrtps_c.c
-- Installing: /home/ubuntu/ros2_ws/install/robovision_interfaces/lib/python3.12/site-packages/robovision_interfaces/_robovision_interfaces_s.ep.rosidl_typesupport_c.c
-- Installing: /home/ubuntu/ros2_ws/install/robovision_interfaces/lib/python3.12/site-packages/robovision_interfaces/__init__.py
Listing '/home/ubuntu/ros2_ws/install/robovision_interfaces/lib/python3.12/site-packages/robovision_interfaces'...
Compiling '/home/ubuntu/ros2_ws/install/robovision_interfaces/lib/python3.12/site-packages/robovision_interfaces/__init__.py'...
Listing '/home/ubuntu/ros2_ws/install/robovision_interfaces/lib/python3.12/site-packages/robovision_interfaces/msg'...
Compiling '/home/ubuntu/ros2_ws/install/robovision_interfaces/lib/python3.12/site-packages/robovision_interfaces/msg/__init__.py'...
Compiling '/home/ubuntu/ros2_ws/install/robovision_interfaces/lib/python3.12/site-packages/robovision_interfaces/msg/_object_centroid.py'...
Compiling '/home/ubuntu/ros2_ws/install/robovision_interfaces/lib/python3.12/site-packages/robovision_interfaces/msg/_object_centroids.py'...
Listing '/home/ubuntu/ros2_ws/install/robovision_interfaces/lib/python3.12/site-packages/robovision_interfaces/srv'...
Compiling '/home/ubuntu/ros2_ws/install/robovision_interfaces/lib/python3.12/site-packages/robovision_interfaces/srv/__init__.py'...
Compiling '/home/ubuntu/ros2_ws/install/robovision_interfaces/lib/python3.12/site-packages/robovision_interfaces/srv/_get_point_center.py'...
-- Installing: /home/ubuntu/ros2_ws/install/robovision_interfaces/lib/python3.12/site-packages/robovision_interfaces/robovision_interfaces_s__rosidl_typesupport_fastrtps_c.so
-- Set non-toolchain portion of runtime path of "/home/ubuntu/ros2_ws/install/robovision_interfaces/lib/python3.12/site-packages/robovision_interfaces/robovision_interfaces_s__rosidl_typesupport_fastrtps_c.so" to ""
-- Installing: /home/ubuntu/ros2_ws/install/robovision_interfaces/lib/python3.12/site-packages/robovision_interfaces/robovision_interfaces_s__rosidl_typesupport_introspection_c.so
-- Set non-toolchain portion of runtime path of "/home/ubuntu/ros2_ws/install/robovision_interfaces/lib/python3.12/site-packages/robovision_interfaces/robovision_interfaces_s__rosidl_typesupport_introspection_c.so" to ""
-- Installing: /home/ubuntu/ros2_ws/install/robovision_interfaces/lib/python3.12/site-packages/robovision_interfaces/robovision_interfaces_s__rosidl_typesupport_c.so
-- Set non-toolchain portion of runtime path of "/home/ubuntu/ros2_ws/install/robovision_interfaces/lib/python3.12/site-packages/robovision_interfaces/robovision_interfaces_s__rosidl_typesupport_c.so" to ""
-- Installing: /home/ubuntu/ros2_ws/install/robovision_interfaces/lib/librobovision_interfaces__rosidl_generator_py.so
-- Set non-toolchain portion of runtime path of "/home/ubuntu/ros2_ws/install/robovision_interfaces/lib/librobovision_interfaces__rosidl_generator_py.so" to ""
-- Installing: /home/ubuntu/ros2_ws/install/robovision_interfaces/share/robovision_interfaces/msg/ObjectCentroid.idl
-- Installing: /home/ubuntu/ros2_ws/install/robovision_interfaces/share/robovision_interfaces/msg/ObjectCentroids.idl
-- Installing: /home/ubuntu/ros2_ws/install/robovision_interfaces/share/robovision_interfaces/srv/GetPointCenter.idl
-- Installing: /home/ubuntu/ros2_ws/install/robovision_interfaces/share/robovision_interfaces/msg/ObjectCentroid.msg
-- Installing: /home/ubuntu/ros2_ws/install/robovision_interfaces/share/robovision_interfaces/msg/ObjectCentroids.msg
-- Installing: /home/ubuntu/ros2_ws/install/robovision_interfaces/share/robovision_interfaces/srv/GetPointCenter.srv
-- Installing: /home/ubuntu/ros2_ws/install/robovision_interfaces/share/ament_index/resource_index/package_run_dependencies/robovision_interfaces
-- Installing: /home/ubuntu/ros2_ws/install/robovision_interfaces/share/ament_index/resource_index/parent_prefix_path/robovision_interfaces
-- Installing: /home/ubuntu/ros2_ws/install/robovision_interfaces/share/robovision_interfaces/environment/ament_prefix_path.sh
-- Installing: /home/ubuntu/ros2_ws/install/robovision_interfaces/share/robovision_interfaces/environment/ament_prefix_path.dsv
-- Installing: /home/ubuntu/ros2_ws/install/robovision_interfaces/share/robovision_interfaces/environment/path.sh
-- Installing: /home/ubuntu/ros2_ws/install/robovision_interfaces/share/robovision_interfaces/environment/path.dsv
-- Installing: /home/ubuntu/ros2_ws/install/robovision_interfaces/share/robovision_interfaces/local_setup.bash
-- Installing: /home/ubuntu/ros2_ws/install/robovision_interfaces/share/robovision_interfaces/local_setup.sh
-- Installing: /home/ubuntu/ros2_ws/install/robovision_interfaces/share/robovision_interfaces/local_setup.zsh
-- Installing: /home/ubuntu/ros2_ws/install/robovision_interfaces/share/robovision_interfaces/local_setup.dsv
-- Installing: /home/ubuntu/ros2_ws/install/robovision_interfaces/share/robovision_interfaces/package.dsv
-- Installing: /home/ubuntu/ros2_ws/install/robovision_interfaces/share/ament_index/resource_index/packages/robovision_interfaces
-- Installing: /home/ubuntu/ros2_ws/install/robovision_interfaces/share/robovision_interfaces/cmake/export_robovision_interfaces__rosidl_generator_cExport.cmake
-- Installing: /home/ubuntu/ros2_ws/install/robovision_interfaces/share/robovision_interfaces/cmake/export_robovision_interfaces__rosidl_generator_cExport-noconfig.cmake
-- Installing: /home/ubuntu/ros2_ws/install/robovision_interfaces/share/robovision_interfaces/cmake/export_robovision_interfaces__rosidl_typesupport_fastrtps_cExport.cmake
-- Installing: /home/ubuntu/ros2_ws/install/robovision_interfaces/share/robovision_interfaces/cmake/export_robovision_interfaces__rosidl_typesupport_fastrtps_cExport-noconfig.cmake
-- Installing: /home/ubuntu/ros2_ws/install/robovision_interfaces/share/robovision_interfaces/cmake/robovision_interfaces__rosidl_typesupport_introspection_cExport.cmake
-- Installing: /home/ubuntu/ros2_ws/install/robovision_interfaces/share/robovision_interfaces/cmake/robovision_interfaces__rosidl_typesupport_introspection_cExport-noconfig.cmake
-- Installing: /home/ubuntu/ros2_ws/install/robovision_interfaces/share/robovision_interfaces/cmake/robovision_interfaces__rosidl_typesupport_cExport.cmake
-- Installing: /home/ubuntu/ros2_ws/install/robovision_interfaces/share/robovision_interfaces/cmake/robovision_interfaces__rosidl_typesupport_cExport-noconfig.cmake
-- Installing: /home/ubuntu/ros2_ws/install/robovision_interfaces/share/robovision_interfaces/cmake/export_robovision_interfaces__rosidl_generator_cppExport.cmake
-- Installing: /home/ubuntu/ros2_ws/install/robovision_interfaces/share/robovision_interfaces/cmake/export_robovision_interfaces__rosidl_typesupport_fastrtps_cppExport.cmake
-- Installing: /home/ubuntu/ros2_ws/install/robovision_interfaces/share/robovision_interfaces/cmake/export_robovision_interfaces__rosidl_typesupport_fastrtps_cppExport-noconfig.cmake
-- Installing: /home/ubuntu/ros2_ws/install/robovision_interfaces/share/robovision_interfaces/cmake/robovision_interfaces__rosidl_typesupport_introspection_cppExport.cmake
-- Installing: /home/ubuntu/ros2_ws/install/robovision_interfaces/share/robovision_interfaces/cmake/robovision_interfaces__rosidl_typesupport_introspection_cppExport-noconfig.cmake
-- Installing: /home/ubuntu/ros2_ws/install/robovision_interfaces/share/robovision_interfaces/cmake/robovision_interfaces__rosidl_typesupport_cppExport.cmake
-- Installing: /home/ubuntu/ros2_ws/install/robovision_interfaces/share/robovision_interfaces/cmake/robovision_interfaces__rosidl_typesupport_cppExport-noconfig.cmake
-- Installing: /home/ubuntu/ros2_ws/install/robovision_interfaces/share/robovision_interfaces/cmake/export_robovision_interfaces__rosidl_generator_pyExport.cmake
-- Installing: /home/ubuntu/ros2_ws/install/robovision_interfaces/share/robovision_interfaces/cmake/export_robovision_interfaces__rosidl_generator_pyExport-noconfig.cmake
-- Installing: /home/ubuntu/ros2_ws/install/robovision_interfaces/share/robovision_interfaces/cmake/rosidl_cmake-extras.cmake
-- Installing: /home/ubuntu/ros2_ws/install/robovision_interfaces/share/robovision_interfaces/cmake/ament_cmake_export_dependencies-extras.cmake
-- Installing: /home/ubuntu/ros2_ws/install/robovision_interfaces/share/robovision_interfaces/cmake/ament_cmake_export_include_directories-extras.cmake
-- Installing: /home/ubuntu/ros2_ws/install/robovision_interfaces/share/robovision_interfaces/cmake/ament_cmake_export_libraries-extras.cmake
-- Installing: /home/ubuntu/ros2_ws/install/robovision_interfaces/share/robovision_interfaces/cmake/ament_cmake_export_targets-extras.cmake
-- Installing: /home/ubuntu/ros2_ws/install/robovision_interfaces/share/robovision_interfaces/cmake/rosidl_cmake_export_typesupport_targets-extras.cmake
-- Installing: /home/ubuntu/ros2_ws/install/robovision_interfaces/share/robovision_interfaces/cmake/rosidl_cmake_export_typesupport_libraries-extras.cmake
-- Installing: /home/ubuntu/ros2_ws/install/robovision_interfaces/share/robovision_interfaces/cmake/robovision_interfacesConfig.cmake
-- Installing: /home/ubuntu/ros2_ws/install/robovision_interfaces/share/robovision_interfaces/cmake/robovision_interfacesConfig-version.cmake
-- Installing: /home/ubuntu/ros2_ws/install/robovision_interfaces/share/robovision_interfaces/package.xml
