[0.018s] Invoking command in '/home/ubuntu/ros2_ws/build/robovision_interfaces': CMAKE_PREFIX_PATH=${CMAKE_PREFIX_PATH}:/home/ubuntu/ros2_ws/install/opencv_tests:/opt/ros/jazzy /usr/bin/cmake --build /home/ubuntu/ros2_ws/build/robovision_interfaces -- -j16 -l16
[0.099s] [  1%] Built target robovision_interfaces__rosidl_generator_type_description
[0.115s] [  3%] Built target robovision_interfaces__cpp
[0.116s] [  3%] Built target ament_cmake_python_copy_robovision_interfaces
[0.119s] [ 24%] Built target robovision_interfaces__rosidl_generator_c
[0.140s] [ 33%] Built target robovision_interfaces__rosidl_typesupport_c
[0.141s] [ 42%] Built target robovision_interfaces__rosidl_typesupport_fastrtps_c
[0.142s] [ 51%] Built target robovision_interfaces__rosidl_typesupport_introspection_cpp
[0.142s] [ 61%] Built target robovision_interfaces__rosidl_typesupport_fastrtps_cpp
[0.143s] [ 70%] Built target robovision_interfaces__rosidl_typesupport_introspection_c
[0.144s] [ 79%] Built target robovision_interfaces__rosidl_typesupport_cpp
[0.160s] [ 79%] Built target robovision_interfaces
[0.178s] [ 81%] Built target robovision_interfaces__py
[0.197s] [ 88%] Built target robovision_interfaces__rosidl_generator_py
[0.216s] [ 92%] Built target robovision_interfaces_s__rosidl_typesupport_introspection_c
[0.217s] [ 96%] Built target robovision_interfaces_s__rosidl_typesupport_c
[0.217s] [100%] Built target robovision_interfaces_s__rosidl_typesupport_fastrtps_c
[0.265s] running egg_info
[0.276s] writing robovision_interfaces.egg-info/PKG-INFO
[0.276s] writing dependency_links to robovision_interfaces.egg-info/dependency_links.txt
[0.276s] writing top-level names to robovision_interfaces.egg-info/top_level.txt
[0.308s] reading manifest file 'robovision_interfaces.egg-info/SOURCES.txt'
[0.309s] writing manifest file 'robovision_interfaces.egg-info/SOURCES.txt'
[0.331s] [100%] Built target ament_cmake_python_build_robovision_interfaces_egg
[0.342s] Invoked command in '/home/ubuntu/ros2_ws/build/robovision_interfaces' returned '0': CMAKE_PREFIX_PATH=${CMAKE_PREFIX_PATH}:/home/ubuntu/ros2_ws/install/opencv_tests:/opt/ros/jazzy /usr/bin/cmake --build /home/ubuntu/ros2_ws/build/robovision_interfaces -- -j16 -l16
[0.343s] Invoking command in '/home/ubuntu/ros2_ws/build/robovision_interfaces': CMAKE_PREFIX_PATH=${CMAKE_PREFIX_PATH}:/home/ubuntu/ros2_ws/install/opencv_tests:/opt/ros/jazzy /usr/bin/cmake --install /home/ubuntu/ros2_ws/build/robovision_interfaces
[0.348s] -- Install configuration: ""
[0.349s] -- Up-to-date: /home/ubuntu/ros2_ws/install/robovision_interfaces/share/ament_index/resource_index/rosidl_interfaces/robovision_interfaces
[0.349s] -- Up-to-date: /home/ubuntu/ros2_ws/install/robovision_interfaces/share/robovision_interfaces/msg/ObjectCentroid.json
[0.349s] -- Up-to-date: /home/ubuntu/ros2_ws/install/robovision_interfaces/share/robovision_interfaces/msg/ObjectCentroids.json
[0.349s] -- Up-to-date: /home/ubuntu/ros2_ws/install/robovision_interfaces/share/robovision_interfaces/srv/GetPointCenter.json
[0.349s] -- Up-to-date: /home/ubuntu/ros2_ws/install/robovision_interfaces/include/robovision_interfaces/robovision_interfaces
[0.349s] -- Up-to-date: /home/ubuntu/ros2_ws/install/robovision_interfaces/include/robovision_interfaces/robovision_interfaces/msg
[0.349s] -- Up-to-date: /home/ubuntu/ros2_ws/install/robovision_interfaces/include/robovision_interfaces/robovision_interfaces/msg/object_centroid.h
[0.349s] -- Up-to-date: /home/ubuntu/ros2_ws/install/robovision_interfaces/include/robovision_interfaces/robovision_interfaces/msg/rosidl_generator_c__visibility_control.h
[0.349s] -- Up-to-date: /home/ubuntu/ros2_ws/install/robovision_interfaces/include/robovision_interfaces/robovision_interfaces/msg/object_centroids.h
[0.349s] -- Up-to-date: /home/ubuntu/ros2_ws/install/robovision_interfaces/include/robovision_interfaces/robovision_interfaces/msg/detail
[0.350s] -- Up-to-date: /home/ubuntu/ros2_ws/install/robovision_interfaces/include/robovision_interfaces/robovision_interfaces/msg/detail/object_centroids__type_support.h
[0.350s] -- Up-to-date: /home/ubuntu/ros2_ws/install/robovision_interfaces/include/robovision_interfaces/robovision_interfaces/msg/detail/object_centroids__struct.h
[0.350s] -- Up-to-date: /home/ubuntu/ros2_ws/install/robovision_interfaces/include/robovision_interfaces/robovision_interfaces/msg/detail/object_centroid__type_support.h
[0.350s] -- Up-to-date: /home/ubuntu/ros2_ws/install/robovision_interfaces/include/robovision_interfaces/robovision_interfaces/msg/detail/object_centroid__functions.h
[0.350s] -- Up-to-date: /home/ubuntu/ros2_ws/install/robovision_interfaces/include/robovision_interfaces/robovision_interfaces/msg/detail/object_centroids__description.c
[0.350s] -- Up-to-date: /home/ubuntu/ros2_ws/install/robovision_interfaces/include/robovision_interfaces/robovision_interfaces/msg/detail/object_centroid__functions.c
[0.350s] -- Up-to-date: /home/ubuntu/ros2_ws/install/robovision_interfaces/include/robovision_interfaces/robovision_interfaces/msg/detail/object_centroids__functions.c
[0.350s] -- Up-to-date: /home/ubuntu/ros2_ws/install/robovision_interfaces/include/robovision_interfaces/robovision_interfaces/msg/detail/object_centroid__type_support.c
[0.350s] -- Up-to-date: /home/ubuntu/ros2_ws/install/robovision_interfaces/include/robovision_interfaces/robovision_interfaces/msg/detail/object_centroid__struct.h
[0.350s] -- Up-to-date: /home/ubuntu/ros2_ws/install/robovision_interfaces/include/robovision_interfaces/robovision_interfaces/msg/detail/object_centroids__type_support.c
[0.350s] -- Up-to-date: /home/ubuntu/ros2_ws/install/robovision_interfaces/include/robovision_interfaces/robovision_interfaces/msg/detail/object_centroid__description.c
[0.350s] -- Up-to-date: /home/ubuntu/ros2_ws/install/robovision_interfaces/include/robovision_interfaces/robovision_interfaces/msg/detail/object_centroids__functions.h
[0.351s] -- Up-to-date: /home/ubuntu/ros2_ws/install/robovision_interfaces/include/robovision_interfaces/robovision_interfaces/srv
[0.351s] -- Up-to-date: /home/ubuntu/ros2_ws/install/robovision_interfaces/include/robovision_interfaces/robovision_interfaces/srv/get_point_center.h
[0.351s] -- Up-to-date: /home/ubuntu/ros2_ws/install/robovision_interfaces/include/robovision_interfaces/robovision_interfaces/srv/detail
[0.351s] -- Up-to-date: /home/ubuntu/ros2_ws/install/robovision_interfaces/include/robovision_interfaces/robovision_interfaces/srv/detail/get_point_center__type_support.c
[0.351s] -- Up-to-date: /home/ubuntu/ros2_ws/install/robovision_interfaces/include/robovision_interfaces/robovision_interfaces/srv/detail/get_point_center__functions.c
[0.351s] -- Up-to-date: /home/ubuntu/ros2_ws/install/robovision_interfaces/include/robovision_interfaces/robovision_interfaces/srv/detail/get_point_center__struct.h
[0.351s] -- Up-to-date: /home/ubuntu/ros2_ws/install/robovision_interfaces/include/robovision_interfaces/robovision_interfaces/srv/detail/get_point_center__description.c
[0.351s] -- Up-to-date: /home/ubuntu/ros2_ws/install/robovision_interfaces/include/robovision_interfaces/robovision_interfaces/srv/detail/get_point_center__functions.h
[0.351s] -- Up-to-date: /home/ubuntu/ros2_ws/install/robovision_interfaces/include/robovision_interfaces/robovision_interfaces/srv/detail/get_point_center__type_support.h
[0.351s] -- Up-to-date: /home/ubuntu/ros2_ws/install/robovision_interfaces/share/robovision_interfaces/environment/library_path.sh
[0.351s] -- Up-to-date: /home/ubuntu/ros2_ws/install/robovision_interfaces/share/robovision_interfaces/environment/library_path.dsv
[0.351s] -- Up-to-date: /home/ubuntu/ros2_ws/install/robovision_interfaces/lib/librobovision_interfaces__rosidl_generator_c.so
[0.351s] -- Up-to-date: /home/ubuntu/ros2_ws/install/robovision_interfaces/include/robovision_interfaces/robovision_interfaces
[0.351s] -- Up-to-date: /home/ubuntu/ros2_ws/install/robovision_interfaces/include/robovision_interfaces/robovision_interfaces/msg
[0.352s] -- Up-to-date: /home/ubuntu/ros2_ws/install/robovision_interfaces/include/robovision_interfaces/robovision_interfaces/msg/rosidl_typesupport_fastrtps_c__visibility_control.h
[0.352s] -- Up-to-date: /home/ubuntu/ros2_ws/install/robovision_interfaces/include/robovision_interfaces/robovision_interfaces/msg/detail
[0.352s] -- Up-to-date: /home/ubuntu/ros2_ws/install/robovision_interfaces/include/robovision_interfaces/robovision_interfaces/msg/detail/object_centroid__rosidl_typesupport_fastrtps_c.h
[0.352s] -- Up-to-date: /home/ubuntu/ros2_ws/install/robovision_interfaces/include/robovision_interfaces/robovision_interfaces/msg/detail/object_centroids__rosidl_typesupport_fastrtps_c.h
[0.352s] -- Up-to-date: /home/ubuntu/ros2_ws/install/robovision_interfaces/include/robovision_interfaces/robovision_interfaces/srv
[0.352s] -- Up-to-date: /home/ubuntu/ros2_ws/install/robovision_interfaces/include/robovision_interfaces/robovision_interfaces/srv/detail
[0.352s] -- Up-to-date: /home/ubuntu/ros2_ws/install/robovision_interfaces/include/robovision_interfaces/robovision_interfaces/srv/detail/get_point_center__rosidl_typesupport_fastrtps_c.h
[0.352s] -- Up-to-date: /home/ubuntu/ros2_ws/install/robovision_interfaces/lib/librobovision_interfaces__rosidl_typesupport_fastrtps_c.so
[0.353s] -- Up-to-date: /home/ubuntu/ros2_ws/install/robovision_interfaces/include/robovision_interfaces/robovision_interfaces
[0.353s] -- Up-to-date: /home/ubuntu/ros2_ws/install/robovision_interfaces/include/robovision_interfaces/robovision_interfaces/msg
[0.353s] -- Up-to-date: /home/ubuntu/ros2_ws/install/robovision_interfaces/include/robovision_interfaces/robovision_interfaces/msg/rosidl_typesupport_introspection_c__visibility_control.h
[0.353s] -- Up-to-date: /home/ubuntu/ros2_ws/install/robovision_interfaces/include/robovision_interfaces/robovision_interfaces/msg/detail
[0.353s] -- Up-to-date: /home/ubuntu/ros2_ws/install/robovision_interfaces/include/robovision_interfaces/robovision_interfaces/msg/detail/object_centroids__rosidl_typesupport_introspection_c.h
[0.353s] -- Up-to-date: /home/ubuntu/ros2_ws/install/robovision_interfaces/include/robovision_interfaces/robovision_interfaces/msg/detail/object_centroid__rosidl_typesupport_introspection_c.h
[0.353s] -- Up-to-date: /home/ubuntu/ros2_ws/install/robovision_interfaces/include/robovision_interfaces/robovision_interfaces/msg/detail/object_centroid__type_support.c
[0.354s] -- Up-to-date: /home/ubuntu/ros2_ws/install/robovision_interfaces/include/robovision_interfaces/robovision_interfaces/msg/detail/object_centroids__type_support.c
[0.354s] -- Up-to-date: /home/ubuntu/ros2_ws/install/robovision_interfaces/include/robovision_interfaces/robovision_interfaces/srv
[0.354s] -- Up-to-date: /home/ubuntu/ros2_ws/install/robovision_interfaces/include/robovision_interfaces/robovision_interfaces/srv/detail
[0.354s] -- Up-to-date: /home/ubuntu/ros2_ws/install/robovision_interfaces/include/robovision_interfaces/robovision_interfaces/srv/detail/get_point_center__rosidl_typesupport_introspection_c.h
[0.354s] -- Up-to-date: /home/ubuntu/ros2_ws/install/robovision_interfaces/include/robovision_interfaces/robovision_interfaces/srv/detail/get_point_center__type_support.c
[0.354s] -- Up-to-date: /home/ubuntu/ros2_ws/install/robovision_interfaces/lib/librobovision_interfaces__rosidl_typesupport_introspection_c.so
[0.355s] -- Up-to-date: /home/ubuntu/ros2_ws/install/robovision_interfaces/lib/librobovision_interfaces__rosidl_typesupport_c.so
[0.355s] -- Up-to-date: /home/ubuntu/ros2_ws/install/robovision_interfaces/include/robovision_interfaces/robovision_interfaces
[0.355s] -- Up-to-date: /home/ubuntu/ros2_ws/install/robovision_interfaces/include/robovision_interfaces/robovision_interfaces/msg
[0.355s] -- Up-to-date: /home/ubuntu/ros2_ws/install/robovision_interfaces/include/robovision_interfaces/robovision_interfaces/msg/object_centroid.hpp
[0.355s] -- Up-to-date: /home/ubuntu/ros2_ws/install/robovision_interfaces/include/robovision_interfaces/robovision_interfaces/msg/object_centroids.hpp
[0.355s] -- Up-to-date: /home/ubuntu/ros2_ws/install/robovision_interfaces/include/robovision_interfaces/robovision_interfaces/msg/rosidl_generator_cpp__visibility_control.hpp
[0.356s] -- Up-to-date: /home/ubuntu/ros2_ws/install/robovision_interfaces/include/robovision_interfaces/robovision_interfaces/msg/detail
[0.356s] -- Up-to-date: /home/ubuntu/ros2_ws/install/robovision_interfaces/include/robovision_interfaces/robovision_interfaces/msg/detail/object_centroids__builder.hpp
[0.356s] -- Up-to-date: /home/ubuntu/ros2_ws/install/robovision_interfaces/include/robovision_interfaces/robovision_interfaces/msg/detail/object_centroid__traits.hpp
[0.356s] -- Up-to-date: /home/ubuntu/ros2_ws/install/robovision_interfaces/include/robovision_interfaces/robovision_interfaces/msg/detail/object_centroid__struct.hpp
[0.356s] -- Up-to-date: /home/ubuntu/ros2_ws/install/robovision_interfaces/include/robovision_interfaces/robovision_interfaces/msg/detail/object_centroids__type_support.hpp
[0.356s] -- Up-to-date: /home/ubuntu/ros2_ws/install/robovision_interfaces/include/robovision_interfaces/robovision_interfaces/msg/detail/object_centroids__traits.hpp
[0.356s] -- Up-to-date: /home/ubuntu/ros2_ws/install/robovision_interfaces/include/robovision_interfaces/robovision_interfaces/msg/detail/object_centroids__struct.hpp
[0.356s] -- Up-to-date: /home/ubuntu/ros2_ws/install/robovision_interfaces/include/robovision_interfaces/robovision_interfaces/msg/detail/object_centroid__builder.hpp
[0.356s] -- Up-to-date: /home/ubuntu/ros2_ws/install/robovision_interfaces/include/robovision_interfaces/robovision_interfaces/msg/detail/object_centroid__type_support.hpp
[0.356s] -- Up-to-date: /home/ubuntu/ros2_ws/install/robovision_interfaces/include/robovision_interfaces/robovision_interfaces/srv
[0.357s] -- Up-to-date: /home/ubuntu/ros2_ws/install/robovision_interfaces/include/robovision_interfaces/robovision_interfaces/srv/get_point_center.hpp
[0.357s] -- Up-to-date: /home/ubuntu/ros2_ws/install/robovision_interfaces/include/robovision_interfaces/robovision_interfaces/srv/detail
[0.357s] -- Up-to-date: /home/ubuntu/ros2_ws/install/robovision_interfaces/include/robovision_interfaces/robovision_interfaces/srv/detail/get_point_center__struct.hpp
[0.357s] -- Up-to-date: /home/ubuntu/ros2_ws/install/robovision_interfaces/include/robovision_interfaces/robovision_interfaces/srv/detail/get_point_center__type_support.hpp
[0.357s] -- Up-to-date: /home/ubuntu/ros2_ws/install/robovision_interfaces/include/robovision_interfaces/robovision_interfaces/srv/detail/get_point_center__builder.hpp
[0.357s] -- Up-to-date: /home/ubuntu/ros2_ws/install/robovision_interfaces/include/robovision_interfaces/robovision_interfaces/srv/detail/get_point_center__traits.hpp
[0.357s] -- Up-to-date: /home/ubuntu/ros2_ws/install/robovision_interfaces/include/robovision_interfaces/robovision_interfaces
[0.357s] -- Up-to-date: /home/ubuntu/ros2_ws/install/robovision_interfaces/include/robovision_interfaces/robovision_interfaces/msg
[0.357s] -- Up-to-date: /home/ubuntu/ros2_ws/install/robovision_interfaces/include/robovision_interfaces/robovision_interfaces/msg/rosidl_typesupport_fastrtps_cpp__visibility_control.h
[0.357s] -- Up-to-date: /home/ubuntu/ros2_ws/install/robovision_interfaces/include/robovision_interfaces/robovision_interfaces/msg/detail
[0.357s] -- Up-to-date: /home/ubuntu/ros2_ws/install/robovision_interfaces/include/robovision_interfaces/robovision_interfaces/msg/detail/object_centroids__rosidl_typesupport_fastrtps_cpp.hpp
[0.357s] -- Up-to-date: /home/ubuntu/ros2_ws/install/robovision_interfaces/include/robovision_interfaces/robovision_interfaces/msg/detail/object_centroid__rosidl_typesupport_fastrtps_cpp.hpp
[0.358s] -- Up-to-date: /home/ubuntu/ros2_ws/install/robovision_interfaces/include/robovision_interfaces/robovision_interfaces/msg/detail/dds_fastrtps
[0.358s] -- Up-to-date: /home/ubuntu/ros2_ws/install/robovision_interfaces/include/robovision_interfaces/robovision_interfaces/srv
[0.358s] -- Up-to-date: /home/ubuntu/ros2_ws/install/robovision_interfaces/include/robovision_interfaces/robovision_interfaces/srv/detail
[0.358s] -- Up-to-date: /home/ubuntu/ros2_ws/install/robovision_interfaces/include/robovision_interfaces/robovision_interfaces/srv/detail/get_point_center__rosidl_typesupport_fastrtps_cpp.hpp
[0.358s] -- Up-to-date: /home/ubuntu/ros2_ws/install/robovision_interfaces/include/robovision_interfaces/robovision_interfaces/srv/detail/dds_fastrtps
[0.358s] -- Up-to-date: /home/ubuntu/ros2_ws/install/robovision_interfaces/lib/librobovision_interfaces__rosidl_typesupport_fastrtps_cpp.so
[0.358s] -- Up-to-date: /home/ubuntu/ros2_ws/install/robovision_interfaces/include/robovision_interfaces/robovision_interfaces
[0.359s] -- Up-to-date: /home/ubuntu/ros2_ws/install/robovision_interfaces/include/robovision_interfaces/robovision_interfaces/msg
[0.359s] -- Up-to-date: /home/ubuntu/ros2_ws/install/robovision_interfaces/include/robovision_interfaces/robovision_interfaces/msg/detail
[0.359s] -- Up-to-date: /home/ubuntu/ros2_ws/install/robovision_interfaces/include/robovision_interfaces/robovision_interfaces/msg/detail/object_centroid__type_support.cpp
[0.359s] -- Up-to-date: /home/ubuntu/ros2_ws/install/robovision_interfaces/include/robovision_interfaces/robovision_interfaces/msg/detail/object_centroids__rosidl_typesupport_introspection_cpp.hpp
[0.359s] -- Up-to-date: /home/ubuntu/ros2_ws/install/robovision_interfaces/include/robovision_interfaces/robovision_interfaces/msg/detail/object_centroid__rosidl_typesupport_introspection_cpp.hpp
[0.359s] -- Up-to-date: /home/ubuntu/ros2_ws/install/robovision_interfaces/include/robovision_interfaces/robovision_interfaces/msg/detail/object_centroids__type_support.cpp
[0.359s] -- Up-to-date: /home/ubuntu/ros2_ws/install/robovision_interfaces/include/robovision_interfaces/robovision_interfaces/srv
[0.360s] -- Up-to-date: /home/ubuntu/ros2_ws/install/robovision_interfaces/include/robovision_interfaces/robovision_interfaces/srv/detail
[0.360s] -- Up-to-date: /home/ubuntu/ros2_ws/install/robovision_interfaces/include/robovision_interfaces/robovision_interfaces/srv/detail/get_point_center__type_support.cpp
[0.360s] -- Up-to-date: /home/ubuntu/ros2_ws/install/robovision_interfaces/include/robovision_interfaces/robovision_interfaces/srv/detail/get_point_center__rosidl_typesupport_introspection_cpp.hpp
[0.360s] -- Up-to-date: /home/ubuntu/ros2_ws/install/robovision_interfaces/lib/librobovision_interfaces__rosidl_typesupport_introspection_cpp.so
[0.361s] -- Up-to-date: /home/ubuntu/ros2_ws/install/robovision_interfaces/lib/librobovision_interfaces__rosidl_typesupport_cpp.so
[0.361s] -- Up-to-date: /home/ubuntu/ros2_ws/install/robovision_interfaces/share/robovision_interfaces/environment/pythonpath.sh
[0.361s] -- Up-to-date: /home/ubuntu/ros2_ws/install/robovision_interfaces/share/robovision_interfaces/environment/pythonpath.dsv
[0.361s] -- Up-to-date: /home/ubuntu/ros2_ws/install/robovision_interfaces/lib/python3.12/site-packages/robovision_interfaces-0.0.0-py3.12.egg-info
[0.361s] -- Installing: /home/ubuntu/ros2_ws/install/robovision_interfaces/lib/python3.12/site-packages/robovision_interfaces-0.0.0-py3.12.egg-info/top_level.txt
[0.361s] -- Installing: /home/ubuntu/ros2_ws/install/robovision_interfaces/lib/python3.12/site-packages/robovision_interfaces-0.0.0-py3.12.egg-info/dependency_links.txt
[0.361s] -- Installing: /home/ubuntu/ros2_ws/install/robovision_interfaces/lib/python3.12/site-packages/robovision_interfaces-0.0.0-py3.12.egg-info/PKG-INFO
[0.362s] -- Installing: /home/ubuntu/ros2_ws/install/robovision_interfaces/lib/python3.12/site-packages/robovision_interfaces-0.0.0-py3.12.egg-info/SOURCES.txt
[0.362s] -- Up-to-date: /home/ubuntu/ros2_ws/install/robovision_interfaces/lib/python3.12/site-packages/robovision_interfaces
[0.362s] -- Up-to-date: /home/ubuntu/ros2_ws/install/robovision_interfaces/lib/python3.12/site-packages/robovision_interfaces/msg
[0.362s] -- Up-to-date: /home/ubuntu/ros2_ws/install/robovision_interfaces/lib/python3.12/site-packages/robovision_interfaces/msg/_object_centroids_s.c
[0.362s] -- Up-to-date: /home/ubuntu/ros2_ws/install/robovision_interfaces/lib/python3.12/site-packages/robovision_interfaces/msg/_object_centroid_s.c
[0.362s] -- Up-to-date: /home/ubuntu/ros2_ws/install/robovision_interfaces/lib/python3.12/site-packages/robovision_interfaces/msg/_object_centroids.py
[0.362s] -- Up-to-date: /home/ubuntu/ros2_ws/install/robovision_interfaces/lib/python3.12/site-packages/robovision_interfaces/msg/_object_centroid.py
[0.362s] -- Up-to-date: /home/ubuntu/ros2_ws/install/robovision_interfaces/lib/python3.12/site-packages/robovision_interfaces/msg/__init__.py
[0.362s] -- Up-to-date: /home/ubuntu/ros2_ws/install/robovision_interfaces/lib/python3.12/site-packages/robovision_interfaces/robovision_interfaces_s__rosidl_typesupport_introspection_c.so
[0.362s] -- Up-to-date: /home/ubuntu/ros2_ws/install/robovision_interfaces/lib/python3.12/site-packages/robovision_interfaces/srv
[0.362s] -- Up-to-date: /home/ubuntu/ros2_ws/install/robovision_interfaces/lib/python3.12/site-packages/robovision_interfaces/srv/_get_point_center_s.c
[0.362s] -- Up-to-date: /home/ubuntu/ros2_ws/install/robovision_interfaces/lib/python3.12/site-packages/robovision_interfaces/srv/_get_point_center.py
[0.362s] -- Up-to-date: /home/ubuntu/ros2_ws/install/robovision_interfaces/lib/python3.12/site-packages/robovision_interfaces/srv/__init__.py
[0.362s] -- Up-to-date: /home/ubuntu/ros2_ws/install/robovision_interfaces/lib/python3.12/site-packages/robovision_interfaces/robovision_interfaces_s__rosidl_typesupport_fastrtps_c.so
[0.362s] -- Up-to-date: /home/ubuntu/ros2_ws/install/robovision_interfaces/lib/python3.12/site-packages/robovision_interfaces/_robovision_interfaces_s.ep.rosidl_typesupport_introspection_c.c
[0.362s] -- Up-to-date: /home/ubuntu/ros2_ws/install/robovision_interfaces/lib/python3.12/site-packages/robovision_interfaces/robovision_interfaces_s__rosidl_typesupport_c.so
[0.362s] -- Up-to-date: /home/ubuntu/ros2_ws/install/robovision_interfaces/lib/python3.12/site-packages/robovision_interfaces/_robovision_interfaces_s.ep.rosidl_typesupport_fastrtps_c.c
[0.362s] -- Up-to-date: /home/ubuntu/ros2_ws/install/robovision_interfaces/lib/python3.12/site-packages/robovision_interfaces/_robovision_interfaces_s.ep.rosidl_typesupport_c.c
[0.362s] -- Up-to-date: /home/ubuntu/ros2_ws/install/robovision_interfaces/lib/python3.12/site-packages/robovision_interfaces/__init__.py
[0.388s] Listing '/home/ubuntu/ros2_ws/install/robovision_interfaces/lib/python3.12/site-packages/robovision_interfaces'...
[0.388s] Listing '/home/ubuntu/ros2_ws/install/robovision_interfaces/lib/python3.12/site-packages/robovision_interfaces/msg'...
[0.388s] Listing '/home/ubuntu/ros2_ws/install/robovision_interfaces/lib/python3.12/site-packages/robovision_interfaces/srv'...
[0.391s] -- Up-to-date: /home/ubuntu/ros2_ws/install/robovision_interfaces/lib/python3.12/site-packages/robovision_interfaces/robovision_interfaces_s__rosidl_typesupport_fastrtps_c.so
[0.392s] -- Up-to-date: /home/ubuntu/ros2_ws/install/robovision_interfaces/lib/python3.12/site-packages/robovision_interfaces/robovision_interfaces_s__rosidl_typesupport_introspection_c.so
[0.392s] -- Up-to-date: /home/ubuntu/ros2_ws/install/robovision_interfaces/lib/python3.12/site-packages/robovision_interfaces/robovision_interfaces_s__rosidl_typesupport_c.so
[0.393s] -- Up-to-date: /home/ubuntu/ros2_ws/install/robovision_interfaces/lib/librobovision_interfaces__rosidl_generator_py.so
[0.393s] -- Up-to-date: /home/ubuntu/ros2_ws/install/robovision_interfaces/share/robovision_interfaces/msg/ObjectCentroid.idl
[0.393s] -- Up-to-date: /home/ubuntu/ros2_ws/install/robovision_interfaces/share/robovision_interfaces/msg/ObjectCentroids.idl
[0.393s] -- Up-to-date: /home/ubuntu/ros2_ws/install/robovision_interfaces/share/robovision_interfaces/srv/GetPointCenter.idl
[0.393s] -- Up-to-date: /home/ubuntu/ros2_ws/install/robovision_interfaces/share/robovision_interfaces/msg/ObjectCentroid.msg
[0.393s] -- Up-to-date: /home/ubuntu/ros2_ws/install/robovision_interfaces/share/robovision_interfaces/msg/ObjectCentroids.msg
[0.394s] -- Up-to-date: /home/ubuntu/ros2_ws/install/robovision_interfaces/share/robovision_interfaces/srv/GetPointCenter.srv
[0.394s] -- Up-to-date: /home/ubuntu/ros2_ws/install/robovision_interfaces/share/ament_index/resource_index/package_run_dependencies/robovision_interfaces
[0.394s] -- Up-to-date: /home/ubuntu/ros2_ws/install/robovision_interfaces/share/ament_index/resource_index/parent_prefix_path/robovision_interfaces
[0.394s] -- Up-to-date: /home/ubuntu/ros2_ws/install/robovision_interfaces/share/robovision_interfaces/environment/ament_prefix_path.sh
[0.395s] -- Up-to-date: /home/ubuntu/ros2_ws/install/robovision_interfaces/share/robovision_interfaces/environment/ament_prefix_path.dsv
[0.395s] -- Up-to-date: /home/ubuntu/ros2_ws/install/robovision_interfaces/share/robovision_interfaces/environment/path.sh
[0.395s] -- Up-to-date: /home/ubuntu/ros2_ws/install/robovision_interfaces/share/robovision_interfaces/environment/path.dsv
[0.395s] -- Up-to-date: /home/ubuntu/ros2_ws/install/robovision_interfaces/share/robovision_interfaces/local_setup.bash
[0.395s] -- Up-to-date: /home/ubuntu/ros2_ws/install/robovision_interfaces/share/robovision_interfaces/local_setup.sh
[0.395s] -- Up-to-date: /home/ubuntu/ros2_ws/install/robovision_interfaces/share/robovision_interfaces/local_setup.zsh
[0.395s] -- Up-to-date: /home/ubuntu/ros2_ws/install/robovision_interfaces/share/robovision_interfaces/local_setup.dsv
[0.395s] -- Installing: /home/ubuntu/ros2_ws/install/robovision_interfaces/share/robovision_interfaces/package.dsv
[0.395s] -- Up-to-date: /home/ubuntu/ros2_ws/install/robovision_interfaces/share/ament_index/resource_index/packages/robovision_interfaces
[0.395s] -- Up-to-date: /home/ubuntu/ros2_ws/install/robovision_interfaces/share/robovision_interfaces/cmake/export_robovision_interfaces__rosidl_generator_cExport.cmake
[0.396s] -- Up-to-date: /home/ubuntu/ros2_ws/install/robovision_interfaces/share/robovision_interfaces/cmake/export_robovision_interfaces__rosidl_generator_cExport-noconfig.cmake
[0.396s] -- Up-to-date: /home/ubuntu/ros2_ws/install/robovision_interfaces/share/robovision_interfaces/cmake/export_robovision_interfaces__rosidl_typesupport_fastrtps_cExport.cmake
[0.396s] -- Up-to-date: /home/ubuntu/ros2_ws/install/robovision_interfaces/share/robovision_interfaces/cmake/export_robovision_interfaces__rosidl_typesupport_fastrtps_cExport-noconfig.cmake
[0.396s] -- Up-to-date: /home/ubuntu/ros2_ws/install/robovision_interfaces/share/robovision_interfaces/cmake/robovision_interfaces__rosidl_typesupport_introspection_cExport.cmake
[0.396s] -- Up-to-date: /home/ubuntu/ros2_ws/install/robovision_interfaces/share/robovision_interfaces/cmake/robovision_interfaces__rosidl_typesupport_introspection_cExport-noconfig.cmake
[0.396s] -- Up-to-date: /home/ubuntu/ros2_ws/install/robovision_interfaces/share/robovision_interfaces/cmake/robovision_interfaces__rosidl_typesupport_cExport.cmake
[0.397s] -- Up-to-date: /home/ubuntu/ros2_ws/install/robovision_interfaces/share/robovision_interfaces/cmake/robovision_interfaces__rosidl_typesupport_cExport-noconfig.cmake
[0.397s] -- Up-to-date: /home/ubuntu/ros2_ws/install/robovision_interfaces/share/robovision_interfaces/cmake/export_robovision_interfaces__rosidl_generator_cppExport.cmake
[0.397s] -- Up-to-date: /home/ubuntu/ros2_ws/install/robovision_interfaces/share/robovision_interfaces/cmake/export_robovision_interfaces__rosidl_typesupport_fastrtps_cppExport.cmake
[0.397s] -- Up-to-date: /home/ubuntu/ros2_ws/install/robovision_interfaces/share/robovision_interfaces/cmake/export_robovision_interfaces__rosidl_typesupport_fastrtps_cppExport-noconfig.cmake
[0.397s] -- Up-to-date: /home/ubuntu/ros2_ws/install/robovision_interfaces/share/robovision_interfaces/cmake/robovision_interfaces__rosidl_typesupport_introspection_cppExport.cmake
[0.397s] -- Up-to-date: /home/ubuntu/ros2_ws/install/robovision_interfaces/share/robovision_interfaces/cmake/robovision_interfaces__rosidl_typesupport_introspection_cppExport-noconfig.cmake
[0.397s] -- Up-to-date: /home/ubuntu/ros2_ws/install/robovision_interfaces/share/robovision_interfaces/cmake/robovision_interfaces__rosidl_typesupport_cppExport.cmake
[0.397s] -- Up-to-date: /home/ubuntu/ros2_ws/install/robovision_interfaces/share/robovision_interfaces/cmake/robovision_interfaces__rosidl_typesupport_cppExport-noconfig.cmake
[0.398s] -- Up-to-date: /home/ubuntu/ros2_ws/install/robovision_interfaces/share/robovision_interfaces/cmake/export_robovision_interfaces__rosidl_generator_pyExport.cmake
[0.398s] -- Up-to-date: /home/ubuntu/ros2_ws/install/robovision_interfaces/share/robovision_interfaces/cmake/export_robovision_interfaces__rosidl_generator_pyExport-noconfig.cmake
[0.398s] -- Up-to-date: /home/ubuntu/ros2_ws/install/robovision_interfaces/share/robovision_interfaces/cmake/rosidl_cmake-extras.cmake
[0.398s] -- Up-to-date: /home/ubuntu/ros2_ws/install/robovision_interfaces/share/robovision_interfaces/cmake/ament_cmake_export_dependencies-extras.cmake
[0.398s] -- Up-to-date: /home/ubuntu/ros2_ws/install/robovision_interfaces/share/robovision_interfaces/cmake/ament_cmake_export_include_directories-extras.cmake
[0.398s] -- Up-to-date: /home/ubuntu/ros2_ws/install/robovision_interfaces/share/robovision_interfaces/cmake/ament_cmake_export_libraries-extras.cmake
[0.398s] -- Up-to-date: /home/ubuntu/ros2_ws/install/robovision_interfaces/share/robovision_interfaces/cmake/ament_cmake_export_targets-extras.cmake
[0.398s] -- Up-to-date: /home/ubuntu/ros2_ws/install/robovision_interfaces/share/robovision_interfaces/cmake/rosidl_cmake_export_typesupport_targets-extras.cmake
[0.398s] -- Up-to-date: /home/ubuntu/ros2_ws/install/robovision_interfaces/share/robovision_interfaces/cmake/rosidl_cmake_export_typesupport_libraries-extras.cmake
[0.398s] -- Up-to-date: /home/ubuntu/ros2_ws/install/robovision_interfaces/share/robovision_interfaces/cmake/robovision_interfacesConfig.cmake
[0.399s] -- Up-to-date: /home/ubuntu/ros2_ws/install/robovision_interfaces/share/robovision_interfaces/cmake/robovision_interfacesConfig-version.cmake
[0.399s] -- Up-to-date: /home/ubuntu/ros2_ws/install/robovision_interfaces/share/robovision_interfaces/package.xml
[0.412s] Invoked command in '/home/ubuntu/ros2_ws/build/robovision_interfaces' returned '0': CMAKE_PREFIX_PATH=${CMAKE_PREFIX_PATH}:/home/ubuntu/ros2_ws/install/opencv_tests:/opt/ros/jazzy /usr/bin/cmake --install /home/ubuntu/ros2_ws/build/robovision_interfaces
