[0.007s] Invoking command in '/home/ubuntu/ros2_openni_ws/build/openni2_camera': CMAKE_PREFIX_PATH=${CMAKE_PREFIX_PATH}:/home/ubuntu/ros2_ws/install/opencv_tests:/opt/ros/jazzy /usr/bin/cmake /home/ubuntu/ros2_openni_ws/src/openni2_camera -DCMAKE_INSTALL_PREFIX=/home/ubuntu/ros2_openni_ws/install/openni2_camera
[0.096s] -- The C compiler identification is GNU 13.3.0
[0.896s] -- The CXX compiler identification is GNU 13.3.0
[2.439s] -- Detecting C compiler ABI info
[2.832s] -- Detecting C compiler ABI info - done
[2.837s] -- Check for working C compiler: /usr/bin/cc - skipped
[2.837s] -- Detecting C compile features
[2.838s] -- Detecting C compile features - done
[3.042s] -- Detecting CXX compiler ABI info
[3.424s] -- Detecting CXX compiler ABI info - done
[3.429s] -- Check for working CXX compiler: /usr/bin/c++ - skipped
[3.429s] -- Detecting CXX compile features
[3.429s] -- Detecting CXX compile features - done
[3.432s] -- Found ament_cmake: 2.5.4 (/opt/ros/jazzy/share/ament_cmake/cmake)
[3.538s] -- Found Python3: /usr/bin/python3 (found version "3.12.3") found components: Interpreter 
[3.619s] -- Found builtin_interfaces: 2.0.2 (/opt/ros/jazzy/share/builtin_interfaces/cmake)
[3.927s] -- Found rosidl_generator_c: 4.6.5 (/opt/ros/jazzy/share/rosidl_generator_c/cmake)
[3.935s] -- Found rosidl_generator_cpp: 4.6.5 (/opt/ros/jazzy/share/rosidl_generator_cpp/cmake)
[3.946s] -- Using all available rosidl_typesupport_c: rosidl_typesupport_fastrtps_c;rosidl_typesupport_introspection_c
[3.957s] -- Using all available rosidl_typesupport_cpp: rosidl_typesupport_fastrtps_cpp;rosidl_typesupport_introspection_cpp
[3.967s] -- Found camera_info_manager: 5.1.6 (/opt/ros/jazzy/share/camera_info_manager/cmake)
[4.010s] -- Found rmw_implementation_cmake: 7.3.2 (/opt/ros/jazzy/share/rmw_implementation_cmake/cmake)
[4.012s] -- Found rmw_fastrtps_cpp: 8.4.2 (/opt/ros/jazzy/share/rmw_fastrtps_cpp/cmake)
[4.062s] -- Found OpenSSL: /usr/lib/x86_64-linux-gnu/libcrypto.so (found version "3.0.13")  
[4.357s] -- Found FastRTPS: /opt/ros/jazzy/include (Required is at least version "2.13") 
[4.446s] -- Using RMW implementation 'rmw_fastrtps_cpp' as default
[4.875s] -- Setting yaml-cpp_DIR to: '/opt/ros/jazzy/share/yaml_cpp_vendor/cmake/../../../opt/yaml_cpp_vendor/share/cmake/yaml-cpp'
[4.903s] -- Found image_transport: 5.1.6 (/opt/ros/jazzy/share/image_transport/cmake)
[4.919s] -- Found rclcpp_components: 28.1.9 (/opt/ros/jazzy/share/rclcpp_components/cmake)
[4.941s] -- Found rosidl_default_generators: 1.6.0 (/opt/ros/jazzy/share/rosidl_default_generators/cmake)
[4.950s] -- Found rosidl_adapter: 4.6.5 (/opt/ros/jazzy/share/rosidl_adapter/cmake)
[4.954s] -- Found PkgConfig: /usr/bin/pkg-config (found version "1.8.1") 
[4.955s] -- Checking for module 'libopenni2'
[4.964s] --   Found libopenni2, version 2.2.0.3
[5.419s] -- Found ament_cmake_ros: 0.12.0 (/opt/ros/jazzy/share/ament_cmake_ros/cmake)
[5.883s] -- Using all available rosidl_typesupport_c: rosidl_typesupport_fastrtps_c;rosidl_typesupport_introspection_c
[6.064s] -- Using all available rosidl_typesupport_cpp: rosidl_typesupport_fastrtps_cpp;rosidl_typesupport_introspection_cpp
[6.066s] -- Found python_cmake_module: 0.11.1 (/opt/ros/jazzy/share/python_cmake_module/cmake)
[6.155s] -- Found PythonExtra: /usr/bin/python3  
[6.439s] -- Found Python3: /usr/bin/python3 (found version "3.12.3") found components: Interpreter Development NumPy Development.Module Development.Embed 
[6.466s] -- Configuring done (6.5s)
[6.505s] -- Generating done (0.0s)
[6.518s] -- Build files have been written to: /home/ubuntu/ros2_openni_ws/build/openni2_camera
[6.527s] Invoked command in '/home/ubuntu/ros2_openni_ws/build/openni2_camera' returned '0': CMAKE_PREFIX_PATH=${CMAKE_PREFIX_PATH}:/home/ubuntu/ros2_ws/install/opencv_tests:/opt/ros/jazzy /usr/bin/cmake /home/ubuntu/ros2_openni_ws/src/openni2_camera -DCMAKE_INSTALL_PREFIX=/home/ubuntu/ros2_openni_ws/install/openni2_camera
[6.528s] Invoking command in '/home/ubuntu/ros2_openni_ws/build/openni2_camera': CMAKE_PREFIX_PATH=${CMAKE_PREFIX_PATH}:/home/ubuntu/ros2_ws/install/opencv_tests:/opt/ros/jazzy /usr/bin/cmake --build /home/ubuntu/ros2_openni_ws/build/openni2_camera -- -j16 -l16
[6.564s] [  1%] [32mBuilding CXX object CMakeFiles/openni2_wrapper.dir/src/openni2_convert.cpp.o[0m
[6.564s] [  3%] [32mBuilding CXX object CMakeFiles/openni2_wrapper.dir/src/openni2_device.cpp.o[0m
[6.565s] [  5%] [34m[1mGenerating type hashes for ROS interfaces[0m
[6.565s] [  7%] [32mBuilding CXX object CMakeFiles/openni2_wrapper.dir/src/openni2_device_info.cpp.o[0m
[6.566s] [  9%] [32mBuilding CXX object CMakeFiles/openni2_wrapper.dir/src/openni2_device_manager.cpp.o[0m
[6.567s] [ 11%] [32mBuilding CXX object CMakeFiles/openni2_wrapper.dir/src/openni2_frame_listener.cpp.o[0m
[6.567s] [ 13%] [32mBuilding CXX object CMakeFiles/openni2_wrapper.dir/src/openni2_video_mode.cpp.o[0m
[6.567s] [ 15%] [32mBuilding CXX object CMakeFiles/openni2_camera_driver.dir/rclcpp_components/node_main_openni2_camera_driver.cpp.o[0m
[6.567s] [ 16%] [32mBuilding CXX object CMakeFiles/openni2_wrapper.dir/src/openni2_timer_filter.cpp.o[0m
[6.567s] [ 18%] [32mBuilding C object CMakeFiles/usb_reset.dir/src/usb_reset.c.o[0m
[6.569s] [ 20%] [32mBuilding CXX object CMakeFiles/openni2_wrapper.dir/src/openni2_exception.cpp.o[0m
[6.569s] [ 20%] Built target ament_cmake_python_copy_openni2_camera
[6.597s] [ 22%] [32m[1mLinking C executable usb_reset[0m
[6.735s] [ 22%] Built target usb_reset
[6.763s] [ 22%] Built target openni2_camera__rosidl_generator_type_description
[6.773s] [ 24%] [34m[1mGenerating C code for ROS interfaces[0m
[6.791s] [ 26%] [34m[1mGenerating C++ code for ROS interfaces[0m
[6.803s] running egg_info
[6.804s] creating openni2_camera.egg-info
[6.821s] writing openni2_camera.egg-info/PKG-INFO
[6.821s] writing dependency_links to openni2_camera.egg-info/dependency_links.txt
[6.821s] writing top-level names to openni2_camera.egg-info/top_level.txt
[6.822s] writing manifest file 'openni2_camera.egg-info/SOURCES.txt'
[6.874s] reading manifest file 'openni2_camera.egg-info/SOURCES.txt'
[6.875s] writing manifest file 'openni2_camera.egg-info/SOURCES.txt'
[6.896s] [ 26%] Built target ament_cmake_python_build_openni2_camera_egg
[7.017s] [ 26%] Built target openni2_camera__cpp
[7.024s] [ 30%] [32mBuilding C object CMakeFiles/openni2_camera__rosidl_generator_c.dir/rosidl_generator_c/openni2_camera/srv/detail/get_serial__functions.c.o[0m
[7.024s] [ 30%] [32mBuilding C object CMakeFiles/openni2_camera__rosidl_generator_c.dir/rosidl_generator_c/openni2_camera/srv/detail/get_serial__type_support.c.o[0m
[7.025s] [ 32%] [32mBuilding C object CMakeFiles/openni2_camera__rosidl_generator_c.dir/rosidl_generator_c/openni2_camera/srv/detail/get_serial__description.c.o[0m
[7.079s] [ 33%] [32m[1mLinking C shared library libopenni2_camera__rosidl_generator_c.so[0m
[7.230s] [ 33%] Built target openni2_camera__rosidl_generator_c
[7.238s] [ 35%] [34m[1mGenerating C++ introspection for ROS interfaces[0m
[7.238s] [ 37%] [34m[1mGenerating C type support for eProsima Fast-RTPS[0m
[7.239s] [ 39%] [34m[1mGenerating C type support dispatch for ROS interfaces[0m
[7.239s] [ 41%] [34m[1mGenerating C introspection for ROS interfaces[0m
[7.241s] [ 43%] [34m[1mGenerating C++ type support dispatch for ROS interfaces[0m
[7.242s] [ 45%] [34m[1mGenerating C++ type support for eProsima Fast-RTPS[0m
[7.452s] [ 47%] [32mBuilding CXX object CMakeFiles/openni2_camera__rosidl_typesupport_c.dir/rosidl_typesupport_c/openni2_camera/srv/get_serial__type_support.cpp.o[0m
[7.469s] [ 49%] [32mBuilding CXX object CMakeFiles/openni2_camera__rosidl_typesupport_cpp.dir/rosidl_typesupport_cpp/openni2_camera/srv/get_serial__type_support.cpp.o[0m
[7.480s] [ 50%] [32mBuilding CXX object CMakeFiles/openni2_camera__rosidl_typesupport_introspection_cpp.dir/rosidl_typesupport_introspection_cpp/openni2_camera/srv/detail/get_serial__type_support.cpp.o[0m
[7.484s] [ 52%] [32mBuilding C object CMakeFiles/openni2_camera__rosidl_typesupport_introspection_c.dir/rosidl_typesupport_introspection_c/openni2_camera/srv/detail/get_serial__type_support.c.o[0m
[7.492s] [ 54%] [32m[1mLinking CXX shared library libopenni2_camera__rosidl_typesupport_c.so[0m
[7.528s] [ 56%] [32m[1mLinking C shared library libopenni2_camera__rosidl_typesupport_introspection_c.so[0m
[7.535s] [ 58%] [32mBuilding CXX object CMakeFiles/openni2_camera__rosidl_typesupport_fastrtps_c.dir/rosidl_typesupport_fastrtps_c/openni2_camera/srv/detail/get_serial__type_support_c.cpp.o[0m
[7.535s] [ 60%] [32mBuilding CXX object CMakeFiles/openni2_camera__rosidl_typesupport_fastrtps_cpp.dir/rosidl_typesupport_fastrtps_cpp/openni2_camera/srv/detail/dds_fastrtps/get_serial__type_support.cpp.o[0m
[7.657s] [ 60%] Built target openni2_camera__rosidl_typesupport_c
[7.672s] [ 60%] Built target openni2_camera__rosidl_typesupport_introspection_c
[7.809s] [ 62%] [32m[1mLinking CXX shared library libopenni2_camera__rosidl_typesupport_cpp.so[0m
[7.837s] [ 64%] [32m[1mLinking CXX shared library libopenni2_camera__rosidl_typesupport_introspection_cpp.so[0m
[7.976s] [ 66%] [32m[1mLinking CXX shared library libopenni2_camera__rosidl_typesupport_fastrtps_c.so[0m
[7.982s] [ 66%] Built target openni2_camera__rosidl_typesupport_cpp
[8.004s] [ 66%] Built target openni2_camera__rosidl_typesupport_introspection_cpp
[8.068s] [ 67%] [32m[1mLinking CXX shared library libopenni2_camera__rosidl_typesupport_fastrtps_cpp.so[0m
[8.150s] [ 67%] Built target openni2_camera__rosidl_typesupport_fastrtps_c
[8.255s] [ 67%] Built target openni2_camera__rosidl_typesupport_fastrtps_cpp
[8.277s] [ 67%] Built target openni2_camera
[8.294s] [ 69%] [34m[1mGenerating Python code for ROS interfaces[0m
[8.560s] [ 69%] Built target openni2_camera__py
[8.573s] [ 71%] [32mBuilding C object CMakeFiles/openni2_camera__rosidl_generator_py.dir/rosidl_generator_py/openni2_camera/srv/_get_serial_s.c.o[0m
[8.666s] [ 73%] [32m[1mLinking C shared library libopenni2_camera__rosidl_generator_py.so[0m
[8.851s] [ 73%] Built target openni2_camera__rosidl_generator_py
[8.864s] [ 77%] [32mBuilding C object CMakeFiles/openni2_camera_s__rosidl_typesupport_c.dir/rosidl_generator_py/openni2_camera/_openni2_camera_s.ep.rosidl_typesupport_c.c.o[0m
[8.864s] [ 77%] [32mBuilding C object CMakeFiles/openni2_camera_s__rosidl_typesupport_fastrtps_c.dir/rosidl_generator_py/openni2_camera/_openni2_camera_s.ep.rosidl_typesupport_fastrtps_c.c.o[0m
[8.869s] [ 79%] [32mBuilding C object CMakeFiles/openni2_camera_s__rosidl_typesupport_introspection_c.dir/rosidl_generator_py/openni2_camera/_openni2_camera_s.ep.rosidl_typesupport_introspection_c.c.o[0m
[8.950s] [ 81%] [32m[1mLinking C shared module rosidl_generator_py/openni2_camera/openni2_camera_s__rosidl_typesupport_introspection_c.so[0m
[8.951s] [ 83%] [32m[1mLinking C shared module rosidl_generator_py/openni2_camera/openni2_camera_s__rosidl_typesupport_c.so[0m
[8.964s] [ 84%] [32m[1mLinking C shared module rosidl_generator_py/openni2_camera/openni2_camera_s__rosidl_typesupport_fastrtps_c.so[0m
[9.038s] [ 84%] Built target openni2_camera_s__rosidl_typesupport_c
[9.039s] [ 84%] Built target openni2_camera_s__rosidl_typesupport_introspection_c
[9.100s] [ 84%] Built target openni2_camera_s__rosidl_typesupport_fastrtps_c
[9.162s] [ 86%] [32m[1mLinking CXX executable openni2_camera_driver[0m
[9.374s] [ 86%] Built target openni2_camera_driver
[9.850s] [ 88%] [32m[1mLinking CXX shared library libopenni2_wrapper.so[0m
[10.130s] [ 88%] Built target openni2_wrapper
[10.145s] [ 94%] [32mBuilding CXX object CMakeFiles/openni2_camera_lib.dir/src/openni2_driver.cpp.o[0m
[10.145s] [ 94%] [32mBuilding CXX object CMakeFiles/list_devices.dir/src/list_devices.cpp.o[0m
[10.145s] [ 94%] [32mBuilding CXX object CMakeFiles/test_wrapper.dir/test/test_wrapper.cpp.o[0m
[11.909s] [ 96%] [32m[1mLinking CXX executable list_devices[0m
[11.954s] [ 98%] [32m[1mLinking CXX executable test_wrapper[0m
[12.124s] [ 98%] Built target list_devices
[12.181s] [ 98%] Built target test_wrapper
[14.761s] [100%] [32m[1mLinking CXX shared library libopenni2_camera_lib.so[0m
[15.053s] [100%] Built target openni2_camera_lib
[15.061s] Invoked command in '/home/ubuntu/ros2_openni_ws/build/openni2_camera' returned '0': CMAKE_PREFIX_PATH=${CMAKE_PREFIX_PATH}:/home/ubuntu/ros2_ws/install/opencv_tests:/opt/ros/jazzy /usr/bin/cmake --build /home/ubuntu/ros2_openni_ws/build/openni2_camera -- -j16 -l16
[15.067s] Invoking command in '/home/ubuntu/ros2_openni_ws/build/openni2_camera': CMAKE_PREFIX_PATH=${CMAKE_PREFIX_PATH}:/home/ubuntu/ros2_ws/install/opencv_tests:/opt/ros/jazzy /usr/bin/cmake --install /home/ubuntu/ros2_openni_ws/build/openni2_camera
[15.072s] -- Install configuration: ""
[15.072s] -- Installing: /home/ubuntu/ros2_openni_ws/install/openni2_camera/share/ament_index/resource_index/rosidl_interfaces/openni2_camera
[15.073s] -- Installing: /home/ubuntu/ros2_openni_ws/install/openni2_camera/share/openni2_camera/srv/GetSerial.json
[15.073s] -- Installing: /home/ubuntu/ros2_openni_ws/install/openni2_camera/include/openni2_camera/openni2_camera
[15.073s] -- Installing: /home/ubuntu/ros2_openni_ws/install/openni2_camera/include/openni2_camera/openni2_camera/msg
[15.073s] -- Installing: /home/ubuntu/ros2_openni_ws/install/openni2_camera/include/openni2_camera/openni2_camera/msg/rosidl_generator_c__visibility_control.h
[15.073s] -- Installing: /home/ubuntu/ros2_openni_ws/install/openni2_camera/include/openni2_camera/openni2_camera/srv
[15.073s] -- Installing: /home/ubuntu/ros2_openni_ws/install/openni2_camera/include/openni2_camera/openni2_camera/srv/get_serial.h
[15.074s] -- Installing: /home/ubuntu/ros2_openni_ws/install/openni2_camera/include/openni2_camera/openni2_camera/srv/detail
[15.074s] -- Installing: /home/ubuntu/ros2_openni_ws/install/openni2_camera/include/openni2_camera/openni2_camera/srv/detail/get_serial__description.c
[15.074s] -- Installing: /home/ubuntu/ros2_openni_ws/install/openni2_camera/include/openni2_camera/openni2_camera/srv/detail/get_serial__type_support.c
[15.074s] -- Installing: /home/ubuntu/ros2_openni_ws/install/openni2_camera/include/openni2_camera/openni2_camera/srv/detail/get_serial__type_support.h
[15.074s] -- Installing: /home/ubuntu/ros2_openni_ws/install/openni2_camera/include/openni2_camera/openni2_camera/srv/detail/get_serial__struct.h
[15.074s] -- Installing: /home/ubuntu/ros2_openni_ws/install/openni2_camera/include/openni2_camera/openni2_camera/srv/detail/get_serial__functions.c
[15.074s] -- Installing: /home/ubuntu/ros2_openni_ws/install/openni2_camera/include/openni2_camera/openni2_camera/srv/detail/get_serial__functions.h
[15.074s] -- Installing: /home/ubuntu/ros2_openni_ws/install/openni2_camera/share/openni2_camera/environment/library_path.sh
[15.074s] -- Installing: /home/ubuntu/ros2_openni_ws/install/openni2_camera/share/openni2_camera/environment/library_path.dsv
[15.074s] -- Installing: /home/ubuntu/ros2_openni_ws/install/openni2_camera/lib/libopenni2_camera__rosidl_generator_c.so
[15.074s] -- Set non-toolchain portion of runtime path of "/home/ubuntu/ros2_openni_ws/install/openni2_camera/lib/libopenni2_camera__rosidl_generator_c.so" to ""
[15.075s] -- Up-to-date: /home/ubuntu/ros2_openni_ws/install/openni2_camera/include/openni2_camera/openni2_camera
[15.075s] -- Up-to-date: /home/ubuntu/ros2_openni_ws/install/openni2_camera/include/openni2_camera/openni2_camera/msg
[15.075s] -- Installing: /home/ubuntu/ros2_openni_ws/install/openni2_camera/include/openni2_camera/openni2_camera/msg/rosidl_typesupport_fastrtps_c__visibility_control.h
[15.075s] -- Up-to-date: /home/ubuntu/ros2_openni_ws/install/openni2_camera/include/openni2_camera/openni2_camera/srv
[15.075s] -- Up-to-date: /home/ubuntu/ros2_openni_ws/install/openni2_camera/include/openni2_camera/openni2_camera/srv/detail
[15.075s] -- Installing: /home/ubuntu/ros2_openni_ws/install/openni2_camera/include/openni2_camera/openni2_camera/srv/detail/get_serial__rosidl_typesupport_fastrtps_c.h
[15.075s] -- Installing: /home/ubuntu/ros2_openni_ws/install/openni2_camera/lib/libopenni2_camera__rosidl_typesupport_fastrtps_c.so
[15.075s] -- Set non-toolchain portion of runtime path of "/home/ubuntu/ros2_openni_ws/install/openni2_camera/lib/libopenni2_camera__rosidl_typesupport_fastrtps_c.so" to ""
[15.075s] -- Up-to-date: /home/ubuntu/ros2_openni_ws/install/openni2_camera/include/openni2_camera/openni2_camera
[15.075s] -- Up-to-date: /home/ubuntu/ros2_openni_ws/install/openni2_camera/include/openni2_camera/openni2_camera/msg
[15.075s] -- Installing: /home/ubuntu/ros2_openni_ws/install/openni2_camera/include/openni2_camera/openni2_camera/msg/rosidl_generator_cpp__visibility_control.hpp
[15.075s] -- Up-to-date: /home/ubuntu/ros2_openni_ws/install/openni2_camera/include/openni2_camera/openni2_camera/srv
[15.075s] -- Installing: /home/ubuntu/ros2_openni_ws/install/openni2_camera/include/openni2_camera/openni2_camera/srv/get_serial.hpp
[15.075s] -- Up-to-date: /home/ubuntu/ros2_openni_ws/install/openni2_camera/include/openni2_camera/openni2_camera/srv/detail
[15.075s] -- Installing: /home/ubuntu/ros2_openni_ws/install/openni2_camera/include/openni2_camera/openni2_camera/srv/detail/get_serial__traits.hpp
[15.076s] -- Installing: /home/ubuntu/ros2_openni_ws/install/openni2_camera/include/openni2_camera/openni2_camera/srv/detail/get_serial__struct.hpp
[15.076s] -- Installing: /home/ubuntu/ros2_openni_ws/install/openni2_camera/include/openni2_camera/openni2_camera/srv/detail/get_serial__builder.hpp
[15.076s] -- Installing: /home/ubuntu/ros2_openni_ws/install/openni2_camera/include/openni2_camera/openni2_camera/srv/detail/get_serial__type_support.hpp
[15.076s] -- Up-to-date: /home/ubuntu/ros2_openni_ws/install/openni2_camera/include/openni2_camera/openni2_camera
[15.076s] -- Up-to-date: /home/ubuntu/ros2_openni_ws/install/openni2_camera/include/openni2_camera/openni2_camera/msg
[15.076s] -- Installing: /home/ubuntu/ros2_openni_ws/install/openni2_camera/include/openni2_camera/openni2_camera/msg/rosidl_typesupport_fastrtps_cpp__visibility_control.h
[15.076s] -- Up-to-date: /home/ubuntu/ros2_openni_ws/install/openni2_camera/include/openni2_camera/openni2_camera/srv
[15.076s] -- Up-to-date: /home/ubuntu/ros2_openni_ws/install/openni2_camera/include/openni2_camera/openni2_camera/srv/detail
[15.076s] -- Installing: /home/ubuntu/ros2_openni_ws/install/openni2_camera/include/openni2_camera/openni2_camera/srv/detail/get_serial__rosidl_typesupport_fastrtps_cpp.hpp
[15.076s] -- Installing: /home/ubuntu/ros2_openni_ws/install/openni2_camera/include/openni2_camera/openni2_camera/srv/detail/dds_fastrtps
[15.076s] -- Installing: /home/ubuntu/ros2_openni_ws/install/openni2_camera/lib/libopenni2_camera__rosidl_typesupport_fastrtps_cpp.so
[15.077s] -- Set non-toolchain portion of runtime path of "/home/ubuntu/ros2_openni_ws/install/openni2_camera/lib/libopenni2_camera__rosidl_typesupport_fastrtps_cpp.so" to ""
[15.077s] -- Up-to-date: /home/ubuntu/ros2_openni_ws/install/openni2_camera/include/openni2_camera/openni2_camera
[15.077s] -- Up-to-date: /home/ubuntu/ros2_openni_ws/install/openni2_camera/include/openni2_camera/openni2_camera/msg
[15.077s] -- Installing: /home/ubuntu/ros2_openni_ws/install/openni2_camera/include/openni2_camera/openni2_camera/msg/rosidl_typesupport_introspection_c__visibility_control.h
[15.077s] -- Up-to-date: /home/ubuntu/ros2_openni_ws/install/openni2_camera/include/openni2_camera/openni2_camera/srv
[15.077s] -- Up-to-date: /home/ubuntu/ros2_openni_ws/install/openni2_camera/include/openni2_camera/openni2_camera/srv/detail
[15.077s] -- Installing: /home/ubuntu/ros2_openni_ws/install/openni2_camera/include/openni2_camera/openni2_camera/srv/detail/get_serial__type_support.c
[15.077s] -- Installing: /home/ubuntu/ros2_openni_ws/install/openni2_camera/include/openni2_camera/openni2_camera/srv/detail/get_serial__rosidl_typesupport_introspection_c.h
[15.077s] -- Installing: /home/ubuntu/ros2_openni_ws/install/openni2_camera/lib/libopenni2_camera__rosidl_typesupport_introspection_c.so
[15.077s] -- Set non-toolchain portion of runtime path of "/home/ubuntu/ros2_openni_ws/install/openni2_camera/lib/libopenni2_camera__rosidl_typesupport_introspection_c.so" to ""
[15.077s] -- Installing: /home/ubuntu/ros2_openni_ws/install/openni2_camera/lib/libopenni2_camera__rosidl_typesupport_c.so
[15.077s] -- Set non-toolchain portion of runtime path of "/home/ubuntu/ros2_openni_ws/install/openni2_camera/lib/libopenni2_camera__rosidl_typesupport_c.so" to ""
[15.078s] -- Up-to-date: /home/ubuntu/ros2_openni_ws/install/openni2_camera/include/openni2_camera/openni2_camera
[15.078s] -- Up-to-date: /home/ubuntu/ros2_openni_ws/install/openni2_camera/include/openni2_camera/openni2_camera/srv
[15.078s] -- Up-to-date: /home/ubuntu/ros2_openni_ws/install/openni2_camera/include/openni2_camera/openni2_camera/srv/detail
[15.078s] -- Installing: /home/ubuntu/ros2_openni_ws/install/openni2_camera/include/openni2_camera/openni2_camera/srv/detail/get_serial__type_support.cpp
[15.078s] -- Installing: /home/ubuntu/ros2_openni_ws/install/openni2_camera/include/openni2_camera/openni2_camera/srv/detail/get_serial__rosidl_typesupport_introspection_cpp.hpp
[15.078s] -- Installing: /home/ubuntu/ros2_openni_ws/install/openni2_camera/lib/libopenni2_camera__rosidl_typesupport_introspection_cpp.so
[15.078s] -- Set non-toolchain portion of runtime path of "/home/ubuntu/ros2_openni_ws/install/openni2_camera/lib/libopenni2_camera__rosidl_typesupport_introspection_cpp.so" to ""
[15.078s] -- Installing: /home/ubuntu/ros2_openni_ws/install/openni2_camera/lib/libopenni2_camera__rosidl_typesupport_cpp.so
[15.078s] -- Set non-toolchain portion of runtime path of "/home/ubuntu/ros2_openni_ws/install/openni2_camera/lib/libopenni2_camera__rosidl_typesupport_cpp.so" to ""
[15.078s] -- Installing: /home/ubuntu/ros2_openni_ws/install/openni2_camera/share/openni2_camera/environment/pythonpath.sh
[15.078s] -- Installing: /home/ubuntu/ros2_openni_ws/install/openni2_camera/share/openni2_camera/environment/pythonpath.dsv
[15.078s] -- Installing: /home/ubuntu/ros2_openni_ws/install/openni2_camera/lib/python3.12/site-packages/openni2_camera-2.3.0-py3.12.egg-info
[15.078s] -- Installing: /home/ubuntu/ros2_openni_ws/install/openni2_camera/lib/python3.12/site-packages/openni2_camera-2.3.0-py3.12.egg-info/top_level.txt
[15.078s] -- Installing: /home/ubuntu/ros2_openni_ws/install/openni2_camera/lib/python3.12/site-packages/openni2_camera-2.3.0-py3.12.egg-info/dependency_links.txt
[15.078s] -- Installing: /home/ubuntu/ros2_openni_ws/install/openni2_camera/lib/python3.12/site-packages/openni2_camera-2.3.0-py3.12.egg-info/PKG-INFO
[15.078s] -- Installing: /home/ubuntu/ros2_openni_ws/install/openni2_camera/lib/python3.12/site-packages/openni2_camera-2.3.0-py3.12.egg-info/SOURCES.txt
[15.078s] -- Installing: /home/ubuntu/ros2_openni_ws/install/openni2_camera/lib/python3.12/site-packages/openni2_camera
[15.079s] -- Installing: /home/ubuntu/ros2_openni_ws/install/openni2_camera/lib/python3.12/site-packages/openni2_camera/openni2_camera_s__rosidl_typesupport_fastrtps_c.so
[15.079s] -- Installing: /home/ubuntu/ros2_openni_ws/install/openni2_camera/lib/python3.12/site-packages/openni2_camera/_openni2_camera_s.ep.rosidl_typesupport_c.c
[15.079s] -- Installing: /home/ubuntu/ros2_openni_ws/install/openni2_camera/lib/python3.12/site-packages/openni2_camera/openni2_camera_s__rosidl_typesupport_c.so
[15.079s] -- Installing: /home/ubuntu/ros2_openni_ws/install/openni2_camera/lib/python3.12/site-packages/openni2_camera/srv
[15.079s] -- Installing: /home/ubuntu/ros2_openni_ws/install/openni2_camera/lib/python3.12/site-packages/openni2_camera/srv/_get_serial_s.c
[15.079s] -- Installing: /home/ubuntu/ros2_openni_ws/install/openni2_camera/lib/python3.12/site-packages/openni2_camera/srv/_get_serial.py
[15.079s] -- Installing: /home/ubuntu/ros2_openni_ws/install/openni2_camera/lib/python3.12/site-packages/openni2_camera/srv/__init__.py
[15.079s] -- Installing: /home/ubuntu/ros2_openni_ws/install/openni2_camera/lib/python3.12/site-packages/openni2_camera/_openni2_camera_s.ep.rosidl_typesupport_introspection_c.c
[15.079s] -- Installing: /home/ubuntu/ros2_openni_ws/install/openni2_camera/lib/python3.12/site-packages/openni2_camera/openni2_camera_s__rosidl_typesupport_introspection_c.so
[15.079s] -- Installing: /home/ubuntu/ros2_openni_ws/install/openni2_camera/lib/python3.12/site-packages/openni2_camera/_openni2_camera_s.ep.rosidl_typesupport_fastrtps_c.c
[15.079s] -- Installing: /home/ubuntu/ros2_openni_ws/install/openni2_camera/lib/python3.12/site-packages/openni2_camera/__init__.py
[15.106s] Listing '/home/ubuntu/ros2_openni_ws/install/openni2_camera/lib/python3.12/site-packages/openni2_camera'...
[15.106s] Compiling '/home/ubuntu/ros2_openni_ws/install/openni2_camera/lib/python3.12/site-packages/openni2_camera/__init__.py'...
[15.106s] Listing '/home/ubuntu/ros2_openni_ws/install/openni2_camera/lib/python3.12/site-packages/openni2_camera/srv'...
[15.106s] Compiling '/home/ubuntu/ros2_openni_ws/install/openni2_camera/lib/python3.12/site-packages/openni2_camera/srv/__init__.py'...
[15.107s] Compiling '/home/ubuntu/ros2_openni_ws/install/openni2_camera/lib/python3.12/site-packages/openni2_camera/srv/_get_serial.py'...
[15.110s] -- Installing: /home/ubuntu/ros2_openni_ws/install/openni2_camera/lib/python3.12/site-packages/openni2_camera/openni2_camera_s__rosidl_typesupport_fastrtps_c.so
[15.110s] -- Set non-toolchain portion of runtime path of "/home/ubuntu/ros2_openni_ws/install/openni2_camera/lib/python3.12/site-packages/openni2_camera/openni2_camera_s__rosidl_typesupport_fastrtps_c.so" to ""
[15.111s] -- Installing: /home/ubuntu/ros2_openni_ws/install/openni2_camera/lib/python3.12/site-packages/openni2_camera/openni2_camera_s__rosidl_typesupport_introspection_c.so
[15.111s] -- Set non-toolchain portion of runtime path of "/home/ubuntu/ros2_openni_ws/install/openni2_camera/lib/python3.12/site-packages/openni2_camera/openni2_camera_s__rosidl_typesupport_introspection_c.so" to ""
[15.111s] -- Installing: /home/ubuntu/ros2_openni_ws/install/openni2_camera/lib/python3.12/site-packages/openni2_camera/openni2_camera_s__rosidl_typesupport_c.so
[15.111s] -- Set non-toolchain portion of runtime path of "/home/ubuntu/ros2_openni_ws/install/openni2_camera/lib/python3.12/site-packages/openni2_camera/openni2_camera_s__rosidl_typesupport_c.so" to ""
[15.111s] -- Installing: /home/ubuntu/ros2_openni_ws/install/openni2_camera/lib/libopenni2_camera__rosidl_generator_py.so
[15.111s] -- Set non-toolchain portion of runtime path of "/home/ubuntu/ros2_openni_ws/install/openni2_camera/lib/libopenni2_camera__rosidl_generator_py.so" to ""
[15.111s] -- Installing: /home/ubuntu/ros2_openni_ws/install/openni2_camera/share/openni2_camera/srv/GetSerial.idl
[15.111s] -- Installing: /home/ubuntu/ros2_openni_ws/install/openni2_camera/share/openni2_camera/srv/GetSerial.srv
[15.111s] -- Installing: /home/ubuntu/ros2_openni_ws/install/openni2_camera/lib/openni2_camera/openni2_camera_driver
[15.112s] -- Set non-toolchain portion of runtime path of "/home/ubuntu/ros2_openni_ws/install/openni2_camera/lib/openni2_camera/openni2_camera_driver" to ""
[15.112s] -- Installing: /home/ubuntu/ros2_openni_ws/install/openni2_camera/lib/openni2_camera/list_devices
[15.112s] -- Set non-toolchain portion of runtime path of "/home/ubuntu/ros2_openni_ws/install/openni2_camera/lib/openni2_camera/list_devices" to ""
[15.112s] -- Installing: /home/ubuntu/ros2_openni_ws/install/openni2_camera/lib/libopenni2_camera_lib.so
[15.113s] -- Set non-toolchain portion of runtime path of "/home/ubuntu/ros2_openni_ws/install/openni2_camera/lib/libopenni2_camera_lib.so" to ""
[15.113s] -- Installing: /home/ubuntu/ros2_openni_ws/install/openni2_camera/lib/libopenni2_wrapper.so
[15.114s] -- Set non-toolchain portion of runtime path of "/home/ubuntu/ros2_openni_ws/install/openni2_camera/lib/libopenni2_wrapper.so" to ""
[15.114s] -- Installing: /home/ubuntu/ros2_openni_ws/install/openni2_camera/lib/openni2_camera/usb_reset
[15.114s] -- Up-to-date: /home/ubuntu/ros2_openni_ws/install/openni2_camera/include
[15.114s] -- Up-to-date: /home/ubuntu/ros2_openni_ws/install/openni2_camera/include/openni2_camera
[15.114s] -- Installing: /home/ubuntu/ros2_openni_ws/install/openni2_camera/include/openni2_camera/openni2_timer_filter.h
[15.114s] -- Installing: /home/ubuntu/ros2_openni_ws/install/openni2_camera/include/openni2_camera/openni2_frame_listener.h
[15.114s] -- Installing: /home/ubuntu/ros2_openni_ws/install/openni2_camera/include/openni2_camera/openni2_device_info.h
[15.115s] -- Installing: /home/ubuntu/ros2_openni_ws/install/openni2_camera/include/openni2_camera/openni2_driver.h
[15.115s] -- Installing: /home/ubuntu/ros2_openni_ws/install/openni2_camera/include/openni2_camera/openni2_device_manager.h
[15.115s] -- Installing: /home/ubuntu/ros2_openni_ws/install/openni2_camera/include/openni2_camera/openni2_convert.h
[15.115s] -- Installing: /home/ubuntu/ros2_openni_ws/install/openni2_camera/include/openni2_camera/openni2_exception.h
[15.115s] -- Installing: /home/ubuntu/ros2_openni_ws/install/openni2_camera/include/openni2_camera/openni2_video_mode.h
[15.115s] -- Installing: /home/ubuntu/ros2_openni_ws/install/openni2_camera/include/openni2_camera/openni2_device.h
[15.115s] -- Installing: /home/ubuntu/ros2_openni_ws/install/openni2_camera/share/openni2_camera//launch
[15.116s] -- Installing: /home/ubuntu/ros2_openni_ws/install/openni2_camera/share/openni2_camera//launch/tfs.launch.py
[15.116s] -- Installing: /home/ubuntu/ros2_openni_ws/install/openni2_camera/share/openni2_camera//launch/camera_with_cloud_norgb.launch.py
[15.116s] -- Installing: /home/ubuntu/ros2_openni_ws/install/openni2_camera/share/openni2_camera//launch/camera_with_cloud.launch.py
[15.116s] -- Installing: /home/ubuntu/ros2_openni_ws/install/openni2_camera/share/openni2_camera//launch/camera_only.launch.py
[15.116s] -- Installing: /home/ubuntu/ros2_openni_ws/install/openni2_camera/share/ament_index/resource_index/package_run_dependencies/openni2_camera
[15.116s] -- Installing: /home/ubuntu/ros2_openni_ws/install/openni2_camera/share/ament_index/resource_index/parent_prefix_path/openni2_camera
[15.116s] -- Installing: /home/ubuntu/ros2_openni_ws/install/openni2_camera/share/openni2_camera/environment/ament_prefix_path.sh
[15.116s] -- Installing: /home/ubuntu/ros2_openni_ws/install/openni2_camera/share/openni2_camera/environment/ament_prefix_path.dsv
[15.116s] -- Installing: /home/ubuntu/ros2_openni_ws/install/openni2_camera/share/openni2_camera/environment/path.sh
[15.116s] -- Installing: /home/ubuntu/ros2_openni_ws/install/openni2_camera/share/openni2_camera/environment/path.dsv
[15.116s] -- Installing: /home/ubuntu/ros2_openni_ws/install/openni2_camera/share/openni2_camera/local_setup.bash
[15.116s] -- Installing: /home/ubuntu/ros2_openni_ws/install/openni2_camera/share/openni2_camera/local_setup.sh
[15.116s] -- Installing: /home/ubuntu/ros2_openni_ws/install/openni2_camera/share/openni2_camera/local_setup.zsh
[15.116s] -- Installing: /home/ubuntu/ros2_openni_ws/install/openni2_camera/share/openni2_camera/local_setup.dsv
[15.117s] -- Installing: /home/ubuntu/ros2_openni_ws/install/openni2_camera/share/openni2_camera/package.dsv
[15.117s] -- Installing: /home/ubuntu/ros2_openni_ws/install/openni2_camera/share/ament_index/resource_index/packages/openni2_camera
[15.117s] -- Installing: /home/ubuntu/ros2_openni_ws/install/openni2_camera/share/openni2_camera/cmake/export_openni2_camera__rosidl_generator_cExport.cmake
[15.117s] -- Installing: /home/ubuntu/ros2_openni_ws/install/openni2_camera/share/openni2_camera/cmake/export_openni2_camera__rosidl_generator_cExport-noconfig.cmake
[15.117s] -- Installing: /home/ubuntu/ros2_openni_ws/install/openni2_camera/share/openni2_camera/cmake/export_openni2_camera__rosidl_typesupport_fastrtps_cExport.cmake
[15.117s] -- Installing: /home/ubuntu/ros2_openni_ws/install/openni2_camera/share/openni2_camera/cmake/export_openni2_camera__rosidl_typesupport_fastrtps_cExport-noconfig.cmake
[15.117s] -- Installing: /home/ubuntu/ros2_openni_ws/install/openni2_camera/share/openni2_camera/cmake/export_openni2_camera__rosidl_generator_cppExport.cmake
[15.117s] -- Installing: /home/ubuntu/ros2_openni_ws/install/openni2_camera/share/openni2_camera/cmake/export_openni2_camera__rosidl_typesupport_fastrtps_cppExport.cmake
[15.117s] -- Installing: /home/ubuntu/ros2_openni_ws/install/openni2_camera/share/openni2_camera/cmake/export_openni2_camera__rosidl_typesupport_fastrtps_cppExport-noconfig.cmake
[15.117s] -- Installing: /home/ubuntu/ros2_openni_ws/install/openni2_camera/share/openni2_camera/cmake/openni2_camera__rosidl_typesupport_introspection_cExport.cmake
[15.117s] -- Installing: /home/ubuntu/ros2_openni_ws/install/openni2_camera/share/openni2_camera/cmake/openni2_camera__rosidl_typesupport_introspection_cExport-noconfig.cmake
[15.117s] -- Installing: /home/ubuntu/ros2_openni_ws/install/openni2_camera/share/openni2_camera/cmake/openni2_camera__rosidl_typesupport_cExport.cmake
[15.118s] -- Installing: /home/ubuntu/ros2_openni_ws/install/openni2_camera/share/openni2_camera/cmake/openni2_camera__rosidl_typesupport_cExport-noconfig.cmake
[15.118s] -- Installing: /home/ubuntu/ros2_openni_ws/install/openni2_camera/share/openni2_camera/cmake/openni2_camera__rosidl_typesupport_introspection_cppExport.cmake
[15.118s] -- Installing: /home/ubuntu/ros2_openni_ws/install/openni2_camera/share/openni2_camera/cmake/openni2_camera__rosidl_typesupport_introspection_cppExport-noconfig.cmake
[15.118s] -- Installing: /home/ubuntu/ros2_openni_ws/install/openni2_camera/share/openni2_camera/cmake/openni2_camera__rosidl_typesupport_cppExport.cmake
[15.118s] -- Installing: /home/ubuntu/ros2_openni_ws/install/openni2_camera/share/openni2_camera/cmake/openni2_camera__rosidl_typesupport_cppExport-noconfig.cmake
[15.118s] -- Installing: /home/ubuntu/ros2_openni_ws/install/openni2_camera/share/openni2_camera/cmake/export_openni2_camera__rosidl_generator_pyExport.cmake
[15.118s] -- Installing: /home/ubuntu/ros2_openni_ws/install/openni2_camera/share/openni2_camera/cmake/export_openni2_camera__rosidl_generator_pyExport-noconfig.cmake
[15.118s] -- Installing: /home/ubuntu/ros2_openni_ws/install/openni2_camera/share/ament_index/resource_index/rclcpp_components/openni2_camera
[15.118s] -- Installing: /home/ubuntu/ros2_openni_ws/install/openni2_camera/share/openni2_camera/cmake/rosidl_cmake-extras.cmake
[15.118s] -- Installing: /home/ubuntu/ros2_openni_ws/install/openni2_camera/share/openni2_camera/cmake/ament_cmake_export_dependencies-extras.cmake
[15.118s] -- Installing: /home/ubuntu/ros2_openni_ws/install/openni2_camera/share/openni2_camera/cmake/ament_cmake_export_include_directories-extras.cmake
[15.119s] -- Installing: /home/ubuntu/ros2_openni_ws/install/openni2_camera/share/openni2_camera/cmake/ament_cmake_export_libraries-extras.cmake
[15.119s] -- Installing: /home/ubuntu/ros2_openni_ws/install/openni2_camera/share/openni2_camera/cmake/ament_cmake_export_targets-extras.cmake
[15.119s] -- Installing: /home/ubuntu/ros2_openni_ws/install/openni2_camera/share/openni2_camera/cmake/rosidl_cmake_export_typesupport_targets-extras.cmake
[15.119s] -- Installing: /home/ubuntu/ros2_openni_ws/install/openni2_camera/share/openni2_camera/cmake/rosidl_cmake_export_typesupport_libraries-extras.cmake
[15.119s] -- Installing: /home/ubuntu/ros2_openni_ws/install/openni2_camera/share/openni2_camera/cmake/openni2_cameraConfig.cmake
[15.119s] -- Installing: /home/ubuntu/ros2_openni_ws/install/openni2_camera/share/openni2_camera/cmake/openni2_cameraConfig-version.cmake
[15.119s] -- Installing: /home/ubuntu/ros2_openni_ws/install/openni2_camera/share/openni2_camera/package.xml
[15.120s] Invoked command in '/home/ubuntu/ros2_openni_ws/build/openni2_camera' returned '0': CMAKE_PREFIX_PATH=${CMAKE_PREFIX_PATH}:/home/ubuntu/ros2_ws/install/opencv_tests:/opt/ros/jazzy /usr/bin/cmake --install /home/ubuntu/ros2_openni_ws/build/openni2_camera
