-- Found ament_cmake_ros: 0.12.0 (/opt/ros/jazzy/share/ament_cmake_ros/cmake)
-- Found Python3: /usr/bin/python3 (found version "3.12.3") found components: Interpreter 
-- Found Python3: /usr/include/python3.12 (found version "3.12.3") found components: Development NumPy Interpreter Development.Module Development.Embed 
-- Found rcpputils: 2.11.2 (/opt/ros/jazzy/share/rcpputils/cmake)
-- Found sensor_msgs: 5.3.6 (/opt/ros/jazzy/share/sensor_msgs/cmake)
-- Found rosidl_generator_c: 4.6.5 (/opt/ros/jazzy/share/rosidl_generator_c/cmake)
-- Found rosidl_generator_cpp: 4.6.5 (/opt/ros/jazzy/share/rosidl_generator_cpp/cmake)
-- Using all available rosidl_typesupport_c: rosidl_typesupport_fastrtps_c;rosidl_typesupport_introspection_c
-- Using all available rosidl_typesupport_cpp: rosidl_typesupport_fastrtps_cpp;rosidl_typesupport_introspection_cpp
-- Found ament_lint_auto: 0.17.2 (/opt/ros/jazzy/share/ament_lint_auto/cmake)
-- Found gtest sources under '/opt/ros/jazzy/src/gtest_vendor': C++ tests using 'Google Test' will be built
-- Configuring done (1.2s)
-- Generating done (0.0s)
-- Build files have been written to: /home/ubuntu/ros2_ws/build/cv_bridge
[  6%] [32mBuilding CXX object gtest/CMakeFiles/gtest_main.dir/src/gtest_main.cc.o[0m
[ 12%] [32mBuilding CXX object gtest/CMakeFiles/gtest.dir/src/gtest-all.cc.o[0m
[ 18%] [32mBuilding CXX object src/CMakeFiles/cv_bridge.dir/cv_bridge.cpp.o[0m
[ 18%] Built target ament_cmake_python_copy_cv_bridge
[ 25%] [32mBuilding CXX object src/CMakeFiles/cv_bridge.dir/rgb_colors.cpp.o[0m
running egg_info
writing cv_bridge.egg-info/PKG-INFO
writing dependency_links to cv_bridge.egg-info/dependency_links.txt
writing top-level names to cv_bridge.egg-info/top_level.txt
reading manifest file 'cv_bridge.egg-info/SOURCES.txt'
writing manifest file 'cv_bridge.egg-info/SOURCES.txt'
[ 25%] Built target ament_cmake_python_build_cv_bridge_egg
[ 31%] [32m[1mLinking CXX static library libgtest_main.a[0m
[ 31%] Built target gtest_main
[ 37%] [32m[1mLinking CXX static library libgtest.a[0m
[ 37%] Built target gtest
[ 43%] [32m[1mLinking CXX shared library libcv_bridge.so[0m
[ 43%] Built target cv_bridge
[ 50%] [32mBuilding CXX object src/CMakeFiles/cv_bridge_boost.dir/module_opencv3.cpp.o[0m
[ 56%] [32mBuilding CXX object src/CMakeFiles/cv_bridge_boost.dir/module.cpp.o[0m
[ 62%] [32mBuilding CXX object test/CMakeFiles/cv_bridge-utest.dir/test_endian.cpp.o[0m
[ 68%] [32mBuilding CXX object test/CMakeFiles/cv_bridge-utest.dir/test_compression.cpp.o[0m
[ 75%] [32mBuilding CXX object test/CMakeFiles/cv_bridge-utest.dir/utest.cpp.o[0m
[ 81%] [32mBuilding CXX object test/CMakeFiles/cv_bridge-utest.dir/utest2.cpp.o[0m
[ 87%] [32mBuilding CXX object test/CMakeFiles/cv_bridge-utest.dir/test_rgb_colors.cpp.o[0m
[ 93%] [32m[1mLinking CXX executable cv_bridge-utest[0m
[ 93%] Built target cv_bridge-utest
[100%] [32m[1mLinking CXX shared module boost/cv_bridge_boost.so[0m
[100%] Built target cv_bridge_boost
-- Install configuration: ""
-- Up-to-date: /home/ubuntu/ros2_ws/install/cv_bridge/share/cv_bridge/environment/pythonpath.sh
-- Up-to-date: /home/ubuntu/ros2_ws/install/cv_bridge/share/cv_bridge/environment/pythonpath.dsv
-- Installing: /home/ubuntu/ros2_ws/install/cv_bridge/lib/python3.12/site-packages/cv_bridge-3.2.1-py3.12.egg-info
-- Installing: /home/ubuntu/ros2_ws/install/cv_bridge/lib/python3.12/site-packages/cv_bridge-3.2.1-py3.12.egg-info/top_level.txt
-- Installing: /home/ubuntu/ros2_ws/install/cv_bridge/lib/python3.12/site-packages/cv_bridge-3.2.1-py3.12.egg-info/dependency_links.txt
-- Installing: /home/ubuntu/ros2_ws/install/cv_bridge/lib/python3.12/site-packages/cv_bridge-3.2.1-py3.12.egg-info/PKG-INFO
-- Installing: /home/ubuntu/ros2_ws/install/cv_bridge/lib/python3.12/site-packages/cv_bridge-3.2.1-py3.12.egg-info/SOURCES.txt
-- Up-to-date: /home/ubuntu/ros2_ws/install/cv_bridge/lib/python3.12/site-packages/cv_bridge
-- Installing: /home/ubuntu/ros2_ws/install/cv_bridge/lib/python3.12/site-packages/cv_bridge/core.py
-- Installing: /home/ubuntu/ros2_ws/install/cv_bridge/lib/python3.12/site-packages/cv_bridge/__init__.py
Listing '/home/ubuntu/ros2_ws/install/cv_bridge/lib/python3.12/site-packages/cv_bridge'...
Compiling '/home/ubuntu/ros2_ws/install/cv_bridge/lib/python3.12/site-packages/cv_bridge/__init__.py'...
Listing '/home/ubuntu/ros2_ws/install/cv_bridge/lib/python3.12/site-packages/cv_bridge/boost'...
Compiling '/home/ubuntu/ros2_ws/install/cv_bridge/lib/python3.12/site-packages/cv_bridge/core.py'...
-- Installing: /home/ubuntu/ros2_ws/install/cv_bridge/lib/libcv_bridge.so
-- Set non-toolchain portion of runtime path of "/home/ubuntu/ros2_ws/install/cv_bridge/lib/libcv_bridge.so" to ""
-- Up-to-date: /home/ubuntu/ros2_ws/install/cv_bridge/include/cv_bridge/cv_bridge/cv_bridge_export.h
-- Installing: /home/ubuntu/ros2_ws/install/cv_bridge/lib/python3.12/site-packages/cv_bridge/boost/cv_bridge_boost.so
-- Set non-toolchain portion of runtime path of "/home/ubuntu/ros2_ws/install/cv_bridge/lib/python3.12/site-packages/cv_bridge/boost/cv_bridge_boost.so" to ""
-- Up-to-date: /home/ubuntu/ros2_ws/install/cv_bridge/include/cv_bridge
-- Up-to-date: /home/ubuntu/ros2_ws/install/cv_bridge/include/cv_bridge/cv_bridge
-- Installing: /home/ubuntu/ros2_ws/install/cv_bridge/include/cv_bridge/cv_bridge/cv_bridge.h
-- Installing: /home/ubuntu/ros2_ws/install/cv_bridge/include/cv_bridge/cv_bridge/rgb_colors.h
-- Up-to-date: /home/ubuntu/ros2_ws/install/cv_bridge/lib/libcv_bridge.so
-- Installing: /home/ubuntu/ros2_ws/install/cv_bridge/share/ament_index/resource_index/package_run_dependencies/cv_bridge
-- Installing: /home/ubuntu/ros2_ws/install/cv_bridge/share/ament_index/resource_index/parent_prefix_path/cv_bridge
-- Up-to-date: /home/ubuntu/ros2_ws/install/cv_bridge/share/cv_bridge/environment/ament_prefix_path.sh
-- Up-to-date: /home/ubuntu/ros2_ws/install/cv_bridge/share/cv_bridge/environment/ament_prefix_path.dsv
-- Up-to-date: /home/ubuntu/ros2_ws/install/cv_bridge/share/cv_bridge/environment/path.sh
-- Up-to-date: /home/ubuntu/ros2_ws/install/cv_bridge/share/cv_bridge/environment/path.dsv
-- Up-to-date: /home/ubuntu/ros2_ws/install/cv_bridge/share/cv_bridge/local_setup.bash
-- Up-to-date: /home/ubuntu/ros2_ws/install/cv_bridge/share/cv_bridge/local_setup.sh
-- Up-to-date: /home/ubuntu/ros2_ws/install/cv_bridge/share/cv_bridge/local_setup.zsh
-- Up-to-date: /home/ubuntu/ros2_ws/install/cv_bridge/share/cv_bridge/local_setup.dsv
-- Installing: /home/ubuntu/ros2_ws/install/cv_bridge/share/cv_bridge/package.dsv
-- Up-to-date: /home/ubuntu/ros2_ws/install/cv_bridge/share/ament_index/resource_index/packages/cv_bridge
-- Old export file "/home/ubuntu/ros2_ws/install/cv_bridge/share/cv_bridge/cmake/export_cv_bridgeExport.cmake" will be replaced.  Removing files [/home/ubuntu/ros2_ws/install/cv_bridge/share/cv_bridge/cmake/export_cv_bridgeExport-noconfig.cmake].
-- Installing: /home/ubuntu/ros2_ws/install/cv_bridge/share/cv_bridge/cmake/export_cv_bridgeExport.cmake
-- Installing: /home/ubuntu/ros2_ws/install/cv_bridge/share/cv_bridge/cmake/export_cv_bridgeExport-noconfig.cmake
-- Up-to-date: /home/ubuntu/ros2_ws/install/cv_bridge/share/cv_bridge/cmake/cv_bridge-extras.cmake
-- Installing: /home/ubuntu/ros2_ws/install/cv_bridge/share/cv_bridge/cmake/ament_cmake_export_dependencies-extras.cmake
-- Up-to-date: /home/ubuntu/ros2_ws/install/cv_bridge/share/cv_bridge/cmake/ament_cmake_export_targets-extras.cmake
-- Installing: /home/ubuntu/ros2_ws/install/cv_bridge/share/cv_bridge/cmake/cv_bridgeConfig.cmake
-- Installing: /home/ubuntu/ros2_ws/install/cv_bridge/share/cv_bridge/cmake/cv_bridgeConfig-version.cmake
-- Installing: /home/ubuntu/ros2_ws/install/cv_bridge/share/cv_bridge/package.xml
