[0.007s] Invoking command in '/home/ubuntu/ros2_ws/build/cv_bridge': CMAKE_PREFIX_PATH=${CMAKE_PREFIX_PATH}:/home/ubuntu/ros2_ws/install/opencv_tests:/home/ubuntu/robovision_ros2_ws/install/opencv_tests:/opt/ros/jazzy /usr/bin/cmake --build /home/ubuntu/ros2_ws/build/cv_bridge -- -j16 -l16
[0.027s] -- Found ament_cmake_ros: 0.12.0 (/opt/ros/jazzy/share/ament_cmake_ros/cmake)
[0.048s] -- Found Python3: /usr/bin/python3 (found version "3.12.3") found components: Interpreter 
[0.261s] -- Found Python3: /usr/include/python3.12 (found version "3.12.3") found components: Development NumPy Interpreter Development.Module Development.Embed 
[0.268s] -- Found rcpputils: 2.11.2 (/opt/ros/jazzy/share/rcpputils/cmake)
[0.369s] -- Found sensor_msgs: 5.3.6 (/opt/ros/jazzy/share/sensor_msgs/cmake)
[0.378s] -- Found rosidl_generator_c: 4.6.5 (/opt/ros/jazzy/share/rosidl_generator_c/cmake)
[0.383s] -- Found rosidl_generator_cpp: 4.6.5 (/opt/ros/jazzy/share/rosidl_generator_cpp/cmake)
[0.390s] -- Using all available rosidl_typesupport_c: rosidl_typesupport_fastrtps_c;rosidl_typesupport_introspection_c
[0.397s] -- Using all available rosidl_typesupport_cpp: rosidl_typesupport_fastrtps_cpp;rosidl_typesupport_introspection_cpp
[0.509s] -- Found ament_lint_auto: 0.17.2 (/opt/ros/jazzy/share/ament_lint_auto/cmake)
[0.570s] -- Found gtest sources under '/opt/ros/jazzy/src/gtest_vendor': C++ tests using 'Google Test' will be built
[1.271s] -- Configuring done (1.2s)
[1.291s] -- Generating done (0.0s)
[1.295s] -- Build files have been written to: /home/ubuntu/ros2_ws/build/cv_bridge
[1.321s] [  6%] [32mBuilding CXX object gtest/CMakeFiles/gtest_main.dir/src/gtest_main.cc.o[0m
[1.323s] [ 12%] [32mBuilding CXX object gtest/CMakeFiles/gtest.dir/src/gtest-all.cc.o[0m
[1.325s] [ 18%] [32mBuilding CXX object src/CMakeFiles/cv_bridge.dir/cv_bridge.cpp.o[0m
[1.325s] [ 18%] Built target ament_cmake_python_copy_cv_bridge
[1.326s] [ 25%] [32mBuilding CXX object src/CMakeFiles/cv_bridge.dir/rgb_colors.cpp.o[0m
[1.467s] running egg_info
[1.478s] writing cv_bridge.egg-info/PKG-INFO
[1.478s] writing dependency_links to cv_bridge.egg-info/dependency_links.txt
[1.478s] writing top-level names to cv_bridge.egg-info/top_level.txt
[1.507s] reading manifest file 'cv_bridge.egg-info/SOURCES.txt'
[1.508s] writing manifest file 'cv_bridge.egg-info/SOURCES.txt'
[1.530s] [ 25%] Built target ament_cmake_python_build_cv_bridge_egg
[1.747s] [ 31%] [32m[1mLinking CXX static library libgtest_main.a[0m
[1.771s] [ 31%] Built target gtest_main
[3.544s] [ 37%] [32m[1mLinking CXX static library libgtest.a[0m
[3.582s] [ 37%] Built target gtest
[3.759s] [ 43%] [32m[1mLinking CXX shared library libcv_bridge.so[0m
[3.895s] [ 43%] Built target cv_bridge
[3.917s] [ 50%] [32mBuilding CXX object src/CMakeFiles/cv_bridge_boost.dir/module_opencv3.cpp.o[0m
[3.918s] [ 56%] [32mBuilding CXX object src/CMakeFiles/cv_bridge_boost.dir/module.cpp.o[0m
[3.918s] [ 62%] [32mBuilding CXX object test/CMakeFiles/cv_bridge-utest.dir/test_endian.cpp.o[0m
[3.918s] [ 68%] [32mBuilding CXX object test/CMakeFiles/cv_bridge-utest.dir/test_compression.cpp.o[0m
[3.918s] [ 75%] [32mBuilding CXX object test/CMakeFiles/cv_bridge-utest.dir/utest.cpp.o[0m
[3.920s] [ 81%] [32mBuilding CXX object test/CMakeFiles/cv_bridge-utest.dir/utest2.cpp.o[0m
[3.921s] [ 87%] [32mBuilding CXX object test/CMakeFiles/cv_bridge-utest.dir/test_rgb_colors.cpp.o[0m
[6.210s] [ 93%] [32m[1mLinking CXX executable cv_bridge-utest[0m
[6.547s] [ 93%] Built target cv_bridge-utest
[7.276s] [100%] [32m[1mLinking CXX shared module boost/cv_bridge_boost.so[0m
[7.411s] [100%] Built target cv_bridge_boost
[7.418s] Invoked command in '/home/ubuntu/ros2_ws/build/cv_bridge' returned '0': CMAKE_PREFIX_PATH=${CMAKE_PREFIX_PATH}:/home/ubuntu/ros2_ws/install/opencv_tests:/home/ubuntu/robovision_ros2_ws/install/opencv_tests:/opt/ros/jazzy /usr/bin/cmake --build /home/ubuntu/ros2_ws/build/cv_bridge -- -j16 -l16
[7.426s] Invoking command in '/home/ubuntu/ros2_ws/build/cv_bridge': CMAKE_PREFIX_PATH=${CMAKE_PREFIX_PATH}:/home/ubuntu/ros2_ws/install/opencv_tests:/home/ubuntu/robovision_ros2_ws/install/opencv_tests:/opt/ros/jazzy /usr/bin/cmake --install /home/ubuntu/ros2_ws/build/cv_bridge
[7.430s] -- Install configuration: ""
[7.430s] -- Up-to-date: /home/ubuntu/ros2_ws/install/cv_bridge/share/cv_bridge/environment/pythonpath.sh
[7.431s] -- Up-to-date: /home/ubuntu/ros2_ws/install/cv_bridge/share/cv_bridge/environment/pythonpath.dsv
[7.431s] -- Installing: /home/ubuntu/ros2_ws/install/cv_bridge/lib/python3.12/site-packages/cv_bridge-3.2.1-py3.12.egg-info
[7.431s] -- Installing: /home/ubuntu/ros2_ws/install/cv_bridge/lib/python3.12/site-packages/cv_bridge-3.2.1-py3.12.egg-info/top_level.txt
[7.431s] -- Installing: /home/ubuntu/ros2_ws/install/cv_bridge/lib/python3.12/site-packages/cv_bridge-3.2.1-py3.12.egg-info/dependency_links.txt
[7.431s] -- Installing: /home/ubuntu/ros2_ws/install/cv_bridge/lib/python3.12/site-packages/cv_bridge-3.2.1-py3.12.egg-info/PKG-INFO
[7.431s] -- Installing: /home/ubuntu/ros2_ws/install/cv_bridge/lib/python3.12/site-packages/cv_bridge-3.2.1-py3.12.egg-info/SOURCES.txt
[7.431s] -- Up-to-date: /home/ubuntu/ros2_ws/install/cv_bridge/lib/python3.12/site-packages/cv_bridge
[7.431s] -- Installing: /home/ubuntu/ros2_ws/install/cv_bridge/lib/python3.12/site-packages/cv_bridge/core.py
[7.431s] -- Installing: /home/ubuntu/ros2_ws/install/cv_bridge/lib/python3.12/site-packages/cv_bridge/__init__.py
[7.459s] Listing '/home/ubuntu/ros2_ws/install/cv_bridge/lib/python3.12/site-packages/cv_bridge'...
[7.459s] Compiling '/home/ubuntu/ros2_ws/install/cv_bridge/lib/python3.12/site-packages/cv_bridge/__init__.py'...
[7.459s] Listing '/home/ubuntu/ros2_ws/install/cv_bridge/lib/python3.12/site-packages/cv_bridge/boost'...
[7.459s] Compiling '/home/ubuntu/ros2_ws/install/cv_bridge/lib/python3.12/site-packages/cv_bridge/core.py'...
[7.463s] -- Installing: /home/ubuntu/ros2_ws/install/cv_bridge/lib/libcv_bridge.so
[7.464s] -- Set non-toolchain portion of runtime path of "/home/ubuntu/ros2_ws/install/cv_bridge/lib/libcv_bridge.so" to ""
[7.464s] -- Up-to-date: /home/ubuntu/ros2_ws/install/cv_bridge/include/cv_bridge/cv_bridge/cv_bridge_export.h
[7.465s] -- Installing: /home/ubuntu/ros2_ws/install/cv_bridge/lib/python3.12/site-packages/cv_bridge/boost/cv_bridge_boost.so
[7.466s] -- Set non-toolchain portion of runtime path of "/home/ubuntu/ros2_ws/install/cv_bridge/lib/python3.12/site-packages/cv_bridge/boost/cv_bridge_boost.so" to ""
[7.466s] -- Up-to-date: /home/ubuntu/ros2_ws/install/cv_bridge/include/cv_bridge
[7.466s] -- Up-to-date: /home/ubuntu/ros2_ws/install/cv_bridge/include/cv_bridge/cv_bridge
[7.466s] -- Installing: /home/ubuntu/ros2_ws/install/cv_bridge/include/cv_bridge/cv_bridge/cv_bridge.h
[7.466s] -- Installing: /home/ubuntu/ros2_ws/install/cv_bridge/include/cv_bridge/cv_bridge/rgb_colors.h
[7.466s] -- Up-to-date: /home/ubuntu/ros2_ws/install/cv_bridge/lib/libcv_bridge.so
[7.466s] -- Installing: /home/ubuntu/ros2_ws/install/cv_bridge/share/ament_index/resource_index/package_run_dependencies/cv_bridge
[7.466s] -- Installing: /home/ubuntu/ros2_ws/install/cv_bridge/share/ament_index/resource_index/parent_prefix_path/cv_bridge
[7.466s] -- Up-to-date: /home/ubuntu/ros2_ws/install/cv_bridge/share/cv_bridge/environment/ament_prefix_path.sh
[7.466s] -- Up-to-date: /home/ubuntu/ros2_ws/install/cv_bridge/share/cv_bridge/environment/ament_prefix_path.dsv
[7.466s] -- Up-to-date: /home/ubuntu/ros2_ws/install/cv_bridge/share/cv_bridge/environment/path.sh
[7.467s] -- Up-to-date: /home/ubuntu/ros2_ws/install/cv_bridge/share/cv_bridge/environment/path.dsv
[7.467s] -- Up-to-date: /home/ubuntu/ros2_ws/install/cv_bridge/share/cv_bridge/local_setup.bash
[7.467s] -- Up-to-date: /home/ubuntu/ros2_ws/install/cv_bridge/share/cv_bridge/local_setup.sh
[7.467s] -- Up-to-date: /home/ubuntu/ros2_ws/install/cv_bridge/share/cv_bridge/local_setup.zsh
[7.467s] -- Up-to-date: /home/ubuntu/ros2_ws/install/cv_bridge/share/cv_bridge/local_setup.dsv
[7.467s] -- Installing: /home/ubuntu/ros2_ws/install/cv_bridge/share/cv_bridge/package.dsv
[7.467s] -- Up-to-date: /home/ubuntu/ros2_ws/install/cv_bridge/share/ament_index/resource_index/packages/cv_bridge
[7.467s] -- Old export file "/home/ubuntu/ros2_ws/install/cv_bridge/share/cv_bridge/cmake/export_cv_bridgeExport.cmake" will be replaced.  Removing files [/home/ubuntu/ros2_ws/install/cv_bridge/share/cv_bridge/cmake/export_cv_bridgeExport-noconfig.cmake].
[7.467s] -- Installing: /home/ubuntu/ros2_ws/install/cv_bridge/share/cv_bridge/cmake/export_cv_bridgeExport.cmake
[7.467s] -- Installing: /home/ubuntu/ros2_ws/install/cv_bridge/share/cv_bridge/cmake/export_cv_bridgeExport-noconfig.cmake
[7.467s] -- Up-to-date: /home/ubuntu/ros2_ws/install/cv_bridge/share/cv_bridge/cmake/cv_bridge-extras.cmake
[7.467s] -- Installing: /home/ubuntu/ros2_ws/install/cv_bridge/share/cv_bridge/cmake/ament_cmake_export_dependencies-extras.cmake
[7.467s] -- Up-to-date: /home/ubuntu/ros2_ws/install/cv_bridge/share/cv_bridge/cmake/ament_cmake_export_targets-extras.cmake
[7.468s] -- Installing: /home/ubuntu/ros2_ws/install/cv_bridge/share/cv_bridge/cmake/cv_bridgeConfig.cmake
[7.468s] -- Installing: /home/ubuntu/ros2_ws/install/cv_bridge/share/cv_bridge/cmake/cv_bridgeConfig-version.cmake
[7.468s] -- Installing: /home/ubuntu/ros2_ws/install/cv_bridge/share/cv_bridge/package.xml
[7.469s] Invoked command in '/home/ubuntu/ros2_ws/build/cv_bridge' returned '0': CMAKE_PREFIX_PATH=${CMAKE_PREFIX_PATH}:/home/ubuntu/ros2_ws/install/opencv_tests:/home/ubuntu/robovision_ros2_ws/install/opencv_tests:/opt/ros/jazzy /usr/bin/cmake --install /home/ubuntu/ros2_ws/build/cv_bridge
