[0.013s] Invoking command in '/home/ubuntu/ros2_ws/build/robovision_processing': CMAKE_PREFIX_PATH=${CMAKE_PREFIX_PATH}:/home/ubuntu/ros2_ws/install/opencv_tests:/opt/ros/jazzy /usr/bin/cmake --build /home/ubuntu/ros2_ws/build/robovision_processing -- -j16 -l16
[0.091s] [  0%] Built target ament_cmake_python_copy_robovision_processing
[0.141s] [ 50%] [32mBuilding CXX object CMakeFiles/my_processing.dir/src/my_processing.cpp.o[0m
[0.247s] running egg_info
[0.258s] writing robovision_processing.egg-info/PKG-INFO
[0.258s] writing dependency_links to robovision_processing.egg-info/dependency_links.txt
[0.258s] writing top-level names to robovision_processing.egg-info/top_level.txt
[0.292s] reading manifest file 'robovision_processing.egg-info/SOURCES.txt'
[0.292s] writing manifest file 'robovision_processing.egg-info/SOURCES.txt'
[0.314s] [ 50%] Built target ament_cmake_python_build_robovision_processing_egg
[6.674s] [100%] [32m[1mLinking CXX executable my_processing[0m
[7.585s] [100%] Built target my_processing
[7.592s] Invoked command in '/home/ubuntu/ros2_ws/build/robovision_processing' returned '0': CMAKE_PREFIX_PATH=${CMAKE_PREFIX_PATH}:/home/ubuntu/ros2_ws/install/opencv_tests:/opt/ros/jazzy /usr/bin/cmake --build /home/ubuntu/ros2_ws/build/robovision_processing -- -j16 -l16
[7.593s] Invoking command in '/home/ubuntu/ros2_ws/build/robovision_processing': CMAKE_PREFIX_PATH=${CMAKE_PREFIX_PATH}:/home/ubuntu/ros2_ws/install/opencv_tests:/opt/ros/jazzy /usr/bin/cmake --install /home/ubuntu/ros2_ws/build/robovision_processing
[7.598s] -- Install configuration: ""
[7.598s] -- Up-to-date: /home/ubuntu/ros2_ws/install/robovision_processing/share/robovision_processing/environment/pythonpath.sh
[7.598s] -- Up-to-date: /home/ubuntu/ros2_ws/install/robovision_processing/share/robovision_processing/environment/pythonpath.dsv
[7.598s] -- Up-to-date: /home/ubuntu/ros2_ws/install/robovision_processing/lib/python3.12/site-packages/robovision_processing-0.0.0-py3.12.egg-info
[7.598s] -- Installing: /home/ubuntu/ros2_ws/install/robovision_processing/lib/python3.12/site-packages/robovision_processing-0.0.0-py3.12.egg-info/top_level.txt
[7.598s] -- Installing: /home/ubuntu/ros2_ws/install/robovision_processing/lib/python3.12/site-packages/robovision_processing-0.0.0-py3.12.egg-info/dependency_links.txt
[7.598s] -- Installing: /home/ubuntu/ros2_ws/install/robovision_processing/lib/python3.12/site-packages/robovision_processing-0.0.0-py3.12.egg-info/PKG-INFO
[7.598s] -- Installing: /home/ubuntu/ros2_ws/install/robovision_processing/lib/python3.12/site-packages/robovision_processing-0.0.0-py3.12.egg-info/SOURCES.txt
[7.598s] -- Up-to-date: /home/ubuntu/ros2_ws/install/robovision_processing/lib/python3.12/site-packages/robovision_processing
[7.598s] -- Up-to-date: /home/ubuntu/ros2_ws/install/robovision_processing/lib/python3.12/site-packages/robovision_processing/__init__.py
[7.621s] Listing '/home/ubuntu/ros2_ws/install/robovision_processing/lib/python3.12/site-packages/robovision_processing'...
[7.625s] -- Installing: /home/ubuntu/ros2_ws/install/robovision_processing/lib/robovision_processing/my_processing
[7.628s] -- Set non-toolchain portion of runtime path of "/home/ubuntu/ros2_ws/install/robovision_processing/lib/robovision_processing/my_processing" to ""
[7.628s] -- Up-to-date: /home/ubuntu/ros2_ws/install/robovision_processing/lib/robovision_processing/my_processing.py
[7.628s] -- Up-to-date: /home/ubuntu/ros2_ws/install/robovision_processing/share/ament_index/resource_index/package_run_dependencies/robovision_processing
[7.628s] -- Up-to-date: /home/ubuntu/ros2_ws/install/robovision_processing/share/ament_index/resource_index/parent_prefix_path/robovision_processing
[7.628s] -- Up-to-date: /home/ubuntu/ros2_ws/install/robovision_processing/share/robovision_processing/environment/ament_prefix_path.sh
[7.628s] -- Up-to-date: /home/ubuntu/ros2_ws/install/robovision_processing/share/robovision_processing/environment/ament_prefix_path.dsv
[7.628s] -- Up-to-date: /home/ubuntu/ros2_ws/install/robovision_processing/share/robovision_processing/environment/path.sh
[7.628s] -- Up-to-date: /home/ubuntu/ros2_ws/install/robovision_processing/share/robovision_processing/environment/path.dsv
[7.628s] -- Up-to-date: /home/ubuntu/ros2_ws/install/robovision_processing/share/robovision_processing/local_setup.bash
[7.628s] -- Up-to-date: /home/ubuntu/ros2_ws/install/robovision_processing/share/robovision_processing/local_setup.sh
[7.628s] -- Up-to-date: /home/ubuntu/ros2_ws/install/robovision_processing/share/robovision_processing/local_setup.zsh
[7.628s] -- Up-to-date: /home/ubuntu/ros2_ws/install/robovision_processing/share/robovision_processing/local_setup.dsv
[7.628s] -- Installing: /home/ubuntu/ros2_ws/install/robovision_processing/share/robovision_processing/package.dsv
[7.628s] -- Up-to-date: /home/ubuntu/ros2_ws/install/robovision_processing/share/ament_index/resource_index/packages/robovision_processing
[7.628s] -- Up-to-date: /home/ubuntu/ros2_ws/install/robovision_processing/share/robovision_processing/cmake/robovision_processingConfig.cmake
[7.629s] -- Up-to-date: /home/ubuntu/ros2_ws/install/robovision_processing/share/robovision_processing/cmake/robovision_processingConfig-version.cmake
[7.629s] -- Up-to-date: /home/ubuntu/ros2_ws/install/robovision_processing/share/robovision_processing/package.xml
[7.629s] Invoked command in '/home/ubuntu/ros2_ws/build/robovision_processing' returned '0': CMAKE_PREFIX_PATH=${CMAKE_PREFIX_PATH}:/home/ubuntu/ros2_ws/install/opencv_tests:/opt/ros/jazzy /usr/bin/cmake --install /home/ubuntu/ros2_ws/build/robovision_processing
