[0.169s] DEBUG:colcon:Command line arguments: ['/usr/bin/colcon', 'build', '--packages-select', 'robovision_images']
[0.169s] DEBUG:colcon:Parsed command line arguments: Namespace(log_base=None, log_level=None, verb_name='build', build_base='build', install_base='install', merge_install=False, symlink_install=False, test_result_base=None, continue_on_error=False, executor='parallel', parallel_workers=16, event_handlers=None, ignore_user_meta=False, metas=['./colcon.meta'], base_paths=['.'], packages_ignore=None, packages_ignore_regex=None, paths=None, packages_up_to=None, packages_up_to_regex=None, packages_above=None, packages_above_and_dependencies=None, packages_above_depth=None, packages_select_by_dep=None, packages_skip_by_dep=None, packages_skip_up_to=None, packages_select_build_failed=False, packages_skip_build_finished=False, packages_select_test_failures=False, packages_skip_test_passed=False, packages_select=['robovision_images'], packages_skip=None, packages_select_regex=None, packages_skip_regex=None, packages_start=None, packages_end=None, allow_overriding=[], cmake_args=None, cmake_target=None, cmake_target_skip_unavailable=False, cmake_clean_cache=False, cmake_clean_first=False, cmake_force_configure=False, ament_cmake_args=None, catkin_cmake_args=None, catkin_skip_building_tests=False, verb_parser=<colcon_defaults.argument_parser.defaults.DefaultArgumentsDecorator object at 0x7090d4a67e00>, verb_extension=<colcon_core.verb.build.BuildVerb object at 0x7090d4bb83b0>, main=<bound method BuildVerb.main of <colcon_core.verb.build.BuildVerb object at 0x7090d4bb83b0>>)
[0.210s] Level 1:colcon.colcon_core.package_discovery:discover_packages(colcon_meta) check parameters
[0.210s] Level 1:colcon.colcon_core.package_discovery:discover_packages(recursive) check parameters
[0.210s] Level 1:colcon.colcon_core.package_discovery:discover_packages(ignore) check parameters
[0.210s] Level 1:colcon.colcon_core.package_discovery:discover_packages(path) check parameters
[0.210s] Level 1:colcon.colcon_core.package_discovery:discover_packages(colcon_meta) discover
[0.210s] Level 1:colcon.colcon_core.package_discovery:discover_packages(recursive) discover
[0.210s] INFO:colcon.colcon_core.package_discovery:Crawling recursively for packages in '/home/ubuntu/ros2_ws'
[0.210s] Level 1:colcon.colcon_core.package_identification:_identify(.) by extensions ['ignore', 'ignore_ament_install']
[0.210s] Level 1:colcon.colcon_core.package_identification:_identify(.) by extension 'ignore'
[0.210s] Level 1:colcon.colcon_core.package_identification:_identify(.) by extension 'ignore_ament_install'
[0.210s] Level 1:colcon.colcon_core.package_identification:_identify(.) by extensions ['colcon_pkg']
[0.210s] Level 1:colcon.colcon_core.package_identification:_identify(.) by extension 'colcon_pkg'
[0.210s] Level 1:colcon.colcon_core.package_identification:_identify(.) by extensions ['colcon_meta']
[0.210s] Level 1:colcon.colcon_core.package_identification:_identify(.) by extension 'colcon_meta'
[0.210s] Level 1:colcon.colcon_core.package_identification:_identify(.) by extensions ['ros']
[0.210s] Level 1:colcon.colcon_core.package_identification:_identify(.) by extension 'ros'
[0.233s] Level 1:colcon.colcon_core.package_identification:_identify(.) by extensions ['cmake', 'python']
[0.233s] Level 1:colcon.colcon_core.package_identification:_identify(.) by extension 'cmake'
[0.233s] Level 1:colcon.colcon_core.package_identification:_identify(.) by extension 'python'
[0.233s] Level 1:colcon.colcon_core.package_identification:_identify(.) by extensions ['python_setup_py']
[0.233s] Level 1:colcon.colcon_core.package_identification:_identify(.) by extension 'python_setup_py'
[0.233s] Level 1:colcon.colcon_core.package_identification:_identify(build) by extensions ['ignore', 'ignore_ament_install']
[0.233s] Level 1:colcon.colcon_core.package_identification:_identify(build) by extension 'ignore'
[0.233s] Level 1:colcon.colcon_core.package_identification:_identify(build) ignored
[0.233s] Level 1:colcon.colcon_core.package_identification:_identify(install) by extensions ['ignore', 'ignore_ament_install']
[0.233s] Level 1:colcon.colcon_core.package_identification:_identify(install) by extension 'ignore'
[0.233s] Level 1:colcon.colcon_core.package_identification:_identify(install) ignored
[0.233s] Level 1:colcon.colcon_core.package_identification:_identify(log) by extensions ['ignore', 'ignore_ament_install']
[0.233s] Level 1:colcon.colcon_core.package_identification:_identify(log) by extension 'ignore'
[0.233s] Level 1:colcon.colcon_core.package_identification:_identify(log) ignored
[0.233s] Level 1:colcon.colcon_core.package_identification:_identify(src) by extensions ['ignore', 'ignore_ament_install']
[0.233s] Level 1:colcon.colcon_core.package_identification:_identify(src) by extension 'ignore'
[0.233s] Level 1:colcon.colcon_core.package_identification:_identify(src) by extension 'ignore_ament_install'
[0.233s] Level 1:colcon.colcon_core.package_identification:_identify(src) by extensions ['colcon_pkg']
[0.233s] Level 1:colcon.colcon_core.package_identification:_identify(src) by extension 'colcon_pkg'
[0.233s] Level 1:colcon.colcon_core.package_identification:_identify(src) by extensions ['colcon_meta']
[0.233s] Level 1:colcon.colcon_core.package_identification:_identify(src) by extension 'colcon_meta'
[0.233s] Level 1:colcon.colcon_core.package_identification:_identify(src) by extensions ['ros']
[0.233s] Level 1:colcon.colcon_core.package_identification:_identify(src) by extension 'ros'
[0.233s] Level 1:colcon.colcon_core.package_identification:_identify(src) by extensions ['cmake', 'python']
[0.234s] Level 1:colcon.colcon_core.package_identification:_identify(src) by extension 'cmake'
[0.234s] Level 1:colcon.colcon_core.package_identification:_identify(src) by extension 'python'
[0.234s] Level 1:colcon.colcon_core.package_identification:_identify(src) by extensions ['python_setup_py']
[0.234s] Level 1:colcon.colcon_core.package_identification:_identify(src) by extension 'python_setup_py'
[0.234s] Level 1:colcon.colcon_core.package_identification:_identify(src/robovision_ros2) by extensions ['ignore', 'ignore_ament_install']
[0.234s] Level 1:colcon.colcon_core.package_identification:_identify(src/robovision_ros2) by extension 'ignore'
[0.234s] Level 1:colcon.colcon_core.package_identification:_identify(src/robovision_ros2) by extension 'ignore_ament_install'
[0.234s] Level 1:colcon.colcon_core.package_identification:_identify(src/robovision_ros2) by extensions ['colcon_pkg']
[0.234s] Level 1:colcon.colcon_core.package_identification:_identify(src/robovision_ros2) by extension 'colcon_pkg'
[0.234s] Level 1:colcon.colcon_core.package_identification:_identify(src/robovision_ros2) by extensions ['colcon_meta']
[0.234s] Level 1:colcon.colcon_core.package_identification:_identify(src/robovision_ros2) by extension 'colcon_meta'
[0.234s] Level 1:colcon.colcon_core.package_identification:_identify(src/robovision_ros2) by extensions ['ros']
[0.234s] Level 1:colcon.colcon_core.package_identification:_identify(src/robovision_ros2) by extension 'ros'
[0.234s] Level 1:colcon.colcon_core.package_identification:_identify(src/robovision_ros2) by extensions ['cmake', 'python']
[0.234s] Level 1:colcon.colcon_core.package_identification:_identify(src/robovision_ros2) by extension 'cmake'
[0.234s] Level 1:colcon.colcon_core.package_identification:_identify(src/robovision_ros2) by extension 'python'
[0.234s] Level 1:colcon.colcon_core.package_identification:_identify(src/robovision_ros2) by extensions ['python_setup_py']
[0.234s] Level 1:colcon.colcon_core.package_identification:_identify(src/robovision_ros2) by extension 'python_setup_py'
[0.234s] Level 1:colcon.colcon_core.package_identification:_identify(src/robovision_ros2/data) by extensions ['ignore', 'ignore_ament_install']
[0.234s] Level 1:colcon.colcon_core.package_identification:_identify(src/robovision_ros2/data) by extension 'ignore'
[0.234s] Level 1:colcon.colcon_core.package_identification:_identify(src/robovision_ros2/data) by extension 'ignore_ament_install'
[0.234s] Level 1:colcon.colcon_core.package_identification:_identify(src/robovision_ros2/data) by extensions ['colcon_pkg']
[0.234s] Level 1:colcon.colcon_core.package_identification:_identify(src/robovision_ros2/data) by extension 'colcon_pkg'
[0.234s] Level 1:colcon.colcon_core.package_identification:_identify(src/robovision_ros2/data) by extensions ['colcon_meta']
[0.234s] Level 1:colcon.colcon_core.package_identification:_identify(src/robovision_ros2/data) by extension 'colcon_meta'
[0.234s] Level 1:colcon.colcon_core.package_identification:_identify(src/robovision_ros2/data) by extensions ['ros']
[0.234s] Level 1:colcon.colcon_core.package_identification:_identify(src/robovision_ros2/data) by extension 'ros'
[0.234s] Level 1:colcon.colcon_core.package_identification:_identify(src/robovision_ros2/data) by extensions ['cmake', 'python']
[0.234s] Level 1:colcon.colcon_core.package_identification:_identify(src/robovision_ros2/data) by extension 'cmake'
[0.234s] Level 1:colcon.colcon_core.package_identification:_identify(src/robovision_ros2/data) by extension 'python'
[0.234s] Level 1:colcon.colcon_core.package_identification:_identify(src/robovision_ros2/data) by extensions ['python_setup_py']
[0.234s] Level 1:colcon.colcon_core.package_identification:_identify(src/robovision_ros2/data) by extension 'python_setup_py'
[0.234s] Level 1:colcon.colcon_core.package_identification:_identify(src/robovision_ros2/data/images) by extensions ['ignore', 'ignore_ament_install']
[0.234s] Level 1:colcon.colcon_core.package_identification:_identify(src/robovision_ros2/data/images) by extension 'ignore'
[0.234s] Level 1:colcon.colcon_core.package_identification:_identify(src/robovision_ros2/data/images) by extension 'ignore_ament_install'
[0.234s] Level 1:colcon.colcon_core.package_identification:_identify(src/robovision_ros2/data/images) by extensions ['colcon_pkg']
[0.234s] Level 1:colcon.colcon_core.package_identification:_identify(src/robovision_ros2/data/images) by extension 'colcon_pkg'
[0.234s] Level 1:colcon.colcon_core.package_identification:_identify(src/robovision_ros2/data/images) by extensions ['colcon_meta']
[0.235s] Level 1:colcon.colcon_core.package_identification:_identify(src/robovision_ros2/data/images) by extension 'colcon_meta'
[0.235s] Level 1:colcon.colcon_core.package_identification:_identify(src/robovision_ros2/data/images) by extensions ['ros']
[0.235s] Level 1:colcon.colcon_core.package_identification:_identify(src/robovision_ros2/data/images) by extension 'ros'
[0.235s] Level 1:colcon.colcon_core.package_identification:_identify(src/robovision_ros2/data/images) by extensions ['cmake', 'python']
[0.235s] Level 1:colcon.colcon_core.package_identification:_identify(src/robovision_ros2/data/images) by extension 'cmake'
[0.235s] Level 1:colcon.colcon_core.package_identification:_identify(src/robovision_ros2/data/images) by extension 'python'
[0.235s] Level 1:colcon.colcon_core.package_identification:_identify(src/robovision_ros2/data/images) by extensions ['python_setup_py']
[0.235s] Level 1:colcon.colcon_core.package_identification:_identify(src/robovision_ros2/data/images) by extension 'python_setup_py'
[0.235s] Level 1:colcon.colcon_core.package_identification:_identify(src/robovision_ros2/data/rosbags) by extensions ['ignore', 'ignore_ament_install']
[0.235s] Level 1:colcon.colcon_core.package_identification:_identify(src/robovision_ros2/data/rosbags) by extension 'ignore'
[0.235s] Level 1:colcon.colcon_core.package_identification:_identify(src/robovision_ros2/data/rosbags) by extension 'ignore_ament_install'
[0.235s] Level 1:colcon.colcon_core.package_identification:_identify(src/robovision_ros2/data/rosbags) by extensions ['colcon_pkg']
[0.235s] Level 1:colcon.colcon_core.package_identification:_identify(src/robovision_ros2/data/rosbags) by extension 'colcon_pkg'
[0.235s] Level 1:colcon.colcon_core.package_identification:_identify(src/robovision_ros2/data/rosbags) by extensions ['colcon_meta']
[0.235s] Level 1:colcon.colcon_core.package_identification:_identify(src/robovision_ros2/data/rosbags) by extension 'colcon_meta'
[0.235s] Level 1:colcon.colcon_core.package_identification:_identify(src/robovision_ros2/data/rosbags) by extensions ['ros']
[0.235s] Level 1:colcon.colcon_core.package_identification:_identify(src/robovision_ros2/data/rosbags) by extension 'ros'
[0.235s] Level 1:colcon.colcon_core.package_identification:_identify(src/robovision_ros2/data/rosbags) by extensions ['cmake', 'python']
[0.235s] Level 1:colcon.colcon_core.package_identification:_identify(src/robovision_ros2/data/rosbags) by extension 'cmake'
[0.235s] Level 1:colcon.colcon_core.package_identification:_identify(src/robovision_ros2/data/rosbags) by extension 'python'
[0.235s] Level 1:colcon.colcon_core.package_identification:_identify(src/robovision_ros2/data/rosbags) by extensions ['python_setup_py']
[0.235s] Level 1:colcon.colcon_core.package_identification:_identify(src/robovision_ros2/data/rosbags) by extension 'python_setup_py'
[0.235s] Level 1:colcon.colcon_core.package_identification:_identify(src/robovision_ros2/robovision_1) by extensions ['ignore', 'ignore_ament_install']
[0.235s] Level 1:colcon.colcon_core.package_identification:_identify(src/robovision_ros2/robovision_1) by extension 'ignore'
[0.235s] Level 1:colcon.colcon_core.package_identification:_identify(src/robovision_ros2/robovision_1) by extension 'ignore_ament_install'
[0.235s] Level 1:colcon.colcon_core.package_identification:_identify(src/robovision_ros2/robovision_1) by extensions ['colcon_pkg']
[0.235s] Level 1:colcon.colcon_core.package_identification:_identify(src/robovision_ros2/robovision_1) by extension 'colcon_pkg'
[0.235s] Level 1:colcon.colcon_core.package_identification:_identify(src/robovision_ros2/robovision_1) by extensions ['colcon_meta']
[0.235s] Level 1:colcon.colcon_core.package_identification:_identify(src/robovision_ros2/robovision_1) by extension 'colcon_meta'
[0.235s] Level 1:colcon.colcon_core.package_identification:_identify(src/robovision_ros2/robovision_1) by extensions ['ros']
[0.235s] Level 1:colcon.colcon_core.package_identification:_identify(src/robovision_ros2/robovision_1) by extension 'ros'
[0.238s] DEBUG:colcon.colcon_core.package_identification:Package 'src/robovision_ros2/robovision_1' with type 'ros.ament_cmake' and name 'robovision_images'
[0.238s] Level 1:colcon.colcon_core.package_identification:_identify(src/robovision_ros2/robovision_2) by extensions ['ignore', 'ignore_ament_install']
[0.238s] Level 1:colcon.colcon_core.package_identification:_identify(src/robovision_ros2/robovision_2) by extension 'ignore'
[0.238s] Level 1:colcon.colcon_core.package_identification:_identify(src/robovision_ros2/robovision_2) by extension 'ignore_ament_install'
[0.238s] Level 1:colcon.colcon_core.package_identification:_identify(src/robovision_ros2/robovision_2) by extensions ['colcon_pkg']
[0.238s] Level 1:colcon.colcon_core.package_identification:_identify(src/robovision_ros2/robovision_2) by extension 'colcon_pkg'
[0.238s] Level 1:colcon.colcon_core.package_identification:_identify(src/robovision_ros2/robovision_2) by extensions ['colcon_meta']
[0.238s] Level 1:colcon.colcon_core.package_identification:_identify(src/robovision_ros2/robovision_2) by extension 'colcon_meta'
[0.238s] Level 1:colcon.colcon_core.package_identification:_identify(src/robovision_ros2/robovision_2) by extensions ['ros']
[0.238s] Level 1:colcon.colcon_core.package_identification:_identify(src/robovision_ros2/robovision_2) by extension 'ros'
[0.239s] DEBUG:colcon.colcon_core.package_identification:Package 'src/robovision_ros2/robovision_2' with type 'ros.ament_cmake' and name 'robovision_processing'
[0.239s] Level 1:colcon.colcon_core.package_identification:_identify(src/robovision_ros2/robovision_3) by extensions ['ignore', 'ignore_ament_install']
[0.239s] Level 1:colcon.colcon_core.package_identification:_identify(src/robovision_ros2/robovision_3) by extension 'ignore'
[0.239s] Level 1:colcon.colcon_core.package_identification:_identify(src/robovision_ros2/robovision_3) by extension 'ignore_ament_install'
[0.239s] Level 1:colcon.colcon_core.package_identification:_identify(src/robovision_ros2/robovision_3) by extensions ['colcon_pkg']
[0.239s] Level 1:colcon.colcon_core.package_identification:_identify(src/robovision_ros2/robovision_3) by extension 'colcon_pkg'
[0.239s] Level 1:colcon.colcon_core.package_identification:_identify(src/robovision_ros2/robovision_3) by extensions ['colcon_meta']
[0.239s] Level 1:colcon.colcon_core.package_identification:_identify(src/robovision_ros2/robovision_3) by extension 'colcon_meta'
[0.239s] Level 1:colcon.colcon_core.package_identification:_identify(src/robovision_ros2/robovision_3) by extensions ['ros']
[0.239s] Level 1:colcon.colcon_core.package_identification:_identify(src/robovision_ros2/robovision_3) by extension 'ros'
[0.240s] DEBUG:colcon.colcon_core.package_identification:Package 'src/robovision_ros2/robovision_3' with type 'ros.ament_cmake' and name 'robovision_rgbd'
[0.240s] Level 1:colcon.colcon_core.package_identification:_identify(src/robovision_ros2/robovision_4) by extensions ['ignore', 'ignore_ament_install']
[0.240s] Level 1:colcon.colcon_core.package_identification:_identify(src/robovision_ros2/robovision_4) by extension 'ignore'
[0.240s] Level 1:colcon.colcon_core.package_identification:_identify(src/robovision_ros2/robovision_4) by extension 'ignore_ament_install'
[0.240s] Level 1:colcon.colcon_core.package_identification:_identify(src/robovision_ros2/robovision_4) by extensions ['colcon_pkg']
[0.240s] Level 1:colcon.colcon_core.package_identification:_identify(src/robovision_ros2/robovision_4) by extension 'colcon_pkg'
[0.240s] Level 1:colcon.colcon_core.package_identification:_identify(src/robovision_ros2/robovision_4) by extensions ['colcon_meta']
[0.240s] Level 1:colcon.colcon_core.package_identification:_identify(src/robovision_ros2/robovision_4) by extension 'colcon_meta'
[0.240s] Level 1:colcon.colcon_core.package_identification:_identify(src/robovision_ros2/robovision_4) by extensions ['ros']
[0.240s] Level 1:colcon.colcon_core.package_identification:_identify(src/robovision_ros2/robovision_4) by extension 'ros'
[0.241s] DEBUG:colcon.colcon_core.package_identification:Package 'src/robovision_ros2/robovision_4' with type 'ros.ament_cmake' and name 'robovision_services'
[0.241s] Level 1:colcon.colcon_core.package_identification:_identify(src/robovision_ros2/robovision_interfaces) by extensions ['ignore', 'ignore_ament_install']
[0.241s] Level 1:colcon.colcon_core.package_identification:_identify(src/robovision_ros2/robovision_interfaces) by extension 'ignore'
[0.241s] Level 1:colcon.colcon_core.package_identification:_identify(src/robovision_ros2/robovision_interfaces) by extension 'ignore_ament_install'
[0.241s] Level 1:colcon.colcon_core.package_identification:_identify(src/robovision_ros2/robovision_interfaces) by extensions ['colcon_pkg']
[0.241s] Level 1:colcon.colcon_core.package_identification:_identify(src/robovision_ros2/robovision_interfaces) by extension 'colcon_pkg'
[0.241s] Level 1:colcon.colcon_core.package_identification:_identify(src/robovision_ros2/robovision_interfaces) by extensions ['colcon_meta']
[0.241s] Level 1:colcon.colcon_core.package_identification:_identify(src/robovision_ros2/robovision_interfaces) by extension 'colcon_meta'
[0.241s] Level 1:colcon.colcon_core.package_identification:_identify(src/robovision_ros2/robovision_interfaces) by extensions ['ros']
[0.241s] Level 1:colcon.colcon_core.package_identification:_identify(src/robovision_ros2/robovision_interfaces) by extension 'ros'
[0.241s] DEBUG:colcon.colcon_core.package_identification:Package 'src/robovision_ros2/robovision_interfaces' with type 'ros.ament_cmake' and name 'robovision_interfaces'
[0.241s] Level 1:colcon.colcon_core.package_discovery:discover_packages(recursive) using defaults
[0.242s] Level 1:colcon.colcon_core.package_discovery:discover_packages(ignore) discover
[0.242s] Level 1:colcon.colcon_core.package_discovery:discover_packages(ignore) using defaults
[0.242s] Level 1:colcon.colcon_core.package_discovery:discover_packages(path) discover
[0.242s] Level 1:colcon.colcon_core.package_discovery:discover_packages(path) using defaults
[0.259s] INFO:colcon.colcon_core.package_selection:Skipping not selected package 'robovision_interfaces' in 'src/robovision_ros2/robovision_interfaces'
[0.259s] INFO:colcon.colcon_core.package_selection:Skipping not selected package 'robovision_processing' in 'src/robovision_ros2/robovision_2'
[0.259s] INFO:colcon.colcon_core.package_selection:Skipping not selected package 'robovision_rgbd' in 'src/robovision_ros2/robovision_3'
[0.259s] INFO:colcon.colcon_core.package_selection:Skipping not selected package 'robovision_services' in 'src/robovision_ros2/robovision_4'
[0.260s] Level 1:colcon.colcon_core.package_discovery:discover_packages(prefix_path) check parameters
[0.260s] Level 1:colcon.colcon_core.package_discovery:discover_packages(prefix_path) discover
[0.261s] WARNING:colcon.colcon_ros.prefix_path.ament:The path '/home/ubuntu/robovision_ros2_ws/install/vision_opencv' in the environment variable AMENT_PREFIX_PATH doesn't exist
[0.262s] WARNING:colcon.colcon_ros.prefix_path.ament:The path '/home/ubuntu/robovision_ros2_ws/install/robovision_services' in the environment variable AMENT_PREFIX_PATH doesn't exist
[0.262s] WARNING:colcon.colcon_ros.prefix_path.ament:The path '/home/ubuntu/robovision_ros2_ws/install/robovision_rgbd' in the environment variable AMENT_PREFIX_PATH doesn't exist
[0.262s] WARNING:colcon.colcon_ros.prefix_path.ament:The path '/home/ubuntu/robovision_ros2_ws/install/robovision_processing' in the environment variable AMENT_PREFIX_PATH doesn't exist
[0.262s] WARNING:colcon.colcon_ros.prefix_path.ament:The path '/home/ubuntu/robovision_ros2_ws/install/robovision_interfaces' in the environment variable AMENT_PREFIX_PATH doesn't exist
[0.262s] WARNING:colcon.colcon_ros.prefix_path.ament:The path '/home/ubuntu/robovision_ros2_ws/install/opencv_tests' in the environment variable AMENT_PREFIX_PATH doesn't exist
[0.262s] WARNING:colcon.colcon_ros.prefix_path.ament:The path '/home/ubuntu/robovision_ros2_ws/install/image_geometry' in the environment variable AMENT_PREFIX_PATH doesn't exist
[0.262s] WARNING:colcon.colcon_ros.prefix_path.ament:The path '/home/ubuntu/robovision_ros2_ws/install/cv_bridge' in the environment variable AMENT_PREFIX_PATH doesn't exist
[0.262s] WARNING:colcon.colcon_ros.prefix_path.catkin:The path '/home/ubuntu/robovision_ros2_ws/install/vision_opencv' in the environment variable CMAKE_PREFIX_PATH doesn't exist
[0.262s] WARNING:colcon.colcon_ros.prefix_path.catkin:The path '/home/ubuntu/robovision_ros2_ws/install/robovision_services' in the environment variable CMAKE_PREFIX_PATH doesn't exist
[0.262s] WARNING:colcon.colcon_ros.prefix_path.catkin:The path '/home/ubuntu/robovision_ros2_ws/install/robovision_rgbd' in the environment variable CMAKE_PREFIX_PATH doesn't exist
[0.262s] WARNING:colcon.colcon_ros.prefix_path.catkin:The path '/home/ubuntu/robovision_ros2_ws/install/robovision_processing' in the environment variable CMAKE_PREFIX_PATH doesn't exist
[0.262s] WARNING:colcon.colcon_ros.prefix_path.catkin:The path '/home/ubuntu/robovision_ros2_ws/install/robovision_interfaces' in the environment variable CMAKE_PREFIX_PATH doesn't exist
[0.263s] WARNING:colcon.colcon_ros.prefix_path.catkin:The path '/home/ubuntu/robovision_ros2_ws/install/image_geometry' in the environment variable CMAKE_PREFIX_PATH doesn't exist
[0.263s] WARNING:colcon.colcon_ros.prefix_path.catkin:The path '/home/ubuntu/robovision_ros2_ws/install/cv_bridge' in the environment variable CMAKE_PREFIX_PATH doesn't exist
[0.264s] DEBUG:colcon.colcon_installed_package_information.package_discovery:Found 9 installed packages in /home/ubuntu/ros2_ws/install
[0.264s] DEBUG:colcon.colcon_installed_package_information.package_discovery:Found 0 installed packages in /home/ubuntu/ros2_tut1.5_ws/install
[0.264s] DEBUG:colcon.colcon_installed_package_information.package_discovery:Found 1 installed packages in /home/ubuntu/robovision_ros2_ws/install
[0.266s] DEBUG:colcon.colcon_installed_package_information.package_discovery:Found 285 installed packages in /opt/ros/jazzy
[0.267s] Level 1:colcon.colcon_core.package_discovery:discover_packages(prefix_path) using defaults
[0.325s] Level 5:colcon.colcon_core.verb:set package 'robovision_images' build argument 'cmake_args' from command line to 'None'
[0.325s] Level 5:colcon.colcon_core.verb:set package 'robovision_images' build argument 'cmake_target' from command line to 'None'
[0.325s] Level 5:colcon.colcon_core.verb:set package 'robovision_images' build argument 'cmake_target_skip_unavailable' from command line to 'False'
[0.325s] Level 5:colcon.colcon_core.verb:set package 'robovision_images' build argument 'cmake_clean_cache' from command line to 'False'
[0.325s] Level 5:colcon.colcon_core.verb:set package 'robovision_images' build argument 'cmake_clean_first' from command line to 'False'
[0.325s] Level 5:colcon.colcon_core.verb:set package 'robovision_images' build argument 'cmake_force_configure' from command line to 'False'
[0.325s] Level 5:colcon.colcon_core.verb:set package 'robovision_images' build argument 'ament_cmake_args' from command line to 'None'
[0.325s] Level 5:colcon.colcon_core.verb:set package 'robovision_images' build argument 'catkin_cmake_args' from command line to 'None'
[0.325s] Level 5:colcon.colcon_core.verb:set package 'robovision_images' build argument 'catkin_skip_building_tests' from command line to 'False'
[0.325s] DEBUG:colcon.colcon_core.verb:Building package 'robovision_images' with the following arguments: {'ament_cmake_args': None, 'build_base': '/home/ubuntu/ros2_ws/build/robovision_images', 'catkin_cmake_args': None, 'catkin_skip_building_tests': False, 'cmake_args': None, 'cmake_clean_cache': False, 'cmake_clean_first': False, 'cmake_force_configure': False, 'cmake_target': None, 'cmake_target_skip_unavailable': False, 'install_base': '/home/ubuntu/ros2_ws/install/robovision_images', 'merge_install': False, 'path': '/home/ubuntu/ros2_ws/src/robovision_ros2/robovision_1', 'symlink_install': False, 'test_result_base': None}
[0.325s] INFO:colcon.colcon_core.executor:Executing jobs using 'parallel' executor
[0.326s] DEBUG:colcon.colcon_parallel_executor.executor.parallel:run_until_complete
[0.326s] INFO:colcon.colcon_ros.task.ament_cmake.build:Building ROS package in '/home/ubuntu/ros2_ws/src/robovision_ros2/robovision_1' with build type 'ament_cmake'
[0.326s] INFO:colcon.colcon_cmake.task.cmake.build:Building CMake package in '/home/ubuntu/ros2_ws/src/robovision_ros2/robovision_1'
[0.331s] INFO:colcon.colcon_core.plugin_system:Skipping extension 'colcon_core.shell.bat': Not used on non-Windows systems
[0.331s] INFO:colcon.colcon_core.shell:Skip shell extension 'powershell' for command environment: Not usable outside of PowerShell
[0.331s] DEBUG:colcon.colcon_core.shell:Skip shell extension 'dsv' for command environment
[0.337s] DEBUG:colcon.colcon_core.event_handler.log_command:Invoking command in '/home/ubuntu/ros2_ws/build/robovision_images': CMAKE_PREFIX_PATH=${CMAKE_PREFIX_PATH}:/home/ubuntu/ros2_ws/install/opencv_tests:/home/ubuntu/robovision_ros2_ws/install/opencv_tests:/opt/ros/jazzy /usr/bin/cmake --build /home/ubuntu/ros2_ws/build/robovision_images -- -j16 -l16
[7.065s] DEBUG:colcon.colcon_core.event_handler.log_command:Invoked command in '/home/ubuntu/ros2_ws/build/robovision_images' returned '0': CMAKE_PREFIX_PATH=${CMAKE_PREFIX_PATH}:/home/ubuntu/ros2_ws/install/opencv_tests:/home/ubuntu/robovision_ros2_ws/install/opencv_tests:/opt/ros/jazzy /usr/bin/cmake --build /home/ubuntu/ros2_ws/build/robovision_images -- -j16 -l16
[7.071s] DEBUG:colcon.colcon_core.event_handler.log_command:Invoking command in '/home/ubuntu/ros2_ws/build/robovision_images': CMAKE_PREFIX_PATH=${CMAKE_PREFIX_PATH}:/home/ubuntu/ros2_ws/install/opencv_tests:/home/ubuntu/robovision_ros2_ws/install/opencv_tests:/opt/ros/jazzy /usr/bin/cmake --install /home/ubuntu/ros2_ws/build/robovision_images
[7.111s] Level 1:colcon.colcon_core.environment:create_environment_scripts_only(robovision_images)
[7.111s] DEBUG:colcon.colcon_core.event_handler.log_command:Invoked command in '/home/ubuntu/ros2_ws/build/robovision_images' returned '0': CMAKE_PREFIX_PATH=${CMAKE_PREFIX_PATH}:/home/ubuntu/ros2_ws/install/opencv_tests:/home/ubuntu/robovision_ros2_ws/install/opencv_tests:/opt/ros/jazzy /usr/bin/cmake --install /home/ubuntu/ros2_ws/build/robovision_images
[7.116s] Level 1:colcon.colcon_core.environment:checking '/home/ubuntu/ros2_ws/install/robovision_images' for CMake module files
[7.116s] Level 1:colcon.colcon_core.environment:checking '/home/ubuntu/ros2_ws/install/robovision_images' for CMake config files
[7.116s] Level 1:colcon.colcon_core.shell:create_environment_hook('robovision_images', 'cmake_prefix_path')
[7.116s] INFO:colcon.colcon_core.shell:Creating environment hook '/home/ubuntu/ros2_ws/install/robovision_images/share/robovision_images/hook/cmake_prefix_path.ps1'
[7.117s] INFO:colcon.colcon_core.shell:Creating environment descriptor '/home/ubuntu/ros2_ws/install/robovision_images/share/robovision_images/hook/cmake_prefix_path.dsv'
[7.117s] INFO:colcon.colcon_core.shell:Creating environment hook '/home/ubuntu/ros2_ws/install/robovision_images/share/robovision_images/hook/cmake_prefix_path.sh'
[7.118s] Level 1:colcon.colcon_core.environment:checking '/home/ubuntu/ros2_ws/install/robovision_images/lib'
[7.118s] Level 1:colcon.colcon_core.environment:checking '/home/ubuntu/ros2_ws/install/robovision_images/bin'
[7.118s] Level 1:colcon.colcon_core.environment:checking '/home/ubuntu/ros2_ws/install/robovision_images/lib/pkgconfig/robovision_images.pc'
[7.118s] Level 1:colcon.colcon_core.environment:checking '/home/ubuntu/ros2_ws/install/robovision_images/lib/python3.12/site-packages'
[7.118s] Level 1:colcon.colcon_core.shell:create_environment_hook('robovision_images', 'pythonpath')
[7.119s] INFO:colcon.colcon_core.shell:Creating environment hook '/home/ubuntu/ros2_ws/install/robovision_images/share/robovision_images/hook/pythonpath.ps1'
[7.119s] INFO:colcon.colcon_core.shell:Creating environment descriptor '/home/ubuntu/ros2_ws/install/robovision_images/share/robovision_images/hook/pythonpath.dsv'
[7.119s] INFO:colcon.colcon_core.shell:Creating environment hook '/home/ubuntu/ros2_ws/install/robovision_images/share/robovision_images/hook/pythonpath.sh'
[7.119s] Level 1:colcon.colcon_core.environment:checking '/home/ubuntu/ros2_ws/install/robovision_images/bin'
[7.119s] INFO:colcon.colcon_core.shell:Creating package script '/home/ubuntu/ros2_ws/install/robovision_images/share/robovision_images/package.ps1'
[7.120s] INFO:colcon.colcon_core.shell:Creating package descriptor '/home/ubuntu/ros2_ws/install/robovision_images/share/robovision_images/package.dsv'
[7.121s] INFO:colcon.colcon_core.shell:Creating package script '/home/ubuntu/ros2_ws/install/robovision_images/share/robovision_images/package.sh'
[7.121s] INFO:colcon.colcon_core.shell:Creating package script '/home/ubuntu/ros2_ws/install/robovision_images/share/robovision_images/package.bash'
[7.122s] INFO:colcon.colcon_core.shell:Creating package script '/home/ubuntu/ros2_ws/install/robovision_images/share/robovision_images/package.zsh'
[7.122s] Level 1:colcon.colcon_core.environment:create_file_with_runtime_dependencies(/home/ubuntu/ros2_ws/install/robovision_images/share/colcon-core/packages/robovision_images)
[7.123s] Level 1:colcon.colcon_core.environment:create_environment_scripts_only(robovision_images)
[7.123s] Level 1:colcon.colcon_core.environment:checking '/home/ubuntu/ros2_ws/install/robovision_images' for CMake module files
[7.123s] Level 1:colcon.colcon_core.environment:checking '/home/ubuntu/ros2_ws/install/robovision_images' for CMake config files
[7.123s] Level 1:colcon.colcon_core.shell:create_environment_hook('robovision_images', 'cmake_prefix_path')
[7.123s] INFO:colcon.colcon_core.shell:Creating environment hook '/home/ubuntu/ros2_ws/install/robovision_images/share/robovision_images/hook/cmake_prefix_path.ps1'
[7.123s] INFO:colcon.colcon_core.shell:Creating environment descriptor '/home/ubuntu/ros2_ws/install/robovision_images/share/robovision_images/hook/cmake_prefix_path.dsv'
[7.123s] INFO:colcon.colcon_core.shell:Creating environment hook '/home/ubuntu/ros2_ws/install/robovision_images/share/robovision_images/hook/cmake_prefix_path.sh'
[7.124s] Level 1:colcon.colcon_core.environment:checking '/home/ubuntu/ros2_ws/install/robovision_images/lib'
[7.124s] Level 1:colcon.colcon_core.environment:checking '/home/ubuntu/ros2_ws/install/robovision_images/bin'
[7.124s] Level 1:colcon.colcon_core.environment:checking '/home/ubuntu/ros2_ws/install/robovision_images/lib/pkgconfig/robovision_images.pc'
[7.124s] Level 1:colcon.colcon_core.environment:checking '/home/ubuntu/ros2_ws/install/robovision_images/lib/python3.12/site-packages'
[7.124s] Level 1:colcon.colcon_core.shell:create_environment_hook('robovision_images', 'pythonpath')
[7.124s] INFO:colcon.colcon_core.shell:Creating environment hook '/home/ubuntu/ros2_ws/install/robovision_images/share/robovision_images/hook/pythonpath.ps1'
[7.124s] INFO:colcon.colcon_core.shell:Creating environment descriptor '/home/ubuntu/ros2_ws/install/robovision_images/share/robovision_images/hook/pythonpath.dsv'
[7.124s] INFO:colcon.colcon_core.shell:Creating environment hook '/home/ubuntu/ros2_ws/install/robovision_images/share/robovision_images/hook/pythonpath.sh'
[7.125s] Level 1:colcon.colcon_core.environment:checking '/home/ubuntu/ros2_ws/install/robovision_images/bin'
[7.125s] INFO:colcon.colcon_core.shell:Creating package script '/home/ubuntu/ros2_ws/install/robovision_images/share/robovision_images/package.ps1'
[7.125s] INFO:colcon.colcon_core.shell:Creating package descriptor '/home/ubuntu/ros2_ws/install/robovision_images/share/robovision_images/package.dsv'
[7.126s] INFO:colcon.colcon_core.shell:Creating package script '/home/ubuntu/ros2_ws/install/robovision_images/share/robovision_images/package.sh'
[7.126s] INFO:colcon.colcon_core.shell:Creating package script '/home/ubuntu/ros2_ws/install/robovision_images/share/robovision_images/package.bash'
[7.127s] INFO:colcon.colcon_core.shell:Creating package script '/home/ubuntu/ros2_ws/install/robovision_images/share/robovision_images/package.zsh'
[7.127s] Level 1:colcon.colcon_core.environment:create_file_with_runtime_dependencies(/home/ubuntu/ros2_ws/install/robovision_images/share/colcon-core/packages/robovision_images)
[7.127s] DEBUG:colcon.colcon_parallel_executor.executor.parallel:closing loop
[7.128s] DEBUG:colcon.colcon_parallel_executor.executor.parallel:loop closed
[7.128s] DEBUG:colcon.colcon_parallel_executor.executor.parallel:run_until_complete finished with '0'
[7.128s] DEBUG:colcon.colcon_core.event_reactor:joining thread
[7.162s] INFO:colcon.colcon_core.plugin_system:Skipping extension 'colcon_notification.desktop_notification.notify_send': Could not find 'notify-send'
[7.162s] INFO:colcon.colcon_core.plugin_system:Skipping extension 'colcon_notification.desktop_notification.terminal_notifier': Not used on non-Darwin systems
[7.162s] INFO:colcon.colcon_core.plugin_system:Skipping extension 'colcon_notification.desktop_notification.win32': Not used on non-Windows systems
[7.162s] INFO:colcon.colcon_notification.desktop_notification:Sending desktop notification using 'notify2'
[7.164s] DEBUG:colcon.colcon_notification.desktop_notification.notify2:Failed to initialize notify2: org.freedesktop.DBus.Error.ServiceUnknown: The name org.freedesktop.Notifications was not provided by any .service files
[7.164s] DEBUG:colcon.colcon_core.event_reactor:joined thread
[7.164s] INFO:colcon.colcon_core.shell:Creating prefix script '/home/ubuntu/ros2_ws/install/local_setup.ps1'
[7.165s] INFO:colcon.colcon_core.shell:Creating prefix util module '/home/ubuntu/ros2_ws/install/_local_setup_util_ps1.py'
[7.166s] INFO:colcon.colcon_core.shell:Creating prefix chain script '/home/ubuntu/ros2_ws/install/setup.ps1'
[7.167s] INFO:colcon.colcon_core.shell:Creating prefix script '/home/ubuntu/ros2_ws/install/local_setup.sh'
[7.168s] INFO:colcon.colcon_core.shell:Creating prefix util module '/home/ubuntu/ros2_ws/install/_local_setup_util_sh.py'
[7.168s] INFO:colcon.colcon_core.shell:Creating prefix chain script '/home/ubuntu/ros2_ws/install/setup.sh'
[7.169s] INFO:colcon.colcon_core.shell:Creating prefix script '/home/ubuntu/ros2_ws/install/local_setup.bash'
[7.169s] INFO:colcon.colcon_core.shell:Creating prefix chain script '/home/ubuntu/ros2_ws/install/setup.bash'
[7.170s] INFO:colcon.colcon_core.shell:Creating prefix script '/home/ubuntu/ros2_ws/install/local_setup.zsh'
[7.171s] INFO:colcon.colcon_core.shell:Creating prefix chain script '/home/ubuntu/ros2_ws/install/setup.zsh'
