[  1%] Built target robovision_interfaces__rosidl_generator_type_description
[  1%] Built target ament_cmake_python_copy_robovision_interfaces
[  3%] Built target robovision_interfaces__cpp
[ 24%] Built target robovision_interfaces__rosidl_generator_c
[ 33%] Built target robovision_interfaces__rosidl_typesupport_introspection_c
[ 42%] Built target robovision_interfaces__rosidl_typesupport_cpp
[ 51%] Built target robovision_interfaces__rosidl_typesupport_introspection_cpp
[ 74%] Built target robovision_interfaces__rosidl_typesupport_c
[ 75%] Built target robovision_interfaces__rosidl_typesupport_fastrtps_cpp
[ 79%] Built target robovision_interfaces__rosidl_typesupport_fastrtps_c
[ 79%] Built target robovision_interfaces
[ 81%] Built target robovision_interfaces__py
[ 88%] Built target robovision_interfaces__rosidl_generator_py
[ 92%] Built target robovision_interfaces_s__rosidl_typesupport_introspection_c
[ 96%] Built target robovision_interfaces_s__rosidl_typesupport_fastrtps_c
[100%] Built target robovision_interfaces_s__rosidl_typesupport_c
running egg_info
writing robovision_interfaces.egg-info/PKG-INFO
writing dependency_links to robovision_interfaces.egg-info/dependency_links.txt
writing top-level names to robovision_interfaces.egg-info/top_level.txt
reading manifest file 'robovision_interfaces.egg-info/SOURCES.txt'
writing manifest file 'robovision_interfaces.egg-info/SOURCES.txt'
[100%] Built target ament_cmake_python_build_robovision_interfaces_egg
-- Install configuration: ""
-- Up-to-date: /home/ubuntu/ros2_ws/install/robovision_interfaces/share/ament_index/resource_index/rosidl_interfaces/robovision_interfaces
-- Up-to-date: /home/ubuntu/ros2_ws/install/robovision_interfaces/share/robovision_interfaces/msg/ObjectCentroid.json
-- Up-to-date: /home/ubuntu/ros2_ws/install/robovision_interfaces/share/robovision_interfaces/msg/ObjectCentroids.json
-- Up-to-date: /home/ubuntu/ros2_ws/install/robovision_interfaces/share/robovision_interfaces/srv/GetPointCenter.json
-- Up-to-date: /home/ubuntu/ros2_ws/install/robovision_interfaces/include/robovision_interfaces/robovision_interfaces
-- Up-to-date: /home/ubuntu/ros2_ws/install/robovision_interfaces/include/robovision_interfaces/robovision_interfaces/msg
-- Up-to-date: /home/ubuntu/ros2_ws/install/robovision_interfaces/include/robovision_interfaces/robovision_interfaces/msg/object_centroid.h
-- Up-to-date: /home/ubuntu/ros2_ws/install/robovision_interfaces/include/robovision_interfaces/robovision_interfaces/msg/rosidl_generator_c__visibility_control.h
-- Up-to-date: /home/ubuntu/ros2_ws/install/robovision_interfaces/include/robovision_interfaces/robovision_interfaces/msg/object_centroids.h
-- Up-to-date: /home/ubuntu/ros2_ws/install/robovision_interfaces/include/robovision_interfaces/robovision_interfaces/msg/detail
-- Up-to-date: /home/ubuntu/ros2_ws/install/robovision_interfaces/include/robovision_interfaces/robovision_interfaces/msg/detail/object_centroids__type_support.h
-- Up-to-date: /home/ubuntu/ros2_ws/install/robovision_interfaces/include/robovision_interfaces/robovision_interfaces/msg/detail/object_centroids__struct.h
-- Up-to-date: /home/ubuntu/ros2_ws/install/robovision_interfaces/include/robovision_interfaces/robovision_interfaces/msg/detail/object_centroid__type_support.h
-- Up-to-date: /home/ubuntu/ros2_ws/install/robovision_interfaces/include/robovision_interfaces/robovision_interfaces/msg/detail/object_centroid__functions.h
-- Up-to-date: /home/ubuntu/ros2_ws/install/robovision_interfaces/include/robovision_interfaces/robovision_interfaces/msg/detail/object_centroids__description.c
-- Up-to-date: /home/ubuntu/ros2_ws/install/robovision_interfaces/include/robovision_interfaces/robovision_interfaces/msg/detail/object_centroid__functions.c
-- Up-to-date: /home/ubuntu/ros2_ws/install/robovision_interfaces/include/robovision_interfaces/robovision_interfaces/msg/detail/object_centroids__functions.c
-- Up-to-date: /home/ubuntu/ros2_ws/install/robovision_interfaces/include/robovision_interfaces/robovision_interfaces/msg/detail/object_centroid__type_support.c
-- Up-to-date: /home/ubuntu/ros2_ws/install/robovision_interfaces/include/robovision_interfaces/robovision_interfaces/msg/detail/object_centroid__struct.h
-- Up-to-date: /home/ubuntu/ros2_ws/install/robovision_interfaces/include/robovision_interfaces/robovision_interfaces/msg/detail/object_centroids__type_support.c
-- Up-to-date: /home/ubuntu/ros2_ws/install/robovision_interfaces/include/robovision_interfaces/robovision_interfaces/msg/detail/object_centroid__description.c
-- Up-to-date: /home/ubuntu/ros2_ws/install/robovision_interfaces/include/robovision_interfaces/robovision_interfaces/msg/detail/object_centroids__functions.h
-- Up-to-date: /home/ubuntu/ros2_ws/install/robovision_interfaces/include/robovision_interfaces/robovision_interfaces/srv
-- Up-to-date: /home/ubuntu/ros2_ws/install/robovision_interfaces/include/robovision_interfaces/robovision_interfaces/srv/get_point_center.h
-- Up-to-date: /home/ubuntu/ros2_ws/install/robovision_interfaces/include/robovision_interfaces/robovision_interfaces/srv/detail
-- Up-to-date: /home/ubuntu/ros2_ws/install/robovision_interfaces/include/robovision_interfaces/robovision_interfaces/srv/detail/get_point_center__type_support.c
-- Up-to-date: /home/ubuntu/ros2_ws/install/robovision_interfaces/include/robovision_interfaces/robovision_interfaces/srv/detail/get_point_center__functions.c
-- Up-to-date: /home/ubuntu/ros2_ws/install/robovision_interfaces/include/robovision_interfaces/robovision_interfaces/srv/detail/get_point_center__struct.h
-- Up-to-date: /home/ubuntu/ros2_ws/install/robovision_interfaces/include/robovision_interfaces/robovision_interfaces/srv/detail/get_point_center__description.c
-- Up-to-date: /home/ubuntu/ros2_ws/install/robovision_interfaces/include/robovision_interfaces/robovision_interfaces/srv/detail/get_point_center__functions.h
-- Up-to-date: /home/ubuntu/ros2_ws/install/robovision_interfaces/include/robovision_interfaces/robovision_interfaces/srv/detail/get_point_center__type_support.h
-- Up-to-date: /home/ubuntu/ros2_ws/install/robovision_interfaces/share/robovision_interfaces/environment/library_path.sh
-- Up-to-date: /home/ubuntu/ros2_ws/install/robovision_interfaces/share/robovision_interfaces/environment/library_path.dsv
-- Up-to-date: /home/ubuntu/ros2_ws/install/robovision_interfaces/lib/librobovision_interfaces__rosidl_generator_c.so
-- Up-to-date: /home/ubuntu/ros2_ws/install/robovision_interfaces/include/robovision_interfaces/robovision_interfaces
-- Up-to-date: /home/ubuntu/ros2_ws/install/robovision_interfaces/include/robovision_interfaces/robovision_interfaces/msg
-- Up-to-date: /home/ubuntu/ros2_ws/install/robovision_interfaces/include/robovision_interfaces/robovision_interfaces/msg/rosidl_typesupport_fastrtps_c__visibility_control.h
-- Up-to-date: /home/ubuntu/ros2_ws/install/robovision_interfaces/include/robovision_interfaces/robovision_interfaces/msg/detail
-- Up-to-date: /home/ubuntu/ros2_ws/install/robovision_interfaces/include/robovision_interfaces/robovision_interfaces/msg/detail/object_centroid__rosidl_typesupport_fastrtps_c.h
-- Up-to-date: /home/ubuntu/ros2_ws/install/robovision_interfaces/include/robovision_interfaces/robovision_interfaces/msg/detail/object_centroids__rosidl_typesupport_fastrtps_c.h
-- Up-to-date: /home/ubuntu/ros2_ws/install/robovision_interfaces/include/robovision_interfaces/robovision_interfaces/srv
-- Up-to-date: /home/ubuntu/ros2_ws/install/robovision_interfaces/include/robovision_interfaces/robovision_interfaces/srv/detail
-- Up-to-date: /home/ubuntu/ros2_ws/install/robovision_interfaces/include/robovision_interfaces/robovision_interfaces/srv/detail/get_point_center__rosidl_typesupport_fastrtps_c.h
-- Up-to-date: /home/ubuntu/ros2_ws/install/robovision_interfaces/lib/librobovision_interfaces__rosidl_typesupport_fastrtps_c.so
-- Up-to-date: /home/ubuntu/ros2_ws/install/robovision_interfaces/include/robovision_interfaces/robovision_interfaces
-- Up-to-date: /home/ubuntu/ros2_ws/install/robovision_interfaces/include/robovision_interfaces/robovision_interfaces/msg
-- Up-to-date: /home/ubuntu/ros2_ws/install/robovision_interfaces/include/robovision_interfaces/robovision_interfaces/msg/rosidl_typesupport_introspection_c__visibility_control.h
-- Up-to-date: /home/ubuntu/ros2_ws/install/robovision_interfaces/include/robovision_interfaces/robovision_interfaces/msg/detail
-- Up-to-date: /home/ubuntu/ros2_ws/install/robovision_interfaces/include/robovision_interfaces/robovision_interfaces/msg/detail/object_centroids__rosidl_typesupport_introspection_c.h
-- Up-to-date: /home/ubuntu/ros2_ws/install/robovision_interfaces/include/robovision_interfaces/robovision_interfaces/msg/detail/object_centroid__rosidl_typesupport_introspection_c.h
-- Up-to-date: /home/ubuntu/ros2_ws/install/robovision_interfaces/include/robovision_interfaces/robovision_interfaces/msg/detail/object_centroid__type_support.c
-- Up-to-date: /home/ubuntu/ros2_ws/install/robovision_interfaces/include/robovision_interfaces/robovision_interfaces/msg/detail/object_centroids__type_support.c
-- Up-to-date: /home/ubuntu/ros2_ws/install/robovision_interfaces/include/robovision_interfaces/robovision_interfaces/srv
-- Up-to-date: /home/ubuntu/ros2_ws/install/robovision_interfaces/include/robovision_interfaces/robovision_interfaces/srv/detail
-- Up-to-date: /home/ubuntu/ros2_ws/install/robovision_interfaces/include/robovision_interfaces/robovision_interfaces/srv/detail/get_point_center__rosidl_typesupport_introspection_c.h
-- Up-to-date: /home/ubuntu/ros2_ws/install/robovision_interfaces/include/robovision_interfaces/robovision_interfaces/srv/detail/get_point_center__type_support.c
-- Up-to-date: /home/ubuntu/ros2_ws/install/robovision_interfaces/lib/librobovision_interfaces__rosidl_typesupport_introspection_c.so
-- Up-to-date: /home/ubuntu/ros2_ws/install/robovision_interfaces/lib/librobovision_interfaces__rosidl_typesupport_c.so
-- Up-to-date: /home/ubuntu/ros2_ws/install/robovision_interfaces/include/robovision_interfaces/robovision_interfaces
-- Up-to-date: /home/ubuntu/ros2_ws/install/robovision_interfaces/include/robovision_interfaces/robovision_interfaces/msg
-- Up-to-date: /home/ubuntu/ros2_ws/install/robovision_interfaces/include/robovision_interfaces/robovision_interfaces/msg/object_centroid.hpp
-- Up-to-date: /home/ubuntu/ros2_ws/install/robovision_interfaces/include/robovision_interfaces/robovision_interfaces/msg/object_centroids.hpp
-- Up-to-date: /home/ubuntu/ros2_ws/install/robovision_interfaces/include/robovision_interfaces/robovision_interfaces/msg/rosidl_generator_cpp__visibility_control.hpp
-- Up-to-date: /home/ubuntu/ros2_ws/install/robovision_interfaces/include/robovision_interfaces/robovision_interfaces/msg/detail
-- Up-to-date: /home/ubuntu/ros2_ws/install/robovision_interfaces/include/robovision_interfaces/robovision_interfaces/msg/detail/object_centroids__builder.hpp
-- Up-to-date: /home/ubuntu/ros2_ws/install/robovision_interfaces/include/robovision_interfaces/robovision_interfaces/msg/detail/object_centroid__traits.hpp
-- Up-to-date: /home/ubuntu/ros2_ws/install/robovision_interfaces/include/robovision_interfaces/robovision_interfaces/msg/detail/object_centroid__struct.hpp
-- Up-to-date: /home/ubuntu/ros2_ws/install/robovision_interfaces/include/robovision_interfaces/robovision_interfaces/msg/detail/object_centroids__type_support.hpp
-- Up-to-date: /home/ubuntu/ros2_ws/install/robovision_interfaces/include/robovision_interfaces/robovision_interfaces/msg/detail/object_centroids__traits.hpp
-- Up-to-date: /home/ubuntu/ros2_ws/install/robovision_interfaces/include/robovision_interfaces/robovision_interfaces/msg/detail/object_centroids__struct.hpp
-- Up-to-date: /home/ubuntu/ros2_ws/install/robovision_interfaces/include/robovision_interfaces/robovision_interfaces/msg/detail/object_centroid__builder.hpp
-- Up-to-date: /home/ubuntu/ros2_ws/install/robovision_interfaces/include/robovision_interfaces/robovision_interfaces/msg/detail/object_centroid__type_support.hpp
-- Up-to-date: /home/ubuntu/ros2_ws/install/robovision_interfaces/include/robovision_interfaces/robovision_interfaces/srv
-- Up-to-date: /home/ubuntu/ros2_ws/install/robovision_interfaces/include/robovision_interfaces/robovision_interfaces/srv/get_point_center.hpp
-- Up-to-date: /home/ubuntu/ros2_ws/install/robovision_interfaces/include/robovision_interfaces/robovision_interfaces/srv/detail
-- Up-to-date: /home/ubuntu/ros2_ws/install/robovision_interfaces/include/robovision_interfaces/robovision_interfaces/srv/detail/get_point_center__struct.hpp
-- Up-to-date: /home/ubuntu/ros2_ws/install/robovision_interfaces/include/robovision_interfaces/robovision_interfaces/srv/detail/get_point_center__type_support.hpp
-- Up-to-date: /home/ubuntu/ros2_ws/install/robovision_interfaces/include/robovision_interfaces/robovision_interfaces/srv/detail/get_point_center__builder.hpp
-- Up-to-date: /home/ubuntu/ros2_ws/install/robovision_interfaces/include/robovision_interfaces/robovision_interfaces/srv/detail/get_point_center__traits.hpp
-- Up-to-date: /home/ubuntu/ros2_ws/install/robovision_interfaces/include/robovision_interfaces/robovision_interfaces
-- Up-to-date: /home/ubuntu/ros2_ws/install/robovision_interfaces/include/robovision_interfaces/robovision_interfaces/msg
-- Up-to-date: /home/ubuntu/ros2_ws/install/robovision_interfaces/include/robovision_interfaces/robovision_interfaces/msg/rosidl_typesupport_fastrtps_cpp__visibility_control.h
-- Up-to-date: /home/ubuntu/ros2_ws/install/robovision_interfaces/include/robovision_interfaces/robovision_interfaces/msg/detail
-- Up-to-date: /home/ubuntu/ros2_ws/install/robovision_interfaces/include/robovision_interfaces/robovision_interfaces/msg/detail/object_centroids__rosidl_typesupport_fastrtps_cpp.hpp
-- Up-to-date: /home/ubuntu/ros2_ws/install/robovision_interfaces/include/robovision_interfaces/robovision_interfaces/msg/detail/object_centroid__rosidl_typesupport_fastrtps_cpp.hpp
-- Up-to-date: /home/ubuntu/ros2_ws/install/robovision_interfaces/include/robovision_interfaces/robovision_interfaces/msg/detail/dds_fastrtps
-- Up-to-date: /home/ubuntu/ros2_ws/install/robovision_interfaces/include/robovision_interfaces/robovision_interfaces/srv
-- Up-to-date: /home/ubuntu/ros2_ws/install/robovision_interfaces/include/robovision_interfaces/robovision_interfaces/srv/detail
-- Up-to-date: /home/ubuntu/ros2_ws/install/robovision_interfaces/include/robovision_interfaces/robovision_interfaces/srv/detail/get_point_center__rosidl_typesupport_fastrtps_cpp.hpp
-- Up-to-date: /home/ubuntu/ros2_ws/install/robovision_interfaces/include/robovision_interfaces/robovision_interfaces/srv/detail/dds_fastrtps
-- Up-to-date: /home/ubuntu/ros2_ws/install/robovision_interfaces/lib/librobovision_interfaces__rosidl_typesupport_fastrtps_cpp.so
-- Up-to-date: /home/ubuntu/ros2_ws/install/robovision_interfaces/include/robovision_interfaces/robovision_interfaces
-- Up-to-date: /home/ubuntu/ros2_ws/install/robovision_interfaces/include/robovision_interfaces/robovision_interfaces/msg
-- Up-to-date: /home/ubuntu/ros2_ws/install/robovision_interfaces/include/robovision_interfaces/robovision_interfaces/msg/detail
-- Up-to-date: /home/ubuntu/ros2_ws/install/robovision_interfaces/include/robovision_interfaces/robovision_interfaces/msg/detail/object_centroid__type_support.cpp
-- Up-to-date: /home/ubuntu/ros2_ws/install/robovision_interfaces/include/robovision_interfaces/robovision_interfaces/msg/detail/object_centroids__rosidl_typesupport_introspection_cpp.hpp
-- Up-to-date: /home/ubuntu/ros2_ws/install/robovision_interfaces/include/robovision_interfaces/robovision_interfaces/msg/detail/object_centroid__rosidl_typesupport_introspection_cpp.hpp
-- Up-to-date: /home/ubuntu/ros2_ws/install/robovision_interfaces/include/robovision_interfaces/robovision_interfaces/msg/detail/object_centroids__type_support.cpp
-- Up-to-date: /home/ubuntu/ros2_ws/install/robovision_interfaces/include/robovision_interfaces/robovision_interfaces/srv
-- Up-to-date: /home/ubuntu/ros2_ws/install/robovision_interfaces/include/robovision_interfaces/robovision_interfaces/srv/detail
-- Up-to-date: /home/ubuntu/ros2_ws/install/robovision_interfaces/include/robovision_interfaces/robovision_interfaces/srv/detail/get_point_center__type_support.cpp
-- Up-to-date: /home/ubuntu/ros2_ws/install/robovision_interfaces/include/robovision_interfaces/robovision_interfaces/srv/detail/get_point_center__rosidl_typesupport_introspection_cpp.hpp
-- Up-to-date: /home/ubuntu/ros2_ws/install/robovision_interfaces/lib/librobovision_interfaces__rosidl_typesupport_introspection_cpp.so
-- Up-to-date: /home/ubuntu/ros2_ws/install/robovision_interfaces/lib/librobovision_interfaces__rosidl_typesupport_cpp.so
-- Up-to-date: /home/ubuntu/ros2_ws/install/robovision_interfaces/share/robovision_interfaces/environment/pythonpath.sh
-- Up-to-date: /home/ubuntu/ros2_ws/install/robovision_interfaces/share/robovision_interfaces/environment/pythonpath.dsv
-- Up-to-date: /home/ubuntu/ros2_ws/install/robovision_interfaces/lib/python3.12/site-packages/robovision_interfaces-0.0.0-py3.12.egg-info
-- Installing: /home/ubuntu/ros2_ws/install/robovision_interfaces/lib/python3.12/site-packages/robovision_interfaces-0.0.0-py3.12.egg-info/top_level.txt
-- Installing: /home/ubuntu/ros2_ws/install/robovision_interfaces/lib/python3.12/site-packages/robovision_interfaces-0.0.0-py3.12.egg-info/dependency_links.txt
-- Installing: /home/ubuntu/ros2_ws/install/robovision_interfaces/lib/python3.12/site-packages/robovision_interfaces-0.0.0-py3.12.egg-info/PKG-INFO
-- Installing: /home/ubuntu/ros2_ws/install/robovision_interfaces/lib/python3.12/site-packages/robovision_interfaces-0.0.0-py3.12.egg-info/SOURCES.txt
-- Up-to-date: /home/ubuntu/ros2_ws/install/robovision_interfaces/lib/python3.12/site-packages/robovision_interfaces
-- Up-to-date: /home/ubuntu/ros2_ws/install/robovision_interfaces/lib/python3.12/site-packages/robovision_interfaces/msg
-- Up-to-date: /home/ubuntu/ros2_ws/install/robovision_interfaces/lib/python3.12/site-packages/robovision_interfaces/msg/_object_centroids_s.c
-- Up-to-date: /home/ubuntu/ros2_ws/install/robovision_interfaces/lib/python3.12/site-packages/robovision_interfaces/msg/_object_centroid_s.c
-- Up-to-date: /home/ubuntu/ros2_ws/install/robovision_interfaces/lib/python3.12/site-packages/robovision_interfaces/msg/_object_centroids.py
-- Up-to-date: /home/ubuntu/ros2_ws/install/robovision_interfaces/lib/python3.12/site-packages/robovision_interfaces/msg/_object_centroid.py
-- Up-to-date: /home/ubuntu/ros2_ws/install/robovision_interfaces/lib/python3.12/site-packages/robovision_interfaces/msg/__init__.py
-- Up-to-date: /home/ubuntu/ros2_ws/install/robovision_interfaces/lib/python3.12/site-packages/robovision_interfaces/robovision_interfaces_s__rosidl_typesupport_introspection_c.so
-- Up-to-date: /home/ubuntu/ros2_ws/install/robovision_interfaces/lib/python3.12/site-packages/robovision_interfaces/srv
-- Up-to-date: /home/ubuntu/ros2_ws/install/robovision_interfaces/lib/python3.12/site-packages/robovision_interfaces/srv/_get_point_center_s.c
-- Up-to-date: /home/ubuntu/ros2_ws/install/robovision_interfaces/lib/python3.12/site-packages/robovision_interfaces/srv/_get_point_center.py
-- Up-to-date: /home/ubuntu/ros2_ws/install/robovision_interfaces/lib/python3.12/site-packages/robovision_interfaces/srv/__init__.py
-- Up-to-date: /home/ubuntu/ros2_ws/install/robovision_interfaces/lib/python3.12/site-packages/robovision_interfaces/robovision_interfaces_s__rosidl_typesupport_fastrtps_c.so
-- Up-to-date: /home/ubuntu/ros2_ws/install/robovision_interfaces/lib/python3.12/site-packages/robovision_interfaces/_robovision_interfaces_s.ep.rosidl_typesupport_introspection_c.c
-- Up-to-date: /home/ubuntu/ros2_ws/install/robovision_interfaces/lib/python3.12/site-packages/robovision_interfaces/robovision_interfaces_s__rosidl_typesupport_c.so
-- Up-to-date: /home/ubuntu/ros2_ws/install/robovision_interfaces/lib/python3.12/site-packages/robovision_interfaces/_robovision_interfaces_s.ep.rosidl_typesupport_fastrtps_c.c
-- Up-to-date: /home/ubuntu/ros2_ws/install/robovision_interfaces/lib/python3.12/site-packages/robovision_interfaces/_robovision_interfaces_s.ep.rosidl_typesupport_c.c
-- Up-to-date: /home/ubuntu/ros2_ws/install/robovision_interfaces/lib/python3.12/site-packages/robovision_interfaces/__init__.py
Listing '/home/ubuntu/ros2_ws/install/robovision_interfaces/lib/python3.12/site-packages/robovision_interfaces'...
Listing '/home/ubuntu/ros2_ws/install/robovision_interfaces/lib/python3.12/site-packages/robovision_interfaces/msg'...
Listing '/home/ubuntu/ros2_ws/install/robovision_interfaces/lib/python3.12/site-packages/robovision_interfaces/srv'...
-- Up-to-date: /home/ubuntu/ros2_ws/install/robovision_interfaces/lib/python3.12/site-packages/robovision_interfaces/robovision_interfaces_s__rosidl_typesupport_fastrtps_c.so
-- Up-to-date: /home/ubuntu/ros2_ws/install/robovision_interfaces/lib/python3.12/site-packages/robovision_interfaces/robovision_interfaces_s__rosidl_typesupport_introspection_c.so
-- Up-to-date: /home/ubuntu/ros2_ws/install/robovision_interfaces/lib/python3.12/site-packages/robovision_interfaces/robovision_interfaces_s__rosidl_typesupport_c.so
-- Up-to-date: /home/ubuntu/ros2_ws/install/robovision_interfaces/lib/librobovision_interfaces__rosidl_generator_py.so
-- Up-to-date: /home/ubuntu/ros2_ws/install/robovision_interfaces/share/robovision_interfaces/msg/ObjectCentroid.idl
-- Up-to-date: /home/ubuntu/ros2_ws/install/robovision_interfaces/share/robovision_interfaces/msg/ObjectCentroids.idl
-- Up-to-date: /home/ubuntu/ros2_ws/install/robovision_interfaces/share/robovision_interfaces/srv/GetPointCenter.idl
-- Up-to-date: /home/ubuntu/ros2_ws/install/robovision_interfaces/share/robovision_interfaces/msg/ObjectCentroid.msg
-- Up-to-date: /home/ubuntu/ros2_ws/install/robovision_interfaces/share/robovision_interfaces/msg/ObjectCentroids.msg
-- Up-to-date: /home/ubuntu/ros2_ws/install/robovision_interfaces/share/robovision_interfaces/srv/GetPointCenter.srv
-- Up-to-date: /home/ubuntu/ros2_ws/install/robovision_interfaces/share/ament_index/resource_index/package_run_dependencies/robovision_interfaces
-- Up-to-date: /home/ubuntu/ros2_ws/install/robovision_interfaces/share/ament_index/resource_index/parent_prefix_path/robovision_interfaces
-- Up-to-date: /home/ubuntu/ros2_ws/install/robovision_interfaces/share/robovision_interfaces/environment/ament_prefix_path.sh
-- Up-to-date: /home/ubuntu/ros2_ws/install/robovision_interfaces/share/robovision_interfaces/environment/ament_prefix_path.dsv
-- Up-to-date: /home/ubuntu/ros2_ws/install/robovision_interfaces/share/robovision_interfaces/environment/path.sh
-- Up-to-date: /home/ubuntu/ros2_ws/install/robovision_interfaces/share/robovision_interfaces/environment/path.dsv
-- Up-to-date: /home/ubuntu/ros2_ws/install/robovision_interfaces/share/robovision_interfaces/local_setup.bash
-- Up-to-date: /home/ubuntu/ros2_ws/install/robovision_interfaces/share/robovision_interfaces/local_setup.sh
-- Up-to-date: /home/ubuntu/ros2_ws/install/robovision_interfaces/share/robovision_interfaces/local_setup.zsh
-- Up-to-date: /home/ubuntu/ros2_ws/install/robovision_interfaces/share/robovision_interfaces/local_setup.dsv
-- Installing: /home/ubuntu/ros2_ws/install/robovision_interfaces/share/robovision_interfaces/package.dsv
-- Up-to-date: /home/ubuntu/ros2_ws/install/robovision_interfaces/share/ament_index/resource_index/packages/robovision_interfaces
-- Up-to-date: /home/ubuntu/ros2_ws/install/robovision_interfaces/share/robovision_interfaces/cmake/export_robovision_interfaces__rosidl_generator_cExport.cmake
-- Up-to-date: /home/ubuntu/ros2_ws/install/robovision_interfaces/share/robovision_interfaces/cmake/export_robovision_interfaces__rosidl_generator_cExport-noconfig.cmake
-- Up-to-date: /home/ubuntu/ros2_ws/install/robovision_interfaces/share/robovision_interfaces/cmake/export_robovision_interfaces__rosidl_typesupport_fastrtps_cExport.cmake
-- Up-to-date: /home/ubuntu/ros2_ws/install/robovision_interfaces/share/robovision_interfaces/cmake/export_robovision_interfaces__rosidl_typesupport_fastrtps_cExport-noconfig.cmake
-- Up-to-date: /home/ubuntu/ros2_ws/install/robovision_interfaces/share/robovision_interfaces/cmake/robovision_interfaces__rosidl_typesupport_introspection_cExport.cmake
-- Up-to-date: /home/ubuntu/ros2_ws/install/robovision_interfaces/share/robovision_interfaces/cmake/robovision_interfaces__rosidl_typesupport_introspection_cExport-noconfig.cmake
-- Up-to-date: /home/ubuntu/ros2_ws/install/robovision_interfaces/share/robovision_interfaces/cmake/robovision_interfaces__rosidl_typesupport_cExport.cmake
-- Up-to-date: /home/ubuntu/ros2_ws/install/robovision_interfaces/share/robovision_interfaces/cmake/robovision_interfaces__rosidl_typesupport_cExport-noconfig.cmake
-- Up-to-date: /home/ubuntu/ros2_ws/install/robovision_interfaces/share/robovision_interfaces/cmake/export_robovision_interfaces__rosidl_generator_cppExport.cmake
-- Up-to-date: /home/ubuntu/ros2_ws/install/robovision_interfaces/share/robovision_interfaces/cmake/export_robovision_interfaces__rosidl_typesupport_fastrtps_cppExport.cmake
-- Up-to-date: /home/ubuntu/ros2_ws/install/robovision_interfaces/share/robovision_interfaces/cmake/export_robovision_interfaces__rosidl_typesupport_fastrtps_cppExport-noconfig.cmake
-- Up-to-date: /home/ubuntu/ros2_ws/install/robovision_interfaces/share/robovision_interfaces/cmake/robovision_interfaces__rosidl_typesupport_introspection_cppExport.cmake
-- Up-to-date: /home/ubuntu/ros2_ws/install/robovision_interfaces/share/robovision_interfaces/cmake/robovision_interfaces__rosidl_typesupport_introspection_cppExport-noconfig.cmake
-- Up-to-date: /home/ubuntu/ros2_ws/install/robovision_interfaces/share/robovision_interfaces/cmake/robovision_interfaces__rosidl_typesupport_cppExport.cmake
-- Up-to-date: /home/ubuntu/ros2_ws/install/robovision_interfaces/share/robovision_interfaces/cmake/robovision_interfaces__rosidl_typesupport_cppExport-noconfig.cmake
-- Up-to-date: /home/ubuntu/ros2_ws/install/robovision_interfaces/share/robovision_interfaces/cmake/export_robovision_interfaces__rosidl_generator_pyExport.cmake
-- Up-to-date: /home/ubuntu/ros2_ws/install/robovision_interfaces/share/robovision_interfaces/cmake/export_robovision_interfaces__rosidl_generator_pyExport-noconfig.cmake
-- Up-to-date: /home/ubuntu/ros2_ws/install/robovision_interfaces/share/robovision_interfaces/cmake/rosidl_cmake-extras.cmake
-- Up-to-date: /home/ubuntu/ros2_ws/install/robovision_interfaces/share/robovision_interfaces/cmake/ament_cmake_export_dependencies-extras.cmake
-- Up-to-date: /home/ubuntu/ros2_ws/install/robovision_interfaces/share/robovision_interfaces/cmake/ament_cmake_export_include_directories-extras.cmake
-- Up-to-date: /home/ubuntu/ros2_ws/install/robovision_interfaces/share/robovision_interfaces/cmake/ament_cmake_export_libraries-extras.cmake
-- Up-to-date: /home/ubuntu/ros2_ws/install/robovision_interfaces/share/robovision_interfaces/cmake/ament_cmake_export_targets-extras.cmake
-- Up-to-date: /home/ubuntu/ros2_ws/install/robovision_interfaces/share/robovision_interfaces/cmake/rosidl_cmake_export_typesupport_targets-extras.cmake
-- Up-to-date: /home/ubuntu/ros2_ws/install/robovision_interfaces/share/robovision_interfaces/cmake/rosidl_cmake_export_typesupport_libraries-extras.cmake
-- Up-to-date: /home/ubuntu/ros2_ws/install/robovision_interfaces/share/robovision_interfaces/cmake/robovision_interfacesConfig.cmake
-- Up-to-date: /home/ubuntu/ros2_ws/install/robovision_interfaces/share/robovision_interfaces/cmake/robovision_interfacesConfig-version.cmake
-- Up-to-date: /home/ubuntu/ros2_ws/install/robovision_interfaces/share/robovision_interfaces/package.xml
