[0.013s] Invoking command in '/home/ubuntu/ros2_ws/build/robovision_images': CMAKE_PREFIX_PATH=${CMAKE_PREFIX_PATH}:/home/ubuntu/ros2_ws/install/opencv_tests:/opt/ros/jazzy /usr/bin/cmake --build /home/ubuntu/ros2_ws/build/robovision_images -- -j16 -l16
[0.052s] [ 16%] Built target my_publisher
[0.053s] [ 33%] Built target my_camera_publisher
[0.053s] [ 50%] Built target my_scaled_publisher
[0.053s] [ 66%] Built target my_scaled_camera_publisher
[0.057s] [ 83%] Built target my_subscriber
[0.058s] [ 83%] Built target ament_cmake_python_copy_robovision_images
[0.062s] [100%] Built target my_scaled_subscriber
[0.204s] running egg_info
[0.214s] writing robovision_images.egg-info/PKG-INFO
[0.214s] writing dependency_links to robovision_images.egg-info/dependency_links.txt
[0.214s] writing top-level names to robovision_images.egg-info/top_level.txt
[0.242s] reading manifest file 'robovision_images.egg-info/SOURCES.txt'
[0.243s] writing manifest file 'robovision_images.egg-info/SOURCES.txt'
[0.267s] [100%] Built target ament_cmake_python_build_robovision_images_egg
[0.273s] Invoked command in '/home/ubuntu/ros2_ws/build/robovision_images' returned '0': CMAKE_PREFIX_PATH=${CMAKE_PREFIX_PATH}:/home/ubuntu/ros2_ws/install/opencv_tests:/opt/ros/jazzy /usr/bin/cmake --build /home/ubuntu/ros2_ws/build/robovision_images -- -j16 -l16
[0.274s] Invoking command in '/home/ubuntu/ros2_ws/build/robovision_images': CMAKE_PREFIX_PATH=${CMAKE_PREFIX_PATH}:/home/ubuntu/ros2_ws/install/opencv_tests:/opt/ros/jazzy /usr/bin/cmake --install /home/ubuntu/ros2_ws/build/robovision_images
[0.279s] -- Install configuration: ""
[0.279s] -- Up-to-date: /home/ubuntu/ros2_ws/install/robovision_images/share/robovision_images/environment/pythonpath.sh
[0.279s] -- Up-to-date: /home/ubuntu/ros2_ws/install/robovision_images/share/robovision_images/environment/pythonpath.dsv
[0.279s] -- Up-to-date: /home/ubuntu/ros2_ws/install/robovision_images/lib/python3.12/site-packages/robovision_images-0.0.0-py3.12.egg-info
[0.279s] -- Installing: /home/ubuntu/ros2_ws/install/robovision_images/lib/python3.12/site-packages/robovision_images-0.0.0-py3.12.egg-info/top_level.txt
[0.279s] -- Installing: /home/ubuntu/ros2_ws/install/robovision_images/lib/python3.12/site-packages/robovision_images-0.0.0-py3.12.egg-info/dependency_links.txt
[0.279s] -- Installing: /home/ubuntu/ros2_ws/install/robovision_images/lib/python3.12/site-packages/robovision_images-0.0.0-py3.12.egg-info/PKG-INFO
[0.279s] -- Installing: /home/ubuntu/ros2_ws/install/robovision_images/lib/python3.12/site-packages/robovision_images-0.0.0-py3.12.egg-info/SOURCES.txt
[0.279s] -- Up-to-date: /home/ubuntu/ros2_ws/install/robovision_images/lib/python3.12/site-packages/robovision_images
[0.279s] -- Up-to-date: /home/ubuntu/ros2_ws/install/robovision_images/lib/python3.12/site-packages/robovision_images/__init__.py
[0.306s] Listing '/home/ubuntu/ros2_ws/install/robovision_images/lib/python3.12/site-packages/robovision_images'...
[0.309s] -- Up-to-date: /home/ubuntu/ros2_ws/install/robovision_images/lib/robovision_images/my_publisher
[0.309s] -- Up-to-date: /home/ubuntu/ros2_ws/install/robovision_images/lib/robovision_images/my_scaled_publisher
[0.309s] -- Up-to-date: /home/ubuntu/ros2_ws/install/robovision_images/lib/robovision_images/my_camera_publisher
[0.310s] -- Up-to-date: /home/ubuntu/ros2_ws/install/robovision_images/lib/robovision_images/my_scaled_camera_publisher
[0.310s] -- Up-to-date: /home/ubuntu/ros2_ws/install/robovision_images/lib/robovision_images/my_subscriber
[0.310s] -- Up-to-date: /home/ubuntu/ros2_ws/install/robovision_images/lib/robovision_images/my_scaled_subscriber
[0.311s] -- Up-to-date: /home/ubuntu/ros2_ws/install/robovision_images/lib/robovision_images/my_subscriber.py
[0.311s] -- Up-to-date: /home/ubuntu/ros2_ws/install/robovision_images/share/ament_index/resource_index/package_run_dependencies/robovision_images
[0.311s] -- Up-to-date: /home/ubuntu/ros2_ws/install/robovision_images/share/ament_index/resource_index/parent_prefix_path/robovision_images
[0.311s] -- Up-to-date: /home/ubuntu/ros2_ws/install/robovision_images/share/robovision_images/environment/ament_prefix_path.sh
[0.311s] -- Up-to-date: /home/ubuntu/ros2_ws/install/robovision_images/share/robovision_images/environment/ament_prefix_path.dsv
[0.311s] -- Up-to-date: /home/ubuntu/ros2_ws/install/robovision_images/share/robovision_images/environment/path.sh
[0.311s] -- Up-to-date: /home/ubuntu/ros2_ws/install/robovision_images/share/robovision_images/environment/path.dsv
[0.311s] -- Up-to-date: /home/ubuntu/ros2_ws/install/robovision_images/share/robovision_images/local_setup.bash
[0.311s] -- Up-to-date: /home/ubuntu/ros2_ws/install/robovision_images/share/robovision_images/local_setup.sh
[0.312s] -- Up-to-date: /home/ubuntu/ros2_ws/install/robovision_images/share/robovision_images/local_setup.zsh
[0.312s] -- Up-to-date: /home/ubuntu/ros2_ws/install/robovision_images/share/robovision_images/local_setup.dsv
[0.312s] -- Installing: /home/ubuntu/ros2_ws/install/robovision_images/share/robovision_images/package.dsv
[0.312s] -- Up-to-date: /home/ubuntu/ros2_ws/install/robovision_images/share/ament_index/resource_index/packages/robovision_images
[0.312s] -- Up-to-date: /home/ubuntu/ros2_ws/install/robovision_images/share/robovision_images/cmake/robovision_imagesConfig.cmake
[0.313s] -- Up-to-date: /home/ubuntu/ros2_ws/install/robovision_images/share/robovision_images/cmake/robovision_imagesConfig-version.cmake
[0.313s] -- Up-to-date: /home/ubuntu/ros2_ws/install/robovision_images/share/robovision_images/package.xml
[0.343s] Invoked command in '/home/ubuntu/ros2_ws/build/robovision_images' returned '0': CMAKE_PREFIX_PATH=${CMAKE_PREFIX_PATH}:/home/ubuntu/ros2_ws/install/opencv_tests:/opt/ros/jazzy /usr/bin/cmake --install /home/ubuntu/ros2_ws/build/robovision_images
