[0.182s] Invoking command in '/home/ubuntu/ros2_ws/build/robovision_services': CMAKE_PREFIX_PATH=/home/ubuntu/ros2_ws/install/robovision_interfaces:/home/ubuntu/ros2_ws/install/vision_opencv:/home/ubuntu/ros2_ws/install/robovision_services:/home/ubuntu/ros2_ws/install/robovision_rgbd:/home/ubuntu/ros2_ws/install/robovision_processing:/home/ubuntu/ros2_ws/install/robovision_images:/home/ubuntu/ros2_ws/install/image_geometry:/home/ubuntu/ros2_ws/install/cv_bridge:/home/ubuntu/ros2_openni_ws/install/openni2_camera:/opt/ros/jazzy/opt/gz_math_vendor:/opt/ros/jazzy/opt/gz_utils_vendor:/opt/ros/jazzy/opt/gz_cmake_vendor:/home/ubuntu/ros2_ws/install/opencv_tests:/opt/ros/jazzy PYTHONPATH=/home/ubuntu/ros2_ws/install/robovision_interfaces/lib/python3.12/site-packages:/home/ubuntu/ros2_ws/install/robovision_services/lib/python3.12/site-packages:/home/ubuntu/ros2_ws/install/robovision_rgbd/lib/python3.12/site-packages:/home/ubuntu/ros2_ws/install/robovision_processing/lib/python3.12/site-packages:/home/ubuntu/ros2_ws/install/robovision_images/lib/python3.12/site-packages:/home/ubuntu/ros2_ws/install/opencv_tests/lib/python3.12/site-packages:/home/ubuntu/ros2_ws/install/image_geometry/lib/python3.12/site-packages:/home/ubuntu/ros2_ws/install/cv_bridge/lib/python3.12/site-packages:/home/ubuntu/ros2_openni_ws/install/openni2_camera/lib/python3.12/site-packages:/opt/ros/jazzy/lib/python3.12/site-packages /usr/bin/cmake --build /home/ubuntu/ros2_ws/build/robovision_services -- -j16 -l16
[0.222s] [ 50%] Built target robovision_client
[0.222s] [100%] Built target robovision_service
[0.223s] [100%] Built target ament_cmake_python_copy_robovision_services
[0.347s] running egg_info
[0.357s] writing robovision_services.egg-info/PKG-INFO
[0.357s] writing dependency_links to robovision_services.egg-info/dependency_links.txt
[0.357s] writing top-level names to robovision_services.egg-info/top_level.txt
[0.383s] reading manifest file 'robovision_services.egg-info/SOURCES.txt'
[0.384s] writing manifest file 'robovision_services.egg-info/SOURCES.txt'
[0.400s] [100%] Built target ament_cmake_python_build_robovision_services_egg
[0.407s] Invoked command in '/home/ubuntu/ros2_ws/build/robovision_services' returned '0': CMAKE_PREFIX_PATH=/home/ubuntu/ros2_ws/install/robovision_interfaces:/home/ubuntu/ros2_ws/install/vision_opencv:/home/ubuntu/ros2_ws/install/robovision_services:/home/ubuntu/ros2_ws/install/robovision_rgbd:/home/ubuntu/ros2_ws/install/robovision_processing:/home/ubuntu/ros2_ws/install/robovision_images:/home/ubuntu/ros2_ws/install/image_geometry:/home/ubuntu/ros2_ws/install/cv_bridge:/home/ubuntu/ros2_openni_ws/install/openni2_camera:/opt/ros/jazzy/opt/gz_math_vendor:/opt/ros/jazzy/opt/gz_utils_vendor:/opt/ros/jazzy/opt/gz_cmake_vendor:/home/ubuntu/ros2_ws/install/opencv_tests:/opt/ros/jazzy PYTHONPATH=/home/ubuntu/ros2_ws/install/robovision_interfaces/lib/python3.12/site-packages:/home/ubuntu/ros2_ws/install/robovision_services/lib/python3.12/site-packages:/home/ubuntu/ros2_ws/install/robovision_rgbd/lib/python3.12/site-packages:/home/ubuntu/ros2_ws/install/robovision_processing/lib/python3.12/site-packages:/home/ubuntu/ros2_ws/install/robovision_images/lib/python3.12/site-packages:/home/ubuntu/ros2_ws/install/opencv_tests/lib/python3.12/site-packages:/home/ubuntu/ros2_ws/install/image_geometry/lib/python3.12/site-packages:/home/ubuntu/ros2_ws/install/cv_bridge/lib/python3.12/site-packages:/home/ubuntu/ros2_openni_ws/install/openni2_camera/lib/python3.12/site-packages:/opt/ros/jazzy/lib/python3.12/site-packages /usr/bin/cmake --build /home/ubuntu/ros2_ws/build/robovision_services -- -j16 -l16
[0.408s] Invoking command in '/home/ubuntu/ros2_ws/build/robovision_services': CMAKE_PREFIX_PATH=/home/ubuntu/ros2_ws/install/robovision_interfaces:/home/ubuntu/ros2_ws/install/vision_opencv:/home/ubuntu/ros2_ws/install/robovision_services:/home/ubuntu/ros2_ws/install/robovision_rgbd:/home/ubuntu/ros2_ws/install/robovision_processing:/home/ubuntu/ros2_ws/install/robovision_images:/home/ubuntu/ros2_ws/install/image_geometry:/home/ubuntu/ros2_ws/install/cv_bridge:/home/ubuntu/ros2_openni_ws/install/openni2_camera:/opt/ros/jazzy/opt/gz_math_vendor:/opt/ros/jazzy/opt/gz_utils_vendor:/opt/ros/jazzy/opt/gz_cmake_vendor:/home/ubuntu/ros2_ws/install/opencv_tests:/opt/ros/jazzy PYTHONPATH=/home/ubuntu/ros2_ws/install/robovision_interfaces/lib/python3.12/site-packages:/home/ubuntu/ros2_ws/install/robovision_services/lib/python3.12/site-packages:/home/ubuntu/ros2_ws/install/robovision_rgbd/lib/python3.12/site-packages:/home/ubuntu/ros2_ws/install/robovision_processing/lib/python3.12/site-packages:/home/ubuntu/ros2_ws/install/robovision_images/lib/python3.12/site-packages:/home/ubuntu/ros2_ws/install/opencv_tests/lib/python3.12/site-packages:/home/ubuntu/ros2_ws/install/image_geometry/lib/python3.12/site-packages:/home/ubuntu/ros2_ws/install/cv_bridge/lib/python3.12/site-packages:/home/ubuntu/ros2_openni_ws/install/openni2_camera/lib/python3.12/site-packages:/opt/ros/jazzy/lib/python3.12/site-packages /usr/bin/cmake --install /home/ubuntu/ros2_ws/build/robovision_services
[0.414s] -- Install configuration: ""
[0.414s] -- Up-to-date: /home/ubuntu/ros2_ws/install/robovision_services/share/robovision_services/environment/pythonpath.sh
[0.414s] -- Up-to-date: /home/ubuntu/ros2_ws/install/robovision_services/share/robovision_services/environment/pythonpath.dsv
[0.414s] -- Up-to-date: /home/ubuntu/ros2_ws/install/robovision_services/lib/python3.12/site-packages/robovision_services-0.0.0-py3.12.egg-info
[0.414s] -- Installing: /home/ubuntu/ros2_ws/install/robovision_services/lib/python3.12/site-packages/robovision_services-0.0.0-py3.12.egg-info/top_level.txt
[0.414s] -- Installing: /home/ubuntu/ros2_ws/install/robovision_services/lib/python3.12/site-packages/robovision_services-0.0.0-py3.12.egg-info/dependency_links.txt
[0.414s] -- Installing: /home/ubuntu/ros2_ws/install/robovision_services/lib/python3.12/site-packages/robovision_services-0.0.0-py3.12.egg-info/PKG-INFO
[0.414s] -- Installing: /home/ubuntu/ros2_ws/install/robovision_services/lib/python3.12/site-packages/robovision_services-0.0.0-py3.12.egg-info/SOURCES.txt
[0.414s] -- Up-to-date: /home/ubuntu/ros2_ws/install/robovision_services/lib/python3.12/site-packages/robovision_services
[0.414s] -- Up-to-date: /home/ubuntu/ros2_ws/install/robovision_services/lib/python3.12/site-packages/robovision_services/__init__.py
[0.438s] Listing '/home/ubuntu/ros2_ws/install/robovision_services/lib/python3.12/site-packages/robovision_services'...
[0.442s] -- Up-to-date: /home/ubuntu/ros2_ws/install/robovision_services/lib/robovision_services/robovision_service
[0.443s] -- Up-to-date: /home/ubuntu/ros2_ws/install/robovision_services/lib/robovision_services/robovision_client
[0.443s] -- Up-to-date: /home/ubuntu/ros2_ws/install/robovision_services/lib/robovision_services/robovision_service.py
[0.443s] -- Up-to-date: /home/ubuntu/ros2_ws/install/robovision_services/lib/robovision_services/robovision_client.py
[0.443s] -- Up-to-date: /home/ubuntu/ros2_ws/install/robovision_services/share/ament_index/resource_index/package_run_dependencies/robovision_services
[0.443s] -- Up-to-date: /home/ubuntu/ros2_ws/install/robovision_services/share/ament_index/resource_index/parent_prefix_path/robovision_services
[0.443s] -- Up-to-date: /home/ubuntu/ros2_ws/install/robovision_services/share/robovision_services/environment/ament_prefix_path.sh
[0.444s] -- Up-to-date: /home/ubuntu/ros2_ws/install/robovision_services/share/robovision_services/environment/ament_prefix_path.dsv
[0.444s] -- Up-to-date: /home/ubuntu/ros2_ws/install/robovision_services/share/robovision_services/environment/path.sh
[0.444s] -- Up-to-date: /home/ubuntu/ros2_ws/install/robovision_services/share/robovision_services/environment/path.dsv
[0.444s] -- Up-to-date: /home/ubuntu/ros2_ws/install/robovision_services/share/robovision_services/local_setup.bash
[0.444s] -- Up-to-date: /home/ubuntu/ros2_ws/install/robovision_services/share/robovision_services/local_setup.sh
[0.444s] -- Up-to-date: /home/ubuntu/ros2_ws/install/robovision_services/share/robovision_services/local_setup.zsh
[0.444s] -- Up-to-date: /home/ubuntu/ros2_ws/install/robovision_services/share/robovision_services/local_setup.dsv
[0.444s] -- Installing: /home/ubuntu/ros2_ws/install/robovision_services/share/robovision_services/package.dsv
[0.444s] -- Up-to-date: /home/ubuntu/ros2_ws/install/robovision_services/share/ament_index/resource_index/packages/robovision_services
[0.444s] -- Up-to-date: /home/ubuntu/ros2_ws/install/robovision_services/share/robovision_services/cmake/robovision_servicesConfig.cmake
[0.444s] -- Up-to-date: /home/ubuntu/ros2_ws/install/robovision_services/share/robovision_services/cmake/robovision_servicesConfig-version.cmake
[0.444s] -- Up-to-date: /home/ubuntu/ros2_ws/install/robovision_services/share/robovision_services/package.xml
[0.445s] Invoked command in '/home/ubuntu/ros2_ws/build/robovision_services' returned '0': CMAKE_PREFIX_PATH=/home/ubuntu/ros2_ws/install/robovision_interfaces:/home/ubuntu/ros2_ws/install/vision_opencv:/home/ubuntu/ros2_ws/install/robovision_services:/home/ubuntu/ros2_ws/install/robovision_rgbd:/home/ubuntu/ros2_ws/install/robovision_processing:/home/ubuntu/ros2_ws/install/robovision_images:/home/ubuntu/ros2_ws/install/image_geometry:/home/ubuntu/ros2_ws/install/cv_bridge:/home/ubuntu/ros2_openni_ws/install/openni2_camera:/opt/ros/jazzy/opt/gz_math_vendor:/opt/ros/jazzy/opt/gz_utils_vendor:/opt/ros/jazzy/opt/gz_cmake_vendor:/home/ubuntu/ros2_ws/install/opencv_tests:/opt/ros/jazzy PYTHONPATH=/home/ubuntu/ros2_ws/install/robovision_interfaces/lib/python3.12/site-packages:/home/ubuntu/ros2_ws/install/robovision_services/lib/python3.12/site-packages:/home/ubuntu/ros2_ws/install/robovision_rgbd/lib/python3.12/site-packages:/home/ubuntu/ros2_ws/install/robovision_processing/lib/python3.12/site-packages:/home/ubuntu/ros2_ws/install/robovision_images/lib/python3.12/site-packages:/home/ubuntu/ros2_ws/install/opencv_tests/lib/python3.12/site-packages:/home/ubuntu/ros2_ws/install/image_geometry/lib/python3.12/site-packages:/home/ubuntu/ros2_ws/install/cv_bridge/lib/python3.12/site-packages:/home/ubuntu/ros2_openni_ws/install/openni2_camera/lib/python3.12/site-packages:/opt/ros/jazzy/lib/python3.12/site-packages /usr/bin/cmake --install /home/ubuntu/ros2_ws/build/robovision_services
