[  1%] Built target openni2_camera__rosidl_generator_type_description
[  1%] Built target ament_cmake_python_copy_openni2_camera
[  5%] Built target usb_reset
[  7%] Built target openni2_camera__cpp
[ 16%] Built target openni2_camera__rosidl_generator_c
[ 24%] Built target openni2_camera_driver
[ 37%] Built target openni2_wrapper
[ 43%] Built target openni2_camera__rosidl_typesupport_introspection_c
[ 49%] Built target openni2_camera__rosidl_typesupport_cpp
[ 54%] Built target openni2_camera__rosidl_typesupport_fastrtps_cpp
[ 60%] Built target openni2_camera__rosidl_typesupport_fastrtps_c
[ 66%] Built target openni2_camera__rosidl_typesupport_c
[ 71%] Built target openni2_camera__rosidl_typesupport_introspection_cpp
[ 75%] Built target test_wrapper
[ 79%] Built target list_devices
[ 79%] Built target openni2_camera
[ 83%] Built target openni2_camera_lib
[ 84%] Built target openni2_camera__py
[ 88%] Built target openni2_camera__rosidl_generator_py
[ 96%] Built target openni2_camera_s__rosidl_typesupport_introspection_c
[ 96%] Built target openni2_camera_s__rosidl_typesupport_fastrtps_c
[100%] Built target openni2_camera_s__rosidl_typesupport_c
running egg_info
writing openni2_camera.egg-info/PKG-INFO
writing dependency_links to openni2_camera.egg-info/dependency_links.txt
writing top-level names to openni2_camera.egg-info/top_level.txt
reading manifest file 'openni2_camera.egg-info/SOURCES.txt'
writing manifest file 'openni2_camera.egg-info/SOURCES.txt'
[100%] Built target ament_cmake_python_build_openni2_camera_egg
-- Install configuration: ""
-- Up-to-date: /home/ubuntu/ros2_openni_ws/install/openni2_camera/share/ament_index/resource_index/rosidl_interfaces/openni2_camera
-- Up-to-date: /home/ubuntu/ros2_openni_ws/install/openni2_camera/share/openni2_camera/srv/GetSerial.json
-- Up-to-date: /home/ubuntu/ros2_openni_ws/install/openni2_camera/include/openni2_camera/openni2_camera
-- Up-to-date: /home/ubuntu/ros2_openni_ws/install/openni2_camera/include/openni2_camera/openni2_camera/msg
-- Up-to-date: /home/ubuntu/ros2_openni_ws/install/openni2_camera/include/openni2_camera/openni2_camera/msg/rosidl_generator_c__visibility_control.h
-- Up-to-date: /home/ubuntu/ros2_openni_ws/install/openni2_camera/include/openni2_camera/openni2_camera/srv
-- Up-to-date: /home/ubuntu/ros2_openni_ws/install/openni2_camera/include/openni2_camera/openni2_camera/srv/get_serial.h
-- Up-to-date: /home/ubuntu/ros2_openni_ws/install/openni2_camera/include/openni2_camera/openni2_camera/srv/detail
-- Up-to-date: /home/ubuntu/ros2_openni_ws/install/openni2_camera/include/openni2_camera/openni2_camera/srv/detail/get_serial__description.c
-- Up-to-date: /home/ubuntu/ros2_openni_ws/install/openni2_camera/include/openni2_camera/openni2_camera/srv/detail/get_serial__type_support.c
-- Up-to-date: /home/ubuntu/ros2_openni_ws/install/openni2_camera/include/openni2_camera/openni2_camera/srv/detail/get_serial__type_support.h
-- Up-to-date: /home/ubuntu/ros2_openni_ws/install/openni2_camera/include/openni2_camera/openni2_camera/srv/detail/get_serial__struct.h
-- Up-to-date: /home/ubuntu/ros2_openni_ws/install/openni2_camera/include/openni2_camera/openni2_camera/srv/detail/get_serial__functions.c
-- Up-to-date: /home/ubuntu/ros2_openni_ws/install/openni2_camera/include/openni2_camera/openni2_camera/srv/detail/get_serial__functions.h
-- Up-to-date: /home/ubuntu/ros2_openni_ws/install/openni2_camera/share/openni2_camera/environment/library_path.sh
-- Up-to-date: /home/ubuntu/ros2_openni_ws/install/openni2_camera/share/openni2_camera/environment/library_path.dsv
-- Up-to-date: /home/ubuntu/ros2_openni_ws/install/openni2_camera/lib/libopenni2_camera__rosidl_generator_c.so
-- Up-to-date: /home/ubuntu/ros2_openni_ws/install/openni2_camera/include/openni2_camera/openni2_camera
-- Up-to-date: /home/ubuntu/ros2_openni_ws/install/openni2_camera/include/openni2_camera/openni2_camera/msg
-- Up-to-date: /home/ubuntu/ros2_openni_ws/install/openni2_camera/include/openni2_camera/openni2_camera/msg/rosidl_typesupport_fastrtps_c__visibility_control.h
-- Up-to-date: /home/ubuntu/ros2_openni_ws/install/openni2_camera/include/openni2_camera/openni2_camera/srv
-- Up-to-date: /home/ubuntu/ros2_openni_ws/install/openni2_camera/include/openni2_camera/openni2_camera/srv/detail
-- Up-to-date: /home/ubuntu/ros2_openni_ws/install/openni2_camera/include/openni2_camera/openni2_camera/srv/detail/get_serial__rosidl_typesupport_fastrtps_c.h
-- Up-to-date: /home/ubuntu/ros2_openni_ws/install/openni2_camera/lib/libopenni2_camera__rosidl_typesupport_fastrtps_c.so
-- Up-to-date: /home/ubuntu/ros2_openni_ws/install/openni2_camera/include/openni2_camera/openni2_camera
-- Up-to-date: /home/ubuntu/ros2_openni_ws/install/openni2_camera/include/openni2_camera/openni2_camera/msg
-- Up-to-date: /home/ubuntu/ros2_openni_ws/install/openni2_camera/include/openni2_camera/openni2_camera/msg/rosidl_generator_cpp__visibility_control.hpp
-- Up-to-date: /home/ubuntu/ros2_openni_ws/install/openni2_camera/include/openni2_camera/openni2_camera/srv
-- Up-to-date: /home/ubuntu/ros2_openni_ws/install/openni2_camera/include/openni2_camera/openni2_camera/srv/get_serial.hpp
-- Up-to-date: /home/ubuntu/ros2_openni_ws/install/openni2_camera/include/openni2_camera/openni2_camera/srv/detail
-- Up-to-date: /home/ubuntu/ros2_openni_ws/install/openni2_camera/include/openni2_camera/openni2_camera/srv/detail/get_serial__traits.hpp
-- Up-to-date: /home/ubuntu/ros2_openni_ws/install/openni2_camera/include/openni2_camera/openni2_camera/srv/detail/get_serial__struct.hpp
-- Up-to-date: /home/ubuntu/ros2_openni_ws/install/openni2_camera/include/openni2_camera/openni2_camera/srv/detail/get_serial__builder.hpp
-- Up-to-date: /home/ubuntu/ros2_openni_ws/install/openni2_camera/include/openni2_camera/openni2_camera/srv/detail/get_serial__type_support.hpp
-- Up-to-date: /home/ubuntu/ros2_openni_ws/install/openni2_camera/include/openni2_camera/openni2_camera
-- Up-to-date: /home/ubuntu/ros2_openni_ws/install/openni2_camera/include/openni2_camera/openni2_camera/msg
-- Up-to-date: /home/ubuntu/ros2_openni_ws/install/openni2_camera/include/openni2_camera/openni2_camera/msg/rosidl_typesupport_fastrtps_cpp__visibility_control.h
-- Up-to-date: /home/ubuntu/ros2_openni_ws/install/openni2_camera/include/openni2_camera/openni2_camera/srv
-- Up-to-date: /home/ubuntu/ros2_openni_ws/install/openni2_camera/include/openni2_camera/openni2_camera/srv/detail
-- Up-to-date: /home/ubuntu/ros2_openni_ws/install/openni2_camera/include/openni2_camera/openni2_camera/srv/detail/get_serial__rosidl_typesupport_fastrtps_cpp.hpp
-- Up-to-date: /home/ubuntu/ros2_openni_ws/install/openni2_camera/include/openni2_camera/openni2_camera/srv/detail/dds_fastrtps
-- Up-to-date: /home/ubuntu/ros2_openni_ws/install/openni2_camera/lib/libopenni2_camera__rosidl_typesupport_fastrtps_cpp.so
-- Up-to-date: /home/ubuntu/ros2_openni_ws/install/openni2_camera/include/openni2_camera/openni2_camera
-- Up-to-date: /home/ubuntu/ros2_openni_ws/install/openni2_camera/include/openni2_camera/openni2_camera/msg
-- Up-to-date: /home/ubuntu/ros2_openni_ws/install/openni2_camera/include/openni2_camera/openni2_camera/msg/rosidl_typesupport_introspection_c__visibility_control.h
-- Up-to-date: /home/ubuntu/ros2_openni_ws/install/openni2_camera/include/openni2_camera/openni2_camera/srv
-- Up-to-date: /home/ubuntu/ros2_openni_ws/install/openni2_camera/include/openni2_camera/openni2_camera/srv/detail
-- Up-to-date: /home/ubuntu/ros2_openni_ws/install/openni2_camera/include/openni2_camera/openni2_camera/srv/detail/get_serial__type_support.c
-- Up-to-date: /home/ubuntu/ros2_openni_ws/install/openni2_camera/include/openni2_camera/openni2_camera/srv/detail/get_serial__rosidl_typesupport_introspection_c.h
-- Up-to-date: /home/ubuntu/ros2_openni_ws/install/openni2_camera/lib/libopenni2_camera__rosidl_typesupport_introspection_c.so
-- Up-to-date: /home/ubuntu/ros2_openni_ws/install/openni2_camera/lib/libopenni2_camera__rosidl_typesupport_c.so
-- Up-to-date: /home/ubuntu/ros2_openni_ws/install/openni2_camera/include/openni2_camera/openni2_camera
-- Up-to-date: /home/ubuntu/ros2_openni_ws/install/openni2_camera/include/openni2_camera/openni2_camera/srv
-- Up-to-date: /home/ubuntu/ros2_openni_ws/install/openni2_camera/include/openni2_camera/openni2_camera/srv/detail
-- Up-to-date: /home/ubuntu/ros2_openni_ws/install/openni2_camera/include/openni2_camera/openni2_camera/srv/detail/get_serial__type_support.cpp
-- Up-to-date: /home/ubuntu/ros2_openni_ws/install/openni2_camera/include/openni2_camera/openni2_camera/srv/detail/get_serial__rosidl_typesupport_introspection_cpp.hpp
-- Up-to-date: /home/ubuntu/ros2_openni_ws/install/openni2_camera/lib/libopenni2_camera__rosidl_typesupport_introspection_cpp.so
-- Up-to-date: /home/ubuntu/ros2_openni_ws/install/openni2_camera/lib/libopenni2_camera__rosidl_typesupport_cpp.so
-- Up-to-date: /home/ubuntu/ros2_openni_ws/install/openni2_camera/share/openni2_camera/environment/pythonpath.sh
-- Up-to-date: /home/ubuntu/ros2_openni_ws/install/openni2_camera/share/openni2_camera/environment/pythonpath.dsv
-- Up-to-date: /home/ubuntu/ros2_openni_ws/install/openni2_camera/lib/python3.12/site-packages/openni2_camera-2.3.0-py3.12.egg-info
-- Installing: /home/ubuntu/ros2_openni_ws/install/openni2_camera/lib/python3.12/site-packages/openni2_camera-2.3.0-py3.12.egg-info/top_level.txt
-- Installing: /home/ubuntu/ros2_openni_ws/install/openni2_camera/lib/python3.12/site-packages/openni2_camera-2.3.0-py3.12.egg-info/dependency_links.txt
-- Installing: /home/ubuntu/ros2_openni_ws/install/openni2_camera/lib/python3.12/site-packages/openni2_camera-2.3.0-py3.12.egg-info/PKG-INFO
-- Installing: /home/ubuntu/ros2_openni_ws/install/openni2_camera/lib/python3.12/site-packages/openni2_camera-2.3.0-py3.12.egg-info/SOURCES.txt
-- Up-to-date: /home/ubuntu/ros2_openni_ws/install/openni2_camera/lib/python3.12/site-packages/openni2_camera
-- Up-to-date: /home/ubuntu/ros2_openni_ws/install/openni2_camera/lib/python3.12/site-packages/openni2_camera/openni2_camera_s__rosidl_typesupport_fastrtps_c.so
-- Up-to-date: /home/ubuntu/ros2_openni_ws/install/openni2_camera/lib/python3.12/site-packages/openni2_camera/_openni2_camera_s.ep.rosidl_typesupport_c.c
-- Up-to-date: /home/ubuntu/ros2_openni_ws/install/openni2_camera/lib/python3.12/site-packages/openni2_camera/openni2_camera_s__rosidl_typesupport_c.so
-- Up-to-date: /home/ubuntu/ros2_openni_ws/install/openni2_camera/lib/python3.12/site-packages/openni2_camera/srv
-- Up-to-date: /home/ubuntu/ros2_openni_ws/install/openni2_camera/lib/python3.12/site-packages/openni2_camera/srv/_get_serial_s.c
-- Up-to-date: /home/ubuntu/ros2_openni_ws/install/openni2_camera/lib/python3.12/site-packages/openni2_camera/srv/_get_serial.py
-- Up-to-date: /home/ubuntu/ros2_openni_ws/install/openni2_camera/lib/python3.12/site-packages/openni2_camera/srv/__init__.py
-- Up-to-date: /home/ubuntu/ros2_openni_ws/install/openni2_camera/lib/python3.12/site-packages/openni2_camera/_openni2_camera_s.ep.rosidl_typesupport_introspection_c.c
-- Up-to-date: /home/ubuntu/ros2_openni_ws/install/openni2_camera/lib/python3.12/site-packages/openni2_camera/openni2_camera_s__rosidl_typesupport_introspection_c.so
-- Up-to-date: /home/ubuntu/ros2_openni_ws/install/openni2_camera/lib/python3.12/site-packages/openni2_camera/_openni2_camera_s.ep.rosidl_typesupport_fastrtps_c.c
-- Up-to-date: /home/ubuntu/ros2_openni_ws/install/openni2_camera/lib/python3.12/site-packages/openni2_camera/__init__.py
Listing '/home/ubuntu/ros2_openni_ws/install/openni2_camera/lib/python3.12/site-packages/openni2_camera'...
Listing '/home/ubuntu/ros2_openni_ws/install/openni2_camera/lib/python3.12/site-packages/openni2_camera/srv'...
-- Up-to-date: /home/ubuntu/ros2_openni_ws/install/openni2_camera/lib/python3.12/site-packages/openni2_camera/openni2_camera_s__rosidl_typesupport_fastrtps_c.so
-- Up-to-date: /home/ubuntu/ros2_openni_ws/install/openni2_camera/lib/python3.12/site-packages/openni2_camera/openni2_camera_s__rosidl_typesupport_introspection_c.so
-- Up-to-date: /home/ubuntu/ros2_openni_ws/install/openni2_camera/lib/python3.12/site-packages/openni2_camera/openni2_camera_s__rosidl_typesupport_c.so
-- Up-to-date: /home/ubuntu/ros2_openni_ws/install/openni2_camera/lib/libopenni2_camera__rosidl_generator_py.so
-- Up-to-date: /home/ubuntu/ros2_openni_ws/install/openni2_camera/share/openni2_camera/srv/GetSerial.idl
-- Up-to-date: /home/ubuntu/ros2_openni_ws/install/openni2_camera/share/openni2_camera/srv/GetSerial.srv
-- Up-to-date: /home/ubuntu/ros2_openni_ws/install/openni2_camera/lib/openni2_camera/openni2_camera_driver
-- Up-to-date: /home/ubuntu/ros2_openni_ws/install/openni2_camera/lib/openni2_camera/list_devices
-- Up-to-date: /home/ubuntu/ros2_openni_ws/install/openni2_camera/lib/libopenni2_camera_lib.so
-- Up-to-date: /home/ubuntu/ros2_openni_ws/install/openni2_camera/lib/libopenni2_wrapper.so
-- Up-to-date: /home/ubuntu/ros2_openni_ws/install/openni2_camera/lib/openni2_camera/usb_reset
-- Up-to-date: /home/ubuntu/ros2_openni_ws/install/openni2_camera/include
-- Up-to-date: /home/ubuntu/ros2_openni_ws/install/openni2_camera/include/openni2_camera
-- Up-to-date: /home/ubuntu/ros2_openni_ws/install/openni2_camera/include/openni2_camera/openni2_timer_filter.h
-- Up-to-date: /home/ubuntu/ros2_openni_ws/install/openni2_camera/include/openni2_camera/openni2_frame_listener.h
-- Up-to-date: /home/ubuntu/ros2_openni_ws/install/openni2_camera/include/openni2_camera/openni2_device_info.h
-- Up-to-date: /home/ubuntu/ros2_openni_ws/install/openni2_camera/include/openni2_camera/openni2_driver.h
-- Up-to-date: /home/ubuntu/ros2_openni_ws/install/openni2_camera/include/openni2_camera/openni2_device_manager.h
-- Up-to-date: /home/ubuntu/ros2_openni_ws/install/openni2_camera/include/openni2_camera/openni2_convert.h
-- Up-to-date: /home/ubuntu/ros2_openni_ws/install/openni2_camera/include/openni2_camera/openni2_exception.h
-- Up-to-date: /home/ubuntu/ros2_openni_ws/install/openni2_camera/include/openni2_camera/openni2_video_mode.h
-- Up-to-date: /home/ubuntu/ros2_openni_ws/install/openni2_camera/include/openni2_camera/openni2_device.h
-- Up-to-date: /home/ubuntu/ros2_openni_ws/install/openni2_camera/share/openni2_camera//launch
-- Up-to-date: /home/ubuntu/ros2_openni_ws/install/openni2_camera/share/openni2_camera//launch/tfs.launch.py
-- Up-to-date: /home/ubuntu/ros2_openni_ws/install/openni2_camera/share/openni2_camera//launch/camera_with_cloud_norgb.launch.py
-- Up-to-date: /home/ubuntu/ros2_openni_ws/install/openni2_camera/share/openni2_camera//launch/camera_with_cloud.launch.py
-- Up-to-date: /home/ubuntu/ros2_openni_ws/install/openni2_camera/share/openni2_camera//launch/camera_only.launch.py
-- Up-to-date: /home/ubuntu/ros2_openni_ws/install/openni2_camera/share/ament_index/resource_index/package_run_dependencies/openni2_camera
-- Up-to-date: /home/ubuntu/ros2_openni_ws/install/openni2_camera/share/ament_index/resource_index/parent_prefix_path/openni2_camera
-- Up-to-date: /home/ubuntu/ros2_openni_ws/install/openni2_camera/share/openni2_camera/environment/ament_prefix_path.sh
-- Up-to-date: /home/ubuntu/ros2_openni_ws/install/openni2_camera/share/openni2_camera/environment/ament_prefix_path.dsv
-- Up-to-date: /home/ubuntu/ros2_openni_ws/install/openni2_camera/share/openni2_camera/environment/path.sh
-- Up-to-date: /home/ubuntu/ros2_openni_ws/install/openni2_camera/share/openni2_camera/environment/path.dsv
-- Up-to-date: /home/ubuntu/ros2_openni_ws/install/openni2_camera/share/openni2_camera/local_setup.bash
-- Up-to-date: /home/ubuntu/ros2_openni_ws/install/openni2_camera/share/openni2_camera/local_setup.sh
-- Up-to-date: /home/ubuntu/ros2_openni_ws/install/openni2_camera/share/openni2_camera/local_setup.zsh
-- Up-to-date: /home/ubuntu/ros2_openni_ws/install/openni2_camera/share/openni2_camera/local_setup.dsv
-- Installing: /home/ubuntu/ros2_openni_ws/install/openni2_camera/share/openni2_camera/package.dsv
-- Up-to-date: /home/ubuntu/ros2_openni_ws/install/openni2_camera/share/ament_index/resource_index/packages/openni2_camera
-- Up-to-date: /home/ubuntu/ros2_openni_ws/install/openni2_camera/share/openni2_camera/cmake/export_openni2_camera__rosidl_generator_cExport.cmake
-- Up-to-date: /home/ubuntu/ros2_openni_ws/install/openni2_camera/share/openni2_camera/cmake/export_openni2_camera__rosidl_generator_cExport-noconfig.cmake
-- Up-to-date: /home/ubuntu/ros2_openni_ws/install/openni2_camera/share/openni2_camera/cmake/export_openni2_camera__rosidl_typesupport_fastrtps_cExport.cmake
-- Up-to-date: /home/ubuntu/ros2_openni_ws/install/openni2_camera/share/openni2_camera/cmake/export_openni2_camera__rosidl_typesupport_fastrtps_cExport-noconfig.cmake
-- Up-to-date: /home/ubuntu/ros2_openni_ws/install/openni2_camera/share/openni2_camera/cmake/export_openni2_camera__rosidl_generator_cppExport.cmake
-- Up-to-date: /home/ubuntu/ros2_openni_ws/install/openni2_camera/share/openni2_camera/cmake/export_openni2_camera__rosidl_typesupport_fastrtps_cppExport.cmake
-- Up-to-date: /home/ubuntu/ros2_openni_ws/install/openni2_camera/share/openni2_camera/cmake/export_openni2_camera__rosidl_typesupport_fastrtps_cppExport-noconfig.cmake
-- Up-to-date: /home/ubuntu/ros2_openni_ws/install/openni2_camera/share/openni2_camera/cmake/openni2_camera__rosidl_typesupport_introspection_cExport.cmake
-- Up-to-date: /home/ubuntu/ros2_openni_ws/install/openni2_camera/share/openni2_camera/cmake/openni2_camera__rosidl_typesupport_introspection_cExport-noconfig.cmake
-- Up-to-date: /home/ubuntu/ros2_openni_ws/install/openni2_camera/share/openni2_camera/cmake/openni2_camera__rosidl_typesupport_cExport.cmake
-- Up-to-date: /home/ubuntu/ros2_openni_ws/install/openni2_camera/share/openni2_camera/cmake/openni2_camera__rosidl_typesupport_cExport-noconfig.cmake
-- Up-to-date: /home/ubuntu/ros2_openni_ws/install/openni2_camera/share/openni2_camera/cmake/openni2_camera__rosidl_typesupport_introspection_cppExport.cmake
-- Up-to-date: /home/ubuntu/ros2_openni_ws/install/openni2_camera/share/openni2_camera/cmake/openni2_camera__rosidl_typesupport_introspection_cppExport-noconfig.cmake
-- Up-to-date: /home/ubuntu/ros2_openni_ws/install/openni2_camera/share/openni2_camera/cmake/openni2_camera__rosidl_typesupport_cppExport.cmake
-- Up-to-date: /home/ubuntu/ros2_openni_ws/install/openni2_camera/share/openni2_camera/cmake/openni2_camera__rosidl_typesupport_cppExport-noconfig.cmake
-- Up-to-date: /home/ubuntu/ros2_openni_ws/install/openni2_camera/share/openni2_camera/cmake/export_openni2_camera__rosidl_generator_pyExport.cmake
-- Up-to-date: /home/ubuntu/ros2_openni_ws/install/openni2_camera/share/openni2_camera/cmake/export_openni2_camera__rosidl_generator_pyExport-noconfig.cmake
-- Up-to-date: /home/ubuntu/ros2_openni_ws/install/openni2_camera/share/ament_index/resource_index/rclcpp_components/openni2_camera
-- Up-to-date: /home/ubuntu/ros2_openni_ws/install/openni2_camera/share/openni2_camera/cmake/rosidl_cmake-extras.cmake
-- Up-to-date: /home/ubuntu/ros2_openni_ws/install/openni2_camera/share/openni2_camera/cmake/ament_cmake_export_dependencies-extras.cmake
-- Up-to-date: /home/ubuntu/ros2_openni_ws/install/openni2_camera/share/openni2_camera/cmake/ament_cmake_export_include_directories-extras.cmake
-- Up-to-date: /home/ubuntu/ros2_openni_ws/install/openni2_camera/share/openni2_camera/cmake/ament_cmake_export_libraries-extras.cmake
-- Up-to-date: /home/ubuntu/ros2_openni_ws/install/openni2_camera/share/openni2_camera/cmake/ament_cmake_export_targets-extras.cmake
-- Up-to-date: /home/ubuntu/ros2_openni_ws/install/openni2_camera/share/openni2_camera/cmake/rosidl_cmake_export_typesupport_targets-extras.cmake
-- Up-to-date: /home/ubuntu/ros2_openni_ws/install/openni2_camera/share/openni2_camera/cmake/rosidl_cmake_export_typesupport_libraries-extras.cmake
-- Up-to-date: /home/ubuntu/ros2_openni_ws/install/openni2_camera/share/openni2_camera/cmake/openni2_cameraConfig.cmake
-- Up-to-date: /home/ubuntu/ros2_openni_ws/install/openni2_camera/share/openni2_camera/cmake/openni2_cameraConfig-version.cmake
-- Up-to-date: /home/ubuntu/ros2_openni_ws/install/openni2_camera/share/openni2_camera/package.xml
