[0.018s] Invoking command in '/home/ubuntu/ros2_ws/build/robovision_rgbd': CMAKE_PREFIX_PATH=${CMAKE_PREFIX_PATH}:/home/ubuntu/ros2_ws/install/opencv_tests:/opt/ros/jazzy /usr/bin/cmake --build /home/ubuntu/ros2_ws/build/robovision_rgbd -- -j16 -l16
[0.082s] [  0%] Built target ament_cmake_python_copy_robovision_rgbd
[0.090s] [100%] Built target rgbd_reader
[0.247s] running egg_info
[0.256s] writing robovision_rgbd.egg-info/PKG-INFO
[0.256s] writing dependency_links to robovision_rgbd.egg-info/dependency_links.txt
[0.257s] writing top-level names to robovision_rgbd.egg-info/top_level.txt
[0.290s] reading manifest file 'robovision_rgbd.egg-info/SOURCES.txt'
[0.291s] writing manifest file 'robovision_rgbd.egg-info/SOURCES.txt'
[0.314s] [100%] Built target ament_cmake_python_build_robovision_rgbd_egg
[0.328s] Invoked command in '/home/ubuntu/ros2_ws/build/robovision_rgbd' returned '0': CMAKE_PREFIX_PATH=${CMAKE_PREFIX_PATH}:/home/ubuntu/ros2_ws/install/opencv_tests:/opt/ros/jazzy /usr/bin/cmake --build /home/ubuntu/ros2_ws/build/robovision_rgbd -- -j16 -l16
[0.329s] Invoking command in '/home/ubuntu/ros2_ws/build/robovision_rgbd': CMAKE_PREFIX_PATH=${CMAKE_PREFIX_PATH}:/home/ubuntu/ros2_ws/install/opencv_tests:/opt/ros/jazzy /usr/bin/cmake --install /home/ubuntu/ros2_ws/build/robovision_rgbd
[0.335s] -- Install configuration: ""
[0.335s] -- Up-to-date: /home/ubuntu/ros2_ws/install/robovision_rgbd/share/robovision_rgbd/environment/pythonpath.sh
[0.335s] -- Up-to-date: /home/ubuntu/ros2_ws/install/robovision_rgbd/share/robovision_rgbd/environment/pythonpath.dsv
[0.335s] -- Up-to-date: /home/ubuntu/ros2_ws/install/robovision_rgbd/lib/python3.12/site-packages/robovision_rgbd-0.0.0-py3.12.egg-info
[0.335s] -- Installing: /home/ubuntu/ros2_ws/install/robovision_rgbd/lib/python3.12/site-packages/robovision_rgbd-0.0.0-py3.12.egg-info/top_level.txt
[0.336s] -- Installing: /home/ubuntu/ros2_ws/install/robovision_rgbd/lib/python3.12/site-packages/robovision_rgbd-0.0.0-py3.12.egg-info/dependency_links.txt
[0.336s] -- Installing: /home/ubuntu/ros2_ws/install/robovision_rgbd/lib/python3.12/site-packages/robovision_rgbd-0.0.0-py3.12.egg-info/PKG-INFO
[0.336s] -- Installing: /home/ubuntu/ros2_ws/install/robovision_rgbd/lib/python3.12/site-packages/robovision_rgbd-0.0.0-py3.12.egg-info/SOURCES.txt
[0.336s] -- Up-to-date: /home/ubuntu/ros2_ws/install/robovision_rgbd/lib/python3.12/site-packages/robovision_rgbd
[0.336s] -- Up-to-date: /home/ubuntu/ros2_ws/install/robovision_rgbd/lib/python3.12/site-packages/robovision_rgbd/__init__.py
[0.361s] Listing '/home/ubuntu/ros2_ws/install/robovision_rgbd/lib/python3.12/site-packages/robovision_rgbd'...
[0.365s] -- Up-to-date: /home/ubuntu/ros2_ws/install/robovision_rgbd/lib/robovision_rgbd/rgbd_reader
[0.366s] -- Installing: /home/ubuntu/ros2_ws/install/robovision_rgbd/lib/robovision_rgbd/rgbd_reader.py
[0.368s] -- Up-to-date: /home/ubuntu/ros2_ws/install/robovision_rgbd/share/ament_index/resource_index/package_run_dependencies/robovision_rgbd
[0.368s] -- Up-to-date: /home/ubuntu/ros2_ws/install/robovision_rgbd/share/ament_index/resource_index/parent_prefix_path/robovision_rgbd
[0.368s] -- Up-to-date: /home/ubuntu/ros2_ws/install/robovision_rgbd/share/robovision_rgbd/environment/ament_prefix_path.sh
[0.368s] -- Up-to-date: /home/ubuntu/ros2_ws/install/robovision_rgbd/share/robovision_rgbd/environment/ament_prefix_path.dsv
[0.368s] -- Up-to-date: /home/ubuntu/ros2_ws/install/robovision_rgbd/share/robovision_rgbd/environment/path.sh
[0.369s] -- Up-to-date: /home/ubuntu/ros2_ws/install/robovision_rgbd/share/robovision_rgbd/environment/path.dsv
[0.369s] -- Up-to-date: /home/ubuntu/ros2_ws/install/robovision_rgbd/share/robovision_rgbd/local_setup.bash
[0.369s] -- Up-to-date: /home/ubuntu/ros2_ws/install/robovision_rgbd/share/robovision_rgbd/local_setup.sh
[0.369s] -- Up-to-date: /home/ubuntu/ros2_ws/install/robovision_rgbd/share/robovision_rgbd/local_setup.zsh
[0.369s] -- Up-to-date: /home/ubuntu/ros2_ws/install/robovision_rgbd/share/robovision_rgbd/local_setup.dsv
[0.369s] -- Installing: /home/ubuntu/ros2_ws/install/robovision_rgbd/share/robovision_rgbd/package.dsv
[0.369s] -- Up-to-date: /home/ubuntu/ros2_ws/install/robovision_rgbd/share/ament_index/resource_index/packages/robovision_rgbd
[0.369s] -- Up-to-date: /home/ubuntu/ros2_ws/install/robovision_rgbd/share/robovision_rgbd/cmake/robovision_rgbdConfig.cmake
[0.369s] -- Up-to-date: /home/ubuntu/ros2_ws/install/robovision_rgbd/share/robovision_rgbd/cmake/robovision_rgbdConfig-version.cmake
[0.370s] -- Up-to-date: /home/ubuntu/ros2_ws/install/robovision_rgbd/share/robovision_rgbd/package.xml
[0.398s] Invoked command in '/home/ubuntu/ros2_ws/build/robovision_rgbd' returned '0': CMAKE_PREFIX_PATH=${CMAKE_PREFIX_PATH}:/home/ubuntu/ros2_ws/install/opencv_tests:/opt/ros/jazzy /usr/bin/cmake --install /home/ubuntu/ros2_ws/build/robovision_rgbd
