-- The C compiler identification is GNU 13.3.0
-- The CXX compiler identification is GNU 13.3.0
-- Detecting C compiler ABI info
-- Detecting C compiler ABI info - done
-- Check for working C compiler: /usr/bin/cc - skipped
-- Detecting C compile features
-- Detecting C compile features - done
-- Detecting CXX compiler ABI info
-- Detecting CXX compiler ABI info - done
-- Check for working CXX compiler: /usr/bin/c++ - skipped
-- Detecting CXX compile features
-- Detecting CXX compile features - done
-- Found ament_cmake: 2.5.4 (/opt/ros/jazzy/share/ament_cmake/cmake)
-- Found Python3: /usr/bin/python3 (found version "3.12.3") found components: Interpreter 
-- Found rclcpp: 28.1.9 (/opt/ros/jazzy/share/rclcpp/cmake)
-- Found rosidl_generator_c: 4.6.5 (/opt/ros/jazzy/share/rosidl_generator_c/cmake)
-- Found rosidl_generator_cpp: 4.6.5 (/opt/ros/jazzy/share/rosidl_generator_cpp/cmake)
-- Using all available rosidl_typesupport_c: rosidl_typesupport_fastrtps_c;rosidl_typesupport_introspection_c
-- Using all available rosidl_typesupport_cpp: rosidl_typesupport_fastrtps_cpp;rosidl_typesupport_introspection_cpp
-- Found rmw_implementation_cmake: 7.3.2 (/opt/ros/jazzy/share/rmw_implementation_cmake/cmake)
-- Found rmw_fastrtps_cpp: 8.4.2 (/opt/ros/jazzy/share/rmw_fastrtps_cpp/cmake)
-- Found OpenSSL: /usr/lib/x86_64-linux-gnu/libcrypto.so (found version "3.0.13")  
-- Found FastRTPS: /opt/ros/jazzy/include (Required is at least version "2.13") 
-- Using RMW implementation 'rmw_fastrtps_cpp' as default
-- Found OpenCV: /usr (found version "4.6.0") 
-- Found cv_bridge: 3.2.1 (/home/ubuntu/ros2_ws/install/cv_bridge/share/cv_bridge/cmake)
-- Configuring done (3.1s)
-- Generating done (0.0s)
-- Build files have been written to: /home/ubuntu/ros2_ws/build/robovision_images
[ 16%] [32mBuilding CXX object CMakeFiles/my_camera_publisher.dir/src/my_camera_publisher.cpp.o[0m
[ 33%] [32mBuilding CXX object CMakeFiles/my_subscriber.dir/src/my_subscriber.cpp.o[0m
[ 50%] [32mBuilding CXX object CMakeFiles/my_publisher.dir/src/my_publisher.cpp.o[0m
[ 50%] Built target ament_cmake_python_copy_robovision_images
running egg_info
creating robovision_images.egg-info
writing robovision_images.egg-info/PKG-INFO
writing dependency_links to robovision_images.egg-info/dependency_links.txt
writing top-level names to robovision_images.egg-info/top_level.txt
writing manifest file 'robovision_images.egg-info/SOURCES.txt'
reading manifest file 'robovision_images.egg-info/SOURCES.txt'
writing manifest file 'robovision_images.egg-info/SOURCES.txt'
[ 50%] Built target ament_cmake_python_build_robovision_images_egg
[ 66%] [32m[1mLinking CXX executable my_camera_publisher[0m
[ 83%] [32m[1mLinking CXX executable my_publisher[0m
[ 83%] Built target my_publisher
[ 83%] Built target my_camera_publisher
[100%] [32m[1mLinking CXX executable my_subscriber[0m
[100%] Built target my_subscriber
-- Install configuration: ""
-- Installing: /home/ubuntu/ros2_ws/install/robovision_images/share/robovision_images/environment/pythonpath.sh
-- Installing: /home/ubuntu/ros2_ws/install/robovision_images/share/robovision_images/environment/pythonpath.dsv
-- Installing: /home/ubuntu/ros2_ws/install/robovision_images/lib/python3.12/site-packages/robovision_images-0.0.0-py3.12.egg-info
-- Installing: /home/ubuntu/ros2_ws/install/robovision_images/lib/python3.12/site-packages/robovision_images-0.0.0-py3.12.egg-info/top_level.txt
-- Installing: /home/ubuntu/ros2_ws/install/robovision_images/lib/python3.12/site-packages/robovision_images-0.0.0-py3.12.egg-info/dependency_links.txt
-- Installing: /home/ubuntu/ros2_ws/install/robovision_images/lib/python3.12/site-packages/robovision_images-0.0.0-py3.12.egg-info/PKG-INFO
-- Installing: /home/ubuntu/ros2_ws/install/robovision_images/lib/python3.12/site-packages/robovision_images-0.0.0-py3.12.egg-info/SOURCES.txt
-- Installing: /home/ubuntu/ros2_ws/install/robovision_images/lib/python3.12/site-packages/robovision_images
-- Installing: /home/ubuntu/ros2_ws/install/robovision_images/lib/python3.12/site-packages/robovision_images/__init__.py
Listing '/home/ubuntu/ros2_ws/install/robovision_images/lib/python3.12/site-packages/robovision_images'...
Compiling '/home/ubuntu/ros2_ws/install/robovision_images/lib/python3.12/site-packages/robovision_images/__init__.py'...
-- Installing: /home/ubuntu/ros2_ws/install/robovision_images/lib/robovision_images/my_publisher
-- Set non-toolchain portion of runtime path of "/home/ubuntu/ros2_ws/install/robovision_images/lib/robovision_images/my_publisher" to ""
-- Installing: /home/ubuntu/ros2_ws/install/robovision_images/lib/robovision_images/my_camera_publisher
-- Set non-toolchain portion of runtime path of "/home/ubuntu/ros2_ws/install/robovision_images/lib/robovision_images/my_camera_publisher" to ""
-- Installing: /home/ubuntu/ros2_ws/install/robovision_images/lib/robovision_images/my_subscriber
-- Set non-toolchain portion of runtime path of "/home/ubuntu/ros2_ws/install/robovision_images/lib/robovision_images/my_subscriber" to ""
-- Installing: /home/ubuntu/ros2_ws/install/robovision_images/lib/robovision_images/my_subscriber.py
-- Installing: /home/ubuntu/ros2_ws/install/robovision_images/share/ament_index/resource_index/package_run_dependencies/robovision_images
-- Installing: /home/ubuntu/ros2_ws/install/robovision_images/share/ament_index/resource_index/parent_prefix_path/robovision_images
-- Installing: /home/ubuntu/ros2_ws/install/robovision_images/share/robovision_images/environment/ament_prefix_path.sh
-- Installing: /home/ubuntu/ros2_ws/install/robovision_images/share/robovision_images/environment/ament_prefix_path.dsv
-- Installing: /home/ubuntu/ros2_ws/install/robovision_images/share/robovision_images/environment/path.sh
-- Installing: /home/ubuntu/ros2_ws/install/robovision_images/share/robovision_images/environment/path.dsv
-- Installing: /home/ubuntu/ros2_ws/install/robovision_images/share/robovision_images/local_setup.bash
-- Installing: /home/ubuntu/ros2_ws/install/robovision_images/share/robovision_images/local_setup.sh
-- Installing: /home/ubuntu/ros2_ws/install/robovision_images/share/robovision_images/local_setup.zsh
-- Installing: /home/ubuntu/ros2_ws/install/robovision_images/share/robovision_images/local_setup.dsv
-- Installing: /home/ubuntu/ros2_ws/install/robovision_images/share/robovision_images/package.dsv
-- Installing: /home/ubuntu/ros2_ws/install/robovision_images/share/ament_index/resource_index/packages/robovision_images
-- Installing: /home/ubuntu/ros2_ws/install/robovision_images/share/robovision_images/cmake/robovision_imagesConfig.cmake
-- Installing: /home/ubuntu/ros2_ws/install/robovision_images/share/robovision_images/cmake/robovision_imagesConfig-version.cmake
-- Installing: /home/ubuntu/ros2_ws/install/robovision_images/share/robovision_images/package.xml
