[0.009s] Invoking command in '/home/ubuntu/ros2_ws/build/image_geometry': CMAKE_PREFIX_PATH=${CMAKE_PREFIX_PATH}:/opt/ros/jazzy /usr/bin/cmake /home/ubuntu/ros2_ws/src/vision_opencv/image_geometry -DCMAKE_INSTALL_PREFIX=/home/ubuntu/ros2_ws/install/image_geometry
[0.154s] -- The C compiler identification is GNU 13.3.0
[0.490s] -- The CXX compiler identification is GNU 13.3.0
[0.716s] -- Detecting C compiler ABI info
[0.832s] -- Detecting C compiler ABI info - done
[0.837s] -- Check for working C compiler: /usr/bin/cc - skipped
[0.837s] -- Detecting C compile features
[0.837s] -- Detecting C compile features - done
[0.866s] -- Detecting CXX compiler ABI info
[0.979s] -- Detecting CXX compiler ABI info - done
[0.985s] -- Check for working CXX compiler: /usr/bin/c++ - skipped
[0.985s] -- Detecting CXX compile features
[0.985s] -- Detecting CXX compile features - done
[0.992s] -- Found ament_cmake_python: 2.5.4 (/opt/ros/jazzy/share/ament_cmake_python/cmake)
[0.993s] -- Found ament_cmake_ros: 0.12.0 (/opt/ros/jazzy/share/ament_cmake_ros/cmake)
[1.089s] -- Found Python3: /usr/bin/python3 (found version "3.12.3") found components: Interpreter 
[1.241s] -- Found OpenCV: /usr (found version "4.6.0") found components: calib3d core highgui imgproc 
[1.243s] -- Found sensor_msgs: 5.3.6 (/opt/ros/jazzy/share/sensor_msgs/cmake)
[1.473s] -- Found rosidl_generator_c: 4.6.5 (/opt/ros/jazzy/share/rosidl_generator_c/cmake)
[1.484s] -- Found rosidl_generator_cpp: 4.6.5 (/opt/ros/jazzy/share/rosidl_generator_cpp/cmake)
[1.500s] -- Using all available rosidl_typesupport_c: rosidl_typesupport_fastrtps_c;rosidl_typesupport_introspection_c
[1.515s] -- Using all available rosidl_typesupport_cpp: rosidl_typesupport_fastrtps_cpp;rosidl_typesupport_introspection_cpp
[1.922s] -- Found gtest sources under '/opt/ros/jazzy/src/gtest_vendor': C++ tests using 'Google Test' will be built
[1.926s] -- Performing Test CMAKE_HAVE_LIBC_PTHREAD
[2.049s] -- Performing Test CMAKE_HAVE_LIBC_PTHREAD - Success
[2.050s] -- Found Threads: TRUE  
[2.110s] -- Configuring done (2.1s)
[2.124s] -- Generating done (0.0s)
[2.128s] -- Build files have been written to: /home/ubuntu/ros2_ws/build/image_geometry
[2.133s] Invoked command in '/home/ubuntu/ros2_ws/build/image_geometry' returned '0': CMAKE_PREFIX_PATH=${CMAKE_PREFIX_PATH}:/opt/ros/jazzy /usr/bin/cmake /home/ubuntu/ros2_ws/src/vision_opencv/image_geometry -DCMAKE_INSTALL_PREFIX=/home/ubuntu/ros2_ws/install/image_geometry
[2.134s] Invoking command in '/home/ubuntu/ros2_ws/build/image_geometry': CMAKE_PREFIX_PATH=${CMAKE_PREFIX_PATH}:/opt/ros/jazzy /usr/bin/cmake --build /home/ubuntu/ros2_ws/build/image_geometry -- -j16 -l16
[2.164s] [  9%] [32mBuilding CXX object CMakeFiles/image_geometry.dir/src/pinhole_camera_model.cpp.o[0m
[2.164s] [ 18%] [32mBuilding CXX object gtest/CMakeFiles/gtest_main.dir/src/gtest_main.cc.o[0m
[2.164s] [ 27%] [32mBuilding CXX object gtest/CMakeFiles/gtest.dir/src/gtest-all.cc.o[0m
[2.164s] [ 36%] [32mBuilding CXX object CMakeFiles/image_geometry.dir/src/stereo_camera_model.cpp.o[0m
[2.169s] [ 36%] Built target ament_cmake_python_copy_image_geometry
[2.301s] running egg_info
[2.301s] creating image_geometry.egg-info
[2.311s] writing image_geometry.egg-info/PKG-INFO
[2.311s] writing dependency_links to image_geometry.egg-info/dependency_links.txt
[2.312s] writing top-level names to image_geometry.egg-info/top_level.txt
[2.312s] writing manifest file 'image_geometry.egg-info/SOURCES.txt'
[2.341s] reading manifest file 'image_geometry.egg-info/SOURCES.txt'
[2.341s] writing manifest file 'image_geometry.egg-info/SOURCES.txt'
[2.360s] [ 36%] Built target ament_cmake_python_build_image_geometry_egg
[2.799s] [ 45%] [32m[1mLinking CXX static library libgtest_main.a[0m
[2.824s] [ 45%] Built target gtest_main
[3.018s] [ 54%] [32m[1mLinking CXX shared library libimage_geometry.so[0m
[3.170s] [ 54%] Built target image_geometry
[4.753s] [ 63%] [32m[1mLinking CXX static library libgtest.a[0m
[4.791s] [ 63%] Built target gtest
[4.804s] [ 72%] [32mBuilding CXX object test/CMakeFiles/image_geometry-utest.dir/utest.cpp.o[0m
[4.804s] [ 81%] [32mBuilding CXX object test/CMakeFiles/image_geometry-utest-equi.dir/utest_equi.cpp.o[0m
[5.817s] [ 90%] [32m[1mLinking CXX executable image_geometry-utest-equi[0m
[5.889s] [100%] [32m[1mLinking CXX executable image_geometry-utest[0m
[6.153s] [100%] Built target image_geometry-utest-equi
[6.165s] [100%] Built target image_geometry-utest
[6.172s] Invoked command in '/home/ubuntu/ros2_ws/build/image_geometry' returned '0': CMAKE_PREFIX_PATH=${CMAKE_PREFIX_PATH}:/opt/ros/jazzy /usr/bin/cmake --build /home/ubuntu/ros2_ws/build/image_geometry -- -j16 -l16
[6.178s] Invoking command in '/home/ubuntu/ros2_ws/build/image_geometry': CMAKE_PREFIX_PATH=${CMAKE_PREFIX_PATH}:/opt/ros/jazzy /usr/bin/cmake --install /home/ubuntu/ros2_ws/build/image_geometry
[6.183s] -- Install configuration: ""
[6.184s] -- Installing: /home/ubuntu/ros2_ws/install/image_geometry/share/image_geometry/environment/pythonpath.sh
[6.184s] -- Installing: /home/ubuntu/ros2_ws/install/image_geometry/share/image_geometry/environment/pythonpath.dsv
[6.184s] -- Installing: /home/ubuntu/ros2_ws/install/image_geometry/lib/python3.12/site-packages/image_geometry-4.1.0-py3.12.egg-info
[6.184s] -- Installing: /home/ubuntu/ros2_ws/install/image_geometry/lib/python3.12/site-packages/image_geometry-4.1.0-py3.12.egg-info/top_level.txt
[6.184s] -- Installing: /home/ubuntu/ros2_ws/install/image_geometry/lib/python3.12/site-packages/image_geometry-4.1.0-py3.12.egg-info/dependency_links.txt
[6.184s] -- Installing: /home/ubuntu/ros2_ws/install/image_geometry/lib/python3.12/site-packages/image_geometry-4.1.0-py3.12.egg-info/PKG-INFO
[6.184s] -- Installing: /home/ubuntu/ros2_ws/install/image_geometry/lib/python3.12/site-packages/image_geometry-4.1.0-py3.12.egg-info/SOURCES.txt
[6.185s] -- Installing: /home/ubuntu/ros2_ws/install/image_geometry/lib/python3.12/site-packages/image_geometry
[6.185s] -- Installing: /home/ubuntu/ros2_ws/install/image_geometry/lib/python3.12/site-packages/image_geometry/cameramodels.py
[6.185s] -- Installing: /home/ubuntu/ros2_ws/install/image_geometry/lib/python3.12/site-packages/image_geometry/__init__.py
[6.215s] Listing '/home/ubuntu/ros2_ws/install/image_geometry/lib/python3.12/site-packages/image_geometry'...
[6.215s] Compiling '/home/ubuntu/ros2_ws/install/image_geometry/lib/python3.12/site-packages/image_geometry/__init__.py'...
[6.215s] Compiling '/home/ubuntu/ros2_ws/install/image_geometry/lib/python3.12/site-packages/image_geometry/cameramodels.py'...
[6.219s] -- Installing: /home/ubuntu/ros2_ws/install/image_geometry/include/image_geometry
[6.219s] -- Installing: /home/ubuntu/ros2_ws/install/image_geometry/include/image_geometry/image_geometry
[6.219s] -- Installing: /home/ubuntu/ros2_ws/install/image_geometry/include/image_geometry/image_geometry/pinhole_camera_model.hpp
[6.219s] -- Installing: /home/ubuntu/ros2_ws/install/image_geometry/include/image_geometry/image_geometry/visibility_control.hpp
[6.220s] -- Installing: /home/ubuntu/ros2_ws/install/image_geometry/include/image_geometry/image_geometry/stereo_camera_model.hpp
[6.220s] -- Installing: /home/ubuntu/ros2_ws/install/image_geometry/lib/libimage_geometry.so
[6.220s] -- Set non-toolchain portion of runtime path of "/home/ubuntu/ros2_ws/install/image_geometry/lib/libimage_geometry.so" to ""
[6.220s] -- Installing: /home/ubuntu/ros2_ws/install/image_geometry/share/ament_index/resource_index/package_run_dependencies/image_geometry
[6.221s] -- Installing: /home/ubuntu/ros2_ws/install/image_geometry/share/ament_index/resource_index/parent_prefix_path/image_geometry
[6.221s] -- Installing: /home/ubuntu/ros2_ws/install/image_geometry/share/image_geometry/environment/ament_prefix_path.sh
[6.221s] -- Installing: /home/ubuntu/ros2_ws/install/image_geometry/share/image_geometry/environment/ament_prefix_path.dsv
[6.221s] -- Installing: /home/ubuntu/ros2_ws/install/image_geometry/share/image_geometry/environment/path.sh
[6.221s] -- Installing: /home/ubuntu/ros2_ws/install/image_geometry/share/image_geometry/environment/path.dsv
[6.221s] -- Installing: /home/ubuntu/ros2_ws/install/image_geometry/share/image_geometry/local_setup.bash
[6.221s] -- Installing: /home/ubuntu/ros2_ws/install/image_geometry/share/image_geometry/local_setup.sh
[6.221s] -- Installing: /home/ubuntu/ros2_ws/install/image_geometry/share/image_geometry/local_setup.zsh
[6.221s] -- Installing: /home/ubuntu/ros2_ws/install/image_geometry/share/image_geometry/local_setup.dsv
[6.221s] -- Installing: /home/ubuntu/ros2_ws/install/image_geometry/share/image_geometry/package.dsv
[6.221s] -- Installing: /home/ubuntu/ros2_ws/install/image_geometry/share/ament_index/resource_index/packages/image_geometry
[6.222s] -- Installing: /home/ubuntu/ros2_ws/install/image_geometry/share/image_geometry/cmake/export_image_geometryExport.cmake
[6.222s] -- Installing: /home/ubuntu/ros2_ws/install/image_geometry/share/image_geometry/cmake/export_image_geometryExport-noconfig.cmake
[6.222s] -- Installing: /home/ubuntu/ros2_ws/install/image_geometry/share/image_geometry/cmake/ament_cmake_export_targets-extras.cmake
[6.222s] -- Installing: /home/ubuntu/ros2_ws/install/image_geometry/share/image_geometry/cmake/ament_cmake_export_dependencies-extras.cmake
[6.222s] -- Installing: /home/ubuntu/ros2_ws/install/image_geometry/share/image_geometry/cmake/image_geometryConfig.cmake
[6.222s] -- Installing: /home/ubuntu/ros2_ws/install/image_geometry/share/image_geometry/cmake/image_geometryConfig-version.cmake
[6.222s] -- Installing: /home/ubuntu/ros2_ws/install/image_geometry/share/image_geometry/package.xml
[6.224s] Invoked command in '/home/ubuntu/ros2_ws/build/image_geometry' returned '0': CMAKE_PREFIX_PATH=${CMAKE_PREFIX_PATH}:/opt/ros/jazzy /usr/bin/cmake --install /home/ubuntu/ros2_ws/build/image_geometry
