[0.012s] Invoking command in '/home/ubuntu/ros2_ws/build/robovision_processing': CMAKE_PREFIX_PATH=${CMAKE_PREFIX_PATH}:/home/ubuntu/ros2_ws/install/opencv_tests:/opt/ros/jazzy /usr/bin/cmake --build /home/ubuntu/ros2_ws/build/robovision_processing -- -j16 -l16
[0.057s] [  0%] Built target ament_cmake_python_copy_robovision_processing
[0.063s] [ 50%] [32mBuilding CXX object CMakeFiles/my_processing.dir/src/my_processing.cpp.o[0m
[0.190s] running egg_info
[0.203s] writing robovision_processing.egg-info/PKG-INFO
[0.203s] writing dependency_links to robovision_processing.egg-info/dependency_links.txt
[0.203s] writing top-level names to robovision_processing.egg-info/top_level.txt
[0.235s] reading manifest file 'robovision_processing.egg-info/SOURCES.txt'
[0.236s] writing manifest file 'robovision_processing.egg-info/SOURCES.txt'
[0.254s] [ 50%] Built target ament_cmake_python_build_robovision_processing_egg
[1.946s] [01m[K/home/ubuntu/ros2_ws/src/robovision_ros2/robovision_2/src/my_processing.cpp:37:26:[m[K [01;31m[Kerror: [m[K‘[01m[Kimage_[m[K’ is not a type
[1.946s]    37 |     cv::Mat image_gray_2([01;31m[Kimage_[m[K.rows, image_.cols, CV_8UC1);
[1.946s]       |                          [01;31m[K^~~~~~[m[K
[1.946s] [01m[K/home/ubuntu/ros2_ws/src/robovision_ros2/robovision_2/src/my_processing.cpp:37:32:[m[K [01;31m[Kerror: [m[Kexpected ‘[01m[K,[m[K’ or ‘[01m[K...[m[K’ before ‘[01m[K.[m[K’ token
[1.946s]    37 |     cv::Mat image_gray_2(image_[01;31m[K.[m[Krows, image_.cols, CV_8UC1);
[1.946s]       |                                [01;31m[K^[m[K
[3.692s] gmake[2]: *** [CMakeFiles/my_processing.dir/build.make:76: CMakeFiles/my_processing.dir/src/my_processing.cpp.o] Error 1
[3.692s] gmake[1]: *** [CMakeFiles/Makefile2:140: CMakeFiles/my_processing.dir/all] Error 2
[3.692s] gmake: *** [Makefile:146: all] Error 2
[3.694s] Invoked command in '/home/ubuntu/ros2_ws/build/robovision_processing' returned '2': CMAKE_PREFIX_PATH=${CMAKE_PREFIX_PATH}:/home/ubuntu/ros2_ws/install/opencv_tests:/opt/ros/jazzy /usr/bin/cmake --build /home/ubuntu/ros2_ws/build/robovision_processing -- -j16 -l16
