[0.013s] Invoking command in '/home/ubuntu/ros2_ws/build/robovision_processing': CMAKE_PREFIX_PATH=${CMAKE_PREFIX_PATH}:/home/ubuntu/ros2_ws/install/opencv_tests:/opt/ros/jazzy /usr/bin/cmake --build /home/ubuntu/ros2_ws/build/robovision_processing -- -j16 -l16
[0.055s] [  0%] Built target ament_cmake_python_copy_robovision_processing
[0.057s] [100%] Built target my_processing
[0.222s] running egg_info
[0.237s] writing robovision_processing.egg-info/PKG-INFO
[0.238s] writing dependency_links to robovision_processing.egg-info/dependency_links.txt
[0.238s] writing top-level names to robovision_processing.egg-info/top_level.txt
[0.269s] reading manifest file 'robovision_processing.egg-info/SOURCES.txt'
[0.270s] writing manifest file 'robovision_processing.egg-info/SOURCES.txt'
[0.291s] [100%] Built target ament_cmake_python_build_robovision_processing_egg
[0.310s] Invoked command in '/home/ubuntu/ros2_ws/build/robovision_processing' returned '0': CMAKE_PREFIX_PATH=${CMAKE_PREFIX_PATH}:/home/ubuntu/ros2_ws/install/opencv_tests:/opt/ros/jazzy /usr/bin/cmake --build /home/ubuntu/ros2_ws/build/robovision_processing -- -j16 -l16
[0.311s] Invoking command in '/home/ubuntu/ros2_ws/build/robovision_processing': CMAKE_PREFIX_PATH=${CMAKE_PREFIX_PATH}:/home/ubuntu/ros2_ws/install/opencv_tests:/opt/ros/jazzy /usr/bin/cmake --install /home/ubuntu/ros2_ws/build/robovision_processing
[0.316s] -- Install configuration: ""
[0.316s] -- Up-to-date: /home/ubuntu/ros2_ws/install/robovision_processing/share/robovision_processing/environment/pythonpath.sh
[0.316s] -- Up-to-date: /home/ubuntu/ros2_ws/install/robovision_processing/share/robovision_processing/environment/pythonpath.dsv
[0.317s] -- Up-to-date: /home/ubuntu/ros2_ws/install/robovision_processing/lib/python3.12/site-packages/robovision_processing-0.0.0-py3.12.egg-info
[0.317s] -- Installing: /home/ubuntu/ros2_ws/install/robovision_processing/lib/python3.12/site-packages/robovision_processing-0.0.0-py3.12.egg-info/top_level.txt
[0.317s] -- Installing: /home/ubuntu/ros2_ws/install/robovision_processing/lib/python3.12/site-packages/robovision_processing-0.0.0-py3.12.egg-info/dependency_links.txt
[0.317s] -- Installing: /home/ubuntu/ros2_ws/install/robovision_processing/lib/python3.12/site-packages/robovision_processing-0.0.0-py3.12.egg-info/PKG-INFO
[0.317s] -- Installing: /home/ubuntu/ros2_ws/install/robovision_processing/lib/python3.12/site-packages/robovision_processing-0.0.0-py3.12.egg-info/SOURCES.txt
[0.317s] -- Up-to-date: /home/ubuntu/ros2_ws/install/robovision_processing/lib/python3.12/site-packages/robovision_processing
[0.317s] -- Up-to-date: /home/ubuntu/ros2_ws/install/robovision_processing/lib/python3.12/site-packages/robovision_processing/__init__.py
[0.341s] Listing '/home/ubuntu/ros2_ws/install/robovision_processing/lib/python3.12/site-packages/robovision_processing'...
[0.346s] -- Up-to-date: /home/ubuntu/ros2_ws/install/robovision_processing/lib/robovision_processing/my_processing
[0.346s] -- Up-to-date: /home/ubuntu/ros2_ws/install/robovision_processing/lib/robovision_processing/my_processing.py
[0.346s] -- Up-to-date: /home/ubuntu/ros2_ws/install/robovision_processing/share/ament_index/resource_index/package_run_dependencies/robovision_processing
[0.346s] -- Up-to-date: /home/ubuntu/ros2_ws/install/robovision_processing/share/ament_index/resource_index/parent_prefix_path/robovision_processing
[0.346s] -- Up-to-date: /home/ubuntu/ros2_ws/install/robovision_processing/share/robovision_processing/environment/ament_prefix_path.sh
[0.346s] -- Up-to-date: /home/ubuntu/ros2_ws/install/robovision_processing/share/robovision_processing/environment/ament_prefix_path.dsv
[0.346s] -- Up-to-date: /home/ubuntu/ros2_ws/install/robovision_processing/share/robovision_processing/environment/path.sh
[0.346s] -- Up-to-date: /home/ubuntu/ros2_ws/install/robovision_processing/share/robovision_processing/environment/path.dsv
[0.347s] -- Up-to-date: /home/ubuntu/ros2_ws/install/robovision_processing/share/robovision_processing/local_setup.bash
[0.347s] -- Up-to-date: /home/ubuntu/ros2_ws/install/robovision_processing/share/robovision_processing/local_setup.sh
[0.347s] -- Up-to-date: /home/ubuntu/ros2_ws/install/robovision_processing/share/robovision_processing/local_setup.zsh
[0.347s] -- Up-to-date: /home/ubuntu/ros2_ws/install/robovision_processing/share/robovision_processing/local_setup.dsv
[0.347s] -- Installing: /home/ubuntu/ros2_ws/install/robovision_processing/share/robovision_processing/package.dsv
[0.347s] -- Up-to-date: /home/ubuntu/ros2_ws/install/robovision_processing/share/ament_index/resource_index/packages/robovision_processing
[0.347s] -- Up-to-date: /home/ubuntu/ros2_ws/install/robovision_processing/share/robovision_processing/cmake/robovision_processingConfig.cmake
[0.347s] -- Up-to-date: /home/ubuntu/ros2_ws/install/robovision_processing/share/robovision_processing/cmake/robovision_processingConfig-version.cmake
[0.347s] -- Up-to-date: /home/ubuntu/ros2_ws/install/robovision_processing/share/robovision_processing/package.xml
[0.365s] Invoked command in '/home/ubuntu/ros2_ws/build/robovision_processing' returned '0': CMAKE_PREFIX_PATH=${CMAKE_PREFIX_PATH}:/home/ubuntu/ros2_ws/install/opencv_tests:/opt/ros/jazzy /usr/bin/cmake --install /home/ubuntu/ros2_ws/build/robovision_processing
