[ 75%] Built target robovision_client
[ 75%] Built target ament_cmake_python_copy_robovision_services
[100%] Built target robovision_service
running egg_info
writing robovision_services.egg-info/PKG-INFO
writing dependency_links to robovision_services.egg-info/dependency_links.txt
writing top-level names to robovision_services.egg-info/top_level.txt
reading manifest file 'robovision_services.egg-info/SOURCES.txt'
writing manifest file 'robovision_services.egg-info/SOURCES.txt'
[100%] Built target ament_cmake_python_build_robovision_services_egg
-- Install configuration: ""
-- Up-to-date: /home/ubuntu/ros2_ws/install/robovision_services/share/robovision_services/environment/pythonpath.sh
-- Up-to-date: /home/ubuntu/ros2_ws/install/robovision_services/share/robovision_services/environment/pythonpath.dsv
-- Up-to-date: /home/ubuntu/ros2_ws/install/robovision_services/lib/python3.12/site-packages/robovision_services-0.0.0-py3.12.egg-info
-- Installing: /home/ubuntu/ros2_ws/install/robovision_services/lib/python3.12/site-packages/robovision_services-0.0.0-py3.12.egg-info/top_level.txt
-- Installing: /home/ubuntu/ros2_ws/install/robovision_services/lib/python3.12/site-packages/robovision_services-0.0.0-py3.12.egg-info/dependency_links.txt
-- Installing: /home/ubuntu/ros2_ws/install/robovision_services/lib/python3.12/site-packages/robovision_services-0.0.0-py3.12.egg-info/PKG-INFO
-- Installing: /home/ubuntu/ros2_ws/install/robovision_services/lib/python3.12/site-packages/robovision_services-0.0.0-py3.12.egg-info/SOURCES.txt
-- Up-to-date: /home/ubuntu/ros2_ws/install/robovision_services/lib/python3.12/site-packages/robovision_services
-- Up-to-date: /home/ubuntu/ros2_ws/install/robovision_services/lib/python3.12/site-packages/robovision_services/__init__.py
Listing '/home/ubuntu/ros2_ws/install/robovision_services/lib/python3.12/site-packages/robovision_services'...
-- Up-to-date: /home/ubuntu/ros2_ws/install/robovision_services/lib/robovision_services/robovision_service
-- Up-to-date: /home/ubuntu/ros2_ws/install/robovision_services/lib/robovision_services/robovision_client
-- Up-to-date: /home/ubuntu/ros2_ws/install/robovision_services/lib/robovision_services/robovision_service.py
-- Up-to-date: /home/ubuntu/ros2_ws/install/robovision_services/lib/robovision_services/robovision_client.py
-- Up-to-date: /home/ubuntu/ros2_ws/install/robovision_services/share/ament_index/resource_index/package_run_dependencies/robovision_services
-- Up-to-date: /home/ubuntu/ros2_ws/install/robovision_services/share/ament_index/resource_index/parent_prefix_path/robovision_services
-- Up-to-date: /home/ubuntu/ros2_ws/install/robovision_services/share/robovision_services/environment/ament_prefix_path.sh
-- Up-to-date: /home/ubuntu/ros2_ws/install/robovision_services/share/robovision_services/environment/ament_prefix_path.dsv
-- Up-to-date: /home/ubuntu/ros2_ws/install/robovision_services/share/robovision_services/environment/path.sh
-- Up-to-date: /home/ubuntu/ros2_ws/install/robovision_services/share/robovision_services/environment/path.dsv
-- Up-to-date: /home/ubuntu/ros2_ws/install/robovision_services/share/robovision_services/local_setup.bash
-- Up-to-date: /home/ubuntu/ros2_ws/install/robovision_services/share/robovision_services/local_setup.sh
-- Up-to-date: /home/ubuntu/ros2_ws/install/robovision_services/share/robovision_services/local_setup.zsh
-- Up-to-date: /home/ubuntu/ros2_ws/install/robovision_services/share/robovision_services/local_setup.dsv
-- Installing: /home/ubuntu/ros2_ws/install/robovision_services/share/robovision_services/package.dsv
-- Up-to-date: /home/ubuntu/ros2_ws/install/robovision_services/share/ament_index/resource_index/packages/robovision_services
-- Up-to-date: /home/ubuntu/ros2_ws/install/robovision_services/share/robovision_services/cmake/robovision_servicesConfig.cmake
-- Up-to-date: /home/ubuntu/ros2_ws/install/robovision_services/share/robovision_services/cmake/robovision_servicesConfig-version.cmake
-- Up-to-date: /home/ubuntu/ros2_ws/install/robovision_services/share/robovision_services/package.xml
