[0.011s] Invoking command in '/home/ubuntu/ros2_ws/build/robovision_images': CMAKE_PREFIX_PATH=${CMAKE_PREFIX_PATH}:/home/ubuntu/ros2_ws/install/opencv_tests:/opt/ros/jazzy /usr/bin/cmake --build /home/ubuntu/ros2_ws/build/robovision_images -- -j16 -l16
[0.051s] [ 16%] Built target my_scaled_publisher
[0.052s] [ 33%] Built target my_subscriber
[0.055s] [ 33%] Built target ament_cmake_python_copy_robovision_images
[0.055s] [ 50%] Built target my_scaled_camera_publisher
[0.055s] [ 66%] Built target my_publisher
[0.056s] [ 75%] [32mBuilding CXX object CMakeFiles/my_scaled_subscriber.dir/src/my_scaled_subscriber.cpp.o[0m
[0.058s] [ 91%] Built target my_camera_publisher
[0.193s] running egg_info
[0.205s] writing robovision_images.egg-info/PKG-INFO
[0.205s] writing dependency_links to robovision_images.egg-info/dependency_links.txt
[0.205s] writing top-level names to robovision_images.egg-info/top_level.txt
[0.234s] reading manifest file 'robovision_images.egg-info/SOURCES.txt'
[0.235s] writing manifest file 'robovision_images.egg-info/SOURCES.txt'
[0.255s] [ 91%] Built target ament_cmake_python_build_robovision_images_egg
[1.984s] [01m[K/home/ubuntu/ros2_ws/src/robovision_ros2/robovision_1/src/my_scaled_subscriber.cpp:[m[K In member function ‘[01m[Kvoid ImageSubscriberNode::[01;32m[Kcallback_scaled_image[m[K(sensor_msgs::msg::Image_<std::allocator<void> >::SharedPtr)[m[K’:
[1.984s] [01m[K/home/ubuntu/ros2_ws/src/robovision_ros2/robovision_1/src/my_scaled_subscriber.cpp:51:28:[m[K [01;31m[Kerror: [m[K‘[01m[Kscaled_image[m[K’ was not declared in this scope; did you mean ‘[01m[Kscaled_image_[m[K’?
[1.984s]    51 |         cv::resize(image_, [01;31m[Kscaled_image[m[K, cv::Size(), 0.5, 0.5, CV_INTER_AREA);
[1.984s]       |                            [01;31m[K^~~~~~~~~~~~[m[K
[1.984s]       |                            [32m[Kscaled_image_[m[K
[3.768s] gmake[2]: *** [CMakeFiles/my_scaled_subscriber.dir/build.make:76: CMakeFiles/my_scaled_subscriber.dir/src/my_scaled_subscriber.cpp.o] Error 1
[3.768s] gmake[1]: *** [CMakeFiles/Makefile2:280: CMakeFiles/my_scaled_subscriber.dir/all] Error 2
[3.768s] gmake: *** [Makefile:146: all] Error 2
[3.770s] Invoked command in '/home/ubuntu/ros2_ws/build/robovision_images' returned '2': CMAKE_PREFIX_PATH=${CMAKE_PREFIX_PATH}:/home/ubuntu/ros2_ws/install/opencv_tests:/opt/ros/jazzy /usr/bin/cmake --build /home/ubuntu/ros2_ws/build/robovision_images -- -j16 -l16
