[0.014s] Invoking command in '/home/ubuntu/ros2_ws/build/robovision_rgbd': CMAKE_PREFIX_PATH=${CMAKE_PREFIX_PATH}:/home/ubuntu/ros2_ws/install/opencv_tests:/opt/ros/jazzy /usr/bin/cmake --build /home/ubuntu/ros2_ws/build/robovision_rgbd -- -j16 -l16
[0.104s] [ 25%] Built target rgbd_reader_faceRecog2
[0.105s] [ 50%] Built target rgbd_reader
[0.106s] [ 50%] Built target ament_cmake_python_copy_robovision_rgbd
[0.106s] [ 75%] Built target rgbd_reader_faceRecog_tracking2
[0.108s] [ 87%] [32mBuilding CXX object CMakeFiles/rgbd_reader_faceRecog_tracking.dir/src/rgbd_reader_faceRecog_tracking.cpp.o[0m
[0.242s] running egg_info
[0.252s] writing robovision_rgbd.egg-info/PKG-INFO
[0.252s] writing dependency_links to robovision_rgbd.egg-info/dependency_links.txt
[0.252s] writing top-level names to robovision_rgbd.egg-info/top_level.txt
[0.280s] reading manifest file 'robovision_rgbd.egg-info/SOURCES.txt'
[0.281s] writing manifest file 'robovision_rgbd.egg-info/SOURCES.txt'
[0.300s] [ 87%] Built target ament_cmake_python_build_robovision_rgbd_egg
[8.658s] [100%] [32m[1mLinking CXX executable rgbd_reader_faceRecog_tracking[0m
[9.559s] [100%] Built target rgbd_reader_faceRecog_tracking
[9.565s] Invoked command in '/home/ubuntu/ros2_ws/build/robovision_rgbd' returned '0': CMAKE_PREFIX_PATH=${CMAKE_PREFIX_PATH}:/home/ubuntu/ros2_ws/install/opencv_tests:/opt/ros/jazzy /usr/bin/cmake --build /home/ubuntu/ros2_ws/build/robovision_rgbd -- -j16 -l16
[9.567s] Invoking command in '/home/ubuntu/ros2_ws/build/robovision_rgbd': CMAKE_PREFIX_PATH=${CMAKE_PREFIX_PATH}:/home/ubuntu/ros2_ws/install/opencv_tests:/opt/ros/jazzy /usr/bin/cmake --install /home/ubuntu/ros2_ws/build/robovision_rgbd
[9.571s] -- Install configuration: ""
[9.571s] -- Up-to-date: /home/ubuntu/ros2_ws/install/robovision_rgbd/share/robovision_rgbd/environment/pythonpath.sh
[9.572s] -- Up-to-date: /home/ubuntu/ros2_ws/install/robovision_rgbd/share/robovision_rgbd/environment/pythonpath.dsv
[9.572s] -- Up-to-date: /home/ubuntu/ros2_ws/install/robovision_rgbd/lib/python3.12/site-packages/robovision_rgbd-0.0.0-py3.12.egg-info
[9.572s] -- Installing: /home/ubuntu/ros2_ws/install/robovision_rgbd/lib/python3.12/site-packages/robovision_rgbd-0.0.0-py3.12.egg-info/top_level.txt
[9.572s] -- Installing: /home/ubuntu/ros2_ws/install/robovision_rgbd/lib/python3.12/site-packages/robovision_rgbd-0.0.0-py3.12.egg-info/dependency_links.txt
[9.572s] -- Installing: /home/ubuntu/ros2_ws/install/robovision_rgbd/lib/python3.12/site-packages/robovision_rgbd-0.0.0-py3.12.egg-info/PKG-INFO
[9.573s] -- Installing: /home/ubuntu/ros2_ws/install/robovision_rgbd/lib/python3.12/site-packages/robovision_rgbd-0.0.0-py3.12.egg-info/SOURCES.txt
[9.573s] -- Up-to-date: /home/ubuntu/ros2_ws/install/robovision_rgbd/lib/python3.12/site-packages/robovision_rgbd
[9.573s] -- Up-to-date: /home/ubuntu/ros2_ws/install/robovision_rgbd/lib/python3.12/site-packages/robovision_rgbd/__init__.py
[9.598s] Listing '/home/ubuntu/ros2_ws/install/robovision_rgbd/lib/python3.12/site-packages/robovision_rgbd'...
[9.603s] -- Up-to-date: /home/ubuntu/ros2_ws/install/robovision_rgbd/lib/robovision_rgbd/rgbd_reader
[9.604s] -- Up-to-date: /home/ubuntu/ros2_ws/install/robovision_rgbd/lib/robovision_rgbd/rgbd_reader_faceRecog2
[9.606s] -- Installing: /home/ubuntu/ros2_ws/install/robovision_rgbd/lib/robovision_rgbd/rgbd_reader_faceRecog_tracking
[9.610s] -- Set non-toolchain portion of runtime path of "/home/ubuntu/ros2_ws/install/robovision_rgbd/lib/robovision_rgbd/rgbd_reader_faceRecog_tracking" to ""
[9.610s] -- Up-to-date: /home/ubuntu/ros2_ws/install/robovision_rgbd/lib/robovision_rgbd/rgbd_reader.py
[9.610s] -- Up-to-date: /home/ubuntu/ros2_ws/install/robovision_rgbd/share/ament_index/resource_index/package_run_dependencies/robovision_rgbd
[9.610s] -- Up-to-date: /home/ubuntu/ros2_ws/install/robovision_rgbd/share/ament_index/resource_index/parent_prefix_path/robovision_rgbd
[9.610s] -- Up-to-date: /home/ubuntu/ros2_ws/install/robovision_rgbd/share/robovision_rgbd/environment/ament_prefix_path.sh
[9.610s] -- Up-to-date: /home/ubuntu/ros2_ws/install/robovision_rgbd/share/robovision_rgbd/environment/ament_prefix_path.dsv
[9.610s] -- Up-to-date: /home/ubuntu/ros2_ws/install/robovision_rgbd/share/robovision_rgbd/environment/path.sh
[9.611s] -- Up-to-date: /home/ubuntu/ros2_ws/install/robovision_rgbd/share/robovision_rgbd/environment/path.dsv
[9.611s] -- Up-to-date: /home/ubuntu/ros2_ws/install/robovision_rgbd/share/robovision_rgbd/local_setup.bash
[9.611s] -- Up-to-date: /home/ubuntu/ros2_ws/install/robovision_rgbd/share/robovision_rgbd/local_setup.sh
[9.611s] -- Up-to-date: /home/ubuntu/ros2_ws/install/robovision_rgbd/share/robovision_rgbd/local_setup.zsh
[9.611s] -- Up-to-date: /home/ubuntu/ros2_ws/install/robovision_rgbd/share/robovision_rgbd/local_setup.dsv
[9.611s] -- Installing: /home/ubuntu/ros2_ws/install/robovision_rgbd/share/robovision_rgbd/package.dsv
[9.611s] -- Up-to-date: /home/ubuntu/ros2_ws/install/robovision_rgbd/share/ament_index/resource_index/packages/robovision_rgbd
[9.611s] -- Up-to-date: /home/ubuntu/ros2_ws/install/robovision_rgbd/share/robovision_rgbd/cmake/robovision_rgbdConfig.cmake
[9.611s] -- Up-to-date: /home/ubuntu/ros2_ws/install/robovision_rgbd/share/robovision_rgbd/cmake/robovision_rgbdConfig-version.cmake
[9.611s] -- Up-to-date: /home/ubuntu/ros2_ws/install/robovision_rgbd/share/robovision_rgbd/package.xml
[9.612s] Invoked command in '/home/ubuntu/ros2_ws/build/robovision_rgbd' returned '0': CMAKE_PREFIX_PATH=${CMAKE_PREFIX_PATH}:/home/ubuntu/ros2_ws/install/opencv_tests:/opt/ros/jazzy /usr/bin/cmake --install /home/ubuntu/ros2_ws/build/robovision_rgbd
