[0.017s] Invoking command in '/home/ubuntu/ros2_ws/build/robovision_processing': CMAKE_PREFIX_PATH=${CMAKE_PREFIX_PATH}:/home/ubuntu/ros2_ws/install/opencv_tests:/opt/ros/jazzy /usr/bin/cmake --build /home/ubuntu/ros2_ws/build/robovision_processing -- -j16 -l16
[0.092s] [  0%] Built target ament_cmake_python_copy_robovision_processing
[0.095s] [100%] Built target my_processing
[0.252s] running egg_info
[0.264s] writing robovision_processing.egg-info/PKG-INFO
[0.265s] writing dependency_links to robovision_processing.egg-info/dependency_links.txt
[0.265s] writing top-level names to robovision_processing.egg-info/top_level.txt
[0.293s] reading manifest file 'robovision_processing.egg-info/SOURCES.txt'
[0.294s] writing manifest file 'robovision_processing.egg-info/SOURCES.txt'
[0.316s] [100%] Built target ament_cmake_python_build_robovision_processing_egg
[0.323s] Invoked command in '/home/ubuntu/ros2_ws/build/robovision_processing' returned '0': CMAKE_PREFIX_PATH=${CMAKE_PREFIX_PATH}:/home/ubuntu/ros2_ws/install/opencv_tests:/opt/ros/jazzy /usr/bin/cmake --build /home/ubuntu/ros2_ws/build/robovision_processing -- -j16 -l16
[0.331s] Invoking command in '/home/ubuntu/ros2_ws/build/robovision_processing': CMAKE_PREFIX_PATH=${CMAKE_PREFIX_PATH}:/home/ubuntu/ros2_ws/install/opencv_tests:/opt/ros/jazzy /usr/bin/cmake --install /home/ubuntu/ros2_ws/build/robovision_processing
[0.336s] -- Install configuration: ""
[0.337s] -- Up-to-date: /home/ubuntu/ros2_ws/install/robovision_processing/share/robovision_processing/environment/pythonpath.sh
[0.337s] -- Up-to-date: /home/ubuntu/ros2_ws/install/robovision_processing/share/robovision_processing/environment/pythonpath.dsv
[0.337s] -- Up-to-date: /home/ubuntu/ros2_ws/install/robovision_processing/lib/python3.12/site-packages/robovision_processing-0.0.0-py3.12.egg-info
[0.337s] -- Installing: /home/ubuntu/ros2_ws/install/robovision_processing/lib/python3.12/site-packages/robovision_processing-0.0.0-py3.12.egg-info/top_level.txt
[0.338s] -- Installing: /home/ubuntu/ros2_ws/install/robovision_processing/lib/python3.12/site-packages/robovision_processing-0.0.0-py3.12.egg-info/dependency_links.txt
[0.338s] -- Installing: /home/ubuntu/ros2_ws/install/robovision_processing/lib/python3.12/site-packages/robovision_processing-0.0.0-py3.12.egg-info/PKG-INFO
[0.338s] -- Installing: /home/ubuntu/ros2_ws/install/robovision_processing/lib/python3.12/site-packages/robovision_processing-0.0.0-py3.12.egg-info/SOURCES.txt
[0.338s] -- Up-to-date: /home/ubuntu/ros2_ws/install/robovision_processing/lib/python3.12/site-packages/robovision_processing
[0.338s] -- Up-to-date: /home/ubuntu/ros2_ws/install/robovision_processing/lib/python3.12/site-packages/robovision_processing/__init__.py
[0.364s] Listing '/home/ubuntu/ros2_ws/install/robovision_processing/lib/python3.12/site-packages/robovision_processing'...
[0.369s] -- Up-to-date: /home/ubuntu/ros2_ws/install/robovision_processing/lib/robovision_processing/my_processing
[0.370s] -- Up-to-date: /home/ubuntu/ros2_ws/install/robovision_processing/lib/robovision_processing/my_processing.py
[0.370s] -- Up-to-date: /home/ubuntu/ros2_ws/install/robovision_processing/share/ament_index/resource_index/package_run_dependencies/robovision_processing
[0.370s] -- Up-to-date: /home/ubuntu/ros2_ws/install/robovision_processing/share/ament_index/resource_index/parent_prefix_path/robovision_processing
[0.370s] -- Up-to-date: /home/ubuntu/ros2_ws/install/robovision_processing/share/robovision_processing/environment/ament_prefix_path.sh
[0.370s] -- Up-to-date: /home/ubuntu/ros2_ws/install/robovision_processing/share/robovision_processing/environment/ament_prefix_path.dsv
[0.370s] -- Up-to-date: /home/ubuntu/ros2_ws/install/robovision_processing/share/robovision_processing/environment/path.sh
[0.371s] -- Up-to-date: /home/ubuntu/ros2_ws/install/robovision_processing/share/robovision_processing/environment/path.dsv
[0.371s] -- Up-to-date: /home/ubuntu/ros2_ws/install/robovision_processing/share/robovision_processing/local_setup.bash
[0.371s] -- Up-to-date: /home/ubuntu/ros2_ws/install/robovision_processing/share/robovision_processing/local_setup.sh
[0.371s] -- Up-to-date: /home/ubuntu/ros2_ws/install/robovision_processing/share/robovision_processing/local_setup.zsh
[0.371s] -- Up-to-date: /home/ubuntu/ros2_ws/install/robovision_processing/share/robovision_processing/local_setup.dsv
[0.371s] -- Installing: /home/ubuntu/ros2_ws/install/robovision_processing/share/robovision_processing/package.dsv
[0.372s] -- Up-to-date: /home/ubuntu/ros2_ws/install/robovision_processing/share/ament_index/resource_index/packages/robovision_processing
[0.372s] -- Up-to-date: /home/ubuntu/ros2_ws/install/robovision_processing/share/robovision_processing/cmake/robovision_processingConfig.cmake
[0.372s] -- Up-to-date: /home/ubuntu/ros2_ws/install/robovision_processing/share/robovision_processing/cmake/robovision_processingConfig-version.cmake
[0.373s] -- Up-to-date: /home/ubuntu/ros2_ws/install/robovision_processing/share/robovision_processing/package.xml
[0.374s] Invoked command in '/home/ubuntu/ros2_ws/build/robovision_processing' returned '0': CMAKE_PREFIX_PATH=${CMAKE_PREFIX_PATH}:/home/ubuntu/ros2_ws/install/opencv_tests:/opt/ros/jazzy /usr/bin/cmake --install /home/ubuntu/ros2_ws/build/robovision_processing
