[0.050s] Invoking command in '/home/ubuntu/ros2_ws/build/robovision_interfaces': CMAKE_PREFIX_PATH=${CMAKE_PREFIX_PATH}:/home/ubuntu/ros2_ws/install/opencv_tests:/opt/ros/jazzy /usr/bin/cmake --build /home/ubuntu/ros2_ws/build/robovision_interfaces -- -j16 -l16
[0.241s] [  1%] Built target robovision_interfaces__rosidl_generator_type_description
[0.259s] [  1%] Built target ament_cmake_python_copy_robovision_interfaces
[0.274s] [  3%] Built target robovision_interfaces__cpp
[0.276s] [ 24%] Built target robovision_interfaces__rosidl_generator_c
[0.310s] [ 33%] Built target robovision_interfaces__rosidl_typesupport_c
[0.313s] [ 42%] Built target robovision_interfaces__rosidl_typesupport_introspection_c
[0.314s] [ 59%] Built target robovision_interfaces__rosidl_typesupport_fastrtps_cpp
[0.314s] [ 61%] Built target robovision_interfaces__rosidl_typesupport_fastrtps_c
[0.316s] [ 70%] Built target robovision_interfaces__rosidl_typesupport_cpp
[0.317s] [ 79%] Built target robovision_interfaces__rosidl_typesupport_introspection_cpp
[0.341s] [ 79%] Built target robovision_interfaces
[0.368s] [ 81%] Built target robovision_interfaces__py
[0.397s] [ 88%] Built target robovision_interfaces__rosidl_generator_py
[0.429s] [ 92%] Built target robovision_interfaces_s__rosidl_typesupport_fastrtps_c
[0.430s] [ 96%] Built target robovision_interfaces_s__rosidl_typesupport_c
[0.431s] [100%] Built target robovision_interfaces_s__rosidl_typesupport_introspection_c
[0.553s] running egg_info
[0.571s] writing robovision_interfaces.egg-info/PKG-INFO
[0.572s] writing dependency_links to robovision_interfaces.egg-info/dependency_links.txt
[0.572s] writing top-level names to robovision_interfaces.egg-info/top_level.txt
[0.629s] reading manifest file 'robovision_interfaces.egg-info/SOURCES.txt'
[0.629s] writing manifest file 'robovision_interfaces.egg-info/SOURCES.txt'
[0.666s] [100%] Built target ament_cmake_python_build_robovision_interfaces_egg
[0.687s] Invoked command in '/home/ubuntu/ros2_ws/build/robovision_interfaces' returned '0': CMAKE_PREFIX_PATH=${CMAKE_PREFIX_PATH}:/home/ubuntu/ros2_ws/install/opencv_tests:/opt/ros/jazzy /usr/bin/cmake --build /home/ubuntu/ros2_ws/build/robovision_interfaces -- -j16 -l16
[0.715s] Invoking command in '/home/ubuntu/ros2_ws/build/robovision_interfaces': CMAKE_PREFIX_PATH=${CMAKE_PREFIX_PATH}:/home/ubuntu/ros2_ws/install/opencv_tests:/opt/ros/jazzy /usr/bin/cmake --install /home/ubuntu/ros2_ws/build/robovision_interfaces
[0.747s] -- Install configuration: ""
[0.748s] -- Up-to-date: /home/ubuntu/ros2_ws/install/robovision_interfaces/share/ament_index/resource_index/rosidl_interfaces/robovision_interfaces
[0.748s] -- Up-to-date: /home/ubuntu/ros2_ws/install/robovision_interfaces/share/robovision_interfaces/msg/ObjectCentroid.json
[0.749s] -- Up-to-date: /home/ubuntu/ros2_ws/install/robovision_interfaces/share/robovision_interfaces/msg/ObjectCentroids.json
[0.749s] -- Up-to-date: /home/ubuntu/ros2_ws/install/robovision_interfaces/share/robovision_interfaces/srv/GetPointCenter.json
[0.751s] -- Up-to-date: /home/ubuntu/ros2_ws/install/robovision_interfaces/include/robovision_interfaces/robovision_interfaces
[0.752s] -- Up-to-date: /home/ubuntu/ros2_ws/install/robovision_interfaces/include/robovision_interfaces/robovision_interfaces/msg
[0.753s] -- Up-to-date: /home/ubuntu/ros2_ws/install/robovision_interfaces/include/robovision_interfaces/robovision_interfaces/msg/object_centroid.h
[0.754s] -- Up-to-date: /home/ubuntu/ros2_ws/install/robovision_interfaces/include/robovision_interfaces/robovision_interfaces/msg/rosidl_generator_c__visibility_control.h
[0.755s] -- Up-to-date: /home/ubuntu/ros2_ws/install/robovision_interfaces/include/robovision_interfaces/robovision_interfaces/msg/object_centroids.h
[0.756s] -- Up-to-date: /home/ubuntu/ros2_ws/install/robovision_interfaces/include/robovision_interfaces/robovision_interfaces/msg/detail
[0.756s] -- Up-to-date: /home/ubuntu/ros2_ws/install/robovision_interfaces/include/robovision_interfaces/robovision_interfaces/msg/detail/object_centroids__type_support.h
[0.758s] -- Up-to-date: /home/ubuntu/ros2_ws/install/robovision_interfaces/include/robovision_interfaces/robovision_interfaces/msg/detail/object_centroids__struct.h
[0.759s] -- Up-to-date: /home/ubuntu/ros2_ws/install/robovision_interfaces/include/robovision_interfaces/robovision_interfaces/msg/detail/object_centroid__type_support.h
[0.760s] -- Up-to-date: /home/ubuntu/ros2_ws/install/robovision_interfaces/include/robovision_interfaces/robovision_interfaces/msg/detail/object_centroid__functions.h
[0.760s] -- Up-to-date: /home/ubuntu/ros2_ws/install/robovision_interfaces/include/robovision_interfaces/robovision_interfaces/msg/detail/object_centroids__description.c
[0.761s] -- Up-to-date: /home/ubuntu/ros2_ws/install/robovision_interfaces/include/robovision_interfaces/robovision_interfaces/msg/detail/object_centroid__functions.c
[0.761s] -- Up-to-date: /home/ubuntu/ros2_ws/install/robovision_interfaces/include/robovision_interfaces/robovision_interfaces/msg/detail/object_centroids__functions.c
[0.762s] -- Up-to-date: /home/ubuntu/ros2_ws/install/robovision_interfaces/include/robovision_interfaces/robovision_interfaces/msg/detail/object_centroid__type_support.c
[0.763s] -- Up-to-date: /home/ubuntu/ros2_ws/install/robovision_interfaces/include/robovision_interfaces/robovision_interfaces/msg/detail/object_centroid__struct.h
[0.763s] -- Up-to-date: /home/ubuntu/ros2_ws/install/robovision_interfaces/include/robovision_interfaces/robovision_interfaces/msg/detail/object_centroids__type_support.c
[0.764s] -- Up-to-date: /home/ubuntu/ros2_ws/install/robovision_interfaces/include/robovision_interfaces/robovision_interfaces/msg/detail/object_centroid__description.c
[0.764s] -- Up-to-date: /home/ubuntu/ros2_ws/install/robovision_interfaces/include/robovision_interfaces/robovision_interfaces/msg/detail/object_centroids__functions.h
[0.765s] -- Up-to-date: /home/ubuntu/ros2_ws/install/robovision_interfaces/include/robovision_interfaces/robovision_interfaces/srv
[0.765s] -- Up-to-date: /home/ubuntu/ros2_ws/install/robovision_interfaces/include/robovision_interfaces/robovision_interfaces/srv/get_point_center.h
[0.766s] -- Up-to-date: /home/ubuntu/ros2_ws/install/robovision_interfaces/include/robovision_interfaces/robovision_interfaces/srv/detail
[0.766s] -- Up-to-date: /home/ubuntu/ros2_ws/install/robovision_interfaces/include/robovision_interfaces/robovision_interfaces/srv/detail/get_point_center__type_support.c
[0.767s] -- Up-to-date: /home/ubuntu/ros2_ws/install/robovision_interfaces/include/robovision_interfaces/robovision_interfaces/srv/detail/get_point_center__functions.c
[0.767s] -- Up-to-date: /home/ubuntu/ros2_ws/install/robovision_interfaces/include/robovision_interfaces/robovision_interfaces/srv/detail/get_point_center__struct.h
[0.768s] -- Up-to-date: /home/ubuntu/ros2_ws/install/robovision_interfaces/include/robovision_interfaces/robovision_interfaces/srv/detail/get_point_center__description.c
[0.769s] -- Up-to-date: /home/ubuntu/ros2_ws/install/robovision_interfaces/include/robovision_interfaces/robovision_interfaces/srv/detail/get_point_center__functions.h
[0.771s] -- Up-to-date: /home/ubuntu/ros2_ws/install/robovision_interfaces/include/robovision_interfaces/robovision_interfaces/srv/detail/get_point_center__type_support.h
[0.771s] -- Up-to-date: /home/ubuntu/ros2_ws/install/robovision_interfaces/share/robovision_interfaces/environment/library_path.sh
[0.772s] -- Up-to-date: /home/ubuntu/ros2_ws/install/robovision_interfaces/share/robovision_interfaces/environment/library_path.dsv
[0.773s] -- Up-to-date: /home/ubuntu/ros2_ws/install/robovision_interfaces/lib/librobovision_interfaces__rosidl_generator_c.so
[0.773s] -- Up-to-date: /home/ubuntu/ros2_ws/install/robovision_interfaces/include/robovision_interfaces/robovision_interfaces
[0.774s] -- Up-to-date: /home/ubuntu/ros2_ws/install/robovision_interfaces/include/robovision_interfaces/robovision_interfaces/msg
[0.774s] -- Up-to-date: /home/ubuntu/ros2_ws/install/robovision_interfaces/include/robovision_interfaces/robovision_interfaces/msg/rosidl_typesupport_fastrtps_c__visibility_control.h
[0.775s] -- Up-to-date: /home/ubuntu/ros2_ws/install/robovision_interfaces/include/robovision_interfaces/robovision_interfaces/msg/detail
[0.775s] -- Up-to-date: /home/ubuntu/ros2_ws/install/robovision_interfaces/include/robovision_interfaces/robovision_interfaces/msg/detail/object_centroid__rosidl_typesupport_fastrtps_c.h
[0.775s] -- Up-to-date: /home/ubuntu/ros2_ws/install/robovision_interfaces/include/robovision_interfaces/robovision_interfaces/msg/detail/object_centroids__rosidl_typesupport_fastrtps_c.h
[0.775s] -- Up-to-date: /home/ubuntu/ros2_ws/install/robovision_interfaces/include/robovision_interfaces/robovision_interfaces/srv
[0.776s] -- Up-to-date: /home/ubuntu/ros2_ws/install/robovision_interfaces/include/robovision_interfaces/robovision_interfaces/srv/detail
[0.776s] -- Up-to-date: /home/ubuntu/ros2_ws/install/robovision_interfaces/include/robovision_interfaces/robovision_interfaces/srv/detail/get_point_center__rosidl_typesupport_fastrtps_c.h
[0.776s] -- Up-to-date: /home/ubuntu/ros2_ws/install/robovision_interfaces/lib/librobovision_interfaces__rosidl_typesupport_fastrtps_c.so
[0.776s] -- Up-to-date: /home/ubuntu/ros2_ws/install/robovision_interfaces/include/robovision_interfaces/robovision_interfaces
[0.777s] -- Up-to-date: /home/ubuntu/ros2_ws/install/robovision_interfaces/include/robovision_interfaces/robovision_interfaces/msg
[0.777s] -- Up-to-date: /home/ubuntu/ros2_ws/install/robovision_interfaces/include/robovision_interfaces/robovision_interfaces/msg/rosidl_typesupport_introspection_c__visibility_control.h
[0.777s] -- Up-to-date: /home/ubuntu/ros2_ws/install/robovision_interfaces/include/robovision_interfaces/robovision_interfaces/msg/detail
[0.777s] -- Up-to-date: /home/ubuntu/ros2_ws/install/robovision_interfaces/include/robovision_interfaces/robovision_interfaces/msg/detail/object_centroids__rosidl_typesupport_introspection_c.h
[0.777s] -- Up-to-date: /home/ubuntu/ros2_ws/install/robovision_interfaces/include/robovision_interfaces/robovision_interfaces/msg/detail/object_centroid__rosidl_typesupport_introspection_c.h
[0.778s] -- Up-to-date: /home/ubuntu/ros2_ws/install/robovision_interfaces/include/robovision_interfaces/robovision_interfaces/msg/detail/object_centroid__type_support.c
[0.778s] -- Up-to-date: /home/ubuntu/ros2_ws/install/robovision_interfaces/include/robovision_interfaces/robovision_interfaces/msg/detail/object_centroids__type_support.c
[0.778s] -- Up-to-date: /home/ubuntu/ros2_ws/install/robovision_interfaces/include/robovision_interfaces/robovision_interfaces/srv
[0.780s] -- Up-to-date: /home/ubuntu/ros2_ws/install/robovision_interfaces/include/robovision_interfaces/robovision_interfaces/srv/detail
[0.780s] -- Up-to-date: /home/ubuntu/ros2_ws/install/robovision_interfaces/include/robovision_interfaces/robovision_interfaces/srv/detail/get_point_center__rosidl_typesupport_introspection_c.h
[0.780s] -- Up-to-date: /home/ubuntu/ros2_ws/install/robovision_interfaces/include/robovision_interfaces/robovision_interfaces/srv/detail/get_point_center__type_support.c
[0.780s] -- Up-to-date: /home/ubuntu/ros2_ws/install/robovision_interfaces/lib/librobovision_interfaces__rosidl_typesupport_introspection_c.so
[0.781s] -- Up-to-date: /home/ubuntu/ros2_ws/install/robovision_interfaces/lib/librobovision_interfaces__rosidl_typesupport_c.so
[0.781s] -- Up-to-date: /home/ubuntu/ros2_ws/install/robovision_interfaces/include/robovision_interfaces/robovision_interfaces
[0.781s] -- Up-to-date: /home/ubuntu/ros2_ws/install/robovision_interfaces/include/robovision_interfaces/robovision_interfaces/msg
[0.781s] -- Up-to-date: /home/ubuntu/ros2_ws/install/robovision_interfaces/include/robovision_interfaces/robovision_interfaces/msg/object_centroid.hpp
[0.781s] -- Up-to-date: /home/ubuntu/ros2_ws/install/robovision_interfaces/include/robovision_interfaces/robovision_interfaces/msg/object_centroids.hpp
[0.781s] -- Up-to-date: /home/ubuntu/ros2_ws/install/robovision_interfaces/include/robovision_interfaces/robovision_interfaces/msg/rosidl_generator_cpp__visibility_control.hpp
[0.781s] -- Up-to-date: /home/ubuntu/ros2_ws/install/robovision_interfaces/include/robovision_interfaces/robovision_interfaces/msg/detail
[0.782s] -- Up-to-date: /home/ubuntu/ros2_ws/install/robovision_interfaces/include/robovision_interfaces/robovision_interfaces/msg/detail/object_centroids__builder.hpp
[0.782s] -- Up-to-date: /home/ubuntu/ros2_ws/install/robovision_interfaces/include/robovision_interfaces/robovision_interfaces/msg/detail/object_centroid__traits.hpp
[0.782s] -- Up-to-date: /home/ubuntu/ros2_ws/install/robovision_interfaces/include/robovision_interfaces/robovision_interfaces/msg/detail/object_centroid__struct.hpp
[0.782s] -- Up-to-date: /home/ubuntu/ros2_ws/install/robovision_interfaces/include/robovision_interfaces/robovision_interfaces/msg/detail/object_centroids__type_support.hpp
[0.782s] -- Up-to-date: /home/ubuntu/ros2_ws/install/robovision_interfaces/include/robovision_interfaces/robovision_interfaces/msg/detail/object_centroids__traits.hpp
[0.782s] -- Up-to-date: /home/ubuntu/ros2_ws/install/robovision_interfaces/include/robovision_interfaces/robovision_interfaces/msg/detail/object_centroids__struct.hpp
[0.782s] -- Up-to-date: /home/ubuntu/ros2_ws/install/robovision_interfaces/include/robovision_interfaces/robovision_interfaces/msg/detail/object_centroid__builder.hpp
[0.783s] -- Up-to-date: /home/ubuntu/ros2_ws/install/robovision_interfaces/include/robovision_interfaces/robovision_interfaces/msg/detail/object_centroid__type_support.hpp
[0.783s] -- Up-to-date: /home/ubuntu/ros2_ws/install/robovision_interfaces/include/robovision_interfaces/robovision_interfaces/srv
[0.783s] -- Up-to-date: /home/ubuntu/ros2_ws/install/robovision_interfaces/include/robovision_interfaces/robovision_interfaces/srv/get_point_center.hpp
[0.783s] -- Up-to-date: /home/ubuntu/ros2_ws/install/robovision_interfaces/include/robovision_interfaces/robovision_interfaces/srv/detail
[0.783s] -- Up-to-date: /home/ubuntu/ros2_ws/install/robovision_interfaces/include/robovision_interfaces/robovision_interfaces/srv/detail/get_point_center__struct.hpp
[0.783s] -- Up-to-date: /home/ubuntu/ros2_ws/install/robovision_interfaces/include/robovision_interfaces/robovision_interfaces/srv/detail/get_point_center__type_support.hpp
[0.783s] -- Up-to-date: /home/ubuntu/ros2_ws/install/robovision_interfaces/include/robovision_interfaces/robovision_interfaces/srv/detail/get_point_center__builder.hpp
[0.784s] -- Up-to-date: /home/ubuntu/ros2_ws/install/robovision_interfaces/include/robovision_interfaces/robovision_interfaces/srv/detail/get_point_center__traits.hpp
[0.784s] -- Up-to-date: /home/ubuntu/ros2_ws/install/robovision_interfaces/include/robovision_interfaces/robovision_interfaces
[0.784s] -- Up-to-date: /home/ubuntu/ros2_ws/install/robovision_interfaces/include/robovision_interfaces/robovision_interfaces/msg
[0.784s] -- Up-to-date: /home/ubuntu/ros2_ws/install/robovision_interfaces/include/robovision_interfaces/robovision_interfaces/msg/rosidl_typesupport_fastrtps_cpp__visibility_control.h
[0.784s] -- Up-to-date: /home/ubuntu/ros2_ws/install/robovision_interfaces/include/robovision_interfaces/robovision_interfaces/msg/detail
[0.784s] -- Up-to-date: /home/ubuntu/ros2_ws/install/robovision_interfaces/include/robovision_interfaces/robovision_interfaces/msg/detail/object_centroids__rosidl_typesupport_fastrtps_cpp.hpp
[0.784s] -- Up-to-date: /home/ubuntu/ros2_ws/install/robovision_interfaces/include/robovision_interfaces/robovision_interfaces/msg/detail/object_centroid__rosidl_typesupport_fastrtps_cpp.hpp
[0.784s] -- Up-to-date: /home/ubuntu/ros2_ws/install/robovision_interfaces/include/robovision_interfaces/robovision_interfaces/msg/detail/dds_fastrtps
[0.784s] -- Up-to-date: /home/ubuntu/ros2_ws/install/robovision_interfaces/include/robovision_interfaces/robovision_interfaces/srv
[0.785s] -- Up-to-date: /home/ubuntu/ros2_ws/install/robovision_interfaces/include/robovision_interfaces/robovision_interfaces/srv/detail
[0.785s] -- Up-to-date: /home/ubuntu/ros2_ws/install/robovision_interfaces/include/robovision_interfaces/robovision_interfaces/srv/detail/get_point_center__rosidl_typesupport_fastrtps_cpp.hpp
[0.785s] -- Up-to-date: /home/ubuntu/ros2_ws/install/robovision_interfaces/include/robovision_interfaces/robovision_interfaces/srv/detail/dds_fastrtps
[0.785s] -- Up-to-date: /home/ubuntu/ros2_ws/install/robovision_interfaces/lib/librobovision_interfaces__rosidl_typesupport_fastrtps_cpp.so
[0.785s] -- Up-to-date: /home/ubuntu/ros2_ws/install/robovision_interfaces/include/robovision_interfaces/robovision_interfaces
[0.785s] -- Up-to-date: /home/ubuntu/ros2_ws/install/robovision_interfaces/include/robovision_interfaces/robovision_interfaces/msg
[0.785s] -- Up-to-date: /home/ubuntu/ros2_ws/install/robovision_interfaces/include/robovision_interfaces/robovision_interfaces/msg/detail
[0.785s] -- Up-to-date: /home/ubuntu/ros2_ws/install/robovision_interfaces/include/robovision_interfaces/robovision_interfaces/msg/detail/object_centroid__type_support.cpp
[0.785s] -- Up-to-date: /home/ubuntu/ros2_ws/install/robovision_interfaces/include/robovision_interfaces/robovision_interfaces/msg/detail/object_centroids__rosidl_typesupport_introspection_cpp.hpp
[0.786s] -- Up-to-date: /home/ubuntu/ros2_ws/install/robovision_interfaces/include/robovision_interfaces/robovision_interfaces/msg/detail/object_centroid__rosidl_typesupport_introspection_cpp.hpp
[0.786s] -- Up-to-date: /home/ubuntu/ros2_ws/install/robovision_interfaces/include/robovision_interfaces/robovision_interfaces/msg/detail/object_centroids__type_support.cpp
[0.786s] -- Up-to-date: /home/ubuntu/ros2_ws/install/robovision_interfaces/include/robovision_interfaces/robovision_interfaces/srv
[0.786s] -- Up-to-date: /home/ubuntu/ros2_ws/install/robovision_interfaces/include/robovision_interfaces/robovision_interfaces/srv/detail
[0.786s] -- Up-to-date: /home/ubuntu/ros2_ws/install/robovision_interfaces/include/robovision_interfaces/robovision_interfaces/srv/detail/get_point_center__type_support.cpp
[0.786s] -- Up-to-date: /home/ubuntu/ros2_ws/install/robovision_interfaces/include/robovision_interfaces/robovision_interfaces/srv/detail/get_point_center__rosidl_typesupport_introspection_cpp.hpp
[0.787s] -- Up-to-date: /home/ubuntu/ros2_ws/install/robovision_interfaces/lib/librobovision_interfaces__rosidl_typesupport_introspection_cpp.so
[0.787s] -- Up-to-date: /home/ubuntu/ros2_ws/install/robovision_interfaces/lib/librobovision_interfaces__rosidl_typesupport_cpp.so
[0.787s] -- Up-to-date: /home/ubuntu/ros2_ws/install/robovision_interfaces/share/robovision_interfaces/environment/pythonpath.sh
[0.787s] -- Up-to-date: /home/ubuntu/ros2_ws/install/robovision_interfaces/share/robovision_interfaces/environment/pythonpath.dsv
[0.787s] -- Up-to-date: /home/ubuntu/ros2_ws/install/robovision_interfaces/lib/python3.12/site-packages/robovision_interfaces-0.0.0-py3.12.egg-info
[0.788s] -- Installing: /home/ubuntu/ros2_ws/install/robovision_interfaces/lib/python3.12/site-packages/robovision_interfaces-0.0.0-py3.12.egg-info/top_level.txt
[0.789s] -- Installing: /home/ubuntu/ros2_ws/install/robovision_interfaces/lib/python3.12/site-packages/robovision_interfaces-0.0.0-py3.12.egg-info/dependency_links.txt
[0.789s] -- Installing: /home/ubuntu/ros2_ws/install/robovision_interfaces/lib/python3.12/site-packages/robovision_interfaces-0.0.0-py3.12.egg-info/PKG-INFO
[0.789s] -- Installing: /home/ubuntu/ros2_ws/install/robovision_interfaces/lib/python3.12/site-packages/robovision_interfaces-0.0.0-py3.12.egg-info/SOURCES.txt
[0.789s] -- Up-to-date: /home/ubuntu/ros2_ws/install/robovision_interfaces/lib/python3.12/site-packages/robovision_interfaces
[0.790s] -- Up-to-date: /home/ubuntu/ros2_ws/install/robovision_interfaces/lib/python3.12/site-packages/robovision_interfaces/msg
[0.790s] -- Up-to-date: /home/ubuntu/ros2_ws/install/robovision_interfaces/lib/python3.12/site-packages/robovision_interfaces/msg/_object_centroids_s.c
[0.790s] -- Up-to-date: /home/ubuntu/ros2_ws/install/robovision_interfaces/lib/python3.12/site-packages/robovision_interfaces/msg/_object_centroid_s.c
[0.791s] -- Up-to-date: /home/ubuntu/ros2_ws/install/robovision_interfaces/lib/python3.12/site-packages/robovision_interfaces/msg/_object_centroids.py
[0.792s] -- Up-to-date: /home/ubuntu/ros2_ws/install/robovision_interfaces/lib/python3.12/site-packages/robovision_interfaces/msg/_object_centroid.py
[0.793s] -- Up-to-date: /home/ubuntu/ros2_ws/install/robovision_interfaces/lib/python3.12/site-packages/robovision_interfaces/msg/__init__.py
[0.793s] -- Up-to-date: /home/ubuntu/ros2_ws/install/robovision_interfaces/lib/python3.12/site-packages/robovision_interfaces/robovision_interfaces_s__rosidl_typesupport_introspection_c.so
[0.793s] -- Up-to-date: /home/ubuntu/ros2_ws/install/robovision_interfaces/lib/python3.12/site-packages/robovision_interfaces/srv
[0.794s] -- Up-to-date: /home/ubuntu/ros2_ws/install/robovision_interfaces/lib/python3.12/site-packages/robovision_interfaces/srv/_get_point_center_s.c
[0.795s] -- Up-to-date: /home/ubuntu/ros2_ws/install/robovision_interfaces/lib/python3.12/site-packages/robovision_interfaces/srv/_get_point_center.py
[0.796s] -- Up-to-date: /home/ubuntu/ros2_ws/install/robovision_interfaces/lib/python3.12/site-packages/robovision_interfaces/srv/__init__.py
[0.797s] -- Up-to-date: /home/ubuntu/ros2_ws/install/robovision_interfaces/lib/python3.12/site-packages/robovision_interfaces/robovision_interfaces_s__rosidl_typesupport_fastrtps_c.so
[0.801s] -- Up-to-date: /home/ubuntu/ros2_ws/install/robovision_interfaces/lib/python3.12/site-packages/robovision_interfaces/_robovision_interfaces_s.ep.rosidl_typesupport_introspection_c.c
[0.802s] -- Up-to-date: /home/ubuntu/ros2_ws/install/robovision_interfaces/lib/python3.12/site-packages/robovision_interfaces/robovision_interfaces_s__rosidl_typesupport_c.so
[0.803s] -- Up-to-date: /home/ubuntu/ros2_ws/install/robovision_interfaces/lib/python3.12/site-packages/robovision_interfaces/_robovision_interfaces_s.ep.rosidl_typesupport_fastrtps_c.c
[0.804s] -- Up-to-date: /home/ubuntu/ros2_ws/install/robovision_interfaces/lib/python3.12/site-packages/robovision_interfaces/_robovision_interfaces_s.ep.rosidl_typesupport_c.c
[0.805s] -- Up-to-date: /home/ubuntu/ros2_ws/install/robovision_interfaces/lib/python3.12/site-packages/robovision_interfaces/__init__.py
[0.861s] Listing '/home/ubuntu/ros2_ws/install/robovision_interfaces/lib/python3.12/site-packages/robovision_interfaces'...
[0.861s] Listing '/home/ubuntu/ros2_ws/install/robovision_interfaces/lib/python3.12/site-packages/robovision_interfaces/msg'...
[0.861s] Listing '/home/ubuntu/ros2_ws/install/robovision_interfaces/lib/python3.12/site-packages/robovision_interfaces/srv'...
[0.868s] -- Up-to-date: /home/ubuntu/ros2_ws/install/robovision_interfaces/lib/python3.12/site-packages/robovision_interfaces/robovision_interfaces_s__rosidl_typesupport_fastrtps_c.so
[0.868s] -- Up-to-date: /home/ubuntu/ros2_ws/install/robovision_interfaces/lib/python3.12/site-packages/robovision_interfaces/robovision_interfaces_s__rosidl_typesupport_introspection_c.so
[0.870s] -- Up-to-date: /home/ubuntu/ros2_ws/install/robovision_interfaces/lib/python3.12/site-packages/robovision_interfaces/robovision_interfaces_s__rosidl_typesupport_c.so
[0.871s] -- Up-to-date: /home/ubuntu/ros2_ws/install/robovision_interfaces/lib/librobovision_interfaces__rosidl_generator_py.so
[0.871s] -- Up-to-date: /home/ubuntu/ros2_ws/install/robovision_interfaces/share/robovision_interfaces/msg/ObjectCentroid.idl
[0.872s] -- Up-to-date: /home/ubuntu/ros2_ws/install/robovision_interfaces/share/robovision_interfaces/msg/ObjectCentroids.idl
[0.874s] -- Up-to-date: /home/ubuntu/ros2_ws/install/robovision_interfaces/share/robovision_interfaces/srv/GetPointCenter.idl
[0.874s] -- Up-to-date: /home/ubuntu/ros2_ws/install/robovision_interfaces/share/robovision_interfaces/msg/ObjectCentroid.msg
[0.875s] -- Up-to-date: /home/ubuntu/ros2_ws/install/robovision_interfaces/share/robovision_interfaces/msg/ObjectCentroids.msg
[0.876s] -- Up-to-date: /home/ubuntu/ros2_ws/install/robovision_interfaces/share/robovision_interfaces/srv/GetPointCenter.srv
[0.877s] -- Up-to-date: /home/ubuntu/ros2_ws/install/robovision_interfaces/share/ament_index/resource_index/package_run_dependencies/robovision_interfaces
[0.877s] -- Up-to-date: /home/ubuntu/ros2_ws/install/robovision_interfaces/share/ament_index/resource_index/parent_prefix_path/robovision_interfaces
[0.877s] -- Up-to-date: /home/ubuntu/ros2_ws/install/robovision_interfaces/share/robovision_interfaces/environment/ament_prefix_path.sh
[0.877s] -- Up-to-date: /home/ubuntu/ros2_ws/install/robovision_interfaces/share/robovision_interfaces/environment/ament_prefix_path.dsv
[0.877s] -- Up-to-date: /home/ubuntu/ros2_ws/install/robovision_interfaces/share/robovision_interfaces/environment/path.sh
[0.878s] -- Up-to-date: /home/ubuntu/ros2_ws/install/robovision_interfaces/share/robovision_interfaces/environment/path.dsv
[0.878s] -- Up-to-date: /home/ubuntu/ros2_ws/install/robovision_interfaces/share/robovision_interfaces/local_setup.bash
[0.878s] -- Up-to-date: /home/ubuntu/ros2_ws/install/robovision_interfaces/share/robovision_interfaces/local_setup.sh
[0.878s] -- Up-to-date: /home/ubuntu/ros2_ws/install/robovision_interfaces/share/robovision_interfaces/local_setup.zsh
[0.879s] -- Up-to-date: /home/ubuntu/ros2_ws/install/robovision_interfaces/share/robovision_interfaces/local_setup.dsv
[0.879s] -- Installing: /home/ubuntu/ros2_ws/install/robovision_interfaces/share/robovision_interfaces/package.dsv
[0.880s] -- Up-to-date: /home/ubuntu/ros2_ws/install/robovision_interfaces/share/ament_index/resource_index/packages/robovision_interfaces
[0.880s] -- Up-to-date: /home/ubuntu/ros2_ws/install/robovision_interfaces/share/robovision_interfaces/cmake/export_robovision_interfaces__rosidl_generator_cExport.cmake
[0.880s] -- Up-to-date: /home/ubuntu/ros2_ws/install/robovision_interfaces/share/robovision_interfaces/cmake/export_robovision_interfaces__rosidl_generator_cExport-noconfig.cmake
[0.880s] -- Up-to-date: /home/ubuntu/ros2_ws/install/robovision_interfaces/share/robovision_interfaces/cmake/export_robovision_interfaces__rosidl_typesupport_fastrtps_cExport.cmake
[0.880s] -- Up-to-date: /home/ubuntu/ros2_ws/install/robovision_interfaces/share/robovision_interfaces/cmake/export_robovision_interfaces__rosidl_typesupport_fastrtps_cExport-noconfig.cmake
[0.880s] -- Up-to-date: /home/ubuntu/ros2_ws/install/robovision_interfaces/share/robovision_interfaces/cmake/robovision_interfaces__rosidl_typesupport_introspection_cExport.cmake
[0.881s] -- Up-to-date: /home/ubuntu/ros2_ws/install/robovision_interfaces/share/robovision_interfaces/cmake/robovision_interfaces__rosidl_typesupport_introspection_cExport-noconfig.cmake
[0.881s] -- Up-to-date: /home/ubuntu/ros2_ws/install/robovision_interfaces/share/robovision_interfaces/cmake/robovision_interfaces__rosidl_typesupport_cExport.cmake
[0.881s] -- Up-to-date: /home/ubuntu/ros2_ws/install/robovision_interfaces/share/robovision_interfaces/cmake/robovision_interfaces__rosidl_typesupport_cExport-noconfig.cmake
[0.881s] -- Up-to-date: /home/ubuntu/ros2_ws/install/robovision_interfaces/share/robovision_interfaces/cmake/export_robovision_interfaces__rosidl_generator_cppExport.cmake
[0.881s] -- Up-to-date: /home/ubuntu/ros2_ws/install/robovision_interfaces/share/robovision_interfaces/cmake/export_robovision_interfaces__rosidl_typesupport_fastrtps_cppExport.cmake
[0.881s] -- Up-to-date: /home/ubuntu/ros2_ws/install/robovision_interfaces/share/robovision_interfaces/cmake/export_robovision_interfaces__rosidl_typesupport_fastrtps_cppExport-noconfig.cmake
[0.882s] -- Up-to-date: /home/ubuntu/ros2_ws/install/robovision_interfaces/share/robovision_interfaces/cmake/robovision_interfaces__rosidl_typesupport_introspection_cppExport.cmake
[0.882s] -- Up-to-date: /home/ubuntu/ros2_ws/install/robovision_interfaces/share/robovision_interfaces/cmake/robovision_interfaces__rosidl_typesupport_introspection_cppExport-noconfig.cmake
[0.882s] -- Up-to-date: /home/ubuntu/ros2_ws/install/robovision_interfaces/share/robovision_interfaces/cmake/robovision_interfaces__rosidl_typesupport_cppExport.cmake
[0.882s] -- Up-to-date: /home/ubuntu/ros2_ws/install/robovision_interfaces/share/robovision_interfaces/cmake/robovision_interfaces__rosidl_typesupport_cppExport-noconfig.cmake
[0.882s] -- Up-to-date: /home/ubuntu/ros2_ws/install/robovision_interfaces/share/robovision_interfaces/cmake/export_robovision_interfaces__rosidl_generator_pyExport.cmake
[0.882s] -- Up-to-date: /home/ubuntu/ros2_ws/install/robovision_interfaces/share/robovision_interfaces/cmake/export_robovision_interfaces__rosidl_generator_pyExport-noconfig.cmake
[0.883s] -- Up-to-date: /home/ubuntu/ros2_ws/install/robovision_interfaces/share/robovision_interfaces/cmake/rosidl_cmake-extras.cmake
[0.883s] -- Up-to-date: /home/ubuntu/ros2_ws/install/robovision_interfaces/share/robovision_interfaces/cmake/ament_cmake_export_dependencies-extras.cmake
[0.883s] -- Up-to-date: /home/ubuntu/ros2_ws/install/robovision_interfaces/share/robovision_interfaces/cmake/ament_cmake_export_include_directories-extras.cmake
[0.883s] -- Up-to-date: /home/ubuntu/ros2_ws/install/robovision_interfaces/share/robovision_interfaces/cmake/ament_cmake_export_libraries-extras.cmake
[0.883s] -- Up-to-date: /home/ubuntu/ros2_ws/install/robovision_interfaces/share/robovision_interfaces/cmake/ament_cmake_export_targets-extras.cmake
[0.883s] -- Up-to-date: /home/ubuntu/ros2_ws/install/robovision_interfaces/share/robovision_interfaces/cmake/rosidl_cmake_export_typesupport_targets-extras.cmake
[0.883s] -- Up-to-date: /home/ubuntu/ros2_ws/install/robovision_interfaces/share/robovision_interfaces/cmake/rosidl_cmake_export_typesupport_libraries-extras.cmake
[0.884s] -- Up-to-date: /home/ubuntu/ros2_ws/install/robovision_interfaces/share/robovision_interfaces/cmake/robovision_interfacesConfig.cmake
[0.884s] -- Up-to-date: /home/ubuntu/ros2_ws/install/robovision_interfaces/share/robovision_interfaces/cmake/robovision_interfacesConfig-version.cmake
[0.884s] -- Up-to-date: /home/ubuntu/ros2_ws/install/robovision_interfaces/share/robovision_interfaces/package.xml
[0.909s] Invoked command in '/home/ubuntu/ros2_ws/build/robovision_interfaces' returned '0': CMAKE_PREFIX_PATH=${CMAKE_PREFIX_PATH}:/home/ubuntu/ros2_ws/install/opencv_tests:/opt/ros/jazzy /usr/bin/cmake --install /home/ubuntu/ros2_ws/build/robovision_interfaces
