[0.166s] DEBUG:colcon:Command line arguments: ['/usr/bin/colcon', 'build']
[0.166s] DEBUG:colcon:Parsed command line arguments: Namespace(log_base=None, log_level=None, verb_name='build', build_base='build', install_base='install', merge_install=False, symlink_install=False, test_result_base=None, continue_on_error=False, executor='parallel', parallel_workers=16, event_handlers=None, ignore_user_meta=False, metas=['./colcon.meta'], base_paths=['.'], packages_ignore=None, packages_ignore_regex=None, paths=None, packages_up_to=None, packages_up_to_regex=None, packages_above=None, packages_above_and_dependencies=None, packages_above_depth=None, packages_select_by_dep=None, packages_skip_by_dep=None, packages_skip_up_to=None, packages_select_build_failed=False, packages_skip_build_finished=False, packages_select_test_failures=False, packages_skip_test_passed=False, packages_select=None, packages_skip=None, packages_select_regex=None, packages_skip_regex=None, packages_start=None, packages_end=None, allow_overriding=[], cmake_args=None, cmake_target=None, cmake_target_skip_unavailable=False, cmake_clean_cache=False, cmake_clean_first=False, cmake_force_configure=False, ament_cmake_args=None, catkin_cmake_args=None, catkin_skip_building_tests=False, verb_parser=<colcon_defaults.argument_parser.defaults.DefaultArgumentsDecorator object at 0x7105feb53650>, verb_extension=<colcon_core.verb.build.BuildVerb object at 0x7105feca00e0>, main=<bound method BuildVerb.main of <colcon_core.verb.build.BuildVerb object at 0x7105feca00e0>>)
[0.189s] Level 1:colcon.colcon_core.package_discovery:discover_packages(colcon_meta) check parameters
[0.189s] Level 1:colcon.colcon_core.package_discovery:discover_packages(recursive) check parameters
[0.189s] Level 1:colcon.colcon_core.package_discovery:discover_packages(ignore) check parameters
[0.189s] Level 1:colcon.colcon_core.package_discovery:discover_packages(path) check parameters
[0.189s] Level 1:colcon.colcon_core.package_discovery:discover_packages(colcon_meta) discover
[0.189s] Level 1:colcon.colcon_core.package_discovery:discover_packages(recursive) discover
[0.189s] INFO:colcon.colcon_core.package_discovery:Crawling recursively for packages in '/home/ubuntu/ros2_openni_ws'
[0.190s] Level 1:colcon.colcon_core.package_identification:_identify(.) by extensions ['ignore', 'ignore_ament_install']
[0.190s] Level 1:colcon.colcon_core.package_identification:_identify(.) by extension 'ignore'
[0.190s] Level 1:colcon.colcon_core.package_identification:_identify(.) by extension 'ignore_ament_install'
[0.190s] Level 1:colcon.colcon_core.package_identification:_identify(.) by extensions ['colcon_pkg']
[0.190s] Level 1:colcon.colcon_core.package_identification:_identify(.) by extension 'colcon_pkg'
[0.190s] Level 1:colcon.colcon_core.package_identification:_identify(.) by extensions ['colcon_meta']
[0.190s] Level 1:colcon.colcon_core.package_identification:_identify(.) by extension 'colcon_meta'
[0.190s] Level 1:colcon.colcon_core.package_identification:_identify(.) by extensions ['ros']
[0.190s] Level 1:colcon.colcon_core.package_identification:_identify(.) by extension 'ros'
[0.204s] Level 1:colcon.colcon_core.package_identification:_identify(.) by extensions ['cmake', 'python']
[0.204s] Level 1:colcon.colcon_core.package_identification:_identify(.) by extension 'cmake'
[0.204s] Level 1:colcon.colcon_core.package_identification:_identify(.) by extension 'python'
[0.204s] Level 1:colcon.colcon_core.package_identification:_identify(.) by extensions ['python_setup_py']
[0.204s] Level 1:colcon.colcon_core.package_identification:_identify(.) by extension 'python_setup_py'
[0.205s] Level 1:colcon.colcon_core.package_identification:_identify(build) by extensions ['ignore', 'ignore_ament_install']
[0.205s] Level 1:colcon.colcon_core.package_identification:_identify(build) by extension 'ignore'
[0.205s] Level 1:colcon.colcon_core.package_identification:_identify(build) ignored
[0.206s] Level 1:colcon.colcon_core.package_identification:_identify(install) by extensions ['ignore', 'ignore_ament_install']
[0.206s] Level 1:colcon.colcon_core.package_identification:_identify(install) by extension 'ignore'
[0.206s] Level 1:colcon.colcon_core.package_identification:_identify(install) ignored
[0.206s] Level 1:colcon.colcon_core.package_identification:_identify(log) by extensions ['ignore', 'ignore_ament_install']
[0.206s] Level 1:colcon.colcon_core.package_identification:_identify(log) by extension 'ignore'
[0.206s] Level 1:colcon.colcon_core.package_identification:_identify(log) ignored
[0.206s] Level 1:colcon.colcon_core.package_identification:_identify(src) by extensions ['ignore', 'ignore_ament_install']
[0.206s] Level 1:colcon.colcon_core.package_identification:_identify(src) by extension 'ignore'
[0.206s] Level 1:colcon.colcon_core.package_identification:_identify(src) by extension 'ignore_ament_install'
[0.206s] Level 1:colcon.colcon_core.package_identification:_identify(src) by extensions ['colcon_pkg']
[0.206s] Level 1:colcon.colcon_core.package_identification:_identify(src) by extension 'colcon_pkg'
[0.206s] Level 1:colcon.colcon_core.package_identification:_identify(src) by extensions ['colcon_meta']
[0.206s] Level 1:colcon.colcon_core.package_identification:_identify(src) by extension 'colcon_meta'
[0.206s] Level 1:colcon.colcon_core.package_identification:_identify(src) by extensions ['ros']
[0.206s] Level 1:colcon.colcon_core.package_identification:_identify(src) by extension 'ros'
[0.206s] Level 1:colcon.colcon_core.package_identification:_identify(src) by extensions ['cmake', 'python']
[0.206s] Level 1:colcon.colcon_core.package_identification:_identify(src) by extension 'cmake'
[0.206s] Level 1:colcon.colcon_core.package_identification:_identify(src) by extension 'python'
[0.206s] Level 1:colcon.colcon_core.package_identification:_identify(src) by extensions ['python_setup_py']
[0.206s] Level 1:colcon.colcon_core.package_identification:_identify(src) by extension 'python_setup_py'
[0.206s] Level 1:colcon.colcon_core.package_identification:_identify(src/openni2_camera) by extensions ['ignore', 'ignore_ament_install']
[0.206s] Level 1:colcon.colcon_core.package_identification:_identify(src/openni2_camera) by extension 'ignore'
[0.206s] Level 1:colcon.colcon_core.package_identification:_identify(src/openni2_camera) by extension 'ignore_ament_install'
[0.206s] Level 1:colcon.colcon_core.package_identification:_identify(src/openni2_camera) by extensions ['colcon_pkg']
[0.206s] Level 1:colcon.colcon_core.package_identification:_identify(src/openni2_camera) by extension 'colcon_pkg'
[0.207s] Level 1:colcon.colcon_core.package_identification:_identify(src/openni2_camera) by extensions ['colcon_meta']
[0.207s] Level 1:colcon.colcon_core.package_identification:_identify(src/openni2_camera) by extension 'colcon_meta'
[0.207s] Level 1:colcon.colcon_core.package_identification:_identify(src/openni2_camera) by extensions ['ros']
[0.207s] Level 1:colcon.colcon_core.package_identification:_identify(src/openni2_camera) by extension 'ros'
[0.209s] DEBUG:colcon.colcon_core.package_identification:Package 'src/openni2_camera' with type 'ros.ament_cmake' and name 'openni2_camera'
[0.209s] Level 1:colcon.colcon_core.package_discovery:discover_packages(recursive) using defaults
[0.209s] Level 1:colcon.colcon_core.package_discovery:discover_packages(ignore) discover
[0.209s] Level 1:colcon.colcon_core.package_discovery:discover_packages(ignore) using defaults
[0.209s] Level 1:colcon.colcon_core.package_discovery:discover_packages(path) discover
[0.209s] Level 1:colcon.colcon_core.package_discovery:discover_packages(path) using defaults
[0.219s] Level 1:colcon.colcon_core.package_discovery:discover_packages(prefix_path) check parameters
[0.219s] Level 1:colcon.colcon_core.package_discovery:discover_packages(prefix_path) discover
[0.220s] DEBUG:colcon.colcon_installed_package_information.package_discovery:Found 1 installed packages in /home/ubuntu/ros2_openni_ws/install
[0.220s] DEBUG:colcon.colcon_installed_package_information.package_discovery:Found 9 installed packages in /home/ubuntu/ros2_ws/install
[0.221s] DEBUG:colcon.colcon_installed_package_information.package_discovery:Found 290 installed packages in /opt/ros/jazzy
[0.222s] Level 1:colcon.colcon_core.package_discovery:discover_packages(prefix_path) using defaults
[0.242s] Level 5:colcon.colcon_core.verb:set package 'openni2_camera' build argument 'cmake_args' from command line to 'None'
[0.242s] Level 5:colcon.colcon_core.verb:set package 'openni2_camera' build argument 'cmake_target' from command line to 'None'
[0.242s] Level 5:colcon.colcon_core.verb:set package 'openni2_camera' build argument 'cmake_target_skip_unavailable' from command line to 'False'
[0.242s] Level 5:colcon.colcon_core.verb:set package 'openni2_camera' build argument 'cmake_clean_cache' from command line to 'False'
[0.242s] Level 5:colcon.colcon_core.verb:set package 'openni2_camera' build argument 'cmake_clean_first' from command line to 'False'
[0.242s] Level 5:colcon.colcon_core.verb:set package 'openni2_camera' build argument 'cmake_force_configure' from command line to 'False'
[0.242s] Level 5:colcon.colcon_core.verb:set package 'openni2_camera' build argument 'ament_cmake_args' from command line to 'None'
[0.242s] Level 5:colcon.colcon_core.verb:set package 'openni2_camera' build argument 'catkin_cmake_args' from command line to 'None'
[0.242s] Level 5:colcon.colcon_core.verb:set package 'openni2_camera' build argument 'catkin_skip_building_tests' from command line to 'False'
[0.242s] DEBUG:colcon.colcon_core.verb:Building package 'openni2_camera' with the following arguments: {'ament_cmake_args': None, 'build_base': '/home/ubuntu/ros2_openni_ws/build/openni2_camera', 'catkin_cmake_args': None, 'catkin_skip_building_tests': False, 'cmake_args': None, 'cmake_clean_cache': False, 'cmake_clean_first': False, 'cmake_force_configure': False, 'cmake_target': None, 'cmake_target_skip_unavailable': False, 'install_base': '/home/ubuntu/ros2_openni_ws/install/openni2_camera', 'merge_install': False, 'path': '/home/ubuntu/ros2_openni_ws/src/openni2_camera', 'symlink_install': False, 'test_result_base': None}
[0.242s] INFO:colcon.colcon_core.executor:Executing jobs using 'parallel' executor
[0.243s] DEBUG:colcon.colcon_parallel_executor.executor.parallel:run_until_complete
[0.243s] INFO:colcon.colcon_ros.task.ament_cmake.build:Building ROS package in '/home/ubuntu/ros2_openni_ws/src/openni2_camera' with build type 'ament_cmake'
[0.243s] INFO:colcon.colcon_cmake.task.cmake.build:Building CMake package in '/home/ubuntu/ros2_openni_ws/src/openni2_camera'
[0.245s] INFO:colcon.colcon_core.plugin_system:Skipping extension 'colcon_core.shell.bat': Not used on non-Windows systems
[0.245s] INFO:colcon.colcon_core.shell:Skip shell extension 'powershell' for command environment: Not usable outside of PowerShell
[0.245s] DEBUG:colcon.colcon_core.shell:Skip shell extension 'dsv' for command environment
[0.251s] DEBUG:colcon.colcon_core.event_handler.log_command:Invoking command in '/home/ubuntu/ros2_openni_ws/build/openni2_camera': CMAKE_PREFIX_PATH=${CMAKE_PREFIX_PATH}:/home/ubuntu/ros2_ws/install/opencv_tests:/opt/ros/jazzy /usr/bin/cmake --build /home/ubuntu/ros2_openni_ws/build/openni2_camera -- -j16 -l16
[0.483s] DEBUG:colcon.colcon_core.event_handler.log_command:Invoked command in '/home/ubuntu/ros2_openni_ws/build/openni2_camera' returned '0': CMAKE_PREFIX_PATH=${CMAKE_PREFIX_PATH}:/home/ubuntu/ros2_ws/install/opencv_tests:/opt/ros/jazzy /usr/bin/cmake --build /home/ubuntu/ros2_openni_ws/build/openni2_camera -- -j16 -l16
[0.493s] DEBUG:colcon.colcon_core.event_handler.log_command:Invoking command in '/home/ubuntu/ros2_openni_ws/build/openni2_camera': CMAKE_PREFIX_PATH=${CMAKE_PREFIX_PATH}:/home/ubuntu/ros2_ws/install/opencv_tests:/opt/ros/jazzy /usr/bin/cmake --install /home/ubuntu/ros2_openni_ws/build/openni2_camera
[0.551s] Level 1:colcon.colcon_core.environment:create_environment_scripts_only(openni2_camera)
[0.551s] DEBUG:colcon.colcon_core.event_handler.log_command:Invoked command in '/home/ubuntu/ros2_openni_ws/build/openni2_camera' returned '0': CMAKE_PREFIX_PATH=${CMAKE_PREFIX_PATH}:/home/ubuntu/ros2_ws/install/opencv_tests:/opt/ros/jazzy /usr/bin/cmake --install /home/ubuntu/ros2_openni_ws/build/openni2_camera
[0.552s] Level 1:colcon.colcon_core.environment:checking '/home/ubuntu/ros2_openni_ws/install/openni2_camera' for CMake module files
[0.553s] Level 1:colcon.colcon_core.environment:checking '/home/ubuntu/ros2_openni_ws/install/openni2_camera' for CMake config files
[0.556s] Level 1:colcon.colcon_core.shell:create_environment_hook('openni2_camera', 'cmake_prefix_path')
[0.556s] INFO:colcon.colcon_core.shell:Creating environment hook '/home/ubuntu/ros2_openni_ws/install/openni2_camera/share/openni2_camera/hook/cmake_prefix_path.ps1'
[0.557s] INFO:colcon.colcon_core.shell:Creating environment descriptor '/home/ubuntu/ros2_openni_ws/install/openni2_camera/share/openni2_camera/hook/cmake_prefix_path.dsv'
[0.557s] INFO:colcon.colcon_core.shell:Creating environment hook '/home/ubuntu/ros2_openni_ws/install/openni2_camera/share/openni2_camera/hook/cmake_prefix_path.sh'
[0.557s] Level 1:colcon.colcon_core.environment:checking '/home/ubuntu/ros2_openni_ws/install/openni2_camera/lib'
[0.557s] Level 1:colcon.colcon_core.shell:create_environment_hook('openni2_camera', 'ld_library_path_lib')
[0.558s] INFO:colcon.colcon_core.shell:Creating environment hook '/home/ubuntu/ros2_openni_ws/install/openni2_camera/share/openni2_camera/hook/ld_library_path_lib.ps1'
[0.558s] INFO:colcon.colcon_core.shell:Creating environment descriptor '/home/ubuntu/ros2_openni_ws/install/openni2_camera/share/openni2_camera/hook/ld_library_path_lib.dsv'
[0.558s] INFO:colcon.colcon_core.shell:Creating environment hook '/home/ubuntu/ros2_openni_ws/install/openni2_camera/share/openni2_camera/hook/ld_library_path_lib.sh'
[0.558s] Level 1:colcon.colcon_core.environment:checking '/home/ubuntu/ros2_openni_ws/install/openni2_camera/bin'
[0.558s] Level 1:colcon.colcon_core.environment:checking '/home/ubuntu/ros2_openni_ws/install/openni2_camera/lib/pkgconfig/openni2_camera.pc'
[0.558s] Level 1:colcon.colcon_core.environment:checking '/home/ubuntu/ros2_openni_ws/install/openni2_camera/lib/python3.12/site-packages'
[0.558s] Level 1:colcon.colcon_core.shell:create_environment_hook('openni2_camera', 'pythonpath')
[0.558s] INFO:colcon.colcon_core.shell:Creating environment hook '/home/ubuntu/ros2_openni_ws/install/openni2_camera/share/openni2_camera/hook/pythonpath.ps1'
[0.559s] INFO:colcon.colcon_core.shell:Creating environment descriptor '/home/ubuntu/ros2_openni_ws/install/openni2_camera/share/openni2_camera/hook/pythonpath.dsv'
[0.559s] INFO:colcon.colcon_core.shell:Creating environment hook '/home/ubuntu/ros2_openni_ws/install/openni2_camera/share/openni2_camera/hook/pythonpath.sh'
[0.559s] Level 1:colcon.colcon_core.environment:checking '/home/ubuntu/ros2_openni_ws/install/openni2_camera/bin'
[0.559s] INFO:colcon.colcon_core.shell:Creating package script '/home/ubuntu/ros2_openni_ws/install/openni2_camera/share/openni2_camera/package.ps1'
[0.560s] INFO:colcon.colcon_core.shell:Creating package descriptor '/home/ubuntu/ros2_openni_ws/install/openni2_camera/share/openni2_camera/package.dsv'
[0.560s] INFO:colcon.colcon_core.shell:Creating package script '/home/ubuntu/ros2_openni_ws/install/openni2_camera/share/openni2_camera/package.sh'
[0.560s] INFO:colcon.colcon_core.shell:Creating package script '/home/ubuntu/ros2_openni_ws/install/openni2_camera/share/openni2_camera/package.bash'
[0.561s] INFO:colcon.colcon_core.shell:Creating package script '/home/ubuntu/ros2_openni_ws/install/openni2_camera/share/openni2_camera/package.zsh'
[0.561s] Level 1:colcon.colcon_core.environment:create_file_with_runtime_dependencies(/home/ubuntu/ros2_openni_ws/install/openni2_camera/share/colcon-core/packages/openni2_camera)
[0.561s] Level 1:colcon.colcon_core.environment:create_environment_scripts_only(openni2_camera)
[0.561s] Level 1:colcon.colcon_core.environment:checking '/home/ubuntu/ros2_openni_ws/install/openni2_camera' for CMake module files
[0.562s] Level 1:colcon.colcon_core.environment:checking '/home/ubuntu/ros2_openni_ws/install/openni2_camera' for CMake config files
[0.562s] Level 1:colcon.colcon_core.shell:create_environment_hook('openni2_camera', 'cmake_prefix_path')
[0.562s] INFO:colcon.colcon_core.shell:Creating environment hook '/home/ubuntu/ros2_openni_ws/install/openni2_camera/share/openni2_camera/hook/cmake_prefix_path.ps1'
[0.562s] INFO:colcon.colcon_core.shell:Creating environment descriptor '/home/ubuntu/ros2_openni_ws/install/openni2_camera/share/openni2_camera/hook/cmake_prefix_path.dsv'
[0.562s] INFO:colcon.colcon_core.shell:Creating environment hook '/home/ubuntu/ros2_openni_ws/install/openni2_camera/share/openni2_camera/hook/cmake_prefix_path.sh'
[0.562s] Level 1:colcon.colcon_core.environment:checking '/home/ubuntu/ros2_openni_ws/install/openni2_camera/lib'
[0.562s] Level 1:colcon.colcon_core.shell:create_environment_hook('openni2_camera', 'ld_library_path_lib')
[0.563s] INFO:colcon.colcon_core.shell:Creating environment hook '/home/ubuntu/ros2_openni_ws/install/openni2_camera/share/openni2_camera/hook/ld_library_path_lib.ps1'
[0.563s] INFO:colcon.colcon_core.shell:Creating environment descriptor '/home/ubuntu/ros2_openni_ws/install/openni2_camera/share/openni2_camera/hook/ld_library_path_lib.dsv'
[0.563s] INFO:colcon.colcon_core.shell:Creating environment hook '/home/ubuntu/ros2_openni_ws/install/openni2_camera/share/openni2_camera/hook/ld_library_path_lib.sh'
[0.563s] Level 1:colcon.colcon_core.environment:checking '/home/ubuntu/ros2_openni_ws/install/openni2_camera/bin'
[0.563s] Level 1:colcon.colcon_core.environment:checking '/home/ubuntu/ros2_openni_ws/install/openni2_camera/lib/pkgconfig/openni2_camera.pc'
[0.563s] Level 1:colcon.colcon_core.environment:checking '/home/ubuntu/ros2_openni_ws/install/openni2_camera/lib/python3.12/site-packages'
[0.563s] Level 1:colcon.colcon_core.shell:create_environment_hook('openni2_camera', 'pythonpath')
[0.563s] INFO:colcon.colcon_core.shell:Creating environment hook '/home/ubuntu/ros2_openni_ws/install/openni2_camera/share/openni2_camera/hook/pythonpath.ps1'
[0.564s] INFO:colcon.colcon_core.shell:Creating environment descriptor '/home/ubuntu/ros2_openni_ws/install/openni2_camera/share/openni2_camera/hook/pythonpath.dsv'
[0.564s] INFO:colcon.colcon_core.shell:Creating environment hook '/home/ubuntu/ros2_openni_ws/install/openni2_camera/share/openni2_camera/hook/pythonpath.sh'
[0.564s] Level 1:colcon.colcon_core.environment:checking '/home/ubuntu/ros2_openni_ws/install/openni2_camera/bin'
[0.564s] INFO:colcon.colcon_core.shell:Creating package script '/home/ubuntu/ros2_openni_ws/install/openni2_camera/share/openni2_camera/package.ps1'
[0.565s] INFO:colcon.colcon_core.shell:Creating package descriptor '/home/ubuntu/ros2_openni_ws/install/openni2_camera/share/openni2_camera/package.dsv'
[0.565s] INFO:colcon.colcon_core.shell:Creating package script '/home/ubuntu/ros2_openni_ws/install/openni2_camera/share/openni2_camera/package.sh'
[0.565s] INFO:colcon.colcon_core.shell:Creating package script '/home/ubuntu/ros2_openni_ws/install/openni2_camera/share/openni2_camera/package.bash'
[0.565s] INFO:colcon.colcon_core.shell:Creating package script '/home/ubuntu/ros2_openni_ws/install/openni2_camera/share/openni2_camera/package.zsh'
[0.565s] Level 1:colcon.colcon_core.environment:create_file_with_runtime_dependencies(/home/ubuntu/ros2_openni_ws/install/openni2_camera/share/colcon-core/packages/openni2_camera)
[0.566s] DEBUG:colcon.colcon_parallel_executor.executor.parallel:closing loop
[0.566s] DEBUG:colcon.colcon_parallel_executor.executor.parallel:loop closed
[0.566s] DEBUG:colcon.colcon_parallel_executor.executor.parallel:run_until_complete finished with '0'
[0.566s] DEBUG:colcon.colcon_core.event_reactor:joining thread
[0.597s] INFO:colcon.colcon_core.plugin_system:Skipping extension 'colcon_notification.desktop_notification.notify_send': Could not find 'notify-send'
[0.598s] INFO:colcon.colcon_core.plugin_system:Skipping extension 'colcon_notification.desktop_notification.terminal_notifier': Not used on non-Darwin systems
[0.598s] INFO:colcon.colcon_core.plugin_system:Skipping extension 'colcon_notification.desktop_notification.win32': Not used on non-Windows systems
[0.598s] INFO:colcon.colcon_notification.desktop_notification:Sending desktop notification using 'notify2'
[0.598s] DEBUG:colcon.colcon_notification.desktop_notification.notify2:Failed to initialize notify2: org.freedesktop.DBus.Error.ServiceUnknown: The name org.freedesktop.Notifications was not provided by any .service files
[0.598s] DEBUG:colcon.colcon_core.event_reactor:joined thread
[0.598s] INFO:colcon.colcon_core.shell:Creating prefix script '/home/ubuntu/ros2_openni_ws/install/local_setup.ps1'
[0.599s] INFO:colcon.colcon_core.shell:Creating prefix util module '/home/ubuntu/ros2_openni_ws/install/_local_setup_util_ps1.py'
[0.599s] INFO:colcon.colcon_core.shell:Creating prefix chain script '/home/ubuntu/ros2_openni_ws/install/setup.ps1'
[0.600s] INFO:colcon.colcon_core.shell:Creating prefix script '/home/ubuntu/ros2_openni_ws/install/local_setup.sh'
[0.600s] INFO:colcon.colcon_core.shell:Creating prefix util module '/home/ubuntu/ros2_openni_ws/install/_local_setup_util_sh.py'
[0.601s] INFO:colcon.colcon_core.shell:Creating prefix chain script '/home/ubuntu/ros2_openni_ws/install/setup.sh'
[0.601s] INFO:colcon.colcon_core.shell:Creating prefix script '/home/ubuntu/ros2_openni_ws/install/local_setup.bash'
[0.601s] INFO:colcon.colcon_core.shell:Creating prefix chain script '/home/ubuntu/ros2_openni_ws/install/setup.bash'
[0.602s] INFO:colcon.colcon_core.shell:Creating prefix script '/home/ubuntu/ros2_openni_ws/install/local_setup.zsh'
[0.602s] INFO:colcon.colcon_core.shell:Creating prefix chain script '/home/ubuntu/ros2_openni_ws/install/setup.zsh'
