[1.798s] DEBUG:colcon:Command line arguments: ['/usr/bin/colcon', 'build']
[1.798s] DEBUG:colcon:Parsed command line arguments: Namespace(log_base=None, log_level=None, verb_name='build', build_base='build', install_base='install', merge_install=False, symlink_install=False, test_result_base=None, continue_on_error=False, executor='parallel', parallel_workers=16, event_handlers=None, ignore_user_meta=False, metas=['./colcon.meta'], base_paths=['.'], packages_ignore=None, packages_ignore_regex=None, paths=None, packages_up_to=None, packages_up_to_regex=None, packages_above=None, packages_above_and_dependencies=None, packages_above_depth=None, packages_select_by_dep=None, packages_skip_by_dep=None, packages_skip_up_to=None, packages_select_build_failed=False, packages_skip_build_finished=False, packages_select_test_failures=False, packages_skip_test_passed=False, packages_select=None, packages_skip=None, packages_select_regex=None, packages_skip_regex=None, packages_start=None, packages_end=None, allow_overriding=[], cmake_args=None, cmake_target=None, cmake_target_skip_unavailable=False, cmake_clean_cache=False, cmake_clean_first=False, cmake_force_configure=False, ament_cmake_args=None, catkin_cmake_args=None, catkin_skip_building_tests=False, verb_parser=<colcon_defaults.argument_parser.defaults.DefaultArgumentsDecorator object at 0x7a8c67f573e0>, verb_extension=<colcon_core.verb.build.BuildVerb object at 0x7a8c6806f3b0>, main=<bound method BuildVerb.main of <colcon_core.verb.build.BuildVerb object at 0x7a8c6806f3b0>>)
[1.863s] Level 1:colcon.colcon_core.package_discovery:discover_packages(colcon_meta) check parameters
[1.864s] Level 1:colcon.colcon_core.package_discovery:discover_packages(recursive) check parameters
[1.864s] Level 1:colcon.colcon_core.package_discovery:discover_packages(ignore) check parameters
[1.864s] Level 1:colcon.colcon_core.package_discovery:discover_packages(path) check parameters
[1.864s] Level 1:colcon.colcon_core.package_discovery:discover_packages(colcon_meta) discover
[1.864s] Level 1:colcon.colcon_core.package_discovery:discover_packages(recursive) discover
[1.864s] INFO:colcon.colcon_core.package_discovery:Crawling recursively for packages in '/home/ubuntu/ros2_ws'
[1.864s] Level 1:colcon.colcon_core.package_identification:_identify(.) by extensions ['ignore', 'ignore_ament_install']
[1.864s] Level 1:colcon.colcon_core.package_identification:_identify(.) by extension 'ignore'
[1.864s] Level 1:colcon.colcon_core.package_identification:_identify(.) by extension 'ignore_ament_install'
[1.864s] Level 1:colcon.colcon_core.package_identification:_identify(.) by extensions ['colcon_pkg']
[1.864s] Level 1:colcon.colcon_core.package_identification:_identify(.) by extension 'colcon_pkg'
[1.864s] Level 1:colcon.colcon_core.package_identification:_identify(.) by extensions ['colcon_meta']
[1.864s] Level 1:colcon.colcon_core.package_identification:_identify(.) by extension 'colcon_meta'
[1.864s] Level 1:colcon.colcon_core.package_identification:_identify(.) by extensions ['ros']
[1.864s] Level 1:colcon.colcon_core.package_identification:_identify(.) by extension 'ros'
[1.896s] Level 1:colcon.colcon_core.package_identification:_identify(.) by extensions ['cmake', 'python']
[1.896s] Level 1:colcon.colcon_core.package_identification:_identify(.) by extension 'cmake'
[1.896s] Level 1:colcon.colcon_core.package_identification:_identify(.) by extension 'python'
[1.897s] Level 1:colcon.colcon_core.package_identification:_identify(.) by extensions ['python_setup_py']
[1.897s] Level 1:colcon.colcon_core.package_identification:_identify(.) by extension 'python_setup_py'
[1.897s] Level 1:colcon.colcon_core.package_identification:_identify(build) by extensions ['ignore', 'ignore_ament_install']
[1.897s] Level 1:colcon.colcon_core.package_identification:_identify(build) by extension 'ignore'
[1.897s] Level 1:colcon.colcon_core.package_identification:_identify(build) ignored
[1.897s] Level 1:colcon.colcon_core.package_identification:_identify(install) by extensions ['ignore', 'ignore_ament_install']
[1.897s] Level 1:colcon.colcon_core.package_identification:_identify(install) by extension 'ignore'
[1.897s] Level 1:colcon.colcon_core.package_identification:_identify(install) ignored
[1.897s] Level 1:colcon.colcon_core.package_identification:_identify(log) by extensions ['ignore', 'ignore_ament_install']
[1.897s] Level 1:colcon.colcon_core.package_identification:_identify(log) by extension 'ignore'
[1.897s] Level 1:colcon.colcon_core.package_identification:_identify(log) ignored
[1.898s] Level 1:colcon.colcon_core.package_identification:_identify(src) by extensions ['ignore', 'ignore_ament_install']
[1.898s] Level 1:colcon.colcon_core.package_identification:_identify(src) by extension 'ignore'
[1.898s] Level 1:colcon.colcon_core.package_identification:_identify(src) by extension 'ignore_ament_install'
[1.898s] Level 1:colcon.colcon_core.package_identification:_identify(src) by extensions ['colcon_pkg']
[1.898s] Level 1:colcon.colcon_core.package_identification:_identify(src) by extension 'colcon_pkg'
[1.898s] Level 1:colcon.colcon_core.package_identification:_identify(src) by extensions ['colcon_meta']
[1.898s] Level 1:colcon.colcon_core.package_identification:_identify(src) by extension 'colcon_meta'
[1.898s] Level 1:colcon.colcon_core.package_identification:_identify(src) by extensions ['ros']
[1.898s] Level 1:colcon.colcon_core.package_identification:_identify(src) by extension 'ros'
[1.898s] Level 1:colcon.colcon_core.package_identification:_identify(src) by extensions ['cmake', 'python']
[1.898s] Level 1:colcon.colcon_core.package_identification:_identify(src) by extension 'cmake'
[1.898s] Level 1:colcon.colcon_core.package_identification:_identify(src) by extension 'python'
[1.898s] Level 1:colcon.colcon_core.package_identification:_identify(src) by extensions ['python_setup_py']
[1.898s] Level 1:colcon.colcon_core.package_identification:_identify(src) by extension 'python_setup_py'
[1.898s] Level 1:colcon.colcon_core.package_identification:_identify(src/robovision_ros2) by extensions ['ignore', 'ignore_ament_install']
[1.898s] Level 1:colcon.colcon_core.package_identification:_identify(src/robovision_ros2) by extension 'ignore'
[1.898s] Level 1:colcon.colcon_core.package_identification:_identify(src/robovision_ros2) by extension 'ignore_ament_install'
[1.898s] Level 1:colcon.colcon_core.package_identification:_identify(src/robovision_ros2) by extensions ['colcon_pkg']
[1.898s] Level 1:colcon.colcon_core.package_identification:_identify(src/robovision_ros2) by extension 'colcon_pkg'
[1.898s] Level 1:colcon.colcon_core.package_identification:_identify(src/robovision_ros2) by extensions ['colcon_meta']
[1.898s] Level 1:colcon.colcon_core.package_identification:_identify(src/robovision_ros2) by extension 'colcon_meta'
[1.898s] Level 1:colcon.colcon_core.package_identification:_identify(src/robovision_ros2) by extensions ['ros']
[1.898s] Level 1:colcon.colcon_core.package_identification:_identify(src/robovision_ros2) by extension 'ros'
[1.898s] Level 1:colcon.colcon_core.package_identification:_identify(src/robovision_ros2) by extensions ['cmake', 'python']
[1.898s] Level 1:colcon.colcon_core.package_identification:_identify(src/robovision_ros2) by extension 'cmake'
[1.899s] Level 1:colcon.colcon_core.package_identification:_identify(src/robovision_ros2) by extension 'python'
[1.899s] Level 1:colcon.colcon_core.package_identification:_identify(src/robovision_ros2) by extensions ['python_setup_py']
[1.899s] Level 1:colcon.colcon_core.package_identification:_identify(src/robovision_ros2) by extension 'python_setup_py'
[1.899s] Level 1:colcon.colcon_core.package_identification:_identify(src/robovision_ros2/data) by extensions ['ignore', 'ignore_ament_install']
[1.899s] Level 1:colcon.colcon_core.package_identification:_identify(src/robovision_ros2/data) by extension 'ignore'
[1.899s] Level 1:colcon.colcon_core.package_identification:_identify(src/robovision_ros2/data) by extension 'ignore_ament_install'
[1.899s] Level 1:colcon.colcon_core.package_identification:_identify(src/robovision_ros2/data) by extensions ['colcon_pkg']
[1.899s] Level 1:colcon.colcon_core.package_identification:_identify(src/robovision_ros2/data) by extension 'colcon_pkg'
[1.899s] Level 1:colcon.colcon_core.package_identification:_identify(src/robovision_ros2/data) by extensions ['colcon_meta']
[1.899s] Level 1:colcon.colcon_core.package_identification:_identify(src/robovision_ros2/data) by extension 'colcon_meta'
[1.899s] Level 1:colcon.colcon_core.package_identification:_identify(src/robovision_ros2/data) by extensions ['ros']
[1.899s] Level 1:colcon.colcon_core.package_identification:_identify(src/robovision_ros2/data) by extension 'ros'
[1.899s] Level 1:colcon.colcon_core.package_identification:_identify(src/robovision_ros2/data) by extensions ['cmake', 'python']
[1.899s] Level 1:colcon.colcon_core.package_identification:_identify(src/robovision_ros2/data) by extension 'cmake'
[1.899s] Level 1:colcon.colcon_core.package_identification:_identify(src/robovision_ros2/data) by extension 'python'
[1.899s] Level 1:colcon.colcon_core.package_identification:_identify(src/robovision_ros2/data) by extensions ['python_setup_py']
[1.899s] Level 1:colcon.colcon_core.package_identification:_identify(src/robovision_ros2/data) by extension 'python_setup_py'
[1.900s] Level 1:colcon.colcon_core.package_identification:_identify(src/robovision_ros2/data/images) by extensions ['ignore', 'ignore_ament_install']
[1.900s] Level 1:colcon.colcon_core.package_identification:_identify(src/robovision_ros2/data/images) by extension 'ignore'
[1.900s] Level 1:colcon.colcon_core.package_identification:_identify(src/robovision_ros2/data/images) by extension 'ignore_ament_install'
[1.900s] Level 1:colcon.colcon_core.package_identification:_identify(src/robovision_ros2/data/images) by extensions ['colcon_pkg']
[1.900s] Level 1:colcon.colcon_core.package_identification:_identify(src/robovision_ros2/data/images) by extension 'colcon_pkg'
[1.900s] Level 1:colcon.colcon_core.package_identification:_identify(src/robovision_ros2/data/images) by extensions ['colcon_meta']
[1.900s] Level 1:colcon.colcon_core.package_identification:_identify(src/robovision_ros2/data/images) by extension 'colcon_meta'
[1.900s] Level 1:colcon.colcon_core.package_identification:_identify(src/robovision_ros2/data/images) by extensions ['ros']
[1.900s] Level 1:colcon.colcon_core.package_identification:_identify(src/robovision_ros2/data/images) by extension 'ros'
[1.900s] Level 1:colcon.colcon_core.package_identification:_identify(src/robovision_ros2/data/images) by extensions ['cmake', 'python']
[1.900s] Level 1:colcon.colcon_core.package_identification:_identify(src/robovision_ros2/data/images) by extension 'cmake'
[1.900s] Level 1:colcon.colcon_core.package_identification:_identify(src/robovision_ros2/data/images) by extension 'python'
[1.900s] Level 1:colcon.colcon_core.package_identification:_identify(src/robovision_ros2/data/images) by extensions ['python_setup_py']
[1.900s] Level 1:colcon.colcon_core.package_identification:_identify(src/robovision_ros2/data/images) by extension 'python_setup_py'
[1.900s] Level 1:colcon.colcon_core.package_identification:_identify(src/robovision_ros2/data/rosbags) by extensions ['ignore', 'ignore_ament_install']
[1.900s] Level 1:colcon.colcon_core.package_identification:_identify(src/robovision_ros2/data/rosbags) by extension 'ignore'
[1.900s] Level 1:colcon.colcon_core.package_identification:_identify(src/robovision_ros2/data/rosbags) by extension 'ignore_ament_install'
[1.900s] Level 1:colcon.colcon_core.package_identification:_identify(src/robovision_ros2/data/rosbags) by extensions ['colcon_pkg']
[1.900s] Level 1:colcon.colcon_core.package_identification:_identify(src/robovision_ros2/data/rosbags) by extension 'colcon_pkg'
[1.900s] Level 1:colcon.colcon_core.package_identification:_identify(src/robovision_ros2/data/rosbags) by extensions ['colcon_meta']
[1.900s] Level 1:colcon.colcon_core.package_identification:_identify(src/robovision_ros2/data/rosbags) by extension 'colcon_meta'
[1.900s] Level 1:colcon.colcon_core.package_identification:_identify(src/robovision_ros2/data/rosbags) by extensions ['ros']
[1.900s] Level 1:colcon.colcon_core.package_identification:_identify(src/robovision_ros2/data/rosbags) by extension 'ros'
[1.900s] Level 1:colcon.colcon_core.package_identification:_identify(src/robovision_ros2/data/rosbags) by extensions ['cmake', 'python']
[1.901s] Level 1:colcon.colcon_core.package_identification:_identify(src/robovision_ros2/data/rosbags) by extension 'cmake'
[1.901s] Level 1:colcon.colcon_core.package_identification:_identify(src/robovision_ros2/data/rosbags) by extension 'python'
[1.901s] Level 1:colcon.colcon_core.package_identification:_identify(src/robovision_ros2/data/rosbags) by extensions ['python_setup_py']
[1.901s] Level 1:colcon.colcon_core.package_identification:_identify(src/robovision_ros2/data/rosbags) by extension 'python_setup_py'
[1.901s] Level 1:colcon.colcon_core.package_identification:_identify(src/robovision_ros2/data/rosbags/person_dynamic) by extensions ['ignore', 'ignore_ament_install']
[1.901s] Level 1:colcon.colcon_core.package_identification:_identify(src/robovision_ros2/data/rosbags/person_dynamic) by extension 'ignore'
[1.901s] Level 1:colcon.colcon_core.package_identification:_identify(src/robovision_ros2/data/rosbags/person_dynamic) by extension 'ignore_ament_install'
[1.901s] Level 1:colcon.colcon_core.package_identification:_identify(src/robovision_ros2/data/rosbags/person_dynamic) by extensions ['colcon_pkg']
[1.901s] Level 1:colcon.colcon_core.package_identification:_identify(src/robovision_ros2/data/rosbags/person_dynamic) by extension 'colcon_pkg'
[1.901s] Level 1:colcon.colcon_core.package_identification:_identify(src/robovision_ros2/data/rosbags/person_dynamic) by extensions ['colcon_meta']
[1.901s] Level 1:colcon.colcon_core.package_identification:_identify(src/robovision_ros2/data/rosbags/person_dynamic) by extension 'colcon_meta'
[1.901s] Level 1:colcon.colcon_core.package_identification:_identify(src/robovision_ros2/data/rosbags/person_dynamic) by extensions ['ros']
[1.901s] Level 1:colcon.colcon_core.package_identification:_identify(src/robovision_ros2/data/rosbags/person_dynamic) by extension 'ros'
[1.901s] Level 1:colcon.colcon_core.package_identification:_identify(src/robovision_ros2/data/rosbags/person_dynamic) by extensions ['cmake', 'python']
[1.901s] Level 1:colcon.colcon_core.package_identification:_identify(src/robovision_ros2/data/rosbags/person_dynamic) by extension 'cmake'
[1.901s] Level 1:colcon.colcon_core.package_identification:_identify(src/robovision_ros2/data/rosbags/person_dynamic) by extension 'python'
[1.901s] Level 1:colcon.colcon_core.package_identification:_identify(src/robovision_ros2/data/rosbags/person_dynamic) by extensions ['python_setup_py']
[1.901s] Level 1:colcon.colcon_core.package_identification:_identify(src/robovision_ros2/data/rosbags/person_dynamic) by extension 'python_setup_py'
[1.901s] Level 1:colcon.colcon_core.package_identification:_identify(src/robovision_ros2/data/rosbags/person_static) by extensions ['ignore', 'ignore_ament_install']
[1.902s] Level 1:colcon.colcon_core.package_identification:_identify(src/robovision_ros2/data/rosbags/person_static) by extension 'ignore'
[1.902s] Level 1:colcon.colcon_core.package_identification:_identify(src/robovision_ros2/data/rosbags/person_static) by extension 'ignore_ament_install'
[1.902s] Level 1:colcon.colcon_core.package_identification:_identify(src/robovision_ros2/data/rosbags/person_static) by extensions ['colcon_pkg']
[1.902s] Level 1:colcon.colcon_core.package_identification:_identify(src/robovision_ros2/data/rosbags/person_static) by extension 'colcon_pkg'
[1.902s] Level 1:colcon.colcon_core.package_identification:_identify(src/robovision_ros2/data/rosbags/person_static) by extensions ['colcon_meta']
[1.902s] Level 1:colcon.colcon_core.package_identification:_identify(src/robovision_ros2/data/rosbags/person_static) by extension 'colcon_meta'
[1.902s] Level 1:colcon.colcon_core.package_identification:_identify(src/robovision_ros2/data/rosbags/person_static) by extensions ['ros']
[1.902s] Level 1:colcon.colcon_core.package_identification:_identify(src/robovision_ros2/data/rosbags/person_static) by extension 'ros'
[1.902s] Level 1:colcon.colcon_core.package_identification:_identify(src/robovision_ros2/data/rosbags/person_static) by extensions ['cmake', 'python']
[1.902s] Level 1:colcon.colcon_core.package_identification:_identify(src/robovision_ros2/data/rosbags/person_static) by extension 'cmake'
[1.902s] Level 1:colcon.colcon_core.package_identification:_identify(src/robovision_ros2/data/rosbags/person_static) by extension 'python'
[1.902s] Level 1:colcon.colcon_core.package_identification:_identify(src/robovision_ros2/data/rosbags/person_static) by extensions ['python_setup_py']
[1.902s] Level 1:colcon.colcon_core.package_identification:_identify(src/robovision_ros2/data/rosbags/person_static) by extension 'python_setup_py'
[1.902s] Level 1:colcon.colcon_core.package_identification:_identify(src/robovision_ros2/robovision_1) by extensions ['ignore', 'ignore_ament_install']
[1.903s] Level 1:colcon.colcon_core.package_identification:_identify(src/robovision_ros2/robovision_1) by extension 'ignore'
[1.903s] Level 1:colcon.colcon_core.package_identification:_identify(src/robovision_ros2/robovision_1) by extension 'ignore_ament_install'
[1.903s] Level 1:colcon.colcon_core.package_identification:_identify(src/robovision_ros2/robovision_1) by extensions ['colcon_pkg']
[1.903s] Level 1:colcon.colcon_core.package_identification:_identify(src/robovision_ros2/robovision_1) by extension 'colcon_pkg'
[1.903s] Level 1:colcon.colcon_core.package_identification:_identify(src/robovision_ros2/robovision_1) by extensions ['colcon_meta']
[1.903s] Level 1:colcon.colcon_core.package_identification:_identify(src/robovision_ros2/robovision_1) by extension 'colcon_meta'
[1.903s] Level 1:colcon.colcon_core.package_identification:_identify(src/robovision_ros2/robovision_1) by extensions ['ros']
[1.903s] Level 1:colcon.colcon_core.package_identification:_identify(src/robovision_ros2/robovision_1) by extension 'ros'
[1.907s] DEBUG:colcon.colcon_core.package_identification:Package 'src/robovision_ros2/robovision_1' with type 'ros.ament_cmake' and name 'robovision_images'
[1.907s] Level 1:colcon.colcon_core.package_identification:_identify(src/robovision_ros2/robovision_2) by extensions ['ignore', 'ignore_ament_install']
[1.907s] Level 1:colcon.colcon_core.package_identification:_identify(src/robovision_ros2/robovision_2) by extension 'ignore'
[1.907s] Level 1:colcon.colcon_core.package_identification:_identify(src/robovision_ros2/robovision_2) by extension 'ignore_ament_install'
[1.907s] Level 1:colcon.colcon_core.package_identification:_identify(src/robovision_ros2/robovision_2) by extensions ['colcon_pkg']
[1.907s] Level 1:colcon.colcon_core.package_identification:_identify(src/robovision_ros2/robovision_2) by extension 'colcon_pkg'
[1.907s] Level 1:colcon.colcon_core.package_identification:_identify(src/robovision_ros2/robovision_2) by extensions ['colcon_meta']
[1.907s] Level 1:colcon.colcon_core.package_identification:_identify(src/robovision_ros2/robovision_2) by extension 'colcon_meta'
[1.908s] Level 1:colcon.colcon_core.package_identification:_identify(src/robovision_ros2/robovision_2) by extensions ['ros']
[1.908s] Level 1:colcon.colcon_core.package_identification:_identify(src/robovision_ros2/robovision_2) by extension 'ros'
[1.908s] DEBUG:colcon.colcon_core.package_identification:Package 'src/robovision_ros2/robovision_2' with type 'ros.ament_cmake' and name 'robovision_processing'
[1.908s] Level 1:colcon.colcon_core.package_identification:_identify(src/robovision_ros2/robovision_3) by extensions ['ignore', 'ignore_ament_install']
[1.908s] Level 1:colcon.colcon_core.package_identification:_identify(src/robovision_ros2/robovision_3) by extension 'ignore'
[1.909s] Level 1:colcon.colcon_core.package_identification:_identify(src/robovision_ros2/robovision_3) by extension 'ignore_ament_install'
[1.909s] Level 1:colcon.colcon_core.package_identification:_identify(src/robovision_ros2/robovision_3) by extensions ['colcon_pkg']
[1.909s] Level 1:colcon.colcon_core.package_identification:_identify(src/robovision_ros2/robovision_3) by extension 'colcon_pkg'
[1.909s] Level 1:colcon.colcon_core.package_identification:_identify(src/robovision_ros2/robovision_3) by extensions ['colcon_meta']
[1.909s] Level 1:colcon.colcon_core.package_identification:_identify(src/robovision_ros2/robovision_3) by extension 'colcon_meta'
[1.909s] Level 1:colcon.colcon_core.package_identification:_identify(src/robovision_ros2/robovision_3) by extensions ['ros']
[1.909s] Level 1:colcon.colcon_core.package_identification:_identify(src/robovision_ros2/robovision_3) by extension 'ros'
[1.910s] DEBUG:colcon.colcon_core.package_identification:Package 'src/robovision_ros2/robovision_3' with type 'ros.ament_cmake' and name 'robovision_rgbd'
[1.910s] Level 1:colcon.colcon_core.package_identification:_identify(src/robovision_ros2/robovision_4) by extensions ['ignore', 'ignore_ament_install']
[1.910s] Level 1:colcon.colcon_core.package_identification:_identify(src/robovision_ros2/robovision_4) by extension 'ignore'
[1.910s] Level 1:colcon.colcon_core.package_identification:_identify(src/robovision_ros2/robovision_4) by extension 'ignore_ament_install'
[1.910s] Level 1:colcon.colcon_core.package_identification:_identify(src/robovision_ros2/robovision_4) by extensions ['colcon_pkg']
[1.910s] Level 1:colcon.colcon_core.package_identification:_identify(src/robovision_ros2/robovision_4) by extension 'colcon_pkg'
[1.910s] Level 1:colcon.colcon_core.package_identification:_identify(src/robovision_ros2/robovision_4) by extensions ['colcon_meta']
[1.910s] Level 1:colcon.colcon_core.package_identification:_identify(src/robovision_ros2/robovision_4) by extension 'colcon_meta'
[1.910s] Level 1:colcon.colcon_core.package_identification:_identify(src/robovision_ros2/robovision_4) by extensions ['ros']
[1.910s] Level 1:colcon.colcon_core.package_identification:_identify(src/robovision_ros2/robovision_4) by extension 'ros'
[1.911s] DEBUG:colcon.colcon_core.package_identification:Package 'src/robovision_ros2/robovision_4' with type 'ros.ament_cmake' and name 'robovision_services'
[1.911s] Level 1:colcon.colcon_core.package_identification:_identify(src/robovision_ros2/robovision_interfaces) by extensions ['ignore', 'ignore_ament_install']
[1.911s] Level 1:colcon.colcon_core.package_identification:_identify(src/robovision_ros2/robovision_interfaces) by extension 'ignore'
[1.911s] Level 1:colcon.colcon_core.package_identification:_identify(src/robovision_ros2/robovision_interfaces) by extension 'ignore_ament_install'
[1.912s] Level 1:colcon.colcon_core.package_identification:_identify(src/robovision_ros2/robovision_interfaces) by extensions ['colcon_pkg']
[1.912s] Level 1:colcon.colcon_core.package_identification:_identify(src/robovision_ros2/robovision_interfaces) by extension 'colcon_pkg'
[1.912s] Level 1:colcon.colcon_core.package_identification:_identify(src/robovision_ros2/robovision_interfaces) by extensions ['colcon_meta']
[1.912s] Level 1:colcon.colcon_core.package_identification:_identify(src/robovision_ros2/robovision_interfaces) by extension 'colcon_meta'
[1.912s] Level 1:colcon.colcon_core.package_identification:_identify(src/robovision_ros2/robovision_interfaces) by extensions ['ros']
[1.912s] Level 1:colcon.colcon_core.package_identification:_identify(src/robovision_ros2/robovision_interfaces) by extension 'ros'
[1.912s] DEBUG:colcon.colcon_core.package_identification:Package 'src/robovision_ros2/robovision_interfaces' with type 'ros.ament_cmake' and name 'robovision_interfaces'
[1.912s] Level 1:colcon.colcon_core.package_discovery:discover_packages(recursive) using defaults
[1.912s] Level 1:colcon.colcon_core.package_discovery:discover_packages(ignore) discover
[1.912s] Level 1:colcon.colcon_core.package_discovery:discover_packages(ignore) using defaults
[1.912s] Level 1:colcon.colcon_core.package_discovery:discover_packages(path) discover
[1.912s] Level 1:colcon.colcon_core.package_discovery:discover_packages(path) using defaults
[1.936s] Level 1:colcon.colcon_core.package_discovery:discover_packages(prefix_path) check parameters
[1.936s] Level 1:colcon.colcon_core.package_discovery:discover_packages(prefix_path) discover
[1.938s] DEBUG:colcon.colcon_installed_package_information.package_discovery:Found 9 installed packages in /home/ubuntu/ros2_ws/install
[1.938s] DEBUG:colcon.colcon_installed_package_information.package_discovery:Found 1 installed packages in /home/ubuntu/robovision_ros2_ws/install
[1.940s] DEBUG:colcon.colcon_installed_package_information.package_discovery:Found 285 installed packages in /opt/ros/jazzy
[1.941s] Level 1:colcon.colcon_core.package_discovery:discover_packages(prefix_path) using defaults
[1.991s] Level 5:colcon.colcon_core.verb:set package 'robovision_images' build argument 'cmake_args' from command line to 'None'
[1.991s] Level 5:colcon.colcon_core.verb:set package 'robovision_images' build argument 'cmake_target' from command line to 'None'
[1.991s] Level 5:colcon.colcon_core.verb:set package 'robovision_images' build argument 'cmake_target_skip_unavailable' from command line to 'False'
[1.991s] Level 5:colcon.colcon_core.verb:set package 'robovision_images' build argument 'cmake_clean_cache' from command line to 'False'
[1.991s] Level 5:colcon.colcon_core.verb:set package 'robovision_images' build argument 'cmake_clean_first' from command line to 'False'
[1.991s] Level 5:colcon.colcon_core.verb:set package 'robovision_images' build argument 'cmake_force_configure' from command line to 'False'
[1.991s] Level 5:colcon.colcon_core.verb:set package 'robovision_images' build argument 'ament_cmake_args' from command line to 'None'
[1.991s] Level 5:colcon.colcon_core.verb:set package 'robovision_images' build argument 'catkin_cmake_args' from command line to 'None'
[1.991s] Level 5:colcon.colcon_core.verb:set package 'robovision_images' build argument 'catkin_skip_building_tests' from command line to 'False'
[1.992s] DEBUG:colcon.colcon_core.verb:Building package 'robovision_images' with the following arguments: {'ament_cmake_args': None, 'build_base': '/home/ubuntu/ros2_ws/build/robovision_images', 'catkin_cmake_args': None, 'catkin_skip_building_tests': False, 'cmake_args': None, 'cmake_clean_cache': False, 'cmake_clean_first': False, 'cmake_force_configure': False, 'cmake_target': None, 'cmake_target_skip_unavailable': False, 'install_base': '/home/ubuntu/ros2_ws/install/robovision_images', 'merge_install': False, 'path': '/home/ubuntu/ros2_ws/src/robovision_ros2/robovision_1', 'symlink_install': False, 'test_result_base': None}
[1.992s] Level 5:colcon.colcon_core.verb:set package 'robovision_interfaces' build argument 'cmake_args' from command line to 'None'
[1.992s] Level 5:colcon.colcon_core.verb:set package 'robovision_interfaces' build argument 'cmake_target' from command line to 'None'
[1.992s] Level 5:colcon.colcon_core.verb:set package 'robovision_interfaces' build argument 'cmake_target_skip_unavailable' from command line to 'False'
[1.992s] Level 5:colcon.colcon_core.verb:set package 'robovision_interfaces' build argument 'cmake_clean_cache' from command line to 'False'
[1.992s] Level 5:colcon.colcon_core.verb:set package 'robovision_interfaces' build argument 'cmake_clean_first' from command line to 'False'
[1.992s] Level 5:colcon.colcon_core.verb:set package 'robovision_interfaces' build argument 'cmake_force_configure' from command line to 'False'
[1.992s] Level 5:colcon.colcon_core.verb:set package 'robovision_interfaces' build argument 'ament_cmake_args' from command line to 'None'
[1.992s] Level 5:colcon.colcon_core.verb:set package 'robovision_interfaces' build argument 'catkin_cmake_args' from command line to 'None'
[1.992s] Level 5:colcon.colcon_core.verb:set package 'robovision_interfaces' build argument 'catkin_skip_building_tests' from command line to 'False'
[1.992s] DEBUG:colcon.colcon_core.verb:Building package 'robovision_interfaces' with the following arguments: {'ament_cmake_args': None, 'build_base': '/home/ubuntu/ros2_ws/build/robovision_interfaces', 'catkin_cmake_args': None, 'catkin_skip_building_tests': False, 'cmake_args': None, 'cmake_clean_cache': False, 'cmake_clean_first': False, 'cmake_force_configure': False, 'cmake_target': None, 'cmake_target_skip_unavailable': False, 'install_base': '/home/ubuntu/ros2_ws/install/robovision_interfaces', 'merge_install': False, 'path': '/home/ubuntu/ros2_ws/src/robovision_ros2/robovision_interfaces', 'symlink_install': False, 'test_result_base': None}
[1.992s] Level 5:colcon.colcon_core.verb:set package 'robovision_processing' build argument 'cmake_args' from command line to 'None'
[1.992s] Level 5:colcon.colcon_core.verb:set package 'robovision_processing' build argument 'cmake_target' from command line to 'None'
[1.992s] Level 5:colcon.colcon_core.verb:set package 'robovision_processing' build argument 'cmake_target_skip_unavailable' from command line to 'False'
[1.992s] Level 5:colcon.colcon_core.verb:set package 'robovision_processing' build argument 'cmake_clean_cache' from command line to 'False'
[1.992s] Level 5:colcon.colcon_core.verb:set package 'robovision_processing' build argument 'cmake_clean_first' from command line to 'False'
[1.992s] Level 5:colcon.colcon_core.verb:set package 'robovision_processing' build argument 'cmake_force_configure' from command line to 'False'
[1.992s] Level 5:colcon.colcon_core.verb:set package 'robovision_processing' build argument 'ament_cmake_args' from command line to 'None'
[1.992s] Level 5:colcon.colcon_core.verb:set package 'robovision_processing' build argument 'catkin_cmake_args' from command line to 'None'
[1.992s] Level 5:colcon.colcon_core.verb:set package 'robovision_processing' build argument 'catkin_skip_building_tests' from command line to 'False'
[1.992s] DEBUG:colcon.colcon_core.verb:Building package 'robovision_processing' with the following arguments: {'ament_cmake_args': None, 'build_base': '/home/ubuntu/ros2_ws/build/robovision_processing', 'catkin_cmake_args': None, 'catkin_skip_building_tests': False, 'cmake_args': None, 'cmake_clean_cache': False, 'cmake_clean_first': False, 'cmake_force_configure': False, 'cmake_target': None, 'cmake_target_skip_unavailable': False, 'install_base': '/home/ubuntu/ros2_ws/install/robovision_processing', 'merge_install': False, 'path': '/home/ubuntu/ros2_ws/src/robovision_ros2/robovision_2', 'symlink_install': False, 'test_result_base': None}
[1.993s] Level 5:colcon.colcon_core.verb:set package 'robovision_rgbd' build argument 'cmake_args' from command line to 'None'
[1.993s] Level 5:colcon.colcon_core.verb:set package 'robovision_rgbd' build argument 'cmake_target' from command line to 'None'
[1.993s] Level 5:colcon.colcon_core.verb:set package 'robovision_rgbd' build argument 'cmake_target_skip_unavailable' from command line to 'False'
[1.993s] Level 5:colcon.colcon_core.verb:set package 'robovision_rgbd' build argument 'cmake_clean_cache' from command line to 'False'
[1.993s] Level 5:colcon.colcon_core.verb:set package 'robovision_rgbd' build argument 'cmake_clean_first' from command line to 'False'
[1.993s] Level 5:colcon.colcon_core.verb:set package 'robovision_rgbd' build argument 'cmake_force_configure' from command line to 'False'
[1.993s] Level 5:colcon.colcon_core.verb:set package 'robovision_rgbd' build argument 'ament_cmake_args' from command line to 'None'
[1.993s] Level 5:colcon.colcon_core.verb:set package 'robovision_rgbd' build argument 'catkin_cmake_args' from command line to 'None'
[1.993s] Level 5:colcon.colcon_core.verb:set package 'robovision_rgbd' build argument 'catkin_skip_building_tests' from command line to 'False'
[1.993s] DEBUG:colcon.colcon_core.verb:Building package 'robovision_rgbd' with the following arguments: {'ament_cmake_args': None, 'build_base': '/home/ubuntu/ros2_ws/build/robovision_rgbd', 'catkin_cmake_args': None, 'catkin_skip_building_tests': False, 'cmake_args': None, 'cmake_clean_cache': False, 'cmake_clean_first': False, 'cmake_force_configure': False, 'cmake_target': None, 'cmake_target_skip_unavailable': False, 'install_base': '/home/ubuntu/ros2_ws/install/robovision_rgbd', 'merge_install': False, 'path': '/home/ubuntu/ros2_ws/src/robovision_ros2/robovision_3', 'symlink_install': False, 'test_result_base': None}
[1.993s] Level 5:colcon.colcon_core.verb:set package 'robovision_services' build argument 'cmake_args' from command line to 'None'
[1.993s] Level 5:colcon.colcon_core.verb:set package 'robovision_services' build argument 'cmake_target' from command line to 'None'
[1.993s] Level 5:colcon.colcon_core.verb:set package 'robovision_services' build argument 'cmake_target_skip_unavailable' from command line to 'False'
[1.993s] Level 5:colcon.colcon_core.verb:set package 'robovision_services' build argument 'cmake_clean_cache' from command line to 'False'
[1.993s] Level 5:colcon.colcon_core.verb:set package 'robovision_services' build argument 'cmake_clean_first' from command line to 'False'
[1.993s] Level 5:colcon.colcon_core.verb:set package 'robovision_services' build argument 'cmake_force_configure' from command line to 'False'
[1.993s] Level 5:colcon.colcon_core.verb:set package 'robovision_services' build argument 'ament_cmake_args' from command line to 'None'
[1.993s] Level 5:colcon.colcon_core.verb:set package 'robovision_services' build argument 'catkin_cmake_args' from command line to 'None'
[1.993s] Level 5:colcon.colcon_core.verb:set package 'robovision_services' build argument 'catkin_skip_building_tests' from command line to 'False'
[1.993s] DEBUG:colcon.colcon_core.verb:Building package 'robovision_services' with the following arguments: {'ament_cmake_args': None, 'build_base': '/home/ubuntu/ros2_ws/build/robovision_services', 'catkin_cmake_args': None, 'catkin_skip_building_tests': False, 'cmake_args': None, 'cmake_clean_cache': False, 'cmake_clean_first': False, 'cmake_force_configure': False, 'cmake_target': None, 'cmake_target_skip_unavailable': False, 'install_base': '/home/ubuntu/ros2_ws/install/robovision_services', 'merge_install': False, 'path': '/home/ubuntu/ros2_ws/src/robovision_ros2/robovision_4', 'symlink_install': False, 'test_result_base': None}
[1.993s] INFO:colcon.colcon_core.executor:Executing jobs using 'parallel' executor
[1.995s] DEBUG:colcon.colcon_parallel_executor.executor.parallel:run_until_complete
[1.996s] INFO:colcon.colcon_ros.task.ament_cmake.build:Building ROS package in '/home/ubuntu/ros2_ws/src/robovision_ros2/robovision_interfaces' with build type 'ament_cmake'
[1.996s] INFO:colcon.colcon_cmake.task.cmake.build:Building CMake package in '/home/ubuntu/ros2_ws/src/robovision_ros2/robovision_interfaces'
[1.999s] INFO:colcon.colcon_core.plugin_system:Skipping extension 'colcon_core.shell.bat': Not used on non-Windows systems
[1.999s] INFO:colcon.colcon_core.shell:Skip shell extension 'powershell' for command environment: Not usable outside of PowerShell
[1.999s] DEBUG:colcon.colcon_core.shell:Skip shell extension 'dsv' for command environment
[2.005s] INFO:colcon.colcon_ros.task.ament_cmake.build:Building ROS package in '/home/ubuntu/ros2_ws/src/robovision_ros2/robovision_1' with build type 'ament_cmake'
[2.005s] INFO:colcon.colcon_cmake.task.cmake.build:Building CMake package in '/home/ubuntu/ros2_ws/src/robovision_ros2/robovision_1'
[2.006s] INFO:colcon.colcon_core.shell:Skip shell extension 'powershell' for command environment: Not usable outside of PowerShell
[2.006s] DEBUG:colcon.colcon_core.shell:Skip shell extension 'dsv' for command environment
[2.018s] INFO:colcon.colcon_ros.task.ament_cmake.build:Building ROS package in '/home/ubuntu/ros2_ws/src/robovision_ros2/robovision_2' with build type 'ament_cmake'
[2.018s] INFO:colcon.colcon_cmake.task.cmake.build:Building CMake package in '/home/ubuntu/ros2_ws/src/robovision_ros2/robovision_2'
[2.019s] INFO:colcon.colcon_core.shell:Skip shell extension 'powershell' for command environment: Not usable outside of PowerShell
[2.019s] DEBUG:colcon.colcon_core.shell:Skip shell extension 'dsv' for command environment
[2.029s] INFO:colcon.colcon_ros.task.ament_cmake.build:Building ROS package in '/home/ubuntu/ros2_ws/src/robovision_ros2/robovision_3' with build type 'ament_cmake'
[2.030s] INFO:colcon.colcon_cmake.task.cmake.build:Building CMake package in '/home/ubuntu/ros2_ws/src/robovision_ros2/robovision_3'
[2.030s] INFO:colcon.colcon_core.shell:Skip shell extension 'powershell' for command environment: Not usable outside of PowerShell
[2.030s] DEBUG:colcon.colcon_core.shell:Skip shell extension 'dsv' for command environment
[2.047s] DEBUG:colcon.colcon_core.event_handler.log_command:Invoking command in '/home/ubuntu/ros2_ws/build/robovision_interfaces': CMAKE_PREFIX_PATH=${CMAKE_PREFIX_PATH}:/home/ubuntu/ros2_ws/install/opencv_tests:/opt/ros/jazzy /usr/bin/cmake --build /home/ubuntu/ros2_ws/build/robovision_interfaces -- -j16 -l16
[2.053s] DEBUG:colcon.colcon_core.event_handler.log_command:Invoking command in '/home/ubuntu/ros2_ws/build/robovision_images': CMAKE_PREFIX_PATH=${CMAKE_PREFIX_PATH}:/home/ubuntu/ros2_ws/install/opencv_tests:/opt/ros/jazzy /usr/bin/cmake --build /home/ubuntu/ros2_ws/build/robovision_images -- -j16 -l16
[2.063s] DEBUG:colcon.colcon_core.event_handler.log_command:Invoking command in '/home/ubuntu/ros2_ws/build/robovision_processing': CMAKE_PREFIX_PATH=${CMAKE_PREFIX_PATH}:/home/ubuntu/ros2_ws/install/opencv_tests:/opt/ros/jazzy /usr/bin/cmake --build /home/ubuntu/ros2_ws/build/robovision_processing -- -j16 -l16
[2.076s] DEBUG:colcon.colcon_core.event_handler.log_command:Invoking command in '/home/ubuntu/ros2_ws/build/robovision_rgbd': CMAKE_PREFIX_PATH=${CMAKE_PREFIX_PATH}:/home/ubuntu/ros2_ws/install/opencv_tests:/opt/ros/jazzy /usr/bin/cmake --build /home/ubuntu/ros2_ws/build/robovision_rgbd -- -j16 -l16
[2.684s] DEBUG:colcon.colcon_core.event_handler.log_command:Invoked command in '/home/ubuntu/ros2_ws/build/robovision_interfaces' returned '0': CMAKE_PREFIX_PATH=${CMAKE_PREFIX_PATH}:/home/ubuntu/ros2_ws/install/opencv_tests:/opt/ros/jazzy /usr/bin/cmake --build /home/ubuntu/ros2_ws/build/robovision_interfaces -- -j16 -l16
[2.712s] DEBUG:colcon.colcon_core.event_handler.log_command:Invoking command in '/home/ubuntu/ros2_ws/build/robovision_interfaces': CMAKE_PREFIX_PATH=${CMAKE_PREFIX_PATH}:/home/ubuntu/ros2_ws/install/opencv_tests:/opt/ros/jazzy /usr/bin/cmake --install /home/ubuntu/ros2_ws/build/robovision_interfaces
[2.718s] DEBUG:colcon.colcon_core.event_handler.log_command:Invoked command in '/home/ubuntu/ros2_ws/build/robovision_processing' returned '0': CMAKE_PREFIX_PATH=${CMAKE_PREFIX_PATH}:/home/ubuntu/ros2_ws/install/opencv_tests:/opt/ros/jazzy /usr/bin/cmake --build /home/ubuntu/ros2_ws/build/robovision_processing -- -j16 -l16
[2.724s] DEBUG:colcon.colcon_core.event_handler.log_command:Invoking command in '/home/ubuntu/ros2_ws/build/robovision_processing': CMAKE_PREFIX_PATH=${CMAKE_PREFIX_PATH}:/home/ubuntu/ros2_ws/install/opencv_tests:/opt/ros/jazzy /usr/bin/cmake --install /home/ubuntu/ros2_ws/build/robovision_processing
[2.736s] DEBUG:colcon.colcon_core.event_handler.log_command:Invoked command in '/home/ubuntu/ros2_ws/build/robovision_images' returned '0': CMAKE_PREFIX_PATH=${CMAKE_PREFIX_PATH}:/home/ubuntu/ros2_ws/install/opencv_tests:/opt/ros/jazzy /usr/bin/cmake --build /home/ubuntu/ros2_ws/build/robovision_images -- -j16 -l16
[2.741s] DEBUG:colcon.colcon_core.event_handler.log_command:Invoking command in '/home/ubuntu/ros2_ws/build/robovision_images': CMAKE_PREFIX_PATH=${CMAKE_PREFIX_PATH}:/home/ubuntu/ros2_ws/install/opencv_tests:/opt/ros/jazzy /usr/bin/cmake --install /home/ubuntu/ros2_ws/build/robovision_images
[2.802s] DEBUG:colcon.colcon_core.event_handler.log_command:Invoked command in '/home/ubuntu/ros2_ws/build/robovision_rgbd' returned '0': CMAKE_PREFIX_PATH=${CMAKE_PREFIX_PATH}:/home/ubuntu/ros2_ws/install/opencv_tests:/opt/ros/jazzy /usr/bin/cmake --build /home/ubuntu/ros2_ws/build/robovision_rgbd -- -j16 -l16
[2.803s] DEBUG:colcon.colcon_core.event_handler.log_command:Invoking command in '/home/ubuntu/ros2_ws/build/robovision_rgbd': CMAKE_PREFIX_PATH=${CMAKE_PREFIX_PATH}:/home/ubuntu/ros2_ws/install/opencv_tests:/opt/ros/jazzy /usr/bin/cmake --install /home/ubuntu/ros2_ws/build/robovision_rgbd
[2.856s] Level 1:colcon.colcon_core.environment:create_environment_scripts_only(robovision_images)
[2.858s] DEBUG:colcon.colcon_core.event_handler.log_command:Invoked command in '/home/ubuntu/ros2_ws/build/robovision_images' returned '0': CMAKE_PREFIX_PATH=${CMAKE_PREFIX_PATH}:/home/ubuntu/ros2_ws/install/opencv_tests:/opt/ros/jazzy /usr/bin/cmake --install /home/ubuntu/ros2_ws/build/robovision_images
[2.870s] Level 1:colcon.colcon_core.environment:checking '/home/ubuntu/ros2_ws/install/robovision_images' for CMake module files
[2.873s] Level 1:colcon.colcon_core.environment:checking '/home/ubuntu/ros2_ws/install/robovision_images' for CMake config files
[2.881s] Level 1:colcon.colcon_core.shell:create_environment_hook('robovision_images', 'cmake_prefix_path')
[2.881s] INFO:colcon.colcon_core.shell:Creating environment hook '/home/ubuntu/ros2_ws/install/robovision_images/share/robovision_images/hook/cmake_prefix_path.ps1'
[2.885s] INFO:colcon.colcon_core.shell:Creating environment descriptor '/home/ubuntu/ros2_ws/install/robovision_images/share/robovision_images/hook/cmake_prefix_path.dsv'
[2.885s] INFO:colcon.colcon_core.shell:Creating environment hook '/home/ubuntu/ros2_ws/install/robovision_images/share/robovision_images/hook/cmake_prefix_path.sh'
[2.886s] Level 1:colcon.colcon_core.environment:checking '/home/ubuntu/ros2_ws/install/robovision_images/lib'
[2.887s] Level 1:colcon.colcon_core.environment:checking '/home/ubuntu/ros2_ws/install/robovision_images/bin'
[2.887s] Level 1:colcon.colcon_core.environment:checking '/home/ubuntu/ros2_ws/install/robovision_images/lib/pkgconfig/robovision_images.pc'
[2.887s] Level 1:colcon.colcon_core.environment:checking '/home/ubuntu/ros2_ws/install/robovision_images/lib/python3.12/site-packages'
[2.887s] Level 1:colcon.colcon_core.shell:create_environment_hook('robovision_images', 'pythonpath')
[2.887s] INFO:colcon.colcon_core.shell:Creating environment hook '/home/ubuntu/ros2_ws/install/robovision_images/share/robovision_images/hook/pythonpath.ps1'
[2.888s] INFO:colcon.colcon_core.shell:Creating environment descriptor '/home/ubuntu/ros2_ws/install/robovision_images/share/robovision_images/hook/pythonpath.dsv'
[2.888s] INFO:colcon.colcon_core.shell:Creating environment hook '/home/ubuntu/ros2_ws/install/robovision_images/share/robovision_images/hook/pythonpath.sh'
[2.889s] Level 1:colcon.colcon_core.environment:checking '/home/ubuntu/ros2_ws/install/robovision_images/bin'
[2.889s] INFO:colcon.colcon_core.shell:Creating package script '/home/ubuntu/ros2_ws/install/robovision_images/share/robovision_images/package.ps1'
[2.890s] INFO:colcon.colcon_core.shell:Creating package descriptor '/home/ubuntu/ros2_ws/install/robovision_images/share/robovision_images/package.dsv'
[2.890s] INFO:colcon.colcon_core.shell:Creating package script '/home/ubuntu/ros2_ws/install/robovision_images/share/robovision_images/package.sh'
[2.891s] INFO:colcon.colcon_core.shell:Creating package script '/home/ubuntu/ros2_ws/install/robovision_images/share/robovision_images/package.bash'
[2.892s] INFO:colcon.colcon_core.shell:Creating package script '/home/ubuntu/ros2_ws/install/robovision_images/share/robovision_images/package.zsh'
[2.893s] Level 1:colcon.colcon_core.environment:create_file_with_runtime_dependencies(/home/ubuntu/ros2_ws/install/robovision_images/share/colcon-core/packages/robovision_images)
[2.893s] Level 1:colcon.colcon_core.environment:create_environment_scripts_only(robovision_images)
[2.893s] Level 1:colcon.colcon_core.environment:checking '/home/ubuntu/ros2_ws/install/robovision_images' for CMake module files
[2.894s] Level 1:colcon.colcon_core.environment:checking '/home/ubuntu/ros2_ws/install/robovision_images' for CMake config files
[2.894s] Level 1:colcon.colcon_core.shell:create_environment_hook('robovision_images', 'cmake_prefix_path')
[2.894s] INFO:colcon.colcon_core.shell:Creating environment hook '/home/ubuntu/ros2_ws/install/robovision_images/share/robovision_images/hook/cmake_prefix_path.ps1'
[2.895s] INFO:colcon.colcon_core.shell:Creating environment descriptor '/home/ubuntu/ros2_ws/install/robovision_images/share/robovision_images/hook/cmake_prefix_path.dsv'
[2.895s] INFO:colcon.colcon_core.shell:Creating environment hook '/home/ubuntu/ros2_ws/install/robovision_images/share/robovision_images/hook/cmake_prefix_path.sh'
[2.896s] Level 1:colcon.colcon_core.environment:checking '/home/ubuntu/ros2_ws/install/robovision_images/lib'
[2.896s] Level 1:colcon.colcon_core.environment:checking '/home/ubuntu/ros2_ws/install/robovision_images/bin'
[2.896s] Level 1:colcon.colcon_core.environment:checking '/home/ubuntu/ros2_ws/install/robovision_images/lib/pkgconfig/robovision_images.pc'
[2.896s] Level 1:colcon.colcon_core.environment:checking '/home/ubuntu/ros2_ws/install/robovision_images/lib/python3.12/site-packages'
[2.897s] Level 1:colcon.colcon_core.shell:create_environment_hook('robovision_images', 'pythonpath')
[2.897s] INFO:colcon.colcon_core.shell:Creating environment hook '/home/ubuntu/ros2_ws/install/robovision_images/share/robovision_images/hook/pythonpath.ps1'
[2.897s] INFO:colcon.colcon_core.shell:Creating environment descriptor '/home/ubuntu/ros2_ws/install/robovision_images/share/robovision_images/hook/pythonpath.dsv'
[2.898s] INFO:colcon.colcon_core.shell:Creating environment hook '/home/ubuntu/ros2_ws/install/robovision_images/share/robovision_images/hook/pythonpath.sh'
[2.898s] Level 1:colcon.colcon_core.environment:checking '/home/ubuntu/ros2_ws/install/robovision_images/bin'
[2.898s] INFO:colcon.colcon_core.shell:Creating package script '/home/ubuntu/ros2_ws/install/robovision_images/share/robovision_images/package.ps1'
[2.900s] INFO:colcon.colcon_core.shell:Creating package descriptor '/home/ubuntu/ros2_ws/install/robovision_images/share/robovision_images/package.dsv'
[2.900s] INFO:colcon.colcon_core.shell:Creating package script '/home/ubuntu/ros2_ws/install/robovision_images/share/robovision_images/package.sh'
[2.901s] INFO:colcon.colcon_core.shell:Creating package script '/home/ubuntu/ros2_ws/install/robovision_images/share/robovision_images/package.bash'
[2.901s] INFO:colcon.colcon_core.shell:Creating package script '/home/ubuntu/ros2_ws/install/robovision_images/share/robovision_images/package.zsh'
[2.901s] Level 1:colcon.colcon_core.environment:create_file_with_runtime_dependencies(/home/ubuntu/ros2_ws/install/robovision_images/share/colcon-core/packages/robovision_images)
[2.905s] Level 1:colcon.colcon_core.environment:create_environment_scripts_only(robovision_interfaces)
[2.905s] Level 1:colcon.colcon_core.environment:checking '/home/ubuntu/ros2_ws/install/robovision_interfaces' for CMake module files
[2.906s] DEBUG:colcon.colcon_core.event_handler.log_command:Invoked command in '/home/ubuntu/ros2_ws/build/robovision_interfaces' returned '0': CMAKE_PREFIX_PATH=${CMAKE_PREFIX_PATH}:/home/ubuntu/ros2_ws/install/opencv_tests:/opt/ros/jazzy /usr/bin/cmake --install /home/ubuntu/ros2_ws/build/robovision_interfaces
[2.908s] Level 1:colcon.colcon_core.environment:checking '/home/ubuntu/ros2_ws/install/robovision_interfaces' for CMake config files
[2.908s] Level 1:colcon.colcon_core.shell:create_environment_hook('robovision_interfaces', 'cmake_prefix_path')
[2.908s] INFO:colcon.colcon_core.shell:Creating environment hook '/home/ubuntu/ros2_ws/install/robovision_interfaces/share/robovision_interfaces/hook/cmake_prefix_path.ps1'
[2.909s] INFO:colcon.colcon_core.shell:Creating environment descriptor '/home/ubuntu/ros2_ws/install/robovision_interfaces/share/robovision_interfaces/hook/cmake_prefix_path.dsv'
[2.909s] INFO:colcon.colcon_core.shell:Creating environment hook '/home/ubuntu/ros2_ws/install/robovision_interfaces/share/robovision_interfaces/hook/cmake_prefix_path.sh'
[2.910s] Level 1:colcon.colcon_core.environment:checking '/home/ubuntu/ros2_ws/install/robovision_interfaces/lib'
[2.910s] Level 1:colcon.colcon_core.shell:create_environment_hook('robovision_interfaces', 'ld_library_path_lib')
[2.910s] INFO:colcon.colcon_core.shell:Creating environment hook '/home/ubuntu/ros2_ws/install/robovision_interfaces/share/robovision_interfaces/hook/ld_library_path_lib.ps1'
[2.911s] INFO:colcon.colcon_core.shell:Creating environment descriptor '/home/ubuntu/ros2_ws/install/robovision_interfaces/share/robovision_interfaces/hook/ld_library_path_lib.dsv'
[2.911s] INFO:colcon.colcon_core.shell:Creating environment hook '/home/ubuntu/ros2_ws/install/robovision_interfaces/share/robovision_interfaces/hook/ld_library_path_lib.sh'
[2.912s] Level 1:colcon.colcon_core.environment:checking '/home/ubuntu/ros2_ws/install/robovision_interfaces/bin'
[2.912s] Level 1:colcon.colcon_core.environment:checking '/home/ubuntu/ros2_ws/install/robovision_interfaces/lib/pkgconfig/robovision_interfaces.pc'
[2.912s] Level 1:colcon.colcon_core.environment:checking '/home/ubuntu/ros2_ws/install/robovision_interfaces/lib/python3.12/site-packages'
[2.912s] Level 1:colcon.colcon_core.shell:create_environment_hook('robovision_interfaces', 'pythonpath')
[2.912s] INFO:colcon.colcon_core.shell:Creating environment hook '/home/ubuntu/ros2_ws/install/robovision_interfaces/share/robovision_interfaces/hook/pythonpath.ps1'
[2.913s] INFO:colcon.colcon_core.shell:Creating environment descriptor '/home/ubuntu/ros2_ws/install/robovision_interfaces/share/robovision_interfaces/hook/pythonpath.dsv'
[2.913s] INFO:colcon.colcon_core.shell:Creating environment hook '/home/ubuntu/ros2_ws/install/robovision_interfaces/share/robovision_interfaces/hook/pythonpath.sh'
[2.914s] Level 1:colcon.colcon_core.environment:checking '/home/ubuntu/ros2_ws/install/robovision_interfaces/bin'
[2.914s] INFO:colcon.colcon_core.shell:Creating package script '/home/ubuntu/ros2_ws/install/robovision_interfaces/share/robovision_interfaces/package.ps1'
[2.915s] INFO:colcon.colcon_core.shell:Creating package descriptor '/home/ubuntu/ros2_ws/install/robovision_interfaces/share/robovision_interfaces/package.dsv'
[2.915s] INFO:colcon.colcon_core.shell:Creating package script '/home/ubuntu/ros2_ws/install/robovision_interfaces/share/robovision_interfaces/package.sh'
[2.916s] INFO:colcon.colcon_core.shell:Creating package script '/home/ubuntu/ros2_ws/install/robovision_interfaces/share/robovision_interfaces/package.bash'
[2.916s] INFO:colcon.colcon_core.shell:Creating package script '/home/ubuntu/ros2_ws/install/robovision_interfaces/share/robovision_interfaces/package.zsh'
[2.917s] Level 1:colcon.colcon_core.environment:create_file_with_runtime_dependencies(/home/ubuntu/ros2_ws/install/robovision_interfaces/share/colcon-core/packages/robovision_interfaces)
[2.918s] Level 1:colcon.colcon_core.environment:create_environment_scripts_only(robovision_interfaces)
[2.918s] Level 1:colcon.colcon_core.environment:checking '/home/ubuntu/ros2_ws/install/robovision_interfaces' for CMake module files
[2.918s] Level 1:colcon.colcon_core.environment:checking '/home/ubuntu/ros2_ws/install/robovision_interfaces' for CMake config files
[2.919s] Level 1:colcon.colcon_core.shell:create_environment_hook('robovision_interfaces', 'cmake_prefix_path')
[2.919s] INFO:colcon.colcon_core.shell:Creating environment hook '/home/ubuntu/ros2_ws/install/robovision_interfaces/share/robovision_interfaces/hook/cmake_prefix_path.ps1'
[2.919s] INFO:colcon.colcon_core.shell:Creating environment descriptor '/home/ubuntu/ros2_ws/install/robovision_interfaces/share/robovision_interfaces/hook/cmake_prefix_path.dsv'
[2.920s] INFO:colcon.colcon_core.shell:Creating environment hook '/home/ubuntu/ros2_ws/install/robovision_interfaces/share/robovision_interfaces/hook/cmake_prefix_path.sh'
[2.920s] Level 1:colcon.colcon_core.environment:checking '/home/ubuntu/ros2_ws/install/robovision_interfaces/lib'
[2.921s] Level 1:colcon.colcon_core.shell:create_environment_hook('robovision_interfaces', 'ld_library_path_lib')
[2.921s] INFO:colcon.colcon_core.shell:Creating environment hook '/home/ubuntu/ros2_ws/install/robovision_interfaces/share/robovision_interfaces/hook/ld_library_path_lib.ps1'
[2.921s] INFO:colcon.colcon_core.shell:Creating environment descriptor '/home/ubuntu/ros2_ws/install/robovision_interfaces/share/robovision_interfaces/hook/ld_library_path_lib.dsv'
[2.922s] INFO:colcon.colcon_core.shell:Creating environment hook '/home/ubuntu/ros2_ws/install/robovision_interfaces/share/robovision_interfaces/hook/ld_library_path_lib.sh'
[2.922s] Level 1:colcon.colcon_core.environment:checking '/home/ubuntu/ros2_ws/install/robovision_interfaces/bin'
[2.922s] Level 1:colcon.colcon_core.environment:checking '/home/ubuntu/ros2_ws/install/robovision_interfaces/lib/pkgconfig/robovision_interfaces.pc'
[2.922s] Level 1:colcon.colcon_core.environment:checking '/home/ubuntu/ros2_ws/install/robovision_interfaces/lib/python3.12/site-packages'
[2.922s] Level 1:colcon.colcon_core.shell:create_environment_hook('robovision_interfaces', 'pythonpath')
[2.923s] INFO:colcon.colcon_core.shell:Creating environment hook '/home/ubuntu/ros2_ws/install/robovision_interfaces/share/robovision_interfaces/hook/pythonpath.ps1'
[2.923s] INFO:colcon.colcon_core.shell:Creating environment descriptor '/home/ubuntu/ros2_ws/install/robovision_interfaces/share/robovision_interfaces/hook/pythonpath.dsv'
[2.924s] INFO:colcon.colcon_core.shell:Creating environment hook '/home/ubuntu/ros2_ws/install/robovision_interfaces/share/robovision_interfaces/hook/pythonpath.sh'
[2.924s] Level 1:colcon.colcon_core.environment:checking '/home/ubuntu/ros2_ws/install/robovision_interfaces/bin'
[2.925s] INFO:colcon.colcon_core.shell:Creating package script '/home/ubuntu/ros2_ws/install/robovision_interfaces/share/robovision_interfaces/package.ps1'
[2.926s] INFO:colcon.colcon_core.shell:Creating package descriptor '/home/ubuntu/ros2_ws/install/robovision_interfaces/share/robovision_interfaces/package.dsv'
[2.927s] INFO:colcon.colcon_core.shell:Creating package script '/home/ubuntu/ros2_ws/install/robovision_interfaces/share/robovision_interfaces/package.sh'
[2.928s] INFO:colcon.colcon_core.shell:Creating package script '/home/ubuntu/ros2_ws/install/robovision_interfaces/share/robovision_interfaces/package.bash'
[2.928s] INFO:colcon.colcon_core.shell:Creating package script '/home/ubuntu/ros2_ws/install/robovision_interfaces/share/robovision_interfaces/package.zsh'
[2.929s] Level 1:colcon.colcon_core.environment:create_file_with_runtime_dependencies(/home/ubuntu/ros2_ws/install/robovision_interfaces/share/colcon-core/packages/robovision_interfaces)
[2.929s] INFO:colcon.colcon_ros.task.ament_cmake.build:Building ROS package in '/home/ubuntu/ros2_ws/src/robovision_ros2/robovision_4' with build type 'ament_cmake'
[2.930s] INFO:colcon.colcon_cmake.task.cmake.build:Building CMake package in '/home/ubuntu/ros2_ws/src/robovision_ros2/robovision_4'
[2.930s] INFO:colcon.colcon_core.shell:Skip shell extension 'powershell' for command environment: Not usable outside of PowerShell
[2.930s] DEBUG:colcon.colcon_core.shell:Skip shell extension 'dsv' for command environment
[2.936s] Level 1:colcon.colcon_core.environment:create_environment_scripts_only(robovision_rgbd)
[2.936s] Level 1:colcon.colcon_core.environment:checking '/home/ubuntu/ros2_ws/install/robovision_rgbd' for CMake module files
[2.937s] DEBUG:colcon.colcon_core.event_handler.log_command:Invoked command in '/home/ubuntu/ros2_ws/build/robovision_rgbd' returned '0': CMAKE_PREFIX_PATH=${CMAKE_PREFIX_PATH}:/home/ubuntu/ros2_ws/install/opencv_tests:/opt/ros/jazzy /usr/bin/cmake --install /home/ubuntu/ros2_ws/build/robovision_rgbd
[2.937s] Level 1:colcon.colcon_core.environment:checking '/home/ubuntu/ros2_ws/install/robovision_rgbd' for CMake config files
[2.937s] Level 1:colcon.colcon_core.shell:create_environment_hook('robovision_rgbd', 'cmake_prefix_path')
[2.938s] INFO:colcon.colcon_core.shell:Creating environment hook '/home/ubuntu/ros2_ws/install/robovision_rgbd/share/robovision_rgbd/hook/cmake_prefix_path.ps1'
[2.938s] INFO:colcon.colcon_core.shell:Creating environment descriptor '/home/ubuntu/ros2_ws/install/robovision_rgbd/share/robovision_rgbd/hook/cmake_prefix_path.dsv'
[2.939s] INFO:colcon.colcon_core.shell:Creating environment hook '/home/ubuntu/ros2_ws/install/robovision_rgbd/share/robovision_rgbd/hook/cmake_prefix_path.sh'
[2.939s] Level 1:colcon.colcon_core.environment:checking '/home/ubuntu/ros2_ws/install/robovision_rgbd/lib'
[2.939s] Level 1:colcon.colcon_core.environment:checking '/home/ubuntu/ros2_ws/install/robovision_rgbd/bin'
[2.939s] Level 1:colcon.colcon_core.environment:checking '/home/ubuntu/ros2_ws/install/robovision_rgbd/lib/pkgconfig/robovision_rgbd.pc'
[2.940s] Level 1:colcon.colcon_core.environment:checking '/home/ubuntu/ros2_ws/install/robovision_rgbd/lib/python3.12/site-packages'
[2.940s] Level 1:colcon.colcon_core.shell:create_environment_hook('robovision_rgbd', 'pythonpath')
[2.940s] INFO:colcon.colcon_core.shell:Creating environment hook '/home/ubuntu/ros2_ws/install/robovision_rgbd/share/robovision_rgbd/hook/pythonpath.ps1'
[2.940s] INFO:colcon.colcon_core.shell:Creating environment descriptor '/home/ubuntu/ros2_ws/install/robovision_rgbd/share/robovision_rgbd/hook/pythonpath.dsv'
[2.941s] INFO:colcon.colcon_core.shell:Creating environment hook '/home/ubuntu/ros2_ws/install/robovision_rgbd/share/robovision_rgbd/hook/pythonpath.sh'
[2.941s] Level 1:colcon.colcon_core.environment:checking '/home/ubuntu/ros2_ws/install/robovision_rgbd/bin'
[2.942s] INFO:colcon.colcon_core.shell:Creating package script '/home/ubuntu/ros2_ws/install/robovision_rgbd/share/robovision_rgbd/package.ps1'
[2.942s] INFO:colcon.colcon_core.shell:Creating package descriptor '/home/ubuntu/ros2_ws/install/robovision_rgbd/share/robovision_rgbd/package.dsv'
[2.943s] INFO:colcon.colcon_core.shell:Creating package script '/home/ubuntu/ros2_ws/install/robovision_rgbd/share/robovision_rgbd/package.sh'
[2.943s] INFO:colcon.colcon_core.shell:Creating package script '/home/ubuntu/ros2_ws/install/robovision_rgbd/share/robovision_rgbd/package.bash'
[2.943s] INFO:colcon.colcon_core.shell:Creating package script '/home/ubuntu/ros2_ws/install/robovision_rgbd/share/robovision_rgbd/package.zsh'
[2.944s] Level 1:colcon.colcon_core.environment:create_file_with_runtime_dependencies(/home/ubuntu/ros2_ws/install/robovision_rgbd/share/colcon-core/packages/robovision_rgbd)
[2.944s] Level 1:colcon.colcon_core.environment:create_environment_scripts_only(robovision_rgbd)
[2.944s] Level 1:colcon.colcon_core.environment:checking '/home/ubuntu/ros2_ws/install/robovision_rgbd' for CMake module files
[2.945s] Level 1:colcon.colcon_core.environment:checking '/home/ubuntu/ros2_ws/install/robovision_rgbd' for CMake config files
[2.945s] Level 1:colcon.colcon_core.shell:create_environment_hook('robovision_rgbd', 'cmake_prefix_path')
[2.945s] INFO:colcon.colcon_core.shell:Creating environment hook '/home/ubuntu/ros2_ws/install/robovision_rgbd/share/robovision_rgbd/hook/cmake_prefix_path.ps1'
[2.945s] INFO:colcon.colcon_core.shell:Creating environment descriptor '/home/ubuntu/ros2_ws/install/robovision_rgbd/share/robovision_rgbd/hook/cmake_prefix_path.dsv'
[2.946s] INFO:colcon.colcon_core.shell:Creating environment hook '/home/ubuntu/ros2_ws/install/robovision_rgbd/share/robovision_rgbd/hook/cmake_prefix_path.sh'
[2.946s] Level 1:colcon.colcon_core.environment:checking '/home/ubuntu/ros2_ws/install/robovision_rgbd/lib'
[2.946s] Level 1:colcon.colcon_core.environment:checking '/home/ubuntu/ros2_ws/install/robovision_rgbd/bin'
[2.947s] Level 1:colcon.colcon_core.environment:checking '/home/ubuntu/ros2_ws/install/robovision_rgbd/lib/pkgconfig/robovision_rgbd.pc'
[2.947s] Level 1:colcon.colcon_core.environment:checking '/home/ubuntu/ros2_ws/install/robovision_rgbd/lib/python3.12/site-packages'
[2.947s] Level 1:colcon.colcon_core.shell:create_environment_hook('robovision_rgbd', 'pythonpath')
[2.947s] INFO:colcon.colcon_core.shell:Creating environment hook '/home/ubuntu/ros2_ws/install/robovision_rgbd/share/robovision_rgbd/hook/pythonpath.ps1'
[2.947s] INFO:colcon.colcon_core.shell:Creating environment descriptor '/home/ubuntu/ros2_ws/install/robovision_rgbd/share/robovision_rgbd/hook/pythonpath.dsv'
[2.948s] INFO:colcon.colcon_core.shell:Creating environment hook '/home/ubuntu/ros2_ws/install/robovision_rgbd/share/robovision_rgbd/hook/pythonpath.sh'
[2.949s] Level 1:colcon.colcon_core.environment:checking '/home/ubuntu/ros2_ws/install/robovision_rgbd/bin'
[2.949s] INFO:colcon.colcon_core.shell:Creating package script '/home/ubuntu/ros2_ws/install/robovision_rgbd/share/robovision_rgbd/package.ps1'
[2.950s] INFO:colcon.colcon_core.shell:Creating package descriptor '/home/ubuntu/ros2_ws/install/robovision_rgbd/share/robovision_rgbd/package.dsv'
[2.950s] INFO:colcon.colcon_core.shell:Creating package script '/home/ubuntu/ros2_ws/install/robovision_rgbd/share/robovision_rgbd/package.sh'
[2.951s] INFO:colcon.colcon_core.shell:Creating package script '/home/ubuntu/ros2_ws/install/robovision_rgbd/share/robovision_rgbd/package.bash'
[2.951s] INFO:colcon.colcon_core.shell:Creating package script '/home/ubuntu/ros2_ws/install/robovision_rgbd/share/robovision_rgbd/package.zsh'
[2.952s] Level 1:colcon.colcon_core.environment:create_file_with_runtime_dependencies(/home/ubuntu/ros2_ws/install/robovision_rgbd/share/colcon-core/packages/robovision_rgbd)
[2.952s] Level 1:colcon.colcon_core.environment:create_environment_scripts_only(robovision_processing)
[2.953s] Level 1:colcon.colcon_core.environment:checking '/home/ubuntu/ros2_ws/install/robovision_processing' for CMake module files
[2.956s] Level 1:colcon.colcon_core.environment:checking '/home/ubuntu/ros2_ws/install/robovision_processing' for CMake config files
[2.956s] DEBUG:colcon.colcon_core.event_handler.log_command:Invoked command in '/home/ubuntu/ros2_ws/build/robovision_processing' returned '0': CMAKE_PREFIX_PATH=${CMAKE_PREFIX_PATH}:/home/ubuntu/ros2_ws/install/opencv_tests:/opt/ros/jazzy /usr/bin/cmake --install /home/ubuntu/ros2_ws/build/robovision_processing
[2.957s] Level 1:colcon.colcon_core.shell:create_environment_hook('robovision_processing', 'cmake_prefix_path')
[2.957s] INFO:colcon.colcon_core.shell:Creating environment hook '/home/ubuntu/ros2_ws/install/robovision_processing/share/robovision_processing/hook/cmake_prefix_path.ps1'
[2.958s] INFO:colcon.colcon_core.shell:Creating environment descriptor '/home/ubuntu/ros2_ws/install/robovision_processing/share/robovision_processing/hook/cmake_prefix_path.dsv'
[2.958s] INFO:colcon.colcon_core.shell:Creating environment hook '/home/ubuntu/ros2_ws/install/robovision_processing/share/robovision_processing/hook/cmake_prefix_path.sh'
[2.959s] Level 1:colcon.colcon_core.environment:checking '/home/ubuntu/ros2_ws/install/robovision_processing/lib'
[2.960s] Level 1:colcon.colcon_core.environment:checking '/home/ubuntu/ros2_ws/install/robovision_processing/bin'
[2.960s] Level 1:colcon.colcon_core.environment:checking '/home/ubuntu/ros2_ws/install/robovision_processing/lib/pkgconfig/robovision_processing.pc'
[2.960s] Level 1:colcon.colcon_core.environment:checking '/home/ubuntu/ros2_ws/install/robovision_processing/lib/python3.12/site-packages'
[2.960s] Level 1:colcon.colcon_core.shell:create_environment_hook('robovision_processing', 'pythonpath')
[2.960s] INFO:colcon.colcon_core.shell:Creating environment hook '/home/ubuntu/ros2_ws/install/robovision_processing/share/robovision_processing/hook/pythonpath.ps1'
[2.961s] INFO:colcon.colcon_core.shell:Creating environment descriptor '/home/ubuntu/ros2_ws/install/robovision_processing/share/robovision_processing/hook/pythonpath.dsv'
[2.962s] INFO:colcon.colcon_core.shell:Creating environment hook '/home/ubuntu/ros2_ws/install/robovision_processing/share/robovision_processing/hook/pythonpath.sh'
[2.962s] Level 1:colcon.colcon_core.environment:checking '/home/ubuntu/ros2_ws/install/robovision_processing/bin'
[2.963s] INFO:colcon.colcon_core.shell:Creating package script '/home/ubuntu/ros2_ws/install/robovision_processing/share/robovision_processing/package.ps1'
[2.963s] INFO:colcon.colcon_core.shell:Creating package descriptor '/home/ubuntu/ros2_ws/install/robovision_processing/share/robovision_processing/package.dsv'
[2.964s] INFO:colcon.colcon_core.shell:Creating package script '/home/ubuntu/ros2_ws/install/robovision_processing/share/robovision_processing/package.sh'
[2.965s] INFO:colcon.colcon_core.shell:Creating package script '/home/ubuntu/ros2_ws/install/robovision_processing/share/robovision_processing/package.bash'
[2.965s] INFO:colcon.colcon_core.shell:Creating package script '/home/ubuntu/ros2_ws/install/robovision_processing/share/robovision_processing/package.zsh'
[2.965s] Level 1:colcon.colcon_core.environment:create_file_with_runtime_dependencies(/home/ubuntu/ros2_ws/install/robovision_processing/share/colcon-core/packages/robovision_processing)
[2.966s] Level 1:colcon.colcon_core.environment:create_environment_scripts_only(robovision_processing)
[2.966s] Level 1:colcon.colcon_core.environment:checking '/home/ubuntu/ros2_ws/install/robovision_processing' for CMake module files
[2.967s] Level 1:colcon.colcon_core.environment:checking '/home/ubuntu/ros2_ws/install/robovision_processing' for CMake config files
[2.967s] Level 1:colcon.colcon_core.shell:create_environment_hook('robovision_processing', 'cmake_prefix_path')
[2.967s] INFO:colcon.colcon_core.shell:Creating environment hook '/home/ubuntu/ros2_ws/install/robovision_processing/share/robovision_processing/hook/cmake_prefix_path.ps1'
[2.968s] INFO:colcon.colcon_core.shell:Creating environment descriptor '/home/ubuntu/ros2_ws/install/robovision_processing/share/robovision_processing/hook/cmake_prefix_path.dsv'
[2.969s] INFO:colcon.colcon_core.shell:Creating environment hook '/home/ubuntu/ros2_ws/install/robovision_processing/share/robovision_processing/hook/cmake_prefix_path.sh'
[2.970s] Level 1:colcon.colcon_core.environment:checking '/home/ubuntu/ros2_ws/install/robovision_processing/lib'
[2.970s] Level 1:colcon.colcon_core.environment:checking '/home/ubuntu/ros2_ws/install/robovision_processing/bin'
[2.970s] Level 1:colcon.colcon_core.environment:checking '/home/ubuntu/ros2_ws/install/robovision_processing/lib/pkgconfig/robovision_processing.pc'
[2.970s] Level 1:colcon.colcon_core.environment:checking '/home/ubuntu/ros2_ws/install/robovision_processing/lib/python3.12/site-packages'
[2.970s] Level 1:colcon.colcon_core.shell:create_environment_hook('robovision_processing', 'pythonpath')
[2.971s] INFO:colcon.colcon_core.shell:Creating environment hook '/home/ubuntu/ros2_ws/install/robovision_processing/share/robovision_processing/hook/pythonpath.ps1'
[2.971s] INFO:colcon.colcon_core.shell:Creating environment descriptor '/home/ubuntu/ros2_ws/install/robovision_processing/share/robovision_processing/hook/pythonpath.dsv'
[2.974s] INFO:colcon.colcon_core.shell:Creating environment hook '/home/ubuntu/ros2_ws/install/robovision_processing/share/robovision_processing/hook/pythonpath.sh'
[2.975s] Level 1:colcon.colcon_core.environment:checking '/home/ubuntu/ros2_ws/install/robovision_processing/bin'
[2.975s] INFO:colcon.colcon_core.shell:Creating package script '/home/ubuntu/ros2_ws/install/robovision_processing/share/robovision_processing/package.ps1'
[2.976s] INFO:colcon.colcon_core.shell:Creating package descriptor '/home/ubuntu/ros2_ws/install/robovision_processing/share/robovision_processing/package.dsv'
[2.976s] INFO:colcon.colcon_core.shell:Creating package script '/home/ubuntu/ros2_ws/install/robovision_processing/share/robovision_processing/package.sh'
[2.976s] INFO:colcon.colcon_core.shell:Creating package script '/home/ubuntu/ros2_ws/install/robovision_processing/share/robovision_processing/package.bash'
[2.977s] INFO:colcon.colcon_core.shell:Creating package script '/home/ubuntu/ros2_ws/install/robovision_processing/share/robovision_processing/package.zsh'
[2.977s] Level 1:colcon.colcon_core.environment:create_file_with_runtime_dependencies(/home/ubuntu/ros2_ws/install/robovision_processing/share/colcon-core/packages/robovision_processing)
[4.568s] DEBUG:colcon.colcon_core.event_handler.log_command:Invoking command in '/home/ubuntu/ros2_ws/build/robovision_services': CMAKE_PREFIX_PATH=/home/ubuntu/ros2_ws/install/robovision_interfaces:/home/ubuntu/ros2_ws/install/vision_opencv:/home/ubuntu/ros2_ws/install/robovision_services:/home/ubuntu/ros2_ws/install/robovision_rgbd:/home/ubuntu/ros2_ws/install/robovision_processing:/home/ubuntu/ros2_ws/install/robovision_images:/home/ubuntu/ros2_ws/install/image_geometry:/home/ubuntu/ros2_ws/install/cv_bridge:/home/ubuntu/robovision_ros2_ws/install/robovision_images:/opt/ros/jazzy/opt/gz_math_vendor:/opt/ros/jazzy/opt/gz_utils_vendor:/opt/ros/jazzy/opt/gz_cmake_vendor:/home/ubuntu/ros2_ws/install/opencv_tests:/opt/ros/jazzy PYTHONPATH=/home/ubuntu/ros2_ws/install/robovision_interfaces/lib/python3.12/site-packages:/home/ubuntu/ros2_ws/install/robovision_services/lib/python3.12/site-packages:/home/ubuntu/ros2_ws/install/robovision_rgbd/lib/python3.12/site-packages:/home/ubuntu/ros2_ws/install/robovision_processing/lib/python3.12/site-packages:/home/ubuntu/ros2_ws/install/robovision_images/lib/python3.12/site-packages:/home/ubuntu/ros2_ws/install/opencv_tests/lib/python3.12/site-packages:/home/ubuntu/ros2_ws/install/image_geometry/lib/python3.12/site-packages:/home/ubuntu/ros2_ws/install/cv_bridge/lib/python3.12/site-packages:/home/ubuntu/robovision_ros2_ws/install/robovision_images/lib/python3.12/site-packages:/opt/ros/jazzy/lib/python3.12/site-packages /usr/bin/cmake --build /home/ubuntu/ros2_ws/build/robovision_services -- -j16 -l16
[5.596s] DEBUG:colcon.colcon_core.event_handler.log_command:Invoked command in '/home/ubuntu/ros2_ws/build/robovision_services' returned '0': CMAKE_PREFIX_PATH=/home/ubuntu/ros2_ws/install/robovision_interfaces:/home/ubuntu/ros2_ws/install/vision_opencv:/home/ubuntu/ros2_ws/install/robovision_services:/home/ubuntu/ros2_ws/install/robovision_rgbd:/home/ubuntu/ros2_ws/install/robovision_processing:/home/ubuntu/ros2_ws/install/robovision_images:/home/ubuntu/ros2_ws/install/image_geometry:/home/ubuntu/ros2_ws/install/cv_bridge:/home/ubuntu/robovision_ros2_ws/install/robovision_images:/opt/ros/jazzy/opt/gz_math_vendor:/opt/ros/jazzy/opt/gz_utils_vendor:/opt/ros/jazzy/opt/gz_cmake_vendor:/home/ubuntu/ros2_ws/install/opencv_tests:/opt/ros/jazzy PYTHONPATH=/home/ubuntu/ros2_ws/install/robovision_interfaces/lib/python3.12/site-packages:/home/ubuntu/ros2_ws/install/robovision_services/lib/python3.12/site-packages:/home/ubuntu/ros2_ws/install/robovision_rgbd/lib/python3.12/site-packages:/home/ubuntu/ros2_ws/install/robovision_processing/lib/python3.12/site-packages:/home/ubuntu/ros2_ws/install/robovision_images/lib/python3.12/site-packages:/home/ubuntu/ros2_ws/install/opencv_tests/lib/python3.12/site-packages:/home/ubuntu/ros2_ws/install/image_geometry/lib/python3.12/site-packages:/home/ubuntu/ros2_ws/install/cv_bridge/lib/python3.12/site-packages:/home/ubuntu/robovision_ros2_ws/install/robovision_images/lib/python3.12/site-packages:/opt/ros/jazzy/lib/python3.12/site-packages /usr/bin/cmake --build /home/ubuntu/ros2_ws/build/robovision_services -- -j16 -l16
[5.605s] DEBUG:colcon.colcon_core.event_handler.log_command:Invoking command in '/home/ubuntu/ros2_ws/build/robovision_services': CMAKE_PREFIX_PATH=/home/ubuntu/ros2_ws/install/robovision_interfaces:/home/ubuntu/ros2_ws/install/vision_opencv:/home/ubuntu/ros2_ws/install/robovision_services:/home/ubuntu/ros2_ws/install/robovision_rgbd:/home/ubuntu/ros2_ws/install/robovision_processing:/home/ubuntu/ros2_ws/install/robovision_images:/home/ubuntu/ros2_ws/install/image_geometry:/home/ubuntu/ros2_ws/install/cv_bridge:/home/ubuntu/robovision_ros2_ws/install/robovision_images:/opt/ros/jazzy/opt/gz_math_vendor:/opt/ros/jazzy/opt/gz_utils_vendor:/opt/ros/jazzy/opt/gz_cmake_vendor:/home/ubuntu/ros2_ws/install/opencv_tests:/opt/ros/jazzy PYTHONPATH=/home/ubuntu/ros2_ws/install/robovision_interfaces/lib/python3.12/site-packages:/home/ubuntu/ros2_ws/install/robovision_services/lib/python3.12/site-packages:/home/ubuntu/ros2_ws/install/robovision_rgbd/lib/python3.12/site-packages:/home/ubuntu/ros2_ws/install/robovision_processing/lib/python3.12/site-packages:/home/ubuntu/ros2_ws/install/robovision_images/lib/python3.12/site-packages:/home/ubuntu/ros2_ws/install/opencv_tests/lib/python3.12/site-packages:/home/ubuntu/ros2_ws/install/image_geometry/lib/python3.12/site-packages:/home/ubuntu/ros2_ws/install/cv_bridge/lib/python3.12/site-packages:/home/ubuntu/robovision_ros2_ws/install/robovision_images/lib/python3.12/site-packages:/opt/ros/jazzy/lib/python3.12/site-packages /usr/bin/cmake --install /home/ubuntu/ros2_ws/build/robovision_services
[5.833s] Level 1:colcon.colcon_core.environment:create_environment_scripts_only(robovision_services)
[5.834s] Level 1:colcon.colcon_core.environment:checking '/home/ubuntu/ros2_ws/install/robovision_services' for CMake module files
[5.838s] DEBUG:colcon.colcon_core.event_handler.log_command:Invoked command in '/home/ubuntu/ros2_ws/build/robovision_services' returned '0': CMAKE_PREFIX_PATH=/home/ubuntu/ros2_ws/install/robovision_interfaces:/home/ubuntu/ros2_ws/install/vision_opencv:/home/ubuntu/ros2_ws/install/robovision_services:/home/ubuntu/ros2_ws/install/robovision_rgbd:/home/ubuntu/ros2_ws/install/robovision_processing:/home/ubuntu/ros2_ws/install/robovision_images:/home/ubuntu/ros2_ws/install/image_geometry:/home/ubuntu/ros2_ws/install/cv_bridge:/home/ubuntu/robovision_ros2_ws/install/robovision_images:/opt/ros/jazzy/opt/gz_math_vendor:/opt/ros/jazzy/opt/gz_utils_vendor:/opt/ros/jazzy/opt/gz_cmake_vendor:/home/ubuntu/ros2_ws/install/opencv_tests:/opt/ros/jazzy PYTHONPATH=/home/ubuntu/ros2_ws/install/robovision_interfaces/lib/python3.12/site-packages:/home/ubuntu/ros2_ws/install/robovision_services/lib/python3.12/site-packages:/home/ubuntu/ros2_ws/install/robovision_rgbd/lib/python3.12/site-packages:/home/ubuntu/ros2_ws/install/robovision_processing/lib/python3.12/site-packages:/home/ubuntu/ros2_ws/install/robovision_images/lib/python3.12/site-packages:/home/ubuntu/ros2_ws/install/opencv_tests/lib/python3.12/site-packages:/home/ubuntu/ros2_ws/install/image_geometry/lib/python3.12/site-packages:/home/ubuntu/ros2_ws/install/cv_bridge/lib/python3.12/site-packages:/home/ubuntu/robovision_ros2_ws/install/robovision_images/lib/python3.12/site-packages:/opt/ros/jazzy/lib/python3.12/site-packages /usr/bin/cmake --install /home/ubuntu/ros2_ws/build/robovision_services
[5.842s] Level 1:colcon.colcon_core.environment:checking '/home/ubuntu/ros2_ws/install/robovision_services' for CMake config files
[5.843s] Level 1:colcon.colcon_core.shell:create_environment_hook('robovision_services', 'cmake_prefix_path')
[5.844s] INFO:colcon.colcon_core.shell:Creating environment hook '/home/ubuntu/ros2_ws/install/robovision_services/share/robovision_services/hook/cmake_prefix_path.ps1'
[5.846s] INFO:colcon.colcon_core.shell:Creating environment descriptor '/home/ubuntu/ros2_ws/install/robovision_services/share/robovision_services/hook/cmake_prefix_path.dsv'
[5.849s] INFO:colcon.colcon_core.shell:Creating environment hook '/home/ubuntu/ros2_ws/install/robovision_services/share/robovision_services/hook/cmake_prefix_path.sh'
[5.853s] Level 1:colcon.colcon_core.environment:checking '/home/ubuntu/ros2_ws/install/robovision_services/lib'
[5.853s] Level 1:colcon.colcon_core.environment:checking '/home/ubuntu/ros2_ws/install/robovision_services/bin'
[5.853s] Level 1:colcon.colcon_core.environment:checking '/home/ubuntu/ros2_ws/install/robovision_services/lib/pkgconfig/robovision_services.pc'
[5.854s] Level 1:colcon.colcon_core.environment:checking '/home/ubuntu/ros2_ws/install/robovision_services/lib/python3.12/site-packages'
[5.854s] Level 1:colcon.colcon_core.shell:create_environment_hook('robovision_services', 'pythonpath')
[5.855s] INFO:colcon.colcon_core.shell:Creating environment hook '/home/ubuntu/ros2_ws/install/robovision_services/share/robovision_services/hook/pythonpath.ps1'
[5.857s] INFO:colcon.colcon_core.shell:Creating environment descriptor '/home/ubuntu/ros2_ws/install/robovision_services/share/robovision_services/hook/pythonpath.dsv'
[5.860s] INFO:colcon.colcon_core.shell:Creating environment hook '/home/ubuntu/ros2_ws/install/robovision_services/share/robovision_services/hook/pythonpath.sh'
[5.865s] Level 1:colcon.colcon_core.environment:checking '/home/ubuntu/ros2_ws/install/robovision_services/bin'
[5.866s] INFO:colcon.colcon_core.shell:Creating package script '/home/ubuntu/ros2_ws/install/robovision_services/share/robovision_services/package.ps1'
[5.869s] INFO:colcon.colcon_core.shell:Creating package descriptor '/home/ubuntu/ros2_ws/install/robovision_services/share/robovision_services/package.dsv'
[5.871s] INFO:colcon.colcon_core.shell:Creating package script '/home/ubuntu/ros2_ws/install/robovision_services/share/robovision_services/package.sh'
[5.873s] INFO:colcon.colcon_core.shell:Creating package script '/home/ubuntu/ros2_ws/install/robovision_services/share/robovision_services/package.bash'
[5.876s] INFO:colcon.colcon_core.shell:Creating package script '/home/ubuntu/ros2_ws/install/robovision_services/share/robovision_services/package.zsh'
[5.878s] Level 1:colcon.colcon_core.environment:create_file_with_runtime_dependencies(/home/ubuntu/ros2_ws/install/robovision_services/share/colcon-core/packages/robovision_services)
[5.882s] Level 1:colcon.colcon_core.environment:create_environment_scripts_only(robovision_services)
[5.883s] Level 1:colcon.colcon_core.environment:checking '/home/ubuntu/ros2_ws/install/robovision_services' for CMake module files
[5.885s] Level 1:colcon.colcon_core.environment:checking '/home/ubuntu/ros2_ws/install/robovision_services' for CMake config files
[5.886s] Level 1:colcon.colcon_core.shell:create_environment_hook('robovision_services', 'cmake_prefix_path')
[5.887s] INFO:colcon.colcon_core.shell:Creating environment hook '/home/ubuntu/ros2_ws/install/robovision_services/share/robovision_services/hook/cmake_prefix_path.ps1'
[5.891s] INFO:colcon.colcon_core.shell:Creating environment descriptor '/home/ubuntu/ros2_ws/install/robovision_services/share/robovision_services/hook/cmake_prefix_path.dsv'
[5.893s] INFO:colcon.colcon_core.shell:Creating environment hook '/home/ubuntu/ros2_ws/install/robovision_services/share/robovision_services/hook/cmake_prefix_path.sh'
[5.897s] Level 1:colcon.colcon_core.environment:checking '/home/ubuntu/ros2_ws/install/robovision_services/lib'
[5.897s] Level 1:colcon.colcon_core.environment:checking '/home/ubuntu/ros2_ws/install/robovision_services/bin'
[5.898s] Level 1:colcon.colcon_core.environment:checking '/home/ubuntu/ros2_ws/install/robovision_services/lib/pkgconfig/robovision_services.pc'
[5.899s] Level 1:colcon.colcon_core.environment:checking '/home/ubuntu/ros2_ws/install/robovision_services/lib/python3.12/site-packages'
[5.900s] Level 1:colcon.colcon_core.shell:create_environment_hook('robovision_services', 'pythonpath')
[5.901s] INFO:colcon.colcon_core.shell:Creating environment hook '/home/ubuntu/ros2_ws/install/robovision_services/share/robovision_services/hook/pythonpath.ps1'
[5.903s] INFO:colcon.colcon_core.shell:Creating environment descriptor '/home/ubuntu/ros2_ws/install/robovision_services/share/robovision_services/hook/pythonpath.dsv'
[5.906s] INFO:colcon.colcon_core.shell:Creating environment hook '/home/ubuntu/ros2_ws/install/robovision_services/share/robovision_services/hook/pythonpath.sh'
[5.909s] Level 1:colcon.colcon_core.environment:checking '/home/ubuntu/ros2_ws/install/robovision_services/bin'
[5.910s] INFO:colcon.colcon_core.shell:Creating package script '/home/ubuntu/ros2_ws/install/robovision_services/share/robovision_services/package.ps1'
[5.911s] INFO:colcon.colcon_core.shell:Creating package descriptor '/home/ubuntu/ros2_ws/install/robovision_services/share/robovision_services/package.dsv'
[5.912s] INFO:colcon.colcon_core.shell:Creating package script '/home/ubuntu/ros2_ws/install/robovision_services/share/robovision_services/package.sh'
[5.913s] INFO:colcon.colcon_core.shell:Creating package script '/home/ubuntu/ros2_ws/install/robovision_services/share/robovision_services/package.bash'
[5.915s] INFO:colcon.colcon_core.shell:Creating package script '/home/ubuntu/ros2_ws/install/robovision_services/share/robovision_services/package.zsh'
[5.916s] Level 1:colcon.colcon_core.environment:create_file_with_runtime_dependencies(/home/ubuntu/ros2_ws/install/robovision_services/share/colcon-core/packages/robovision_services)
[5.918s] DEBUG:colcon.colcon_parallel_executor.executor.parallel:closing loop
[5.919s] DEBUG:colcon.colcon_parallel_executor.executor.parallel:loop closed
[5.920s] DEBUG:colcon.colcon_parallel_executor.executor.parallel:run_until_complete finished with '0'
[5.920s] DEBUG:colcon.colcon_core.event_reactor:joining thread
[6.961s] INFO:colcon.colcon_core.plugin_system:Skipping extension 'colcon_notification.desktop_notification.notify_send': Could not find 'notify-send'
[6.962s] INFO:colcon.colcon_core.plugin_system:Skipping extension 'colcon_notification.desktop_notification.terminal_notifier': Not used on non-Darwin systems
[6.963s] INFO:colcon.colcon_core.plugin_system:Skipping extension 'colcon_notification.desktop_notification.win32': Not used on non-Windows systems
[6.963s] INFO:colcon.colcon_notification.desktop_notification:Sending desktop notification using 'notify2'
[6.973s] DEBUG:colcon.colcon_notification.desktop_notification.notify2:Failed to initialize notify2: org.freedesktop.DBus.Error.ServiceUnknown: The name org.freedesktop.Notifications was not provided by any .service files
[6.974s] DEBUG:colcon.colcon_core.event_reactor:joined thread
[6.976s] INFO:colcon.colcon_core.shell:Creating prefix script '/home/ubuntu/ros2_ws/install/local_setup.ps1'
[6.983s] INFO:colcon.colcon_core.shell:Creating prefix util module '/home/ubuntu/ros2_ws/install/_local_setup_util_ps1.py'
[6.989s] INFO:colcon.colcon_core.shell:Creating prefix chain script '/home/ubuntu/ros2_ws/install/setup.ps1'
[6.996s] INFO:colcon.colcon_core.shell:Creating prefix script '/home/ubuntu/ros2_ws/install/local_setup.sh'
[7.001s] INFO:colcon.colcon_core.shell:Creating prefix util module '/home/ubuntu/ros2_ws/install/_local_setup_util_sh.py'
[7.005s] INFO:colcon.colcon_core.shell:Creating prefix chain script '/home/ubuntu/ros2_ws/install/setup.sh'
[7.009s] INFO:colcon.colcon_core.shell:Creating prefix script '/home/ubuntu/ros2_ws/install/local_setup.bash'
[7.010s] INFO:colcon.colcon_core.shell:Creating prefix chain script '/home/ubuntu/ros2_ws/install/setup.bash'
[7.016s] INFO:colcon.colcon_core.shell:Creating prefix script '/home/ubuntu/ros2_ws/install/local_setup.zsh'
[7.019s] INFO:colcon.colcon_core.shell:Creating prefix chain script '/home/ubuntu/ros2_ws/install/setup.zsh'
