-- The C compiler identification is GNU 13.3.0
-- The CXX compiler identification is GNU 13.3.0
-- Detecting C compiler ABI info
-- Detecting C compiler ABI info - done
-- Check for working C compiler: /usr/bin/cc - skipped
-- Detecting C compile features
-- Detecting C compile features - done
-- Detecting CXX compiler ABI info
-- Detecting CXX compiler ABI info - done
-- Check for working CXX compiler: /usr/bin/c++ - skipped
-- Detecting CXX compile features
-- Detecting CXX compile features - done
-- Found ament_cmake: 2.5.4 (/opt/ros/jazzy/share/ament_cmake/cmake)
-- Found Python3: /usr/bin/python3 (found version "3.12.3") found components: Interpreter 
-- Found rclcpp: 28.1.9 (/opt/ros/jazzy/share/rclcpp/cmake)
-- Found rosidl_generator_c: 4.6.5 (/opt/ros/jazzy/share/rosidl_generator_c/cmake)
-- Found rosidl_generator_cpp: 4.6.5 (/opt/ros/jazzy/share/rosidl_generator_cpp/cmake)
-- Using all available rosidl_typesupport_c: rosidl_typesupport_fastrtps_c;rosidl_typesupport_introspection_c
-- Using all available rosidl_typesupport_cpp: rosidl_typesupport_fastrtps_cpp;rosidl_typesupport_introspection_cpp
-- Found rmw_implementation_cmake: 7.3.2 (/opt/ros/jazzy/share/rmw_implementation_cmake/cmake)
-- Found rmw_fastrtps_cpp: 8.4.2 (/opt/ros/jazzy/share/rmw_fastrtps_cpp/cmake)
-- Found OpenSSL: /usr/lib/x86_64-linux-gnu/libcrypto.so (found version "3.0.13")  
-- Found FastRTPS: /opt/ros/jazzy/include (Required is at least version "2.13") 
-- Using RMW implementation 'rmw_fastrtps_cpp' as default
-- Found OpenCV: /usr (found version "4.6.0") 
-- Found cv_bridge: 3.2.1 (/home/ubuntu/ros2_ws/install/cv_bridge/share/cv_bridge/cmake)
-- Found tf2: 0.36.11 (/opt/ros/jazzy/share/tf2/cmake)
-- Found tf2_geometry_msgs: 0.36.11 (/opt/ros/jazzy/share/tf2_geometry_msgs/cmake)
-- Found eigen3_cmake_module: 0.3.0 (/opt/ros/jazzy/share/eigen3_cmake_module/cmake)
-- Found Eigen3: TRUE (found version "3.4.0") 
-- Ensuring Eigen3 include directory is part of orocos-kdl CMake target
-- Found robovision_interfaces: 0.0.0 (/home/ubuntu/ros2_ws/install/robovision_interfaces/share/robovision_interfaces/cmake)
-- Configuring done (3.3s)
-- Generating done (0.0s)
-- Build files have been written to: /home/ubuntu/ros2_ws/build/robovision_services
[ 50%] [32mBuilding CXX object CMakeFiles/robovision_client.dir/src/robovision_client.cpp.o[0m
[ 50%] [32mBuilding CXX object CMakeFiles/robovision_service.dir/src/robovision_service.cpp.o[0m
[ 50%] Built target ament_cmake_python_copy_robovision_services
running egg_info
creating robovision_services.egg-info
writing robovision_services.egg-info/PKG-INFO
writing dependency_links to robovision_services.egg-info/dependency_links.txt
writing top-level names to robovision_services.egg-info/top_level.txt
writing manifest file 'robovision_services.egg-info/SOURCES.txt'
reading manifest file 'robovision_services.egg-info/SOURCES.txt'
writing manifest file 'robovision_services.egg-info/SOURCES.txt'
[ 50%] Built target ament_cmake_python_build_robovision_services_egg
[ 75%] [32m[1mLinking CXX executable robovision_client[0m
[ 75%] Built target robovision_client
[100%] [32m[1mLinking CXX executable robovision_service[0m
[100%] Built target robovision_service
-- Install configuration: ""
-- Installing: /home/ubuntu/ros2_ws/install/robovision_services/share/robovision_services/environment/pythonpath.sh
-- Installing: /home/ubuntu/ros2_ws/install/robovision_services/share/robovision_services/environment/pythonpath.dsv
-- Installing: /home/ubuntu/ros2_ws/install/robovision_services/lib/python3.12/site-packages/robovision_services-0.0.0-py3.12.egg-info
-- Installing: /home/ubuntu/ros2_ws/install/robovision_services/lib/python3.12/site-packages/robovision_services-0.0.0-py3.12.egg-info/top_level.txt
-- Installing: /home/ubuntu/ros2_ws/install/robovision_services/lib/python3.12/site-packages/robovision_services-0.0.0-py3.12.egg-info/dependency_links.txt
-- Installing: /home/ubuntu/ros2_ws/install/robovision_services/lib/python3.12/site-packages/robovision_services-0.0.0-py3.12.egg-info/PKG-INFO
-- Installing: /home/ubuntu/ros2_ws/install/robovision_services/lib/python3.12/site-packages/robovision_services-0.0.0-py3.12.egg-info/SOURCES.txt
-- Installing: /home/ubuntu/ros2_ws/install/robovision_services/lib/python3.12/site-packages/robovision_services
-- Installing: /home/ubuntu/ros2_ws/install/robovision_services/lib/python3.12/site-packages/robovision_services/__init__.py
Listing '/home/ubuntu/ros2_ws/install/robovision_services/lib/python3.12/site-packages/robovision_services'...
Compiling '/home/ubuntu/ros2_ws/install/robovision_services/lib/python3.12/site-packages/robovision_services/__init__.py'...
-- Installing: /home/ubuntu/ros2_ws/install/robovision_services/lib/robovision_services/robovision_service
-- Set non-toolchain portion of runtime path of "/home/ubuntu/ros2_ws/install/robovision_services/lib/robovision_services/robovision_service" to ""
-- Installing: /home/ubuntu/ros2_ws/install/robovision_services/lib/robovision_services/robovision_client
-- Set non-toolchain portion of runtime path of "/home/ubuntu/ros2_ws/install/robovision_services/lib/robovision_services/robovision_client" to ""
-- Installing: /home/ubuntu/ros2_ws/install/robovision_services/lib/robovision_services/robovision_service.py
-- Installing: /home/ubuntu/ros2_ws/install/robovision_services/lib/robovision_services/robovision_client.py
-- Installing: /home/ubuntu/ros2_ws/install/robovision_services/share/ament_index/resource_index/package_run_dependencies/robovision_services
-- Installing: /home/ubuntu/ros2_ws/install/robovision_services/share/ament_index/resource_index/parent_prefix_path/robovision_services
-- Installing: /home/ubuntu/ros2_ws/install/robovision_services/share/robovision_services/environment/ament_prefix_path.sh
-- Installing: /home/ubuntu/ros2_ws/install/robovision_services/share/robovision_services/environment/ament_prefix_path.dsv
-- Installing: /home/ubuntu/ros2_ws/install/robovision_services/share/robovision_services/environment/path.sh
-- Installing: /home/ubuntu/ros2_ws/install/robovision_services/share/robovision_services/environment/path.dsv
-- Installing: /home/ubuntu/ros2_ws/install/robovision_services/share/robovision_services/local_setup.bash
-- Installing: /home/ubuntu/ros2_ws/install/robovision_services/share/robovision_services/local_setup.sh
-- Installing: /home/ubuntu/ros2_ws/install/robovision_services/share/robovision_services/local_setup.zsh
-- Installing: /home/ubuntu/ros2_ws/install/robovision_services/share/robovision_services/local_setup.dsv
-- Installing: /home/ubuntu/ros2_ws/install/robovision_services/share/robovision_services/package.dsv
-- Installing: /home/ubuntu/ros2_ws/install/robovision_services/share/ament_index/resource_index/packages/robovision_services
-- Installing: /home/ubuntu/ros2_ws/install/robovision_services/share/robovision_services/cmake/robovision_servicesConfig.cmake
-- Installing: /home/ubuntu/ros2_ws/install/robovision_services/share/robovision_services/cmake/robovision_servicesConfig-version.cmake
-- Installing: /home/ubuntu/ros2_ws/install/robovision_services/share/robovision_services/package.xml
