[0.223s] Invoking command in '/home/ubuntu/ros2_ws/build/robovision_services': AMENT_PREFIX_PATH=/home/ubuntu/ros2_ws/install/robovision_interfaces:${AMENT_PREFIX_PATH} CMAKE_PREFIX_PATH=/home/ubuntu/ros2_ws/install/robovision_interfaces:/home/ubuntu/ros2_ws/install/vision_opencv:/home/ubuntu/ros2_ws/install/image_geometry:/home/ubuntu/ros2_ws/install/cv_bridge:/home/ubuntu/robovision_ros2_ws/install/vision_opencv:/home/ubuntu/robovision_ros2_ws/install/robovision_services:/home/ubuntu/robovision_ros2_ws/install/robovision_rgbd:/home/ubuntu/robovision_ros2_ws/install/robovision_processing:/home/ubuntu/robovision_ros2_ws/install/robovision_interfaces:/home/ubuntu/robovision_ros2_ws/install/robovision_images:/home/ubuntu/robovision_ros2_ws/install/image_geometry:/home/ubuntu/robovision_ros2_ws/install/cv_bridge:/opt/ros/jazzy/opt/gz_math_vendor:/opt/ros/jazzy/opt/gz_utils_vendor:/opt/ros/jazzy/opt/gz_cmake_vendor:/home/ubuntu/ros2_ws/install/opencv_tests:/home/ubuntu/robovision_ros2_ws/install/opencv_tests:/opt/ros/jazzy LD_LIBRARY_PATH=/home/ubuntu/ros2_ws/install/robovision_interfaces/lib:${LD_LIBRARY_PATH} PYTHONPATH=/home/ubuntu/ros2_ws/install/robovision_interfaces/lib/python3.12/site-packages:${PYTHONPATH} /usr/bin/cmake /home/ubuntu/ros2_ws/src/robovision_ros2/robovision_4 -DCMAKE_INSTALL_PREFIX=/home/ubuntu/ros2_ws/install/robovision_services
[0.372s] -- The C compiler identification is GNU 13.3.0
[1.092s] -- The CXX compiler identification is GNU 13.3.0
[1.755s] -- Detecting C compiler ABI info
[2.009s] -- Detecting C compiler ABI info - done
[2.014s] -- Check for working C compiler: /usr/bin/cc - skipped
[2.014s] -- Detecting C compile features
[2.014s] -- Detecting C compile features - done
[2.104s] -- Detecting CXX compiler ABI info
[2.367s] -- Detecting CXX compiler ABI info - done
[2.372s] -- Check for working CXX compiler: /usr/bin/c++ - skipped
[2.372s] -- Detecting CXX compile features
[2.372s] -- Detecting CXX compile features - done
[2.374s] -- Found ament_cmake: 2.5.4 (/opt/ros/jazzy/share/ament_cmake/cmake)
[2.484s] -- Found Python3: /usr/bin/python3 (found version "3.12.3") found components: Interpreter 
[2.558s] -- Found rclcpp: 28.1.9 (/opt/ros/jazzy/share/rclcpp/cmake)
[2.726s] -- Found rosidl_generator_c: 4.6.5 (/opt/ros/jazzy/share/rosidl_generator_c/cmake)
[2.734s] -- Found rosidl_generator_cpp: 4.6.5 (/opt/ros/jazzy/share/rosidl_generator_cpp/cmake)
[2.745s] -- Using all available rosidl_typesupport_c: rosidl_typesupport_fastrtps_c;rosidl_typesupport_introspection_c
[2.757s] -- Using all available rosidl_typesupport_cpp: rosidl_typesupport_fastrtps_cpp;rosidl_typesupport_introspection_cpp
[2.804s] -- Found rmw_implementation_cmake: 7.3.2 (/opt/ros/jazzy/share/rmw_implementation_cmake/cmake)
[2.806s] -- Found rmw_fastrtps_cpp: 8.4.2 (/opt/ros/jazzy/share/rmw_fastrtps_cpp/cmake)
[2.854s] -- Found OpenSSL: /usr/lib/x86_64-linux-gnu/libcrypto.so (found version "3.0.13")  
[3.025s] -- Found FastRTPS: /opt/ros/jazzy/include (Required is at least version "2.13") 
[3.101s] -- Using RMW implementation 'rmw_fastrtps_cpp' as default
[3.245s] -- Found OpenCV: /usr (found version "4.6.0") 
[3.245s] -- Found cv_bridge: 3.2.1 (/home/ubuntu/ros2_ws/install/cv_bridge/share/cv_bridge/cmake)
[3.286s] -- Found tf2: 0.36.11 (/opt/ros/jazzy/share/tf2/cmake)
[3.289s] -- Found tf2_geometry_msgs: 0.36.11 (/opt/ros/jazzy/share/tf2_geometry_msgs/cmake)
[3.326s] -- Found eigen3_cmake_module: 0.3.0 (/opt/ros/jazzy/share/eigen3_cmake_module/cmake)
[3.327s] -- Found Eigen3: TRUE (found version "3.4.0") 
[3.327s] -- Ensuring Eigen3 include directory is part of orocos-kdl CMake target
[3.413s] -- Found robovision_interfaces: 0.0.0 (/home/ubuntu/ros2_ws/install/robovision_interfaces/share/robovision_interfaces/cmake)
[3.565s] -- Configuring done (3.3s)
[3.586s] -- Generating done (0.0s)
[3.591s] -- Build files have been written to: /home/ubuntu/ros2_ws/build/robovision_services
[3.601s] Invoked command in '/home/ubuntu/ros2_ws/build/robovision_services' returned '0': AMENT_PREFIX_PATH=/home/ubuntu/ros2_ws/install/robovision_interfaces:${AMENT_PREFIX_PATH} CMAKE_PREFIX_PATH=/home/ubuntu/ros2_ws/install/robovision_interfaces:/home/ubuntu/ros2_ws/install/vision_opencv:/home/ubuntu/ros2_ws/install/image_geometry:/home/ubuntu/ros2_ws/install/cv_bridge:/home/ubuntu/robovision_ros2_ws/install/vision_opencv:/home/ubuntu/robovision_ros2_ws/install/robovision_services:/home/ubuntu/robovision_ros2_ws/install/robovision_rgbd:/home/ubuntu/robovision_ros2_ws/install/robovision_processing:/home/ubuntu/robovision_ros2_ws/install/robovision_interfaces:/home/ubuntu/robovision_ros2_ws/install/robovision_images:/home/ubuntu/robovision_ros2_ws/install/image_geometry:/home/ubuntu/robovision_ros2_ws/install/cv_bridge:/opt/ros/jazzy/opt/gz_math_vendor:/opt/ros/jazzy/opt/gz_utils_vendor:/opt/ros/jazzy/opt/gz_cmake_vendor:/home/ubuntu/ros2_ws/install/opencv_tests:/home/ubuntu/robovision_ros2_ws/install/opencv_tests:/opt/ros/jazzy LD_LIBRARY_PATH=/home/ubuntu/ros2_ws/install/robovision_interfaces/lib:${LD_LIBRARY_PATH} PYTHONPATH=/home/ubuntu/ros2_ws/install/robovision_interfaces/lib/python3.12/site-packages:${PYTHONPATH} /usr/bin/cmake /home/ubuntu/ros2_ws/src/robovision_ros2/robovision_4 -DCMAKE_INSTALL_PREFIX=/home/ubuntu/ros2_ws/install/robovision_services
[3.601s] Invoking command in '/home/ubuntu/ros2_ws/build/robovision_services': AMENT_PREFIX_PATH=/home/ubuntu/ros2_ws/install/robovision_interfaces:${AMENT_PREFIX_PATH} CMAKE_PREFIX_PATH=/home/ubuntu/ros2_ws/install/robovision_interfaces:/home/ubuntu/ros2_ws/install/vision_opencv:/home/ubuntu/ros2_ws/install/image_geometry:/home/ubuntu/ros2_ws/install/cv_bridge:/home/ubuntu/robovision_ros2_ws/install/vision_opencv:/home/ubuntu/robovision_ros2_ws/install/robovision_services:/home/ubuntu/robovision_ros2_ws/install/robovision_rgbd:/home/ubuntu/robovision_ros2_ws/install/robovision_processing:/home/ubuntu/robovision_ros2_ws/install/robovision_interfaces:/home/ubuntu/robovision_ros2_ws/install/robovision_images:/home/ubuntu/robovision_ros2_ws/install/image_geometry:/home/ubuntu/robovision_ros2_ws/install/cv_bridge:/opt/ros/jazzy/opt/gz_math_vendor:/opt/ros/jazzy/opt/gz_utils_vendor:/opt/ros/jazzy/opt/gz_cmake_vendor:/home/ubuntu/ros2_ws/install/opencv_tests:/home/ubuntu/robovision_ros2_ws/install/opencv_tests:/opt/ros/jazzy LD_LIBRARY_PATH=/home/ubuntu/ros2_ws/install/robovision_interfaces/lib:${LD_LIBRARY_PATH} PYTHONPATH=/home/ubuntu/ros2_ws/install/robovision_interfaces/lib/python3.12/site-packages:${PYTHONPATH} /usr/bin/cmake --build /home/ubuntu/ros2_ws/build/robovision_services -- -j16 -l16
[3.635s] [ 50%] [32mBuilding CXX object CMakeFiles/robovision_client.dir/src/robovision_client.cpp.o[0m
[3.635s] [ 50%] [32mBuilding CXX object CMakeFiles/robovision_service.dir/src/robovision_service.cpp.o[0m
[3.641s] [ 50%] Built target ament_cmake_python_copy_robovision_services
[3.784s] running egg_info
[3.785s] creating robovision_services.egg-info
[3.794s] writing robovision_services.egg-info/PKG-INFO
[3.795s] writing dependency_links to robovision_services.egg-info/dependency_links.txt
[3.795s] writing top-level names to robovision_services.egg-info/top_level.txt
[3.795s] writing manifest file 'robovision_services.egg-info/SOURCES.txt'
[3.823s] reading manifest file 'robovision_services.egg-info/SOURCES.txt'
[3.823s] writing manifest file 'robovision_services.egg-info/SOURCES.txt'
[3.845s] [ 50%] Built target ament_cmake_python_build_robovision_services_egg
[6.154s] [ 75%] [32m[1mLinking CXX executable robovision_client[0m
[6.390s] [ 75%] Built target robovision_client
[12.040s] [100%] [32m[1mLinking CXX executable robovision_service[0m
[12.747s] [100%] Built target robovision_service
[12.754s] Invoked command in '/home/ubuntu/ros2_ws/build/robovision_services' returned '0': AMENT_PREFIX_PATH=/home/ubuntu/ros2_ws/install/robovision_interfaces:${AMENT_PREFIX_PATH} CMAKE_PREFIX_PATH=/home/ubuntu/ros2_ws/install/robovision_interfaces:/home/ubuntu/ros2_ws/install/vision_opencv:/home/ubuntu/ros2_ws/install/image_geometry:/home/ubuntu/ros2_ws/install/cv_bridge:/home/ubuntu/robovision_ros2_ws/install/vision_opencv:/home/ubuntu/robovision_ros2_ws/install/robovision_services:/home/ubuntu/robovision_ros2_ws/install/robovision_rgbd:/home/ubuntu/robovision_ros2_ws/install/robovision_processing:/home/ubuntu/robovision_ros2_ws/install/robovision_interfaces:/home/ubuntu/robovision_ros2_ws/install/robovision_images:/home/ubuntu/robovision_ros2_ws/install/image_geometry:/home/ubuntu/robovision_ros2_ws/install/cv_bridge:/opt/ros/jazzy/opt/gz_math_vendor:/opt/ros/jazzy/opt/gz_utils_vendor:/opt/ros/jazzy/opt/gz_cmake_vendor:/home/ubuntu/ros2_ws/install/opencv_tests:/home/ubuntu/robovision_ros2_ws/install/opencv_tests:/opt/ros/jazzy LD_LIBRARY_PATH=/home/ubuntu/ros2_ws/install/robovision_interfaces/lib:${LD_LIBRARY_PATH} PYTHONPATH=/home/ubuntu/ros2_ws/install/robovision_interfaces/lib/python3.12/site-packages:${PYTHONPATH} /usr/bin/cmake --build /home/ubuntu/ros2_ws/build/robovision_services -- -j16 -l16
[12.755s] Invoking command in '/home/ubuntu/ros2_ws/build/robovision_services': AMENT_PREFIX_PATH=/home/ubuntu/ros2_ws/install/robovision_interfaces:${AMENT_PREFIX_PATH} CMAKE_PREFIX_PATH=/home/ubuntu/ros2_ws/install/robovision_interfaces:/home/ubuntu/ros2_ws/install/vision_opencv:/home/ubuntu/ros2_ws/install/image_geometry:/home/ubuntu/ros2_ws/install/cv_bridge:/home/ubuntu/robovision_ros2_ws/install/vision_opencv:/home/ubuntu/robovision_ros2_ws/install/robovision_services:/home/ubuntu/robovision_ros2_ws/install/robovision_rgbd:/home/ubuntu/robovision_ros2_ws/install/robovision_processing:/home/ubuntu/robovision_ros2_ws/install/robovision_interfaces:/home/ubuntu/robovision_ros2_ws/install/robovision_images:/home/ubuntu/robovision_ros2_ws/install/image_geometry:/home/ubuntu/robovision_ros2_ws/install/cv_bridge:/opt/ros/jazzy/opt/gz_math_vendor:/opt/ros/jazzy/opt/gz_utils_vendor:/opt/ros/jazzy/opt/gz_cmake_vendor:/home/ubuntu/ros2_ws/install/opencv_tests:/home/ubuntu/robovision_ros2_ws/install/opencv_tests:/opt/ros/jazzy LD_LIBRARY_PATH=/home/ubuntu/ros2_ws/install/robovision_interfaces/lib:${LD_LIBRARY_PATH} PYTHONPATH=/home/ubuntu/ros2_ws/install/robovision_interfaces/lib/python3.12/site-packages:${PYTHONPATH} /usr/bin/cmake --install /home/ubuntu/ros2_ws/build/robovision_services
[12.761s] -- Install configuration: ""
[12.761s] -- Installing: /home/ubuntu/ros2_ws/install/robovision_services/share/robovision_services/environment/pythonpath.sh
[12.761s] -- Installing: /home/ubuntu/ros2_ws/install/robovision_services/share/robovision_services/environment/pythonpath.dsv
[12.761s] -- Installing: /home/ubuntu/ros2_ws/install/robovision_services/lib/python3.12/site-packages/robovision_services-0.0.0-py3.12.egg-info
[12.762s] -- Installing: /home/ubuntu/ros2_ws/install/robovision_services/lib/python3.12/site-packages/robovision_services-0.0.0-py3.12.egg-info/top_level.txt
[12.762s] -- Installing: /home/ubuntu/ros2_ws/install/robovision_services/lib/python3.12/site-packages/robovision_services-0.0.0-py3.12.egg-info/dependency_links.txt
[12.762s] -- Installing: /home/ubuntu/ros2_ws/install/robovision_services/lib/python3.12/site-packages/robovision_services-0.0.0-py3.12.egg-info/PKG-INFO
[12.762s] -- Installing: /home/ubuntu/ros2_ws/install/robovision_services/lib/python3.12/site-packages/robovision_services-0.0.0-py3.12.egg-info/SOURCES.txt
[12.762s] -- Installing: /home/ubuntu/ros2_ws/install/robovision_services/lib/python3.12/site-packages/robovision_services
[12.762s] -- Installing: /home/ubuntu/ros2_ws/install/robovision_services/lib/python3.12/site-packages/robovision_services/__init__.py
[12.788s] Listing '/home/ubuntu/ros2_ws/install/robovision_services/lib/python3.12/site-packages/robovision_services'...
[12.788s] Compiling '/home/ubuntu/ros2_ws/install/robovision_services/lib/python3.12/site-packages/robovision_services/__init__.py'...
[12.791s] -- Installing: /home/ubuntu/ros2_ws/install/robovision_services/lib/robovision_services/robovision_service
[12.795s] -- Set non-toolchain portion of runtime path of "/home/ubuntu/ros2_ws/install/robovision_services/lib/robovision_services/robovision_service" to ""
[12.795s] -- Installing: /home/ubuntu/ros2_ws/install/robovision_services/lib/robovision_services/robovision_client
[12.796s] -- Set non-toolchain portion of runtime path of "/home/ubuntu/ros2_ws/install/robovision_services/lib/robovision_services/robovision_client" to ""
[12.796s] -- Installing: /home/ubuntu/ros2_ws/install/robovision_services/lib/robovision_services/robovision_service.py
[12.796s] -- Installing: /home/ubuntu/ros2_ws/install/robovision_services/lib/robovision_services/robovision_client.py
[12.797s] -- Installing: /home/ubuntu/ros2_ws/install/robovision_services/share/ament_index/resource_index/package_run_dependencies/robovision_services
[12.797s] -- Installing: /home/ubuntu/ros2_ws/install/robovision_services/share/ament_index/resource_index/parent_prefix_path/robovision_services
[12.797s] -- Installing: /home/ubuntu/ros2_ws/install/robovision_services/share/robovision_services/environment/ament_prefix_path.sh
[12.797s] -- Installing: /home/ubuntu/ros2_ws/install/robovision_services/share/robovision_services/environment/ament_prefix_path.dsv
[12.797s] -- Installing: /home/ubuntu/ros2_ws/install/robovision_services/share/robovision_services/environment/path.sh
[12.797s] -- Installing: /home/ubuntu/ros2_ws/install/robovision_services/share/robovision_services/environment/path.dsv
[12.797s] -- Installing: /home/ubuntu/ros2_ws/install/robovision_services/share/robovision_services/local_setup.bash
[12.797s] -- Installing: /home/ubuntu/ros2_ws/install/robovision_services/share/robovision_services/local_setup.sh
[12.797s] -- Installing: /home/ubuntu/ros2_ws/install/robovision_services/share/robovision_services/local_setup.zsh
[12.797s] -- Installing: /home/ubuntu/ros2_ws/install/robovision_services/share/robovision_services/local_setup.dsv
[12.798s] -- Installing: /home/ubuntu/ros2_ws/install/robovision_services/share/robovision_services/package.dsv
[12.798s] -- Installing: /home/ubuntu/ros2_ws/install/robovision_services/share/ament_index/resource_index/packages/robovision_services
[12.798s] -- Installing: /home/ubuntu/ros2_ws/install/robovision_services/share/robovision_services/cmake/robovision_servicesConfig.cmake
[12.798s] -- Installing: /home/ubuntu/ros2_ws/install/robovision_services/share/robovision_services/cmake/robovision_servicesConfig-version.cmake
[12.798s] -- Installing: /home/ubuntu/ros2_ws/install/robovision_services/share/robovision_services/package.xml
[12.799s] Invoked command in '/home/ubuntu/ros2_ws/build/robovision_services' returned '0': AMENT_PREFIX_PATH=/home/ubuntu/ros2_ws/install/robovision_interfaces:${AMENT_PREFIX_PATH} CMAKE_PREFIX_PATH=/home/ubuntu/ros2_ws/install/robovision_interfaces:/home/ubuntu/ros2_ws/install/vision_opencv:/home/ubuntu/ros2_ws/install/image_geometry:/home/ubuntu/ros2_ws/install/cv_bridge:/home/ubuntu/robovision_ros2_ws/install/vision_opencv:/home/ubuntu/robovision_ros2_ws/install/robovision_services:/home/ubuntu/robovision_ros2_ws/install/robovision_rgbd:/home/ubuntu/robovision_ros2_ws/install/robovision_processing:/home/ubuntu/robovision_ros2_ws/install/robovision_interfaces:/home/ubuntu/robovision_ros2_ws/install/robovision_images:/home/ubuntu/robovision_ros2_ws/install/image_geometry:/home/ubuntu/robovision_ros2_ws/install/cv_bridge:/opt/ros/jazzy/opt/gz_math_vendor:/opt/ros/jazzy/opt/gz_utils_vendor:/opt/ros/jazzy/opt/gz_cmake_vendor:/home/ubuntu/ros2_ws/install/opencv_tests:/home/ubuntu/robovision_ros2_ws/install/opencv_tests:/opt/ros/jazzy LD_LIBRARY_PATH=/home/ubuntu/ros2_ws/install/robovision_interfaces/lib:${LD_LIBRARY_PATH} PYTHONPATH=/home/ubuntu/ros2_ws/install/robovision_interfaces/lib/python3.12/site-packages:${PYTHONPATH} /usr/bin/cmake --install /home/ubuntu/ros2_ws/build/robovision_services
