-- The C compiler identification is GNU 13.3.0
-- The CXX compiler identification is GNU 13.3.0
-- Detecting C compiler ABI info
-- Detecting C compiler ABI info - done
-- Check for working C compiler: /usr/bin/cc - skipped
-- Detecting C compile features
-- Detecting C compile features - done
-- Detecting CXX compiler ABI info
-- Detecting CXX compiler ABI info - done
-- Check for working CXX compiler: /usr/bin/c++ - skipped
-- Detecting CXX compile features
-- Detecting CXX compile features - done
-- Found ament_cmake: 2.5.4 (/opt/ros/jazzy/share/ament_cmake/cmake)
-- Found Python3: /usr/bin/python3 (found version "3.12.3") found components: Interpreter 
-- Found rclcpp: 28.1.9 (/opt/ros/jazzy/share/rclcpp/cmake)
-- Found rosidl_generator_c: 4.6.5 (/opt/ros/jazzy/share/rosidl_generator_c/cmake)
-- Found rosidl_generator_cpp: 4.6.5 (/opt/ros/jazzy/share/rosidl_generator_cpp/cmake)
-- Using all available rosidl_typesupport_c: rosidl_typesupport_fastrtps_c;rosidl_typesupport_introspection_c
-- Using all available rosidl_typesupport_cpp: rosidl_typesupport_fastrtps_cpp;rosidl_typesupport_introspection_cpp
-- Found rmw_implementation_cmake: 7.3.2 (/opt/ros/jazzy/share/rmw_implementation_cmake/cmake)
-- Found rmw_fastrtps_cpp: 8.4.2 (/opt/ros/jazzy/share/rmw_fastrtps_cpp/cmake)
-- Found OpenSSL: /usr/lib/x86_64-linux-gnu/libcrypto.so (found version "3.0.13")  
-- Found FastRTPS: /opt/ros/jazzy/include (Required is at least version "2.13") 
-- Using RMW implementation 'rmw_fastrtps_cpp' as default
-- Found OpenCV: /usr (found version "4.6.0") 
-- Found cv_bridge: 3.2.1 (/home/ubuntu/ros2_ws/install/cv_bridge/share/cv_bridge/cmake)
-- Configuring done (3.1s)
-- Generating done (0.0s)
-- Build files have been written to: /home/ubuntu/ros2_ws/build/robovision_processing
[ 50%] [32mBuilding CXX object CMakeFiles/my_processing.dir/src/my_processing.cpp.o[0m
[ 50%] Built target ament_cmake_python_copy_robovision_processing
running egg_info
creating robovision_processing.egg-info
writing robovision_processing.egg-info/PKG-INFO
writing dependency_links to robovision_processing.egg-info/dependency_links.txt
writing top-level names to robovision_processing.egg-info/top_level.txt
writing manifest file 'robovision_processing.egg-info/SOURCES.txt'
reading manifest file 'robovision_processing.egg-info/SOURCES.txt'
writing manifest file 'robovision_processing.egg-info/SOURCES.txt'
[ 50%] Built target ament_cmake_python_build_robovision_processing_egg
[100%] [32m[1mLinking CXX executable my_processing[0m
[100%] Built target my_processing
-- Install configuration: ""
-- Installing: /home/ubuntu/ros2_ws/install/robovision_processing/share/robovision_processing/environment/pythonpath.sh
-- Installing: /home/ubuntu/ros2_ws/install/robovision_processing/share/robovision_processing/environment/pythonpath.dsv
-- Installing: /home/ubuntu/ros2_ws/install/robovision_processing/lib/python3.12/site-packages/robovision_processing-0.0.0-py3.12.egg-info
-- Installing: /home/ubuntu/ros2_ws/install/robovision_processing/lib/python3.12/site-packages/robovision_processing-0.0.0-py3.12.egg-info/top_level.txt
-- Installing: /home/ubuntu/ros2_ws/install/robovision_processing/lib/python3.12/site-packages/robovision_processing-0.0.0-py3.12.egg-info/dependency_links.txt
-- Installing: /home/ubuntu/ros2_ws/install/robovision_processing/lib/python3.12/site-packages/robovision_processing-0.0.0-py3.12.egg-info/PKG-INFO
-- Installing: /home/ubuntu/ros2_ws/install/robovision_processing/lib/python3.12/site-packages/robovision_processing-0.0.0-py3.12.egg-info/SOURCES.txt
-- Installing: /home/ubuntu/ros2_ws/install/robovision_processing/lib/python3.12/site-packages/robovision_processing
-- Installing: /home/ubuntu/ros2_ws/install/robovision_processing/lib/python3.12/site-packages/robovision_processing/__init__.py
Listing '/home/ubuntu/ros2_ws/install/robovision_processing/lib/python3.12/site-packages/robovision_processing'...
Compiling '/home/ubuntu/ros2_ws/install/robovision_processing/lib/python3.12/site-packages/robovision_processing/__init__.py'...
-- Installing: /home/ubuntu/ros2_ws/install/robovision_processing/lib/robovision_processing/my_processing
-- Set non-toolchain portion of runtime path of "/home/ubuntu/ros2_ws/install/robovision_processing/lib/robovision_processing/my_processing" to ""
-- Installing: /home/ubuntu/ros2_ws/install/robovision_processing/lib/robovision_processing/my_processing.py
-- Installing: /home/ubuntu/ros2_ws/install/robovision_processing/share/ament_index/resource_index/package_run_dependencies/robovision_processing
-- Installing: /home/ubuntu/ros2_ws/install/robovision_processing/share/ament_index/resource_index/parent_prefix_path/robovision_processing
-- Installing: /home/ubuntu/ros2_ws/install/robovision_processing/share/robovision_processing/environment/ament_prefix_path.sh
-- Installing: /home/ubuntu/ros2_ws/install/robovision_processing/share/robovision_processing/environment/ament_prefix_path.dsv
-- Installing: /home/ubuntu/ros2_ws/install/robovision_processing/share/robovision_processing/environment/path.sh
-- Installing: /home/ubuntu/ros2_ws/install/robovision_processing/share/robovision_processing/environment/path.dsv
-- Installing: /home/ubuntu/ros2_ws/install/robovision_processing/share/robovision_processing/local_setup.bash
-- Installing: /home/ubuntu/ros2_ws/install/robovision_processing/share/robovision_processing/local_setup.sh
-- Installing: /home/ubuntu/ros2_ws/install/robovision_processing/share/robovision_processing/local_setup.zsh
-- Installing: /home/ubuntu/ros2_ws/install/robovision_processing/share/robovision_processing/local_setup.dsv
-- Installing: /home/ubuntu/ros2_ws/install/robovision_processing/share/robovision_processing/package.dsv
-- Installing: /home/ubuntu/ros2_ws/install/robovision_processing/share/ament_index/resource_index/packages/robovision_processing
-- Installing: /home/ubuntu/ros2_ws/install/robovision_processing/share/robovision_processing/cmake/robovision_processingConfig.cmake
-- Installing: /home/ubuntu/ros2_ws/install/robovision_processing/share/robovision_processing/cmake/robovision_processingConfig-version.cmake
-- Installing: /home/ubuntu/ros2_ws/install/robovision_processing/share/robovision_processing/package.xml
