[0.114s] DEBUG:colcon:Command line arguments: ['/usr/bin/colcon', 'build']
[0.114s] DEBUG:colcon:Parsed command line arguments: Namespace(log_base=None, log_level=None, verb_name='build', build_base='build', install_base='install', merge_install=False, symlink_install=False, test_result_base=None, continue_on_error=False, executor='parallel', parallel_workers=16, event_handlers=None, ignore_user_meta=False, metas=['./colcon.meta'], base_paths=['.'], packages_ignore=None, packages_ignore_regex=None, paths=None, packages_up_to=None, packages_up_to_regex=None, packages_above=None, packages_above_and_dependencies=None, packages_above_depth=None, packages_select_by_dep=None, packages_skip_by_dep=None, packages_skip_up_to=None, packages_select_build_failed=False, packages_skip_build_finished=False, packages_select_test_failures=False, packages_skip_test_passed=False, packages_select=None, packages_skip=None, packages_select_regex=None, packages_skip_regex=None, packages_start=None, packages_end=None, allow_overriding=[], cmake_args=None, cmake_target=None, cmake_target_skip_unavailable=False, cmake_clean_cache=False, cmake_clean_first=False, cmake_force_configure=False, ament_cmake_args=None, catkin_cmake_args=None, catkin_skip_building_tests=False, verb_parser=<colcon_defaults.argument_parser.defaults.DefaultArgumentsDecorator object at 0x7b5dee957650>, verb_extension=<colcon_core.verb.build.BuildVerb object at 0x7b5deea73fb0>, main=<bound method BuildVerb.main of <colcon_core.verb.build.BuildVerb object at 0x7b5deea73fb0>>)
[0.139s] Level 1:colcon.colcon_core.package_discovery:discover_packages(colcon_meta) check parameters
[0.139s] Level 1:colcon.colcon_core.package_discovery:discover_packages(recursive) check parameters
[0.139s] Level 1:colcon.colcon_core.package_discovery:discover_packages(ignore) check parameters
[0.139s] Level 1:colcon.colcon_core.package_discovery:discover_packages(path) check parameters
[0.139s] Level 1:colcon.colcon_core.package_discovery:discover_packages(colcon_meta) discover
[0.139s] Level 1:colcon.colcon_core.package_discovery:discover_packages(recursive) discover
[0.139s] INFO:colcon.colcon_core.package_discovery:Crawling recursively for packages in '/home/ubuntu/ros2_openni_ws'
[0.139s] Level 1:colcon.colcon_core.package_identification:_identify(.) by extensions ['ignore', 'ignore_ament_install']
[0.139s] Level 1:colcon.colcon_core.package_identification:_identify(.) by extension 'ignore'
[0.139s] Level 1:colcon.colcon_core.package_identification:_identify(.) by extension 'ignore_ament_install'
[0.139s] Level 1:colcon.colcon_core.package_identification:_identify(.) by extensions ['colcon_pkg']
[0.139s] Level 1:colcon.colcon_core.package_identification:_identify(.) by extension 'colcon_pkg'
[0.139s] Level 1:colcon.colcon_core.package_identification:_identify(.) by extensions ['colcon_meta']
[0.139s] Level 1:colcon.colcon_core.package_identification:_identify(.) by extension 'colcon_meta'
[0.139s] Level 1:colcon.colcon_core.package_identification:_identify(.) by extensions ['ros']
[0.139s] Level 1:colcon.colcon_core.package_identification:_identify(.) by extension 'ros'
[0.154s] Level 1:colcon.colcon_core.package_identification:_identify(.) by extensions ['cmake', 'python']
[0.154s] Level 1:colcon.colcon_core.package_identification:_identify(.) by extension 'cmake'
[0.155s] Level 1:colcon.colcon_core.package_identification:_identify(.) by extension 'python'
[0.155s] Level 1:colcon.colcon_core.package_identification:_identify(.) by extensions ['python_setup_py']
[0.155s] Level 1:colcon.colcon_core.package_identification:_identify(.) by extension 'python_setup_py'
[0.155s] Level 1:colcon.colcon_core.package_identification:_identify(build) by extensions ['ignore', 'ignore_ament_install']
[0.155s] Level 1:colcon.colcon_core.package_identification:_identify(build) by extension 'ignore'
[0.155s] Level 1:colcon.colcon_core.package_identification:_identify(build) ignored
[0.155s] Level 1:colcon.colcon_core.package_identification:_identify(install) by extensions ['ignore', 'ignore_ament_install']
[0.155s] Level 1:colcon.colcon_core.package_identification:_identify(install) by extension 'ignore'
[0.155s] Level 1:colcon.colcon_core.package_identification:_identify(install) ignored
[0.155s] Level 1:colcon.colcon_core.package_identification:_identify(log) by extensions ['ignore', 'ignore_ament_install']
[0.155s] Level 1:colcon.colcon_core.package_identification:_identify(log) by extension 'ignore'
[0.155s] Level 1:colcon.colcon_core.package_identification:_identify(log) ignored
[0.155s] Level 1:colcon.colcon_core.package_identification:_identify(src) by extensions ['ignore', 'ignore_ament_install']
[0.155s] Level 1:colcon.colcon_core.package_identification:_identify(src) by extension 'ignore'
[0.155s] Level 1:colcon.colcon_core.package_identification:_identify(src) by extension 'ignore_ament_install'
[0.155s] Level 1:colcon.colcon_core.package_identification:_identify(src) by extensions ['colcon_pkg']
[0.155s] Level 1:colcon.colcon_core.package_identification:_identify(src) by extension 'colcon_pkg'
[0.155s] Level 1:colcon.colcon_core.package_identification:_identify(src) by extensions ['colcon_meta']
[0.155s] Level 1:colcon.colcon_core.package_identification:_identify(src) by extension 'colcon_meta'
[0.155s] Level 1:colcon.colcon_core.package_identification:_identify(src) by extensions ['ros']
[0.155s] Level 1:colcon.colcon_core.package_identification:_identify(src) by extension 'ros'
[0.155s] Level 1:colcon.colcon_core.package_identification:_identify(src) by extensions ['cmake', 'python']
[0.155s] Level 1:colcon.colcon_core.package_identification:_identify(src) by extension 'cmake'
[0.155s] Level 1:colcon.colcon_core.package_identification:_identify(src) by extension 'python'
[0.155s] Level 1:colcon.colcon_core.package_identification:_identify(src) by extensions ['python_setup_py']
[0.155s] Level 1:colcon.colcon_core.package_identification:_identify(src) by extension 'python_setup_py'
[0.155s] Level 1:colcon.colcon_core.package_identification:_identify(src/openni2_camera) by extensions ['ignore', 'ignore_ament_install']
[0.155s] Level 1:colcon.colcon_core.package_identification:_identify(src/openni2_camera) by extension 'ignore'
[0.155s] Level 1:colcon.colcon_core.package_identification:_identify(src/openni2_camera) by extension 'ignore_ament_install'
[0.155s] Level 1:colcon.colcon_core.package_identification:_identify(src/openni2_camera) by extensions ['colcon_pkg']
[0.155s] Level 1:colcon.colcon_core.package_identification:_identify(src/openni2_camera) by extension 'colcon_pkg'
[0.155s] Level 1:colcon.colcon_core.package_identification:_identify(src/openni2_camera) by extensions ['colcon_meta']
[0.155s] Level 1:colcon.colcon_core.package_identification:_identify(src/openni2_camera) by extension 'colcon_meta'
[0.155s] Level 1:colcon.colcon_core.package_identification:_identify(src/openni2_camera) by extensions ['ros']
[0.155s] Level 1:colcon.colcon_core.package_identification:_identify(src/openni2_camera) by extension 'ros'
[0.157s] DEBUG:colcon.colcon_core.package_identification:Package 'src/openni2_camera' with type 'ros.ament_cmake' and name 'openni2_camera'
[0.157s] Level 1:colcon.colcon_core.package_discovery:discover_packages(recursive) using defaults
[0.157s] Level 1:colcon.colcon_core.package_discovery:discover_packages(ignore) discover
[0.157s] Level 1:colcon.colcon_core.package_discovery:discover_packages(ignore) using defaults
[0.157s] Level 1:colcon.colcon_core.package_discovery:discover_packages(path) discover
[0.157s] Level 1:colcon.colcon_core.package_discovery:discover_packages(path) using defaults
[0.168s] Level 1:colcon.colcon_core.package_discovery:discover_packages(prefix_path) check parameters
[0.168s] Level 1:colcon.colcon_core.package_discovery:discover_packages(prefix_path) discover
[0.168s] WARNING:colcon.colcon_ros.prefix_path.ament:The path '/home/ubuntu/ros2_openni_ws/install/openni2_camera' in the environment variable AMENT_PREFIX_PATH doesn't exist
[0.169s] WARNING:colcon.colcon_ros.prefix_path.catkin:The path '/home/ubuntu/ros2_openni_ws/install/openni2_camera' in the environment variable CMAKE_PREFIX_PATH doesn't exist
[0.169s] DEBUG:colcon.colcon_installed_package_information.package_discovery:Found 0 installed packages in /home/ubuntu/ros2_openni_ws/install
[0.170s] DEBUG:colcon.colcon_installed_package_information.package_discovery:Found 9 installed packages in /home/ubuntu/ros2_ws/install
[0.170s] DEBUG:colcon.colcon_installed_package_information.package_discovery:Found 1 installed packages in /home/ubuntu/robovision_ros2_ws/install
[0.171s] DEBUG:colcon.colcon_installed_package_information.package_discovery:Found 290 installed packages in /opt/ros/jazzy
[0.171s] Level 1:colcon.colcon_core.package_discovery:discover_packages(prefix_path) using defaults
[0.193s] Level 5:colcon.colcon_core.verb:set package 'openni2_camera' build argument 'cmake_args' from command line to 'None'
[0.193s] Level 5:colcon.colcon_core.verb:set package 'openni2_camera' build argument 'cmake_target' from command line to 'None'
[0.193s] Level 5:colcon.colcon_core.verb:set package 'openni2_camera' build argument 'cmake_target_skip_unavailable' from command line to 'False'
[0.193s] Level 5:colcon.colcon_core.verb:set package 'openni2_camera' build argument 'cmake_clean_cache' from command line to 'False'
[0.193s] Level 5:colcon.colcon_core.verb:set package 'openni2_camera' build argument 'cmake_clean_first' from command line to 'False'
[0.193s] Level 5:colcon.colcon_core.verb:set package 'openni2_camera' build argument 'cmake_force_configure' from command line to 'False'
[0.193s] Level 5:colcon.colcon_core.verb:set package 'openni2_camera' build argument 'ament_cmake_args' from command line to 'None'
[0.193s] Level 5:colcon.colcon_core.verb:set package 'openni2_camera' build argument 'catkin_cmake_args' from command line to 'None'
[0.193s] Level 5:colcon.colcon_core.verb:set package 'openni2_camera' build argument 'catkin_skip_building_tests' from command line to 'False'
[0.193s] DEBUG:colcon.colcon_core.verb:Building package 'openni2_camera' with the following arguments: {'ament_cmake_args': None, 'build_base': '/home/ubuntu/ros2_openni_ws/build/openni2_camera', 'catkin_cmake_args': None, 'catkin_skip_building_tests': False, 'cmake_args': None, 'cmake_clean_cache': False, 'cmake_clean_first': False, 'cmake_force_configure': False, 'cmake_target': None, 'cmake_target_skip_unavailable': False, 'install_base': '/home/ubuntu/ros2_openni_ws/install/openni2_camera', 'merge_install': False, 'path': '/home/ubuntu/ros2_openni_ws/src/openni2_camera', 'symlink_install': False, 'test_result_base': None}
[0.193s] INFO:colcon.colcon_core.executor:Executing jobs using 'parallel' executor
[0.194s] DEBUG:colcon.colcon_parallel_executor.executor.parallel:run_until_complete
[0.194s] INFO:colcon.colcon_ros.task.ament_cmake.build:Building ROS package in '/home/ubuntu/ros2_openni_ws/src/openni2_camera' with build type 'ament_cmake'
[0.194s] INFO:colcon.colcon_cmake.task.cmake.build:Building CMake package in '/home/ubuntu/ros2_openni_ws/src/openni2_camera'
[0.195s] INFO:colcon.colcon_core.plugin_system:Skipping extension 'colcon_core.shell.bat': Not used on non-Windows systems
[0.196s] INFO:colcon.colcon_core.shell:Skip shell extension 'powershell' for command environment: Not usable outside of PowerShell
[0.196s] DEBUG:colcon.colcon_core.shell:Skip shell extension 'dsv' for command environment
[0.201s] DEBUG:colcon.colcon_core.event_handler.log_command:Invoking command in '/home/ubuntu/ros2_openni_ws/build/openni2_camera': CMAKE_PREFIX_PATH=${CMAKE_PREFIX_PATH}:/home/ubuntu/ros2_ws/install/opencv_tests:/opt/ros/jazzy /usr/bin/cmake /home/ubuntu/ros2_openni_ws/src/openni2_camera -DCMAKE_INSTALL_PREFIX=/home/ubuntu/ros2_openni_ws/install/openni2_camera
[6.721s] DEBUG:colcon.colcon_core.event_handler.log_command:Invoked command in '/home/ubuntu/ros2_openni_ws/build/openni2_camera' returned '0': CMAKE_PREFIX_PATH=${CMAKE_PREFIX_PATH}:/home/ubuntu/ros2_ws/install/opencv_tests:/opt/ros/jazzy /usr/bin/cmake /home/ubuntu/ros2_openni_ws/src/openni2_camera -DCMAKE_INSTALL_PREFIX=/home/ubuntu/ros2_openni_ws/install/openni2_camera
[6.722s] DEBUG:colcon.colcon_core.event_handler.log_command:Invoking command in '/home/ubuntu/ros2_openni_ws/build/openni2_camera': CMAKE_PREFIX_PATH=${CMAKE_PREFIX_PATH}:/home/ubuntu/ros2_ws/install/opencv_tests:/opt/ros/jazzy /usr/bin/cmake --build /home/ubuntu/ros2_openni_ws/build/openni2_camera -- -j16 -l16
[15.256s] DEBUG:colcon.colcon_core.event_handler.log_command:Invoked command in '/home/ubuntu/ros2_openni_ws/build/openni2_camera' returned '0': CMAKE_PREFIX_PATH=${CMAKE_PREFIX_PATH}:/home/ubuntu/ros2_ws/install/opencv_tests:/opt/ros/jazzy /usr/bin/cmake --build /home/ubuntu/ros2_openni_ws/build/openni2_camera -- -j16 -l16
[15.261s] DEBUG:colcon.colcon_core.event_handler.log_command:Invoking command in '/home/ubuntu/ros2_openni_ws/build/openni2_camera': CMAKE_PREFIX_PATH=${CMAKE_PREFIX_PATH}:/home/ubuntu/ros2_ws/install/opencv_tests:/opt/ros/jazzy /usr/bin/cmake --install /home/ubuntu/ros2_openni_ws/build/openni2_camera
[15.315s] Level 1:colcon.colcon_core.environment:create_environment_scripts_only(openni2_camera)
[15.315s] DEBUG:colcon.colcon_core.event_handler.log_command:Invoked command in '/home/ubuntu/ros2_openni_ws/build/openni2_camera' returned '0': CMAKE_PREFIX_PATH=${CMAKE_PREFIX_PATH}:/home/ubuntu/ros2_ws/install/opencv_tests:/opt/ros/jazzy /usr/bin/cmake --install /home/ubuntu/ros2_openni_ws/build/openni2_camera
[15.316s] Level 1:colcon.colcon_core.environment:checking '/home/ubuntu/ros2_openni_ws/install/openni2_camera' for CMake module files
[15.317s] Level 1:colcon.colcon_core.environment:checking '/home/ubuntu/ros2_openni_ws/install/openni2_camera' for CMake config files
[15.317s] Level 1:colcon.colcon_core.shell:create_environment_hook('openni2_camera', 'cmake_prefix_path')
[15.317s] INFO:colcon.colcon_core.shell:Creating environment hook '/home/ubuntu/ros2_openni_ws/install/openni2_camera/share/openni2_camera/hook/cmake_prefix_path.ps1'
[15.318s] INFO:colcon.colcon_core.shell:Creating environment descriptor '/home/ubuntu/ros2_openni_ws/install/openni2_camera/share/openni2_camera/hook/cmake_prefix_path.dsv'
[15.318s] INFO:colcon.colcon_core.shell:Creating environment hook '/home/ubuntu/ros2_openni_ws/install/openni2_camera/share/openni2_camera/hook/cmake_prefix_path.sh'
[15.318s] Level 1:colcon.colcon_core.environment:checking '/home/ubuntu/ros2_openni_ws/install/openni2_camera/lib'
[15.318s] Level 1:colcon.colcon_core.shell:create_environment_hook('openni2_camera', 'ld_library_path_lib')
[15.318s] INFO:colcon.colcon_core.shell:Creating environment hook '/home/ubuntu/ros2_openni_ws/install/openni2_camera/share/openni2_camera/hook/ld_library_path_lib.ps1'
[15.319s] INFO:colcon.colcon_core.shell:Creating environment descriptor '/home/ubuntu/ros2_openni_ws/install/openni2_camera/share/openni2_camera/hook/ld_library_path_lib.dsv'
[15.319s] INFO:colcon.colcon_core.shell:Creating environment hook '/home/ubuntu/ros2_openni_ws/install/openni2_camera/share/openni2_camera/hook/ld_library_path_lib.sh'
[15.319s] Level 1:colcon.colcon_core.environment:checking '/home/ubuntu/ros2_openni_ws/install/openni2_camera/bin'
[15.319s] Level 1:colcon.colcon_core.environment:checking '/home/ubuntu/ros2_openni_ws/install/openni2_camera/lib/pkgconfig/openni2_camera.pc'
[15.319s] Level 1:colcon.colcon_core.environment:checking '/home/ubuntu/ros2_openni_ws/install/openni2_camera/lib/python3.12/site-packages'
[15.319s] Level 1:colcon.colcon_core.shell:create_environment_hook('openni2_camera', 'pythonpath')
[15.319s] INFO:colcon.colcon_core.shell:Creating environment hook '/home/ubuntu/ros2_openni_ws/install/openni2_camera/share/openni2_camera/hook/pythonpath.ps1'
[15.319s] INFO:colcon.colcon_core.shell:Creating environment descriptor '/home/ubuntu/ros2_openni_ws/install/openni2_camera/share/openni2_camera/hook/pythonpath.dsv'
[15.319s] INFO:colcon.colcon_core.shell:Creating environment hook '/home/ubuntu/ros2_openni_ws/install/openni2_camera/share/openni2_camera/hook/pythonpath.sh'
[15.320s] Level 1:colcon.colcon_core.environment:checking '/home/ubuntu/ros2_openni_ws/install/openni2_camera/bin'
[15.320s] INFO:colcon.colcon_core.shell:Creating package script '/home/ubuntu/ros2_openni_ws/install/openni2_camera/share/openni2_camera/package.ps1'
[15.320s] INFO:colcon.colcon_core.shell:Creating package descriptor '/home/ubuntu/ros2_openni_ws/install/openni2_camera/share/openni2_camera/package.dsv'
[15.321s] INFO:colcon.colcon_core.shell:Creating package script '/home/ubuntu/ros2_openni_ws/install/openni2_camera/share/openni2_camera/package.sh'
[15.321s] INFO:colcon.colcon_core.shell:Creating package script '/home/ubuntu/ros2_openni_ws/install/openni2_camera/share/openni2_camera/package.bash'
[15.321s] INFO:colcon.colcon_core.shell:Creating package script '/home/ubuntu/ros2_openni_ws/install/openni2_camera/share/openni2_camera/package.zsh'
[15.321s] Level 1:colcon.colcon_core.environment:create_file_with_runtime_dependencies(/home/ubuntu/ros2_openni_ws/install/openni2_camera/share/colcon-core/packages/openni2_camera)
[15.322s] Level 1:colcon.colcon_core.environment:create_environment_scripts_only(openni2_camera)
[15.322s] Level 1:colcon.colcon_core.environment:checking '/home/ubuntu/ros2_openni_ws/install/openni2_camera' for CMake module files
[15.322s] Level 1:colcon.colcon_core.environment:checking '/home/ubuntu/ros2_openni_ws/install/openni2_camera' for CMake config files
[15.322s] Level 1:colcon.colcon_core.shell:create_environment_hook('openni2_camera', 'cmake_prefix_path')
[15.322s] INFO:colcon.colcon_core.shell:Creating environment hook '/home/ubuntu/ros2_openni_ws/install/openni2_camera/share/openni2_camera/hook/cmake_prefix_path.ps1'
[15.323s] INFO:colcon.colcon_core.shell:Creating environment descriptor '/home/ubuntu/ros2_openni_ws/install/openni2_camera/share/openni2_camera/hook/cmake_prefix_path.dsv'
[15.323s] INFO:colcon.colcon_core.shell:Creating environment hook '/home/ubuntu/ros2_openni_ws/install/openni2_camera/share/openni2_camera/hook/cmake_prefix_path.sh'
[15.323s] Level 1:colcon.colcon_core.environment:checking '/home/ubuntu/ros2_openni_ws/install/openni2_camera/lib'
[15.323s] Level 1:colcon.colcon_core.shell:create_environment_hook('openni2_camera', 'ld_library_path_lib')
[15.323s] INFO:colcon.colcon_core.shell:Creating environment hook '/home/ubuntu/ros2_openni_ws/install/openni2_camera/share/openni2_camera/hook/ld_library_path_lib.ps1'
[15.324s] INFO:colcon.colcon_core.shell:Creating environment descriptor '/home/ubuntu/ros2_openni_ws/install/openni2_camera/share/openni2_camera/hook/ld_library_path_lib.dsv'
[15.324s] INFO:colcon.colcon_core.shell:Creating environment hook '/home/ubuntu/ros2_openni_ws/install/openni2_camera/share/openni2_camera/hook/ld_library_path_lib.sh'
[15.324s] Level 1:colcon.colcon_core.environment:checking '/home/ubuntu/ros2_openni_ws/install/openni2_camera/bin'
[15.324s] Level 1:colcon.colcon_core.environment:checking '/home/ubuntu/ros2_openni_ws/install/openni2_camera/lib/pkgconfig/openni2_camera.pc'
[15.324s] Level 1:colcon.colcon_core.environment:checking '/home/ubuntu/ros2_openni_ws/install/openni2_camera/lib/python3.12/site-packages'
[15.324s] Level 1:colcon.colcon_core.shell:create_environment_hook('openni2_camera', 'pythonpath')
[15.324s] INFO:colcon.colcon_core.shell:Creating environment hook '/home/ubuntu/ros2_openni_ws/install/openni2_camera/share/openni2_camera/hook/pythonpath.ps1'
[15.325s] INFO:colcon.colcon_core.shell:Creating environment descriptor '/home/ubuntu/ros2_openni_ws/install/openni2_camera/share/openni2_camera/hook/pythonpath.dsv'
[15.325s] INFO:colcon.colcon_core.shell:Creating environment hook '/home/ubuntu/ros2_openni_ws/install/openni2_camera/share/openni2_camera/hook/pythonpath.sh'
[15.325s] Level 1:colcon.colcon_core.environment:checking '/home/ubuntu/ros2_openni_ws/install/openni2_camera/bin'
[15.325s] INFO:colcon.colcon_core.shell:Creating package script '/home/ubuntu/ros2_openni_ws/install/openni2_camera/share/openni2_camera/package.ps1'
[15.325s] INFO:colcon.colcon_core.shell:Creating package descriptor '/home/ubuntu/ros2_openni_ws/install/openni2_camera/share/openni2_camera/package.dsv'
[15.326s] INFO:colcon.colcon_core.shell:Creating package script '/home/ubuntu/ros2_openni_ws/install/openni2_camera/share/openni2_camera/package.sh'
[15.326s] INFO:colcon.colcon_core.shell:Creating package script '/home/ubuntu/ros2_openni_ws/install/openni2_camera/share/openni2_camera/package.bash'
[15.326s] INFO:colcon.colcon_core.shell:Creating package script '/home/ubuntu/ros2_openni_ws/install/openni2_camera/share/openni2_camera/package.zsh'
[15.326s] Level 1:colcon.colcon_core.environment:create_file_with_runtime_dependencies(/home/ubuntu/ros2_openni_ws/install/openni2_camera/share/colcon-core/packages/openni2_camera)
[15.327s] DEBUG:colcon.colcon_parallel_executor.executor.parallel:closing loop
[15.327s] DEBUG:colcon.colcon_parallel_executor.executor.parallel:loop closed
[15.327s] DEBUG:colcon.colcon_parallel_executor.executor.parallel:run_until_complete finished with '0'
[15.327s] DEBUG:colcon.colcon_core.event_reactor:joining thread
[15.394s] INFO:colcon.colcon_core.plugin_system:Skipping extension 'colcon_notification.desktop_notification.notify_send': Could not find 'notify-send'
[15.395s] INFO:colcon.colcon_core.plugin_system:Skipping extension 'colcon_notification.desktop_notification.terminal_notifier': Not used on non-Darwin systems
[15.395s] INFO:colcon.colcon_core.plugin_system:Skipping extension 'colcon_notification.desktop_notification.win32': Not used on non-Windows systems
[15.395s] INFO:colcon.colcon_notification.desktop_notification:Sending desktop notification using 'notify2'
[15.397s] DEBUG:colcon.colcon_notification.desktop_notification.notify2:Failed to initialize notify2: org.freedesktop.DBus.Error.ServiceUnknown: The name org.freedesktop.Notifications was not provided by any .service files
[15.397s] DEBUG:colcon.colcon_core.event_reactor:joined thread
[15.397s] INFO:colcon.colcon_core.shell:Creating prefix script '/home/ubuntu/ros2_openni_ws/install/local_setup.ps1'
[15.398s] INFO:colcon.colcon_core.shell:Creating prefix util module '/home/ubuntu/ros2_openni_ws/install/_local_setup_util_ps1.py'
[15.400s] INFO:colcon.colcon_core.shell:Creating prefix chain script '/home/ubuntu/ros2_openni_ws/install/setup.ps1'
[15.401s] INFO:colcon.colcon_core.shell:Creating prefix script '/home/ubuntu/ros2_openni_ws/install/local_setup.sh'
[15.402s] INFO:colcon.colcon_core.shell:Creating prefix util module '/home/ubuntu/ros2_openni_ws/install/_local_setup_util_sh.py'
[15.402s] INFO:colcon.colcon_core.shell:Creating prefix chain script '/home/ubuntu/ros2_openni_ws/install/setup.sh'
[15.403s] INFO:colcon.colcon_core.shell:Creating prefix script '/home/ubuntu/ros2_openni_ws/install/local_setup.bash'
[15.403s] INFO:colcon.colcon_core.shell:Creating prefix chain script '/home/ubuntu/ros2_openni_ws/install/setup.bash'
[15.404s] INFO:colcon.colcon_core.shell:Creating prefix script '/home/ubuntu/ros2_openni_ws/install/local_setup.zsh'
[15.405s] INFO:colcon.colcon_core.shell:Creating prefix chain script '/home/ubuntu/ros2_openni_ws/install/setup.zsh'
