[0.015s] Invoking command in '/home/ubuntu/ros2_ws/build/robovision_images': CMAKE_PREFIX_PATH=${CMAKE_PREFIX_PATH}:/home/ubuntu/ros2_ws/install/opencv_tests:/opt/ros/jazzy /usr/bin/cmake --build /home/ubuntu/ros2_ws/build/robovision_images -- -j16 -l16
[0.120s] [  0%] Built target ament_cmake_python_copy_robovision_images
[0.162s] [ 10%] [32mBuilding CXX object CMakeFiles/my_scaled_camera_publisher.dir/src/my_scaled_camera_publisher.cpp.o[0m
[0.162s] [ 30%] Built target my_subscriber
[0.163s] [ 70%] Built target my_scaled_publisher
[0.163s] [ 70%] Built target my_publisher
[0.163s] [ 90%] Built target my_camera_publisher
[0.281s] running egg_info
[0.291s] writing robovision_images.egg-info/PKG-INFO
[0.291s] writing dependency_links to robovision_images.egg-info/dependency_links.txt
[0.291s] writing top-level names to robovision_images.egg-info/top_level.txt
[0.321s] reading manifest file 'robovision_images.egg-info/SOURCES.txt'
[0.321s] writing manifest file 'robovision_images.egg-info/SOURCES.txt'
[0.339s] [ 90%] Built target ament_cmake_python_build_robovision_images_egg
[4.858s] [100%] [32m[1mLinking CXX executable my_scaled_camera_publisher[0m
[5.578s] [100%] Built target my_scaled_camera_publisher
[5.586s] Invoked command in '/home/ubuntu/ros2_ws/build/robovision_images' returned '0': CMAKE_PREFIX_PATH=${CMAKE_PREFIX_PATH}:/home/ubuntu/ros2_ws/install/opencv_tests:/opt/ros/jazzy /usr/bin/cmake --build /home/ubuntu/ros2_ws/build/robovision_images -- -j16 -l16
[5.588s] Invoking command in '/home/ubuntu/ros2_ws/build/robovision_images': CMAKE_PREFIX_PATH=${CMAKE_PREFIX_PATH}:/home/ubuntu/ros2_ws/install/opencv_tests:/opt/ros/jazzy /usr/bin/cmake --install /home/ubuntu/ros2_ws/build/robovision_images
[5.594s] -- Install configuration: ""
[5.595s] -- Up-to-date: /home/ubuntu/ros2_ws/install/robovision_images/share/robovision_images/environment/pythonpath.sh
[5.595s] -- Up-to-date: /home/ubuntu/ros2_ws/install/robovision_images/share/robovision_images/environment/pythonpath.dsv
[5.595s] -- Up-to-date: /home/ubuntu/ros2_ws/install/robovision_images/lib/python3.12/site-packages/robovision_images-0.0.0-py3.12.egg-info
[5.595s] -- Installing: /home/ubuntu/ros2_ws/install/robovision_images/lib/python3.12/site-packages/robovision_images-0.0.0-py3.12.egg-info/top_level.txt
[5.595s] -- Installing: /home/ubuntu/ros2_ws/install/robovision_images/lib/python3.12/site-packages/robovision_images-0.0.0-py3.12.egg-info/dependency_links.txt
[5.595s] -- Installing: /home/ubuntu/ros2_ws/install/robovision_images/lib/python3.12/site-packages/robovision_images-0.0.0-py3.12.egg-info/PKG-INFO
[5.595s] -- Installing: /home/ubuntu/ros2_ws/install/robovision_images/lib/python3.12/site-packages/robovision_images-0.0.0-py3.12.egg-info/SOURCES.txt
[5.595s] -- Up-to-date: /home/ubuntu/ros2_ws/install/robovision_images/lib/python3.12/site-packages/robovision_images
[5.595s] -- Up-to-date: /home/ubuntu/ros2_ws/install/robovision_images/lib/python3.12/site-packages/robovision_images/__init__.py
[5.620s] Listing '/home/ubuntu/ros2_ws/install/robovision_images/lib/python3.12/site-packages/robovision_images'...
[5.625s] -- Up-to-date: /home/ubuntu/ros2_ws/install/robovision_images/lib/robovision_images/my_publisher
[5.626s] -- Up-to-date: /home/ubuntu/ros2_ws/install/robovision_images/lib/robovision_images/my_scaled_publisher
[5.627s] -- Up-to-date: /home/ubuntu/ros2_ws/install/robovision_images/lib/robovision_images/my_camera_publisher
[5.627s] -- Installing: /home/ubuntu/ros2_ws/install/robovision_images/lib/robovision_images/my_scaled_camera_publisher
[5.628s] -- Set non-toolchain portion of runtime path of "/home/ubuntu/ros2_ws/install/robovision_images/lib/robovision_images/my_scaled_camera_publisher" to ""
[5.629s] -- Up-to-date: /home/ubuntu/ros2_ws/install/robovision_images/lib/robovision_images/my_subscriber
[5.629s] -- Up-to-date: /home/ubuntu/ros2_ws/install/robovision_images/lib/robovision_images/my_subscriber.py
[5.629s] -- Up-to-date: /home/ubuntu/ros2_ws/install/robovision_images/share/ament_index/resource_index/package_run_dependencies/robovision_images
[5.630s] -- Up-to-date: /home/ubuntu/ros2_ws/install/robovision_images/share/ament_index/resource_index/parent_prefix_path/robovision_images
[5.630s] -- Up-to-date: /home/ubuntu/ros2_ws/install/robovision_images/share/robovision_images/environment/ament_prefix_path.sh
[5.630s] -- Up-to-date: /home/ubuntu/ros2_ws/install/robovision_images/share/robovision_images/environment/ament_prefix_path.dsv
[5.630s] -- Up-to-date: /home/ubuntu/ros2_ws/install/robovision_images/share/robovision_images/environment/path.sh
[5.630s] -- Up-to-date: /home/ubuntu/ros2_ws/install/robovision_images/share/robovision_images/environment/path.dsv
[5.630s] -- Up-to-date: /home/ubuntu/ros2_ws/install/robovision_images/share/robovision_images/local_setup.bash
[5.630s] -- Up-to-date: /home/ubuntu/ros2_ws/install/robovision_images/share/robovision_images/local_setup.sh
[5.630s] -- Up-to-date: /home/ubuntu/ros2_ws/install/robovision_images/share/robovision_images/local_setup.zsh
[5.630s] -- Up-to-date: /home/ubuntu/ros2_ws/install/robovision_images/share/robovision_images/local_setup.dsv
[5.631s] -- Installing: /home/ubuntu/ros2_ws/install/robovision_images/share/robovision_images/package.dsv
[5.631s] -- Up-to-date: /home/ubuntu/ros2_ws/install/robovision_images/share/ament_index/resource_index/packages/robovision_images
[5.631s] -- Up-to-date: /home/ubuntu/ros2_ws/install/robovision_images/share/robovision_images/cmake/robovision_imagesConfig.cmake
[5.631s] -- Up-to-date: /home/ubuntu/ros2_ws/install/robovision_images/share/robovision_images/cmake/robovision_imagesConfig-version.cmake
[5.631s] -- Up-to-date: /home/ubuntu/ros2_ws/install/robovision_images/share/robovision_images/package.xml
[5.633s] Invoked command in '/home/ubuntu/ros2_ws/build/robovision_images' returned '0': CMAKE_PREFIX_PATH=${CMAKE_PREFIX_PATH}:/home/ubuntu/ros2_ws/install/opencv_tests:/opt/ros/jazzy /usr/bin/cmake --install /home/ubuntu/ros2_ws/build/robovision_images
